   1               		.file	"rev1.c"
   2               	__SP_H__ = 0x3e
   3               	__SP_L__ = 0x3d
   4               	__SREG__ = 0x3f
   5               	__tmp_reg__ = 0
   6               	__zero_reg__ = 1
   7               		.text
   8               	.Ltext0:
   9               		.cfi_sections	.debug_frame
  10               	.Letext0:
  11               		.file 1 "/usr/avr/include/stdint.h"
  12               		.file 2 "/usr/lib/gcc/avr/8.3.0/include/stddef.h"
  13               		.file 3 "quantum/keyboard.h"
  14               		.file 4 "quantum/action.h"
  15               		.file 5 "tmk_core/common/report.h"
  16               		.file 6 "tmk_core/common/host.h"
  17               		.file 7 "quantum/logging/debug.h"
  18               		.file 8 "quantum/keycode_config.h"
  19               		.file 9 "tmk_core/common/timer.h"
  20               		.file 10 "quantum/sequencer/sequencer.h"
  21               		.file 11 "quantum/keymap.h"
  22               		.file 12 "quantum/action_layer.h"
  23               		.file 13 "quantum/action_util.h"
  24               		.file 14 "quantum/send_string.h"
  25               		.file 15 "/usr/avr/include/stdlib.h"
DEFINED SYMBOLS
                            *ABS*:0000000000000000 rev1.c
     /tmp/ccJzt7By.s:2      *ABS*:000000000000003e __SP_H__
     /tmp/ccJzt7By.s:3      *ABS*:000000000000003d __SP_L__
     /tmp/ccJzt7By.s:4      *ABS*:000000000000003f __SREG__
     /tmp/ccJzt7By.s:5      *ABS*:0000000000000000 __tmp_reg__
     /tmp/ccJzt7By.s:6      *ABS*:0000000000000001 __zero_reg__

NO UNDEFINED SYMBOLS
