   1              		.cpu cortex-m4
   2              		.eabi_attribute 27, 1
   3              		.eabi_attribute 28, 1
   4              		.eabi_attribute 20, 1
   5              		.eabi_attribute 21, 1
   6              		.eabi_attribute 23, 3
   7              		.eabi_attribute 24, 1
   8              		.eabi_attribute 25, 1
   9              		.eabi_attribute 26, 1
  10              		.eabi_attribute 30, 4
  11              		.eabi_attribute 34, 1
  12              		.eabi_attribute 18, 2
  13              		.file	"report.c"
  14              		.text
  15              	.Ltext0:
  16              		.cfi_sections	.debug_frame
  17              		.section	.text.has_anykey,"ax",%progbits
  18              		.align	1
  19              		.global	has_anykey
  20              		.arch armv7e-m
  21              		.syntax unified
  22              		.thumb
  23              		.thumb_func
  24              		.fpu fpv4-sp-d16
  26              	has_anykey:
  27              	.LVL0:
  28              	.LFB330:
  29              		.file 1 "tmk_core/common/report.c"
   1:tmk_core/common/report.c **** /* Copyright 2017 Fred Sundvik
   2:tmk_core/common/report.c ****  *
   3:tmk_core/common/report.c ****  * This program is free software: you can redistribute it and/or modify
   4:tmk_core/common/report.c ****  * it under the terms of the GNU General Public License as published by
   5:tmk_core/common/report.c ****  * the Free Software Foundation, either version 2 of the License, or
   6:tmk_core/common/report.c ****  * (at your option) any later version.
   7:tmk_core/common/report.c ****  *
   8:tmk_core/common/report.c ****  * This program is distributed in the hope that it will be useful,
   9:tmk_core/common/report.c ****  * but WITHOUT ANY WARRANTY; without even the implied warranty of
  10:tmk_core/common/report.c ****  * MERCHANTABILITY or FITNESS FOR A PARTICULAR PURPOSE.  See the
  11:tmk_core/common/report.c ****  * GNU General Public License for more details.
  12:tmk_core/common/report.c ****  *
  13:tmk_core/common/report.c ****  * You should have received a copy of the GNU General Public License
  14:tmk_core/common/report.c ****  * along with this program.  If not, see <http://www.gnu.org/licenses/>.
  15:tmk_core/common/report.c ****  */
  16:tmk_core/common/report.c **** 
  17:tmk_core/common/report.c **** #include "report.h"
  18:tmk_core/common/report.c **** #include "host.h"
  19:tmk_core/common/report.c **** #include "keycode_config.h"
  20:tmk_core/common/report.c **** #include "debug.h"
  21:tmk_core/common/report.c **** #include "util.h"
  22:tmk_core/common/report.c **** #include <string.h>
  23:tmk_core/common/report.c **** 
  24:tmk_core/common/report.c **** #ifdef RING_BUFFERED_6KRO_REPORT_ENABLE
  25:tmk_core/common/report.c **** #    define RO_ADD(a, b) ((a + b) % KEYBOARD_REPORT_KEYS)
  26:tmk_core/common/report.c **** #    define RO_SUB(a, b) ((a - b + KEYBOARD_REPORT_KEYS) % KEYBOARD_REPORT_KEYS)
  27:tmk_core/common/report.c **** #    define RO_INC(a)    RO_ADD(a, 1)
  28:tmk_core/common/report.c **** #    define RO_DEC(a)    RO_SUB(a, 1)
  29:tmk_core/common/report.c **** static int8_t cb_head  = 0;
  30:tmk_core/common/report.c **** static int8_t cb_tail  = 0;
  31:tmk_core/common/report.c **** static int8_t cb_count = 0;
  32:tmk_core/common/report.c **** #endif
  33:tmk_core/common/report.c **** 
  34:tmk_core/common/report.c **** /** \brief has_anykey
  35:tmk_core/common/report.c ****  *
  36:tmk_core/common/report.c ****  * FIXME: Needs doc
  37:tmk_core/common/report.c ****  */
  38:tmk_core/common/report.c **** uint8_t has_anykey(report_keyboard_t* keyboard_report) {
  30              		.loc 1 38 56 view -0
  31              		.cfi_startproc
  32              		@ args = 0, pretend = 0, frame = 0
  33              		@ frame_needed = 0, uses_anonymous_args = 0
  34              		@ link register save eliminated.
  39:tmk_core/common/report.c ****     uint8_t  cnt = 0;
  35              		.loc 1 39 5 view .LVU1
  40:tmk_core/common/report.c ****     uint8_t* p   = keyboard_report->keys;
  36              		.loc 1 40 5 view .LVU2
  41:tmk_core/common/report.c ****     uint8_t  lp  = sizeof(keyboard_report->keys);
  42:tmk_core/common/report.c **** #ifdef NKRO_ENABLE
  43:tmk_core/common/report.c ****     if (keyboard_protocol && keymap_config.nkro) {
  37              		.loc 1 43 9 is_stmt 0 view .LVU3
  38 0000 0C4B     		ldr	r3, .L11
  39              		.loc 1 43 8 view .LVU4
  40 0002 1B78     		ldrb	r3, [r3]	@ zero_extendqisi2
  40:tmk_core/common/report.c ****     uint8_t* p   = keyboard_report->keys;
  41              		.loc 1 40 14 view .LVU5
  42 0004 821C     		adds	r2, r0, #2
  43              	.LVL1:
  41:tmk_core/common/report.c ****     uint8_t  lp  = sizeof(keyboard_report->keys);
  44              		.loc 1 41 5 is_stmt 1 view .LVU6
  45              		.loc 1 43 5 view .LVU7
  46              		.loc 1 43 8 is_stmt 0 view .LVU8
  47 0006 63B1     		cbz	r3, .L6
  48              		.loc 1 43 27 discriminator 1 view .LVU9
  49 0008 0B4B     		ldr	r3, .L11+4
  50 000a 93F90030 		ldrsb	r3, [r3]
  44:tmk_core/common/report.c ****         p  = keyboard_report->nkro.bits;
  45:tmk_core/common/report.c ****         lp = sizeof(keyboard_report->nkro.bits);
  51              		.loc 1 45 12 discriminator 1 view .LVU10
  52 000e 002B     		cmp	r3, #0
  53 0010 ACBF     		ite	ge
  54 0012 0623     		movge	r3, #6
  55 0014 1E23     		movlt	r3, #30
  56              	.L2:
  57              	.LVL2:
  41:tmk_core/common/report.c ****     uint8_t  lp  = sizeof(keyboard_report->keys);
  58              		.loc 1 41 14 view .LVU11
  59 0016 0020     		movs	r0, #0
  60              	.LVL3:
  61              	.L3:
  46:tmk_core/common/report.c ****     }
  47:tmk_core/common/report.c **** #endif
  48:tmk_core/common/report.c ****     while (lp--) {
  62              		.loc 1 48 12 is_stmt 1 view .LVU12
  63              		.loc 1 48 14 is_stmt 0 view .LVU13
  64 0018 013B     		subs	r3, r3, #1
  65              	.LVL4:
  66              		.loc 1 48 14 view .LVU14
  67 001a DBB2     		uxtb	r3, r3
  68              	.LVL5:
  69              		.loc 1 48 12 view .LVU15
  70 001c FF2B     		cmp	r3, #255
  71 001e 02D1     		bne	.L5
  49:tmk_core/common/report.c ****         if (*p++) cnt++;
  50:tmk_core/common/report.c ****     }
  51:tmk_core/common/report.c ****     return cnt;
  72              		.loc 1 51 5 is_stmt 1 view .LVU16
  52:tmk_core/common/report.c **** }
  73              		.loc 1 52 1 is_stmt 0 view .LVU17
  74 0020 7047     		bx	lr
  75              	.LVL6:
  76              	.L6:
  41:tmk_core/common/report.c **** #ifdef NKRO_ENABLE
  77              		.loc 1 41 14 view .LVU18
  78 0022 0623     		movs	r3, #6
  79 0024 F7E7     		b	.L2
  80              	.LVL7:
  81              	.L5:
  49:tmk_core/common/report.c ****         if (*p++) cnt++;
  82              		.loc 1 49 9 is_stmt 1 view .LVU19
  49:tmk_core/common/report.c ****         if (*p++) cnt++;
  83              		.loc 1 49 12 is_stmt 0 view .LVU20
  84 0026 12F8011B 		ldrb	r1, [r2], #1	@ zero_extendqisi2
  85              	.LVL8:
  49:tmk_core/common/report.c ****         if (*p++) cnt++;
  86              		.loc 1 49 12 view .LVU21
  87 002a 0029     		cmp	r1, #0
  88 002c F4D0     		beq	.L3
  49:tmk_core/common/report.c ****         if (*p++) cnt++;
  89              		.loc 1 49 19 is_stmt 1 discriminator 1 view .LVU22
  49:tmk_core/common/report.c ****         if (*p++) cnt++;
  90              		.loc 1 49 22 is_stmt 0 discriminator 1 view .LVU23
  91 002e 0130     		adds	r0, r0, #1
  92              	.LVL9:
  49:tmk_core/common/report.c ****         if (*p++) cnt++;
  93              		.loc 1 49 22 discriminator 1 view .LVU24
  94 0030 C0B2     		uxtb	r0, r0
  95              	.LVL10:
  49:tmk_core/common/report.c ****         if (*p++) cnt++;
  96              		.loc 1 49 22 discriminator 1 view .LVU25
  97 0032 F1E7     		b	.L3
  98              	.L12:
  99              		.align	2
 100              	.L11:
 101 0034 00000000 		.word	keyboard_protocol
 102 0038 00000000 		.word	keymap_config
 103              		.cfi_endproc
 104              	.LFE330:
 106              		.section	.text.get_first_key,"ax",%progbits
 107              		.align	1
 108              		.global	get_first_key
 109              		.syntax unified
 110              		.thumb
 111              		.thumb_func
 112              		.fpu fpv4-sp-d16
 114              	get_first_key:
 115              	.LVL11:
 116              	.LFB331:
  53:tmk_core/common/report.c **** 
  54:tmk_core/common/report.c **** /** \brief get_first_key
  55:tmk_core/common/report.c ****  *
  56:tmk_core/common/report.c ****  * FIXME: Needs doc
  57:tmk_core/common/report.c ****  */
  58:tmk_core/common/report.c **** uint8_t get_first_key(report_keyboard_t* keyboard_report) {
 117              		.loc 1 58 59 is_stmt 1 view -0
 118              		.cfi_startproc
 119              		@ args = 0, pretend = 0, frame = 0
 120              		@ frame_needed = 0, uses_anonymous_args = 0
  59:tmk_core/common/report.c **** #ifdef NKRO_ENABLE
  60:tmk_core/common/report.c ****     if (keyboard_protocol && keymap_config.nkro) {
 121              		.loc 1 60 5 view .LVU27
  58:tmk_core/common/report.c **** #ifdef NKRO_ENABLE
 122              		.loc 1 58 59 is_stmt 0 view .LVU28
 123 0000 10B5     		push	{r4, lr}
 124              		.cfi_def_cfa_offset 8
 125              		.cfi_offset 4, -8
 126              		.cfi_offset 14, -4
 127              		.loc 1 60 9 view .LVU29
 128 0002 0E4B     		ldr	r3, .L24
 129              		.loc 1 60 8 view .LVU30
 130 0004 1B78     		ldrb	r3, [r3]	@ zero_extendqisi2
 131 0006 BBB1     		cbz	r3, .L14
 132              		.loc 1 60 27 discriminator 1 view .LVU31
 133 0008 0D4B     		ldr	r3, .L24+4
 134 000a 93F90030 		ldrsb	r3, [r3]
 135 000e 002B     		cmp	r3, #0
 136 0010 12DA     		bge	.L14
 137 0012 821C     		adds	r2, r0, #2
 138              		.loc 1 60 27 view .LVU32
 139 0014 0023     		movs	r3, #0
 140              	.L15:
 141              	.LBB2:
  61:tmk_core/common/report.c ****         uint8_t i = 0;
  62:tmk_core/common/report.c ****         for (; i < KEYBOARD_REPORT_BITS && !keyboard_report->nkro.bits[i]; i++)
 142              		.loc 1 62 71 discriminator 2 view .LVU33
 143 0016 12F8011B 		ldrb	r1, [r2], #1	@ zero_extendqisi2
 144 001a DCB2     		uxtb	r4, r3
 145              	.LVL12:
 146              		.loc 1 62 41 discriminator 2 view .LVU34
 147 001c 39B1     		cbz	r1, .L17
 148              	.LVL13:
 149              	.L16:
  63:tmk_core/common/report.c ****             ;
  64:tmk_core/common/report.c ****         return i << 3 | biton(keyboard_report->nkro.bits[i]);
 150              		.loc 1 64 9 is_stmt 1 view .LVU35
 151              		.loc 1 64 25 is_stmt 0 view .LVU36
 152 001e 2044     		add	r0, r0, r4
 153              	.LVL14:
 154              		.loc 1 64 25 view .LVU37
 155 0020 8078     		ldrb	r0, [r0, #2]	@ zero_extendqisi2
 156 0022 FFF7FEFF 		bl	biton
 157              	.LVL15:
 158              		.loc 1 64 23 view .LVU38
 159 0026 40EAC400 		orr	r0, r0, r4, lsl #3
 160 002a C0B2     		uxtb	r0, r0
 161              	.L18:
 162              		.loc 1 64 23 view .LVU39
 163              	.LBE2:
  65:tmk_core/common/report.c ****     }
  66:tmk_core/common/report.c **** #endif
  67:tmk_core/common/report.c **** #ifdef RING_BUFFERED_6KRO_REPORT_ENABLE
  68:tmk_core/common/report.c ****     uint8_t i = cb_head;
  69:tmk_core/common/report.c ****     do {
  70:tmk_core/common/report.c ****         if (keyboard_report->keys[i] != 0) {
  71:tmk_core/common/report.c ****             break;
  72:tmk_core/common/report.c ****         }
  73:tmk_core/common/report.c ****         i = RO_INC(i);
  74:tmk_core/common/report.c ****     } while (i != cb_tail);
  75:tmk_core/common/report.c ****     return keyboard_report->keys[i];
  76:tmk_core/common/report.c **** #else
  77:tmk_core/common/report.c ****     return keyboard_report->keys[0];
  78:tmk_core/common/report.c **** #endif
  79:tmk_core/common/report.c **** }
 164              		.loc 1 79 1 view .LVU40
 165 002c 10BD     		pop	{r4, pc}
 166              	.LVL16:
 167              	.L17:
 168              	.LBB3:
  62:tmk_core/common/report.c ****             ;
 169              		.loc 1 62 77 is_stmt 1 discriminator 3 view .LVU41
  62:tmk_core/common/report.c ****             ;
 170              		.loc 1 62 41 discriminator 3 view .LVU42
 171 002e 0133     		adds	r3, r3, #1
 172              	.LVL17:
  62:tmk_core/common/report.c ****             ;
 173              		.loc 1 62 41 is_stmt 0 discriminator 3 view .LVU43
 174 0030 1E2B     		cmp	r3, #30
 175 0032 F0D1     		bne	.L15
 176 0034 1C46     		mov	r4, r3
 177              	.LVL18:
  62:tmk_core/common/report.c ****             ;
 178              		.loc 1 62 41 discriminator 3 view .LVU44
 179 0036 F2E7     		b	.L16
 180              	.L14:
  62:tmk_core/common/report.c ****             ;
 181              		.loc 1 62 41 discriminator 3 view .LVU45
 182              	.LBE3:
  77:tmk_core/common/report.c **** #endif
 183              		.loc 1 77 5 is_stmt 1 view .LVU46
  77:tmk_core/common/report.c **** #endif
 184              		.loc 1 77 33 is_stmt 0 view .LVU47
 185 0038 8078     		ldrb	r0, [r0, #2]	@ zero_extendqisi2
 186              	.LVL19:
  77:tmk_core/common/report.c **** #endif
 187              		.loc 1 77 33 view .LVU48
 188 003a F7E7     		b	.L18
 189              	.L25:
 190              		.align	2
 191              	.L24:
 192 003c 00000000 		.word	keyboard_protocol
 193 0040 00000000 		.word	keymap_config
 194              		.cfi_endproc
 195              	.LFE331:
 197              		.section	.text.is_key_pressed,"ax",%progbits
 198              		.align	1
 199              		.global	is_key_pressed
 200              		.syntax unified
 201              		.thumb
 202              		.thumb_func
 203              		.fpu fpv4-sp-d16
 205              	is_key_pressed:
 206              	.LVL20:
 207              	.LFB332:
  80:tmk_core/common/report.c **** 
  81:tmk_core/common/report.c **** /** \brief Checks if a key is pressed in the report
  82:tmk_core/common/report.c ****  *
  83:tmk_core/common/report.c ****  * Returns true if the keyboard_report reports that the key is pressed, otherwise false
  84:tmk_core/common/report.c ****  * Note: The function doesn't support modifers currently, and it returns false for KC_NO
  85:tmk_core/common/report.c ****  */
  86:tmk_core/common/report.c **** bool is_key_pressed(report_keyboard_t* keyboard_report, uint8_t key) {
 208              		.loc 1 86 70 is_stmt 1 view -0
 209              		.cfi_startproc
 210              		@ args = 0, pretend = 0, frame = 0
 211              		@ frame_needed = 0, uses_anonymous_args = 0
 212              		@ link register save eliminated.
  87:tmk_core/common/report.c ****     if (key == KC_NO) {
 213              		.loc 1 87 5 view .LVU50
 214              		.loc 1 87 8 is_stmt 0 view .LVU51
 215 0000 F1B1     		cbz	r1, .L31
  88:tmk_core/common/report.c ****         return false;
  89:tmk_core/common/report.c ****     }
  90:tmk_core/common/report.c **** #ifdef NKRO_ENABLE
  91:tmk_core/common/report.c ****     if (keyboard_protocol && keymap_config.nkro) {
 216              		.loc 1 91 5 is_stmt 1 view .LVU52
 217              		.loc 1 91 9 is_stmt 0 view .LVU53
 218 0002 114B     		ldr	r3, .L38
 219              		.loc 1 91 8 view .LVU54
 220 0004 1B78     		ldrb	r3, [r3]	@ zero_extendqisi2
 221 0006 9BB1     		cbz	r3, .L28
 222              		.loc 1 91 27 discriminator 1 view .LVU55
 223 0008 104B     		ldr	r3, .L38+4
 224 000a 93F90030 		ldrsb	r3, [r3]
 225 000e 002B     		cmp	r3, #0
 226 0010 0EDA     		bge	.L28
  92:tmk_core/common/report.c ****         if ((key >> 3) < KEYBOARD_REPORT_BITS) {
 227              		.loc 1 92 9 is_stmt 1 view .LVU56
 228              		.loc 1 92 12 is_stmt 0 view .LVU57
 229 0012 EF29     		cmp	r1, #239
 230              		.loc 1 92 24 view .LVU58
 231 0014 4FEAD102 		lsr	r2, r1, #3
 232              		.loc 1 92 12 view .LVU59
 233 0018 12D8     		bhi	.L31
  93:tmk_core/common/report.c ****             return keyboard_report->nkro.bits[key >> 3] & 1 << (key & 7);
 234              		.loc 1 93 13 is_stmt 1 view .LVU60
 235              		.loc 1 93 46 is_stmt 0 view .LVU61
 236 001a 1044     		add	r0, r0, r2
 237              	.LVL21:
 238              		.loc 1 93 69 view .LVU62
 239 001c 01F00701 		and	r1, r1, #7
 240              	.LVL22:
 241              		.loc 1 93 46 view .LVU63
 242 0020 8278     		ldrb	r2, [r0, #2]	@ zero_extendqisi2
 243              		.loc 1 93 61 view .LVU64
 244 0022 0123     		movs	r3, #1
 245 0024 8B40     		lsls	r3, r3, r1
 246              		.loc 1 93 57 view .LVU65
 247 0026 1342     		tst	r3, r2
 248 0028 14BF     		ite	ne
 249 002a 0120     		movne	r0, #1
 250 002c 0020     		moveq	r0, #0
 251 002e 7047     		bx	lr
 252              	.LVL23:
 253              	.L28:
 254              		.loc 1 93 57 view .LVU66
 255 0030 831C     		adds	r3, r0, #2
 256 0032 0830     		adds	r0, r0, #8
 257              	.LVL24:
 258              	.L29:
 259              	.LBB4:
  94:tmk_core/common/report.c ****         } else {
  95:tmk_core/common/report.c ****             return false;
  96:tmk_core/common/report.c ****         }
  97:tmk_core/common/report.c ****     }
  98:tmk_core/common/report.c **** #endif
  99:tmk_core/common/report.c ****     for (int i = 0; i < KEYBOARD_REPORT_KEYS; i++) {
 100:tmk_core/common/report.c ****         if (keyboard_report->keys[i] == key) {
 260              		.loc 1 100 9 is_stmt 1 view .LVU67
 261              		.loc 1 100 34 is_stmt 0 view .LVU68
 262 0034 13F8012B 		ldrb	r2, [r3], #1	@ zero_extendqisi2
 263              	.LVL25:
 264              		.loc 1 100 12 view .LVU69
 265 0038 8A42     		cmp	r2, r1
 266 003a 03D0     		beq	.L32
  99:tmk_core/common/report.c ****         if (keyboard_report->keys[i] == key) {
 267              		.loc 1 99 48 is_stmt 1 discriminator 2 view .LVU70
 268              	.LVL26:
  99:tmk_core/common/report.c ****         if (keyboard_report->keys[i] == key) {
 269              		.loc 1 99 23 discriminator 2 view .LVU71
 270 003c 8342     		cmp	r3, r0
 271 003e F9D1     		bne	.L29
 272              	.LVL27:
 273              	.L31:
  99:tmk_core/common/report.c ****         if (keyboard_report->keys[i] == key) {
 274              		.loc 1 99 23 is_stmt 0 discriminator 2 view .LVU72
 275              	.LBE4:
  88:tmk_core/common/report.c ****     }
 276              		.loc 1 88 16 view .LVU73
 277 0040 0020     		movs	r0, #0
 278 0042 7047     		bx	lr
 279              	.LVL28:
 280              	.L32:
 281              	.LBB5:
 101:tmk_core/common/report.c ****             return true;
 282              		.loc 1 101 20 view .LVU74
 283 0044 0120     		movs	r0, #1
 284              	.LVL29:
 285              		.loc 1 101 20 view .LVU75
 286              	.LBE5:
 102:tmk_core/common/report.c ****         }
 103:tmk_core/common/report.c ****     }
 104:tmk_core/common/report.c ****     return false;
 105:tmk_core/common/report.c **** }
 287              		.loc 1 105 1 view .LVU76
 288 0046 7047     		bx	lr
 289              	.L39:
 290              		.align	2
 291              	.L38:
 292 0048 00000000 		.word	keyboard_protocol
 293 004c 00000000 		.word	keymap_config
 294              		.cfi_endproc
 295              	.LFE332:
 297              		.section	.text.add_key_byte,"ax",%progbits
 298              		.align	1
 299              		.global	add_key_byte
 300              		.syntax unified
 301              		.thumb
 302              		.thumb_func
 303              		.fpu fpv4-sp-d16
 305              	add_key_byte:
 306              	.LVL30:
 307              	.LFB333:
 106:tmk_core/common/report.c **** 
 107:tmk_core/common/report.c **** /** \brief add key byte
 108:tmk_core/common/report.c ****  *
 109:tmk_core/common/report.c ****  * FIXME: Needs doc
 110:tmk_core/common/report.c ****  */
 111:tmk_core/common/report.c **** void add_key_byte(report_keyboard_t* keyboard_report, uint8_t code) {
 308              		.loc 1 111 69 is_stmt 1 view -0
 309              		.cfi_startproc
 310              		@ args = 0, pretend = 0, frame = 0
 311              		@ frame_needed = 0, uses_anonymous_args = 0
 112:tmk_core/common/report.c **** #ifdef RING_BUFFERED_6KRO_REPORT_ENABLE
 113:tmk_core/common/report.c ****     int8_t i     = cb_head;
 114:tmk_core/common/report.c ****     int8_t empty = -1;
 115:tmk_core/common/report.c ****     if (cb_count) {
 116:tmk_core/common/report.c ****         do {
 117:tmk_core/common/report.c ****             if (keyboard_report->keys[i] == code) {
 118:tmk_core/common/report.c ****                 return;
 119:tmk_core/common/report.c ****             }
 120:tmk_core/common/report.c ****             if (empty == -1 && keyboard_report->keys[i] == 0) {
 121:tmk_core/common/report.c ****                 empty = i;
 122:tmk_core/common/report.c ****             }
 123:tmk_core/common/report.c ****             i = RO_INC(i);
 124:tmk_core/common/report.c ****         } while (i != cb_tail);
 125:tmk_core/common/report.c ****         if (i == cb_tail) {
 126:tmk_core/common/report.c ****             if (cb_tail == cb_head) {
 127:tmk_core/common/report.c ****                 // buffer is full
 128:tmk_core/common/report.c ****                 if (empty == -1) {
 129:tmk_core/common/report.c ****                     // pop head when has no empty space
 130:tmk_core/common/report.c ****                     cb_head = RO_INC(cb_head);
 131:tmk_core/common/report.c ****                     cb_count--;
 132:tmk_core/common/report.c ****                 } else {
 133:tmk_core/common/report.c ****                     // left shift when has empty space
 134:tmk_core/common/report.c ****                     uint8_t offset = 1;
 135:tmk_core/common/report.c ****                     i              = RO_INC(empty);
 136:tmk_core/common/report.c ****                     do {
 137:tmk_core/common/report.c ****                         if (keyboard_report->keys[i] != 0) {
 138:tmk_core/common/report.c ****                             keyboard_report->keys[empty] = keyboard_report->keys[i];
 139:tmk_core/common/report.c ****                             keyboard_report->keys[i]     = 0;
 140:tmk_core/common/report.c ****                             empty                        = RO_INC(empty);
 141:tmk_core/common/report.c ****                         } else {
 142:tmk_core/common/report.c ****                             offset++;
 143:tmk_core/common/report.c ****                         }
 144:tmk_core/common/report.c ****                         i = RO_INC(i);
 145:tmk_core/common/report.c ****                     } while (i != cb_tail);
 146:tmk_core/common/report.c ****                     cb_tail = RO_SUB(cb_tail, offset);
 147:tmk_core/common/report.c ****                 }
 148:tmk_core/common/report.c ****             }
 149:tmk_core/common/report.c ****         }
 150:tmk_core/common/report.c ****     }
 151:tmk_core/common/report.c ****     // add to tail
 152:tmk_core/common/report.c ****     keyboard_report->keys[cb_tail] = code;
 153:tmk_core/common/report.c ****     cb_tail                        = RO_INC(cb_tail);
 154:tmk_core/common/report.c ****     cb_count++;
 155:tmk_core/common/report.c **** #else
 156:tmk_core/common/report.c ****     int8_t i     = 0;
 312              		.loc 1 156 5 view .LVU78
 157:tmk_core/common/report.c ****     int8_t empty = -1;
 313              		.loc 1 157 5 view .LVU79
 158:tmk_core/common/report.c ****     for (; i < KEYBOARD_REPORT_KEYS; i++) {
 314              		.loc 1 158 5 view .LVU80
 315              		.loc 1 158 14 view .LVU81
 111:tmk_core/common/report.c **** #ifdef RING_BUFFERED_6KRO_REPORT_ENABLE
 316              		.loc 1 111 69 is_stmt 0 view .LVU82
 317 0000 30B5     		push	{r4, r5, lr}
 318              		.cfi_def_cfa_offset 12
 319              		.cfi_offset 4, -12
 320              		.cfi_offset 5, -8
 321              		.cfi_offset 14, -4
 157:tmk_core/common/report.c ****     int8_t empty = -1;
 322              		.loc 1 157 12 view .LVU83
 323 0002 4FF0FF32 		mov	r2, #-1
 324 0006 841C     		adds	r4, r0, #2
 156:tmk_core/common/report.c ****     int8_t empty = -1;
 325              		.loc 1 156 12 view .LVU84
 326 0008 0023     		movs	r3, #0
 327              	.LVL31:
 328              	.L43:
 159:tmk_core/common/report.c ****         if (keyboard_report->keys[i] == code) {
 329              		.loc 1 159 9 is_stmt 1 view .LVU85
 330              		.loc 1 159 34 is_stmt 0 view .LVU86
 331 000a 14F8015B 		ldrb	r5, [r4], #1	@ zero_extendqisi2
 332              		.loc 1 159 12 view .LVU87
 333 000e 8D42     		cmp	r5, r1
 334 0010 0ED0     		beq	.L40
 160:tmk_core/common/report.c ****             break;
 161:tmk_core/common/report.c ****         }
 162:tmk_core/common/report.c ****         if (empty == -1 && keyboard_report->keys[i] == 0) {
 335              		.loc 1 162 9 is_stmt 1 view .LVU88
 336              		.loc 1 162 12 is_stmt 0 view .LVU89
 337 0012 B2F1FF3F 		cmp	r2, #-1
 338 0016 02D1     		bne	.L42
 339              		.loc 1 162 25 discriminator 1 view .LVU90
 340 0018 002D     		cmp	r5, #0
 341 001a 08BF     		it	eq
 342 001c 1A46     		moveq	r2, r3
 343              	.LVL32:
 344              	.L42:
 158:tmk_core/common/report.c ****         if (keyboard_report->keys[i] == code) {
 345              		.loc 1 158 39 is_stmt 1 view .LVU91
 346 001e 0133     		adds	r3, r3, #1
 347              	.LVL33:
 158:tmk_core/common/report.c ****         if (keyboard_report->keys[i] == code) {
 348              		.loc 1 158 39 is_stmt 0 view .LVU92
 349 0020 DDB2     		uxtb	r5, r3
 158:tmk_core/common/report.c ****         if (keyboard_report->keys[i] == code) {
 350              		.loc 1 158 14 view .LVU93
 351 0022 062D     		cmp	r5, #6
 352 0024 5BB2     		sxtb	r3, r3
 353              	.LVL34:
 158:tmk_core/common/report.c ****         if (keyboard_report->keys[i] == code) {
 354              		.loc 1 158 14 is_stmt 1 view .LVU94
 355 0026 F0D1     		bne	.L43
 163:tmk_core/common/report.c ****             empty = i;
 164:tmk_core/common/report.c ****         }
 165:tmk_core/common/report.c ****     }
 166:tmk_core/common/report.c ****     if (i == KEYBOARD_REPORT_KEYS) {
 356              		.loc 1 166 5 view .LVU95
 167:tmk_core/common/report.c ****         if (empty != -1) {
 357              		.loc 1 167 9 view .LVU96
 358              		.loc 1 167 12 is_stmt 0 view .LVU97
 359 0028 531C     		adds	r3, r2, #1
 360              	.LVL35:
 361              		.loc 1 167 12 view .LVU98
 362 002a 01D0     		beq	.L40
 168:tmk_core/common/report.c ****             keyboard_report->keys[empty] = code;
 363              		.loc 1 168 13 is_stmt 1 view .LVU99
 364              		.loc 1 168 42 is_stmt 0 view .LVU100
 365 002c 1044     		add	r0, r0, r2
 366              	.LVL36:
 367              		.loc 1 168 42 view .LVU101
 368 002e 8170     		strb	r1, [r0, #2]
 369              	.LVL37:
 370              	.L40:
 169:tmk_core/common/report.c ****         }
 170:tmk_core/common/report.c ****     }
 171:tmk_core/common/report.c **** #endif
 172:tmk_core/common/report.c **** }
 371              		.loc 1 172 1 view .LVU102
 372 0030 30BD     		pop	{r4, r5, pc}
 373              		.cfi_endproc
 374              	.LFE333:
 376              		.section	.text.del_key_byte,"ax",%progbits
 377              		.align	1
 378              		.global	del_key_byte
 379              		.syntax unified
 380              		.thumb
 381              		.thumb_func
 382              		.fpu fpv4-sp-d16
 384              	del_key_byte:
 385              	.LVL38:
 386              	.LFB334:
 173:tmk_core/common/report.c **** 
 174:tmk_core/common/report.c **** /** \brief del key byte
 175:tmk_core/common/report.c ****  *
 176:tmk_core/common/report.c ****  * FIXME: Needs doc
 177:tmk_core/common/report.c ****  */
 178:tmk_core/common/report.c **** void del_key_byte(report_keyboard_t* keyboard_report, uint8_t code) {
 387              		.loc 1 178 69 is_stmt 1 view -0
 388              		.cfi_startproc
 389              		@ args = 0, pretend = 0, frame = 0
 390              		@ frame_needed = 0, uses_anonymous_args = 0
 179:tmk_core/common/report.c **** #ifdef RING_BUFFERED_6KRO_REPORT_ENABLE
 180:tmk_core/common/report.c ****     uint8_t i = cb_head;
 181:tmk_core/common/report.c ****     if (cb_count) {
 182:tmk_core/common/report.c ****         do {
 183:tmk_core/common/report.c ****             if (keyboard_report->keys[i] == code) {
 184:tmk_core/common/report.c ****                 keyboard_report->keys[i] = 0;
 185:tmk_core/common/report.c ****                 cb_count--;
 186:tmk_core/common/report.c ****                 if (cb_count == 0) {
 187:tmk_core/common/report.c ****                     // reset head and tail
 188:tmk_core/common/report.c ****                     cb_tail = cb_head = 0;
 189:tmk_core/common/report.c ****                 }
 190:tmk_core/common/report.c ****                 if (i == RO_DEC(cb_tail)) {
 191:tmk_core/common/report.c ****                     // left shift when next to tail
 192:tmk_core/common/report.c ****                     do {
 193:tmk_core/common/report.c ****                         cb_tail = RO_DEC(cb_tail);
 194:tmk_core/common/report.c ****                         if (keyboard_report->keys[RO_DEC(cb_tail)] != 0) {
 195:tmk_core/common/report.c ****                             break;
 196:tmk_core/common/report.c ****                         }
 197:tmk_core/common/report.c ****                     } while (cb_tail != cb_head);
 198:tmk_core/common/report.c ****                 }
 199:tmk_core/common/report.c ****                 break;
 200:tmk_core/common/report.c ****             }
 201:tmk_core/common/report.c ****             i = RO_INC(i);
 202:tmk_core/common/report.c ****         } while (i != cb_tail);
 203:tmk_core/common/report.c ****     }
 204:tmk_core/common/report.c **** #else
 205:tmk_core/common/report.c ****     for (uint8_t i = 0; i < KEYBOARD_REPORT_KEYS; i++) {
 391              		.loc 1 205 5 view .LVU104
 392              	.LBB6:
 393              		.loc 1 205 10 view .LVU105
 394              		.loc 1 205 27 view .LVU106
 395              	.LBE6:
 178:tmk_core/common/report.c **** #ifdef RING_BUFFERED_6KRO_REPORT_ENABLE
 396              		.loc 1 178 69 is_stmt 0 view .LVU107
 397 0000 10B5     		push	{r4, lr}
 398              		.cfi_def_cfa_offset 8
 399              		.cfi_offset 4, -8
 400              		.cfi_offset 14, -4
 401 0002 831C     		adds	r3, r0, #2
 402              	.LBB7:
 206:tmk_core/common/report.c ****         if (keyboard_report->keys[i] == code) {
 207:tmk_core/common/report.c ****             keyboard_report->keys[i] = 0;
 403              		.loc 1 207 38 view .LVU108
 404 0004 0022     		movs	r2, #0
 405 0006 0830     		adds	r0, r0, #8
 406              	.LVL39:
 407              	.L50:
 206:tmk_core/common/report.c ****         if (keyboard_report->keys[i] == code) {
 408              		.loc 1 206 9 is_stmt 1 view .LVU109
 206:tmk_core/common/report.c ****         if (keyboard_report->keys[i] == code) {
 409              		.loc 1 206 34 is_stmt 0 view .LVU110
 410 0008 13F8014B 		ldrb	r4, [r3], #1	@ zero_extendqisi2
 411              	.LVL40:
 206:tmk_core/common/report.c ****         if (keyboard_report->keys[i] == code) {
 412              		.loc 1 206 12 view .LVU111
 413 000c 8C42     		cmp	r4, r1
 414              		.loc 1 207 13 is_stmt 1 view .LVU112
 415              		.loc 1 207 38 is_stmt 0 view .LVU113
 416 000e 08BF     		it	eq
 417 0010 03F8012C 		strbeq	r2, [r3, #-1]
 205:tmk_core/common/report.c ****         if (keyboard_report->keys[i] == code) {
 418              		.loc 1 205 52 is_stmt 1 view .LVU114
 419              	.LVL41:
 205:tmk_core/common/report.c ****         if (keyboard_report->keys[i] == code) {
 420              		.loc 1 205 27 view .LVU115
 421 0014 8342     		cmp	r3, r0
 422 0016 F7D1     		bne	.L50
 423              	.LBE7:
 208:tmk_core/common/report.c ****         }
 209:tmk_core/common/report.c ****     }
 210:tmk_core/common/report.c **** #endif
 211:tmk_core/common/report.c **** }
 424              		.loc 1 211 1 is_stmt 0 view .LVU116
 425 0018 10BD     		pop	{r4, pc}
 426              		.cfi_endproc
 427              	.LFE334:
 429              		.section	.rodata.add_key_bit.str1.1,"aMS",%progbits,1
 430              	.LC0:
 431 0000 6164645F 		.ascii	"add_key_bit: can't add: %02X\012\000"
 431      6B65795F 
 431      6269743A 
 431      2063616E 
 431      27742061 
 432              		.section	.text.add_key_bit,"ax",%progbits
 433              		.align	1
 434              		.global	add_key_bit
 435              		.syntax unified
 436              		.thumb
 437              		.thumb_func
 438              		.fpu fpv4-sp-d16
 440              	add_key_bit:
 441              	.LVL42:
 442              	.LFB335:
 212:tmk_core/common/report.c **** 
 213:tmk_core/common/report.c **** #ifdef NKRO_ENABLE
 214:tmk_core/common/report.c **** /** \brief add key bit
 215:tmk_core/common/report.c ****  *
 216:tmk_core/common/report.c ****  * FIXME: Needs doc
 217:tmk_core/common/report.c ****  */
 218:tmk_core/common/report.c **** void add_key_bit(report_keyboard_t* keyboard_report, uint8_t code) {
 443              		.loc 1 218 68 is_stmt 1 view -0
 444              		.cfi_startproc
 445              		@ args = 0, pretend = 0, frame = 0
 446              		@ frame_needed = 0, uses_anonymous_args = 0
 447              		@ link register save eliminated.
 219:tmk_core/common/report.c ****     if ((code >> 3) < KEYBOARD_REPORT_BITS) {
 448              		.loc 1 219 5 view .LVU118
 449              		.loc 1 219 8 is_stmt 0 view .LVU119
 450 0000 EF29     		cmp	r1, #239
 451              		.loc 1 219 21 view .LVU120
 452 0002 4FEAD102 		lsr	r2, r1, #3
 453              		.loc 1 219 8 view .LVU121
 454 0006 09D8     		bhi	.L53
 220:tmk_core/common/report.c ****         keyboard_report->nkro.bits[code >> 3] |= 1 << (code & 7);
 455              		.loc 1 220 9 is_stmt 1 view .LVU122
 456              		.loc 1 220 47 is_stmt 0 view .LVU123
 457 0008 1044     		add	r0, r0, r2
 458              	.LVL43:
 459              		.loc 1 220 61 view .LVU124
 460 000a 01F00703 		and	r3, r1, #7
 461              		.loc 1 220 52 view .LVU125
 462 000e 0122     		movs	r2, #1
 463 0010 02FA03F3 		lsl	r3, r2, r3
 464              		.loc 1 220 47 view .LVU126
 465 0014 8278     		ldrb	r2, [r0, #2]	@ zero_extendqisi2
 466 0016 1343     		orrs	r3, r3, r2
 467 0018 8370     		strb	r3, [r0, #2]
 468 001a 7047     		bx	lr
 469              	.LVL44:
 470              	.L53:
 471              	.LBB10:
 472              	.LBI10:
 218:tmk_core/common/report.c ****     if ((code >> 3) < KEYBOARD_REPORT_BITS) {
 473              		.loc 1 218 6 is_stmt 1 view .LVU127
 474              	.LBB11:
 221:tmk_core/common/report.c ****     } else {
 222:tmk_core/common/report.c ****         dprintf("add_key_bit: can't add: %02X\n", code);
 475              		.loc 1 222 9 view .LVU128
 476              		.loc 1 222 9 view .LVU129
 477 001c 034B     		ldr	r3, .L58
 478 001e 1B78     		ldrb	r3, [r3]	@ zero_extendqisi2
 479 0020 DB07     		lsls	r3, r3, #31
 480 0022 02D5     		bpl	.L52
 481              		.loc 1 222 9 view .LVU130
 482 0024 0248     		ldr	r0, .L58+4
 483              	.LVL45:
 484              		.loc 1 222 9 is_stmt 0 view .LVU131
 485 0026 FFF7FEBF 		b	printf_
 486              	.LVL46:
 487              	.L52:
 488              		.loc 1 222 9 view .LVU132
 489              	.LBE11:
 490              	.LBE10:
 223:tmk_core/common/report.c ****     }
 224:tmk_core/common/report.c **** }
 491              		.loc 1 224 1 view .LVU133
 492 002a 7047     		bx	lr
 493              	.L59:
 494              		.align	2
 495              	.L58:
 496 002c 00000000 		.word	debug_config
 497 0030 00000000 		.word	.LC0
 498              		.cfi_endproc
 499              	.LFE335:
 501              		.section	.rodata.del_key_bit.str1.1,"aMS",%progbits,1
 502              	.LC1:
 503 0000 64656C5F 		.ascii	"del_key_bit: can't del: %02X\012\000"
 503      6B65795F 
 503      6269743A 
 503      2063616E 
 503      27742064 
 504              		.section	.text.del_key_bit,"ax",%progbits
 505              		.align	1
 506              		.global	del_key_bit
 507              		.syntax unified
 508              		.thumb
 509              		.thumb_func
 510              		.fpu fpv4-sp-d16
 512              	del_key_bit:
 513              	.LVL47:
 514              	.LFB336:
 225:tmk_core/common/report.c **** 
 226:tmk_core/common/report.c **** /** \brief del key bit
 227:tmk_core/common/report.c ****  *
 228:tmk_core/common/report.c ****  * FIXME: Needs doc
 229:tmk_core/common/report.c ****  */
 230:tmk_core/common/report.c **** void del_key_bit(report_keyboard_t* keyboard_report, uint8_t code) {
 515              		.loc 1 230 68 is_stmt 1 view -0
 516              		.cfi_startproc
 517              		@ args = 0, pretend = 0, frame = 0
 518              		@ frame_needed = 0, uses_anonymous_args = 0
 519              		@ link register save eliminated.
 231:tmk_core/common/report.c ****     if ((code >> 3) < KEYBOARD_REPORT_BITS) {
 520              		.loc 1 231 5 view .LVU135
 521              		.loc 1 231 8 is_stmt 0 view .LVU136
 522 0000 EF29     		cmp	r1, #239
 523              		.loc 1 231 21 view .LVU137
 524 0002 4FEAD102 		lsr	r2, r1, #3
 525              		.loc 1 231 8 view .LVU138
 526 0006 09D8     		bhi	.L61
 232:tmk_core/common/report.c ****         keyboard_report->nkro.bits[code >> 3] &= ~(1 << (code & 7));
 527              		.loc 1 232 9 is_stmt 1 view .LVU139
 528              		.loc 1 232 47 is_stmt 0 view .LVU140
 529 0008 1044     		add	r0, r0, r2
 530              	.LVL48:
 531              		.loc 1 232 63 view .LVU141
 532 000a 01F00703 		and	r3, r1, #7
 533              		.loc 1 232 54 view .LVU142
 534 000e 0122     		movs	r2, #1
 535 0010 9A40     		lsls	r2, r2, r3
 536              		.loc 1 232 47 view .LVU143
 537 0012 8378     		ldrb	r3, [r0, #2]	@ zero_extendqisi2
 538 0014 23EA0203 		bic	r3, r3, r2
 539 0018 8370     		strb	r3, [r0, #2]
 540 001a 7047     		bx	lr
 541              	.LVL49:
 542              	.L61:
 543              	.LBB14:
 544              	.LBI14:
 230:tmk_core/common/report.c ****     if ((code >> 3) < KEYBOARD_REPORT_BITS) {
 545              		.loc 1 230 6 is_stmt 1 view .LVU144
 546              	.LBB15:
 233:tmk_core/common/report.c ****     } else {
 234:tmk_core/common/report.c ****         dprintf("del_key_bit: can't del: %02X\n", code);
 547              		.loc 1 234 9 view .LVU145
 548              		.loc 1 234 9 view .LVU146
 549 001c 034B     		ldr	r3, .L66
 550 001e 1B78     		ldrb	r3, [r3]	@ zero_extendqisi2
 551 0020 DB07     		lsls	r3, r3, #31
 552 0022 02D5     		bpl	.L60
 553              		.loc 1 234 9 view .LVU147
 554 0024 0248     		ldr	r0, .L66+4
 555              	.LVL50:
 556              		.loc 1 234 9 is_stmt 0 view .LVU148
 557 0026 FFF7FEBF 		b	printf_
 558              	.LVL51:
 559              	.L60:
 560              		.loc 1 234 9 view .LVU149
 561              	.LBE15:
 562              	.LBE14:
 235:tmk_core/common/report.c ****     }
 236:tmk_core/common/report.c **** }
 563              		.loc 1 236 1 view .LVU150
 564 002a 7047     		bx	lr
 565              	.L67:
 566              		.align	2
 567              	.L66:
 568 002c 00000000 		.word	debug_config
 569 0030 00000000 		.word	.LC1
 570              		.cfi_endproc
 571              	.LFE336:
 573              		.section	.text.add_key_to_report,"ax",%progbits
 574              		.align	1
 575              		.global	add_key_to_report
 576              		.syntax unified
 577              		.thumb
 578              		.thumb_func
 579              		.fpu fpv4-sp-d16
 581              	add_key_to_report:
 582              	.LVL52:
 583              	.LFB337:
 237:tmk_core/common/report.c **** #endif
 238:tmk_core/common/report.c **** 
 239:tmk_core/common/report.c **** /** \brief add key to report
 240:tmk_core/common/report.c ****  *
 241:tmk_core/common/report.c ****  * FIXME: Needs doc
 242:tmk_core/common/report.c ****  */
 243:tmk_core/common/report.c **** void add_key_to_report(report_keyboard_t* keyboard_report, uint8_t key) {
 584              		.loc 1 243 73 is_stmt 1 view -0
 585              		.cfi_startproc
 586              		@ args = 0, pretend = 0, frame = 0
 587              		@ frame_needed = 0, uses_anonymous_args = 0
 588              		@ link register save eliminated.
 244:tmk_core/common/report.c **** #ifdef NKRO_ENABLE
 245:tmk_core/common/report.c ****     if (keyboard_protocol && keymap_config.nkro) {
 589              		.loc 1 245 5 view .LVU152
 243:tmk_core/common/report.c **** #ifdef NKRO_ENABLE
 590              		.loc 1 243 73 is_stmt 0 view .LVU153
 591 0000 10B4     		push	{r4}
 592              		.cfi_def_cfa_offset 4
 593              		.cfi_offset 4, -4
 594              		.loc 1 245 9 view .LVU154
 595 0002 0A4C     		ldr	r4, .L73
 596              		.loc 1 245 8 view .LVU155
 597 0004 2478     		ldrb	r4, [r4]	@ zero_extendqisi2
 243:tmk_core/common/report.c **** #ifdef NKRO_ENABLE
 598              		.loc 1 243 73 view .LVU156
 599 0006 0346     		mov	r3, r0
 600 0008 0A46     		mov	r2, r1
 601              		.loc 1 245 8 view .LVU157
 602 000a 44B1     		cbz	r4, .L69
 603              		.loc 1 245 27 discriminator 1 view .LVU158
 604 000c 084C     		ldr	r4, .L73+4
 605 000e 94F90040 		ldrsb	r4, [r4]
 606 0012 002C     		cmp	r4, #0
 607 0014 03DA     		bge	.L69
 246:tmk_core/common/report.c ****         add_key_bit(keyboard_report, key);
 608              		.loc 1 246 9 is_stmt 1 view .LVU159
 247:tmk_core/common/report.c ****         return;
 248:tmk_core/common/report.c ****     }
 249:tmk_core/common/report.c **** #endif
 250:tmk_core/common/report.c ****     add_key_byte(keyboard_report, key);
 251:tmk_core/common/report.c **** }
 609              		.loc 1 251 1 is_stmt 0 view .LVU160
 610 0016 5DF8044B 		ldr	r4, [sp], #4
 611              		.cfi_remember_state
 612              		.cfi_restore 4
 613              		.cfi_def_cfa_offset 0
 246:tmk_core/common/report.c ****         add_key_bit(keyboard_report, key);
 614              		.loc 1 246 9 view .LVU161
 615 001a FFF7FEBF 		b	add_key_bit
 616              	.LVL53:
 617              	.L69:
 618              		.cfi_restore_state
 250:tmk_core/common/report.c **** }
 619              		.loc 1 250 5 is_stmt 1 view .LVU162
 620              		.loc 1 251 1 is_stmt 0 view .LVU163
 621 001e 5DF8044B 		ldr	r4, [sp], #4
 622              		.cfi_restore 4
 623              		.cfi_def_cfa_offset 0
 250:tmk_core/common/report.c **** }
 624              		.loc 1 250 5 view .LVU164
 625 0022 1146     		mov	r1, r2
 626              	.LVL54:
 250:tmk_core/common/report.c **** }
 627              		.loc 1 250 5 view .LVU165
 628 0024 1846     		mov	r0, r3
 629              	.LVL55:
 250:tmk_core/common/report.c **** }
 630              		.loc 1 250 5 view .LVU166
 631 0026 FFF7FEBF 		b	add_key_byte
 632              	.LVL56:
 633              	.L74:
 250:tmk_core/common/report.c **** }
 634              		.loc 1 250 5 view .LVU167
 635 002a 00BF     		.align	2
 636              	.L73:
 637 002c 00000000 		.word	keyboard_protocol
 638 0030 00000000 		.word	keymap_config
 639              		.cfi_endproc
 640              	.LFE337:
 642              		.section	.text.del_key_from_report,"ax",%progbits
 643              		.align	1
 644              		.global	del_key_from_report
 645              		.syntax unified
 646              		.thumb
 647              		.thumb_func
 648              		.fpu fpv4-sp-d16
 650              	del_key_from_report:
 651              	.LVL57:
 652              	.LFB338:
 252:tmk_core/common/report.c **** 
 253:tmk_core/common/report.c **** /** \brief del key from report
 254:tmk_core/common/report.c ****  *
 255:tmk_core/common/report.c ****  * FIXME: Needs doc
 256:tmk_core/common/report.c ****  */
 257:tmk_core/common/report.c **** void del_key_from_report(report_keyboard_t* keyboard_report, uint8_t key) {
 653              		.loc 1 257 75 is_stmt 1 view -0
 654              		.cfi_startproc
 655              		@ args = 0, pretend = 0, frame = 0
 656              		@ frame_needed = 0, uses_anonymous_args = 0
 657              		@ link register save eliminated.
 258:tmk_core/common/report.c **** #ifdef NKRO_ENABLE
 259:tmk_core/common/report.c ****     if (keyboard_protocol && keymap_config.nkro) {
 658              		.loc 1 259 5 view .LVU169
 257:tmk_core/common/report.c **** #ifdef NKRO_ENABLE
 659              		.loc 1 257 75 is_stmt 0 view .LVU170
 660 0000 10B4     		push	{r4}
 661              		.cfi_def_cfa_offset 4
 662              		.cfi_offset 4, -4
 663              		.loc 1 259 9 view .LVU171
 664 0002 0A4C     		ldr	r4, .L80
 665              		.loc 1 259 8 view .LVU172
 666 0004 2478     		ldrb	r4, [r4]	@ zero_extendqisi2
 257:tmk_core/common/report.c **** #ifdef NKRO_ENABLE
 667              		.loc 1 257 75 view .LVU173
 668 0006 0346     		mov	r3, r0
 669 0008 0A46     		mov	r2, r1
 670              		.loc 1 259 8 view .LVU174
 671 000a 44B1     		cbz	r4, .L76
 672              		.loc 1 259 27 discriminator 1 view .LVU175
 673 000c 084C     		ldr	r4, .L80+4
 674 000e 94F90040 		ldrsb	r4, [r4]
 675 0012 002C     		cmp	r4, #0
 676 0014 03DA     		bge	.L76
 260:tmk_core/common/report.c ****         del_key_bit(keyboard_report, key);
 677              		.loc 1 260 9 is_stmt 1 view .LVU176
 261:tmk_core/common/report.c ****         return;
 262:tmk_core/common/report.c ****     }
 263:tmk_core/common/report.c **** #endif
 264:tmk_core/common/report.c ****     del_key_byte(keyboard_report, key);
 265:tmk_core/common/report.c **** }
 678              		.loc 1 265 1 is_stmt 0 view .LVU177
 679 0016 5DF8044B 		ldr	r4, [sp], #4
 680              		.cfi_remember_state
 681              		.cfi_restore 4
 682              		.cfi_def_cfa_offset 0
 260:tmk_core/common/report.c ****         del_key_bit(keyboard_report, key);
 683              		.loc 1 260 9 view .LVU178
 684 001a FFF7FEBF 		b	del_key_bit
 685              	.LVL58:
 686              	.L76:
 687              		.cfi_restore_state
 264:tmk_core/common/report.c **** }
 688              		.loc 1 264 5 is_stmt 1 view .LVU179
 689              		.loc 1 265 1 is_stmt 0 view .LVU180
 690 001e 5DF8044B 		ldr	r4, [sp], #4
 691              		.cfi_restore 4
 692              		.cfi_def_cfa_offset 0
 264:tmk_core/common/report.c **** }
 693              		.loc 1 264 5 view .LVU181
 694 0022 1146     		mov	r1, r2
 695              	.LVL59:
 264:tmk_core/common/report.c **** }
 696              		.loc 1 264 5 view .LVU182
 697 0024 1846     		mov	r0, r3
 698              	.LVL60:
 264:tmk_core/common/report.c **** }
 699              		.loc 1 264 5 view .LVU183
 700 0026 FFF7FEBF 		b	del_key_byte
 701              	.LVL61:
 702              	.L81:
 264:tmk_core/common/report.c **** }
 703              		.loc 1 264 5 view .LVU184
 704 002a 00BF     		.align	2
 705              	.L80:
 706 002c 00000000 		.word	keyboard_protocol
 707 0030 00000000 		.word	keymap_config
 708              		.cfi_endproc
 709              	.LFE338:
 711              		.section	.text.clear_keys_from_report,"ax",%progbits
 712              		.align	1
 713              		.global	clear_keys_from_report
 714              		.syntax unified
 715              		.thumb
 716              		.thumb_func
 717              		.fpu fpv4-sp-d16
 719              	clear_keys_from_report:
 720              	.LVL62:
 721              	.LFB339:
 266:tmk_core/common/report.c **** 
 267:tmk_core/common/report.c **** /** \brief clear key from report
 268:tmk_core/common/report.c ****  *
 269:tmk_core/common/report.c ****  * FIXME: Needs doc
 270:tmk_core/common/report.c ****  */
 271:tmk_core/common/report.c **** void clear_keys_from_report(report_keyboard_t* keyboard_report) {
 722              		.loc 1 271 65 is_stmt 1 view -0
 723              		.cfi_startproc
 724              		@ args = 0, pretend = 0, frame = 0
 725              		@ frame_needed = 0, uses_anonymous_args = 0
 726              		@ link register save eliminated.
 272:tmk_core/common/report.c ****     // not clear mods
 273:tmk_core/common/report.c **** #ifdef NKRO_ENABLE
 274:tmk_core/common/report.c ****     if (keyboard_protocol && keymap_config.nkro) {
 727              		.loc 1 274 5 view .LVU186
 728              		.loc 1 274 9 is_stmt 0 view .LVU187
 729 0000 094A     		ldr	r2, .L87
 730              		.loc 1 274 8 view .LVU188
 731 0002 1278     		ldrb	r2, [r2]	@ zero_extendqisi2
 275:tmk_core/common/report.c ****         memset(keyboard_report->nkro.bits, 0, sizeof(keyboard_report->nkro.bits));
 732              		.loc 1 275 37 view .LVU189
 733 0004 831C     		adds	r3, r0, #2
 274:tmk_core/common/report.c ****         memset(keyboard_report->nkro.bits, 0, sizeof(keyboard_report->nkro.bits));
 734              		.loc 1 274 8 view .LVU190
 735 0006 4AB1     		cbz	r2, .L83
 274:tmk_core/common/report.c ****         memset(keyboard_report->nkro.bits, 0, sizeof(keyboard_report->nkro.bits));
 736              		.loc 1 274 27 discriminator 1 view .LVU191
 737 0008 084A     		ldr	r2, .L87+4
 738 000a 92F90020 		ldrsb	r2, [r2]
 739 000e 002A     		cmp	r2, #0
 740 0010 04DA     		bge	.L83
 741              		.loc 1 275 9 is_stmt 1 view .LVU192
 742 0012 1E22     		movs	r2, #30
 743 0014 0021     		movs	r1, #0
 744 0016 1846     		mov	r0, r3
 745              	.LVL63:
 746              		.loc 1 275 9 is_stmt 0 view .LVU193
 747 0018 FFF7FEBF 		b	memset
 748              	.LVL64:
 749              	.L83:
 276:tmk_core/common/report.c ****         return;
 277:tmk_core/common/report.c ****     }
 278:tmk_core/common/report.c **** #endif
 279:tmk_core/common/report.c ****     memset(keyboard_report->keys, 0, sizeof(keyboard_report->keys));
 750              		.loc 1 279 5 is_stmt 1 view .LVU194
 751 001c 0022     		movs	r2, #0
 752 001e C0F80220 		str	r2, [r0, #2]	@ unaligned
 753 0022 9A80     		strh	r2, [r3, #4]	@ unaligned
 280:tmk_core/common/report.c **** }
 754              		.loc 1 280 1 is_stmt 0 view .LVU195
 755 0024 7047     		bx	lr
 756              	.L88:
 757 0026 00BF     		.align	2
 758              	.L87:
 759 0028 00000000 		.word	keyboard_protocol
 760 002c 00000000 		.word	keymap_config
 761              		.cfi_endproc
 762              	.LFE339:
 764              		.text
 765              	.Letext0:
 766              		.file 2 "/usr/arm-none-eabi/include/machine/_default_types.h"
 767              		.file 3 "/usr/arm-none-eabi/include/sys/_stdint.h"
 768              		.file 4 "/usr/lib/gcc/arm-none-eabi/11.2.0/include/stddef.h"
 769              		.file 5 "tmk_core/common/report.h"
 770              		.file 6 "quantum/keycode_config.h"
 771              		.file 7 "tmk_core/common/host.h"
 772              		.file 8 "quantum/logging/debug.h"
 773              		.file 9 "/usr/arm-none-eabi/include/string.h"
 774              		.file 10 "lib/printf/printf.h"
 775              		.file 11 "quantum/bitwise.h"
 776              		.file 12 "quantum/keycode.h"
 777              		.file 13 "<built-in>"
DEFINED SYMBOLS
                            *ABS*:0000000000000000 report.c
     /tmp/ccYSS7CZ.s:18     .text.has_anykey:0000000000000000 $t
     /tmp/ccYSS7CZ.s:26     .text.has_anykey:0000000000000000 has_anykey
     /tmp/ccYSS7CZ.s:101    .text.has_anykey:0000000000000034 $d
     /tmp/ccYSS7CZ.s:107    .text.get_first_key:0000000000000000 $t
     /tmp/ccYSS7CZ.s:114    .text.get_first_key:0000000000000000 get_first_key
     /tmp/ccYSS7CZ.s:192    .text.get_first_key:000000000000003c $d
     /tmp/ccYSS7CZ.s:198    .text.is_key_pressed:0000000000000000 $t
     /tmp/ccYSS7CZ.s:205    .text.is_key_pressed:0000000000000000 is_key_pressed
     /tmp/ccYSS7CZ.s:292    .text.is_key_pressed:0000000000000048 $d
     /tmp/ccYSS7CZ.s:298    .text.add_key_byte:0000000000000000 $t
     /tmp/ccYSS7CZ.s:305    .text.add_key_byte:0000000000000000 add_key_byte
     /tmp/ccYSS7CZ.s:377    .text.del_key_byte:0000000000000000 $t
     /tmp/ccYSS7CZ.s:384    .text.del_key_byte:0000000000000000 del_key_byte
     /tmp/ccYSS7CZ.s:433    .text.add_key_bit:0000000000000000 $t
     /tmp/ccYSS7CZ.s:440    .text.add_key_bit:0000000000000000 add_key_bit
     /tmp/ccYSS7CZ.s:496    .text.add_key_bit:000000000000002c $d
     /tmp/ccYSS7CZ.s:505    .text.del_key_bit:0000000000000000 $t
     /tmp/ccYSS7CZ.s:512    .text.del_key_bit:0000000000000000 del_key_bit
     /tmp/ccYSS7CZ.s:568    .text.del_key_bit:000000000000002c $d
     /tmp/ccYSS7CZ.s:574    .text.add_key_to_report:0000000000000000 $t
     /tmp/ccYSS7CZ.s:581    .text.add_key_to_report:0000000000000000 add_key_to_report
     /tmp/ccYSS7CZ.s:637    .text.add_key_to_report:000000000000002c $d
     /tmp/ccYSS7CZ.s:643    .text.del_key_from_report:0000000000000000 $t
     /tmp/ccYSS7CZ.s:650    .text.del_key_from_report:0000000000000000 del_key_from_report
     /tmp/ccYSS7CZ.s:706    .text.del_key_from_report:000000000000002c $d
     /tmp/ccYSS7CZ.s:712    .text.clear_keys_from_report:0000000000000000 $t
     /tmp/ccYSS7CZ.s:719    .text.clear_keys_from_report:0000000000000000 clear_keys_from_report
     /tmp/ccYSS7CZ.s:759    .text.clear_keys_from_report:0000000000000028 $d

UNDEFINED SYMBOLS
keyboard_protocol
keymap_config
biton
printf_
debug_config
memset
