   1              		.cpu cortex-m4
   2              		.arch armv7e-m
   3              		.fpu fpv4-sp-d16
   4              		.eabi_attribute 27, 1
   5              		.eabi_attribute 28, 1
   6              		.eabi_attribute 20, 1
   7              		.eabi_attribute 21, 1
   8              		.eabi_attribute 23, 3
   9              		.eabi_attribute 24, 1
  10              		.eabi_attribute 25, 1
  11              		.eabi_attribute 26, 1
  12              		.eabi_attribute 30, 4
  13              		.eabi_attribute 34, 1
  14              		.eabi_attribute 18, 2
  15              		.file	"sym_defer_g.c"
  16              		.text
  17              	.Ltext0:
  18              		.cfi_sections	.debug_frame
  19              		.file 1 "quantum/debounce/sym_defer_g.c"
  20              		.section	.text.debounce_init,"ax",%progbits
  21              		.align	1
  22              		.global	debounce_init
  23              		.syntax unified
  24              		.thumb
  25              		.thumb_func
  27              	debounce_init:
  28              	.LVL0:
  29              	.LFB295:
   1:quantum/debounce/sym_defer_g.c **** /*
   2:quantum/debounce/sym_defer_g.c **** Copyright 2017 Alex Ong<the.onga@gmail.com>
   3:quantum/debounce/sym_defer_g.c **** Copyright 2021 Simon Arlott
   4:quantum/debounce/sym_defer_g.c **** This program is free software: you can redistribute it and/or modify
   5:quantum/debounce/sym_defer_g.c **** it under the terms of the GNU General Public License as published by
   6:quantum/debounce/sym_defer_g.c **** the Free Software Foundation, either version 2 of the License, or
   7:quantum/debounce/sym_defer_g.c **** (at your option) any later version.
   8:quantum/debounce/sym_defer_g.c **** This program is distributed in the hope that it will be useful,
   9:quantum/debounce/sym_defer_g.c **** but WITHOUT ANY WARRANTY; without even the implied warranty of
  10:quantum/debounce/sym_defer_g.c **** MERCHANTABILITY or FITNESS FOR A PARTICULAR PURPOSE.  See the
  11:quantum/debounce/sym_defer_g.c **** GNU General Public License for more details.
  12:quantum/debounce/sym_defer_g.c **** You should have received a copy of the GNU General Public License
  13:quantum/debounce/sym_defer_g.c **** along with this program.  If not, see <http://www.gnu.org/licenses/>.
  14:quantum/debounce/sym_defer_g.c **** */
  15:quantum/debounce/sym_defer_g.c **** 
  16:quantum/debounce/sym_defer_g.c **** /*
  17:quantum/debounce/sym_defer_g.c **** Basic global debounce algorithm. Used in 99% of keyboards at time of implementation
  18:quantum/debounce/sym_defer_g.c **** When no state changes have occured for DEBOUNCE milliseconds, we push the state.
  19:quantum/debounce/sym_defer_g.c **** */
  20:quantum/debounce/sym_defer_g.c **** #include "matrix.h"
  21:quantum/debounce/sym_defer_g.c **** #include "timer.h"
  22:quantum/debounce/sym_defer_g.c **** #include "quantum.h"
  23:quantum/debounce/sym_defer_g.c **** #ifndef DEBOUNCE
  24:quantum/debounce/sym_defer_g.c **** #    define DEBOUNCE 5
  25:quantum/debounce/sym_defer_g.c **** #endif
  26:quantum/debounce/sym_defer_g.c **** 
  27:quantum/debounce/sym_defer_g.c **** #if DEBOUNCE > 0
  28:quantum/debounce/sym_defer_g.c **** static bool debouncing = false;
  29:quantum/debounce/sym_defer_g.c **** static fast_timer_t debouncing_time;
  30:quantum/debounce/sym_defer_g.c **** 
  31:quantum/debounce/sym_defer_g.c **** void debounce_init(uint8_t num_rows) {}
  30              		.loc 1 31 38 view -0
  31              		.cfi_startproc
  32              		@ args = 0, pretend = 0, frame = 0
  33              		@ frame_needed = 0, uses_anonymous_args = 0
  34              		@ link register save eliminated.
  35              		.loc 1 31 39 view .LVU1
  36 0000 7047     		bx	lr
  37              		.cfi_endproc
  38              	.LFE295:
  40              		.section	.text.debounce,"ax",%progbits
  41              		.align	1
  42              		.global	debounce
  43              		.syntax unified
  44              		.thumb
  45              		.thumb_func
  47              	debounce:
  48              	.LVL1:
  49              	.LFB296:
  32:quantum/debounce/sym_defer_g.c **** 
  33:quantum/debounce/sym_defer_g.c **** void debounce(matrix_row_t raw[], matrix_row_t cooked[], uint8_t num_rows, bool changed) {
  50              		.loc 1 33 90 view -0
  51              		.cfi_startproc
  52              		@ args = 0, pretend = 0, frame = 0
  53              		@ frame_needed = 0, uses_anonymous_args = 0
  34:quantum/debounce/sym_defer_g.c ****     if (changed) {
  54              		.loc 1 34 5 view .LVU3
  33:quantum/debounce/sym_defer_g.c ****     if (changed) {
  55              		.loc 1 33 90 is_stmt 0 view .LVU4
  56 0000 F8B5     		push	{r3, r4, r5, r6, r7, lr}
  57              		.cfi_def_cfa_offset 24
  58              		.cfi_offset 3, -24
  59              		.cfi_offset 4, -20
  60              		.cfi_offset 5, -16
  61              		.cfi_offset 6, -12
  62              		.cfi_offset 7, -8
  63              		.cfi_offset 14, -4
  64 0002 0F4C     		ldr	r4, .L13
  33:quantum/debounce/sym_defer_g.c ****     if (changed) {
  65              		.loc 1 33 90 view .LVU5
  66 0004 0646     		mov	r6, r0
  67 0006 0F46     		mov	r7, r1
  68 0008 1546     		mov	r5, r2
  69              		.loc 1 34 8 view .LVU6
  70 000a 2BB1     		cbz	r3, .L3
  35:quantum/debounce/sym_defer_g.c ****         debouncing      = true;
  71              		.loc 1 35 9 is_stmt 1 view .LVU7
  72              		.loc 1 35 25 is_stmt 0 view .LVU8
  73 000c 0123     		movs	r3, #1
  74              	.LVL2:
  75              		.loc 1 35 25 view .LVU9
  76 000e 2370     		strb	r3, [r4]
  36:quantum/debounce/sym_defer_g.c ****         debouncing_time = timer_read_fast();
  77              		.loc 1 36 9 is_stmt 1 view .LVU10
  78              	.LBB7:
  79              	.LBI7:
  80              		.file 2 "tmk_core/common/timer.h"
   1:tmk_core/common/timer.h **** /*
   2:tmk_core/common/timer.h **** Copyright 2011 Jun Wako <wakojun@gmail.com>
   3:tmk_core/common/timer.h **** Copyright 2021 Simon Arlott
   4:tmk_core/common/timer.h **** 
   5:tmk_core/common/timer.h **** This program is free software: you can redistribute it and/or modify
   6:tmk_core/common/timer.h **** it under the terms of the GNU General Public License as published by
   7:tmk_core/common/timer.h **** the Free Software Foundation, either version 2 of the License, or
   8:tmk_core/common/timer.h **** (at your option) any later version.
   9:tmk_core/common/timer.h **** 
  10:tmk_core/common/timer.h **** This program is distributed in the hope that it will be useful,
  11:tmk_core/common/timer.h **** but WITHOUT ANY WARRANTY; without even the implied warranty of
  12:tmk_core/common/timer.h **** MERCHANTABILITY or FITNESS FOR A PARTICULAR PURPOSE.  See the
  13:tmk_core/common/timer.h **** GNU General Public License for more details.
  14:tmk_core/common/timer.h **** 
  15:tmk_core/common/timer.h **** You should have received a copy of the GNU General Public License
  16:tmk_core/common/timer.h **** along with this program.  If not, see <http://www.gnu.org/licenses/>.
  17:tmk_core/common/timer.h **** */
  18:tmk_core/common/timer.h **** 
  19:tmk_core/common/timer.h **** #pragma once
  20:tmk_core/common/timer.h **** 
  21:tmk_core/common/timer.h **** #if __has_include_next("_timer.h")
  22:tmk_core/common/timer.h **** #    include_next "_timer.h" /* Include the platform's _timer.h */
  23:tmk_core/common/timer.h **** #endif
  24:tmk_core/common/timer.h **** 
  25:tmk_core/common/timer.h **** #include <stdint.h>
  26:tmk_core/common/timer.h **** 
  27:tmk_core/common/timer.h **** #define TIMER_DIFF(a, b, max) ((max == UINT8_MAX) ? ((uint8_t)((a) - (b))) : ((max == UINT16_MAX) ?
  28:tmk_core/common/timer.h **** #define TIMER_DIFF_8(a, b) TIMER_DIFF(a, b, UINT8_MAX)
  29:tmk_core/common/timer.h **** #define TIMER_DIFF_16(a, b) TIMER_DIFF(a, b, UINT16_MAX)
  30:tmk_core/common/timer.h **** #define TIMER_DIFF_32(a, b) TIMER_DIFF(a, b, UINT32_MAX)
  31:tmk_core/common/timer.h **** #define TIMER_DIFF_RAW(a, b) TIMER_DIFF_8(a, b)
  32:tmk_core/common/timer.h **** 
  33:tmk_core/common/timer.h **** #ifdef __cplusplus
  34:tmk_core/common/timer.h **** extern "C" {
  35:tmk_core/common/timer.h **** #endif
  36:tmk_core/common/timer.h **** 
  37:tmk_core/common/timer.h **** extern volatile uint32_t timer_count;
  38:tmk_core/common/timer.h **** 
  39:tmk_core/common/timer.h **** void     timer_init(void);
  40:tmk_core/common/timer.h **** void     timer_clear(void);
  41:tmk_core/common/timer.h **** uint16_t timer_read(void);
  42:tmk_core/common/timer.h **** uint32_t timer_read32(void);
  43:tmk_core/common/timer.h **** uint16_t timer_elapsed(uint16_t last);
  44:tmk_core/common/timer.h **** uint32_t timer_elapsed32(uint32_t last);
  45:tmk_core/common/timer.h **** 
  46:tmk_core/common/timer.h **** // Utility functions to check if a future time has expired & autmatically handle time wrapping if c
  47:tmk_core/common/timer.h **** #define timer_expired(current, future) ((uint16_t)(current - future) < UINT16_MAX / 2)
  48:tmk_core/common/timer.h **** #define timer_expired32(current, future) ((uint32_t)(current - future) < UINT32_MAX / 2)
  49:tmk_core/common/timer.h **** 
  50:tmk_core/common/timer.h **** // Use an appropriate timer integer size based on architecture (16-bit will overflow sooner)
  51:tmk_core/common/timer.h **** #if FAST_TIMER_T_SIZE < 32
  52:tmk_core/common/timer.h **** #    define TIMER_DIFF_FAST(a, b) TIMER_DIFF_16(a, b)
  53:tmk_core/common/timer.h **** #    define timer_expired_fast(current, future) timer_expired(current, future)
  54:tmk_core/common/timer.h **** typedef uint16_t fast_timer_t;
  55:tmk_core/common/timer.h **** fast_timer_t inline timer_read_fast(void) { return timer_read(); }
  56:tmk_core/common/timer.h **** fast_timer_t inline timer_elapsed_fast(fast_timer_t last) { return timer_elapsed(last); }
  57:tmk_core/common/timer.h **** #else
  58:tmk_core/common/timer.h **** #    define TIMER_DIFF_FAST(a, b) TIMER_DIFF_32(a, b)
  59:tmk_core/common/timer.h **** #    define timer_expired_fast(current, future) timer_expired32(current, future)
  60:tmk_core/common/timer.h **** typedef uint32_t fast_timer_t;
  61:tmk_core/common/timer.h **** fast_timer_t inline timer_read_fast(void) { return timer_read32(); }
  81              		.loc 2 61 21 view .LVU11
  82              	.LBB8:
  83              		.loc 2 61 45 view .LVU12
  84              		.loc 2 61 52 is_stmt 0 view .LVU13
  85 0010 FFF7FEFF 		bl	timer_read32
  86              	.LVL3:
  87              		.loc 2 61 52 view .LVU14
  88              	.LBE8:
  89              	.LBE7:
  90              		.loc 1 36 25 view .LVU15
  91 0014 0B4B     		ldr	r3, .L13+4
  92 0016 1860     		str	r0, [r3]
  93              	.L3:
  37:quantum/debounce/sym_defer_g.c ****     }
  38:quantum/debounce/sym_defer_g.c **** 
  39:quantum/debounce/sym_defer_g.c ****     if (debouncing && timer_elapsed_fast(debouncing_time) >= DEBOUNCE) {
  94              		.loc 1 39 5 is_stmt 1 view .LVU16
  95              		.loc 1 39 8 is_stmt 0 view .LVU17
  96 0018 2378     		ldrb	r3, [r4]	@ zero_extendqisi2
  97 001a 2BB1     		cbz	r3, .L2
  98              	.LVL4:
  99              	.LBB9:
 100              	.LBI9:
  62:tmk_core/common/timer.h **** fast_timer_t inline timer_elapsed_fast(fast_timer_t last) { return timer_elapsed32(last); }
 101              		.loc 2 62 21 is_stmt 1 discriminator 1 view .LVU18
 102              	.LBB10:
 103              		.loc 2 62 61 discriminator 1 view .LVU19
 104              	.LBE10:
 105              	.LBE9:
 106              		.loc 1 39 23 is_stmt 0 discriminator 1 view .LVU20
 107 001c 094B     		ldr	r3, .L13+4
 108              	.LBB12:
 109              	.LBB11:
 110              		.loc 2 62 68 discriminator 1 view .LVU21
 111 001e 1868     		ldr	r0, [r3]
 112 0020 FFF7FEFF 		bl	timer_elapsed32
 113              	.LVL5:
 114              		.loc 2 62 68 discriminator 1 view .LVU22
 115              	.LBE11:
 116              	.LBE12:
 117              		.loc 1 39 20 discriminator 1 view .LVU23
 118 0024 0428     		cmp	r0, #4
 119 0026 08D8     		bhi	.L9
 120              	.L2:
  40:quantum/debounce/sym_defer_g.c ****         for (int i = 0; i < num_rows; i++) {
  41:quantum/debounce/sym_defer_g.c ****             cooked[i] = raw[i];
  42:quantum/debounce/sym_defer_g.c ****         }
  43:quantum/debounce/sym_defer_g.c ****         debouncing = false;
  44:quantum/debounce/sym_defer_g.c ****     }
  45:quantum/debounce/sym_defer_g.c **** }
 121              		.loc 1 45 1 view .LVU24
 122 0028 F8BD     		pop	{r3, r4, r5, r6, r7, pc}
 123              	.LVL6:
 124              	.L8:
 125              	.LBB13:
  41:quantum/debounce/sym_defer_g.c ****         }
 126              		.loc 1 41 13 is_stmt 1 discriminator 3 view .LVU25
  41:quantum/debounce/sym_defer_g.c ****         }
 127              		.loc 1 41 28 is_stmt 0 discriminator 3 view .LVU26
 128 002a F25C     		ldrb	r2, [r6, r3]	@ zero_extendqisi2
  41:quantum/debounce/sym_defer_g.c ****         }
 129              		.loc 1 41 23 discriminator 3 view .LVU27
 130 002c FA54     		strb	r2, [r7, r3]
  40:quantum/debounce/sym_defer_g.c ****         for (int i = 0; i < num_rows; i++) {
 131              		.loc 1 40 40 is_stmt 1 discriminator 3 view .LVU28
 132 002e 0133     		adds	r3, r3, #1
 133              	.LVL7:
 134              	.L6:
  40:quantum/debounce/sym_defer_g.c ****         for (int i = 0; i < num_rows; i++) {
 135              		.loc 1 40 27 discriminator 1 view .LVU29
 136 0030 9D42     		cmp	r5, r3
 137 0032 FADC     		bgt	.L8
 138              	.LBE13:
  43:quantum/debounce/sym_defer_g.c ****     }
 139              		.loc 1 43 9 view .LVU30
  43:quantum/debounce/sym_defer_g.c ****     }
 140              		.loc 1 43 20 is_stmt 0 view .LVU31
 141 0034 0023     		movs	r3, #0
 142              	.LVL8:
  43:quantum/debounce/sym_defer_g.c ****     }
 143              		.loc 1 43 20 view .LVU32
 144 0036 2370     		strb	r3, [r4]
 145              		.loc 1 45 1 view .LVU33
 146 0038 F6E7     		b	.L2
 147              	.LVL9:
 148              	.L9:
 149              	.LBB14:
  40:quantum/debounce/sym_defer_g.c ****         for (int i = 0; i < num_rows; i++) {
 150              		.loc 1 40 18 view .LVU34
 151 003a 0023     		movs	r3, #0
 152 003c F8E7     		b	.L6
 153              	.L14:
 154 003e 00BF     		.align	2
 155              	.L13:
 156 0040 00000000 		.word	debouncing
 157 0044 00000000 		.word	debouncing_time
 158              	.LBE14:
 159              		.cfi_endproc
 160              	.LFE296:
 162              		.section	.text.debounce_active,"ax",%progbits
 163              		.align	1
 164              		.global	debounce_active
 165              		.syntax unified
 166              		.thumb
 167              		.thumb_func
 169              	debounce_active:
 170              	.LFB297:
  46:quantum/debounce/sym_defer_g.c **** 
  47:quantum/debounce/sym_defer_g.c **** bool debounce_active(void) { return debouncing; }
 171              		.loc 1 47 28 is_stmt 1 view -0
 172              		.cfi_startproc
 173              		@ args = 0, pretend = 0, frame = 0
 174              		@ frame_needed = 0, uses_anonymous_args = 0
 175              		@ link register save eliminated.
 176              		.loc 1 47 30 view .LVU36
 177              		.loc 1 47 49 is_stmt 0 view .LVU37
 178 0000 014B     		ldr	r3, .L16
 179 0002 1878     		ldrb	r0, [r3]	@ zero_extendqisi2
 180 0004 7047     		bx	lr
 181              	.L17:
 182 0006 00BF     		.align	2
 183              	.L16:
 184 0008 00000000 		.word	debouncing
 185              		.cfi_endproc
 186              	.LFE297:
 188              		.section	.text.debounce_free,"ax",%progbits
 189              		.align	1
 190              		.global	debounce_free
 191              		.syntax unified
 192              		.thumb
 193              		.thumb_func
 195              	debounce_free:
 196              	.LFB298:
  48:quantum/debounce/sym_defer_g.c **** 
  49:quantum/debounce/sym_defer_g.c **** void debounce_free(void) {}
 197              		.loc 1 49 26 is_stmt 1 view -0
 198              		.cfi_startproc
 199              		@ args = 0, pretend = 0, frame = 0
 200              		@ frame_needed = 0, uses_anonymous_args = 0
 201              		@ link register save eliminated.
 202              		.loc 1 49 27 view .LVU39
 203 0000 7047     		bx	lr
 204              		.cfi_endproc
 205              	.LFE298:
 207              		.section	.bss.debouncing_time,"aw",%nobits
 208              		.align	2
 211              	debouncing_time:
 212 0000 00000000 		.space	4
 213              		.section	.bss.debouncing,"aw",%nobits
 216              	debouncing:
 217 0000 00       		.space	1
 218              		.text
 219              	.Letext0:
 220              		.file 3 "/usr/arm-none-eabi/include/machine/_default_types.h"
 221              		.file 4 "/usr/arm-none-eabi/include/sys/_stdint.h"
 222              		.file 5 "quantum/matrix.h"
 223              		.file 6 "quantum/sequencer/sequencer.h"
DEFINED SYMBOLS
                            *ABS*:0000000000000000 sym_defer_g.c
     /tmp/ccTfKWWe.s:21     .text.debounce_init:0000000000000000 $t
     /tmp/ccTfKWWe.s:27     .text.debounce_init:0000000000000000 debounce_init
     /tmp/ccTfKWWe.s:41     .text.debounce:0000000000000000 $t
     /tmp/ccTfKWWe.s:47     .text.debounce:0000000000000000 debounce
     /tmp/ccTfKWWe.s:156    .text.debounce:0000000000000040 $d
     /tmp/ccTfKWWe.s:216    .bss.debouncing:0000000000000000 debouncing
     /tmp/ccTfKWWe.s:211    .bss.debouncing_time:0000000000000000 debouncing_time
     /tmp/ccTfKWWe.s:163    .text.debounce_active:0000000000000000 $t
     /tmp/ccTfKWWe.s:169    .text.debounce_active:0000000000000000 debounce_active
     /tmp/ccTfKWWe.s:184    .text.debounce_active:0000000000000008 $d
     /tmp/ccTfKWWe.s:189    .text.debounce_free:0000000000000000 $t
     /tmp/ccTfKWWe.s:195    .text.debounce_free:0000000000000000 debounce_free
     /tmp/ccTfKWWe.s:208    .bss.debouncing_time:0000000000000000 $d
     /tmp/ccTfKWWe.s:217    .bss.debouncing:0000000000000000 $d

UNDEFINED SYMBOLS
timer_read32
timer_elapsed32
