   1               		.file	"keymap.c"
   2               	__SP_H__ = 0x3e
   3               	__SP_L__ = 0x3d
   4               	__SREG__ = 0x3f
   5               	__tmp_reg__ = 0
   6               	__zero_reg__ = 1
   7               		.text
   8               	.Ltext0:
   9               		.cfi_sections	.debug_frame
  10               		.section	.text.action_get_macro,"ax",@progbits
  11               	.global	action_get_macro
  13               	action_get_macro:
  14               	.LVL0:
  15               	.LFB119:
  16               		.file 1 "keyboards/3key/keymaps/default/keymap.c"
   1:keyboards/3key/keymaps/default/keymap.c **** #include "3key.h"
   2:keyboards/3key/keymaps/default/keymap.c **** 
   3:keyboards/3key/keymaps/default/keymap.c **** const uint16_t PROGMEM keymaps[][MATRIX_ROWS][MATRIX_COLS] = {
   4:keyboards/3key/keymaps/default/keymap.c **** 	LAYOUT(KC_LCTRL, KC_C, KC_V)
   5:keyboards/3key/keymaps/default/keymap.c **** };
   6:keyboards/3key/keymaps/default/keymap.c **** 
   7:keyboards/3key/keymaps/default/keymap.c **** const macro_t *action_get_macro(keyrecord_t *record, uint8_t id, uint8_t opt) {
  17               		.loc 1 7 79 view -0
  18               		.cfi_startproc
  19               	/* prologue: function */
  20               	/* frame size = 0 */
  21               	/* stack size = 0 */
  22               	.L__stack_usage = 0
   8:keyboards/3key/keymaps/default/keymap.c **** 	keyevent_t event = record->event;
  23               		.loc 1 8 2 view .LVU1
   9:keyboards/3key/keymaps/default/keymap.c **** 
  10:keyboards/3key/keymaps/default/keymap.c **** 	switch (event.pressed) {
  24               		.loc 1 10 2 view .LVU2
  11:keyboards/3key/keymaps/default/keymap.c **** 
  12:keyboards/3key/keymaps/default/keymap.c **** 	}
  25               		.loc 1 12 2 view .LVU3
  13:keyboards/3key/keymaps/default/keymap.c **** 	return MACRO_NONE;
  26               		.loc 1 13 2 view .LVU4
  14:keyboards/3key/keymaps/default/keymap.c **** }
  27               		.loc 1 14 1 is_stmt 0 view .LVU5
  28 0000 90E0      		ldi r25,0
  29 0002 80E0      		ldi r24,0
  30               	.LVL1:
  31               	/* epilogue start */
  32               		.loc 1 14 1 view .LVU6
  33 0004 0895      		ret
  34               		.cfi_endproc
  35               	.LFE119:
  37               		.section	.text.matrix_init_user,"ax",@progbits
  38               	.global	matrix_init_user
  40               	matrix_init_user:
  41               	.LFB120:
  15:keyboards/3key/keymaps/default/keymap.c **** 
  16:keyboards/3key/keymaps/default/keymap.c **** void matrix_init_user(void) {
  42               		.loc 1 16 29 is_stmt 1 view -0
  43               		.cfi_startproc
  44               	/* prologue: function */
  45               	/* frame size = 0 */
  46               	/* stack size = 0 */
  47               	.L__stack_usage = 0
  17:keyboards/3key/keymaps/default/keymap.c **** }
  48               		.loc 1 17 1 view .LVU8
  49               	/* epilogue start */
  50 0000 0895      		ret
  51               		.cfi_endproc
  52               	.LFE120:
  54               		.section	.text.matrix_scan_user,"ax",@progbits
  55               	.global	matrix_scan_user
  57               	matrix_scan_user:
  58               	.LFB124:
  59               		.cfi_startproc
  60               	/* prologue: function */
  61               	/* frame size = 0 */
  62               	/* stack size = 0 */
  63               	.L__stack_usage = 0
  64               	/* epilogue start */
  65 0000 0895      		ret
  66               		.cfi_endproc
  67               	.LFE124:
  69               		.section	.text.process_record_user,"ax",@progbits
  70               	.global	process_record_user
  72               	process_record_user:
  73               	.LVL2:
  74               	.LFB122:
  18:keyboards/3key/keymaps/default/keymap.c **** 
  19:keyboards/3key/keymaps/default/keymap.c **** void matrix_scan_user(void) {
  20:keyboards/3key/keymaps/default/keymap.c **** }
  21:keyboards/3key/keymaps/default/keymap.c **** 
  22:keyboards/3key/keymaps/default/keymap.c **** bool process_record_user(uint16_t keycode, keyrecord_t *record) {
  75               		.loc 1 22 65 view -0
  76               		.cfi_startproc
  77               	/* prologue: function */
  78               	/* frame size = 0 */
  79               	/* stack size = 0 */
  80               	.L__stack_usage = 0
  23:keyboards/3key/keymaps/default/keymap.c **** 	return true;
  81               		.loc 1 23 2 view .LVU10
  24:keyboards/3key/keymaps/default/keymap.c **** }
  82               		.loc 1 24 1 is_stmt 0 view .LVU11
  83 0000 81E0      		ldi r24,lo8(1)
  84               	.LVL3:
  85               	/* epilogue start */
  86               		.loc 1 24 1 view .LVU12
  87 0002 0895      		ret
  88               		.cfi_endproc
  89               	.LFE122:
  91               	.global	keymaps
  92               		.section	.progmem.data.keymaps,"a"
  95               	keymaps:
  96 0000 E000      		.word	224
  97 0002 0600      		.word	6
  98 0004 1900      		.word	25
  99               		.text
 100               	.Letext0:
 101               		.file 2 "/usr/avr/include/stdint.h"
 102               		.file 3 "quantum/keyboard.h"
 103               		.file 4 "quantum/action_macro.h"
 104               		.file 5 "quantum/action.h"
 105               		.file 6 "quantum/keymap.h"
 106               		.file 7 "quantum/keycode.h"
 107               		.file 8 "quantum/sequencer/sequencer.h"
DEFINED SYMBOLS
                            *ABS*:0000000000000000 keymap.c
     /tmp/ccjXF89v.s:2      *ABS*:000000000000003e __SP_H__
     /tmp/ccjXF89v.s:3      *ABS*:000000000000003d __SP_L__
     /tmp/ccjXF89v.s:4      *ABS*:000000000000003f __SREG__
     /tmp/ccjXF89v.s:5      *ABS*:0000000000000000 __tmp_reg__
     /tmp/ccjXF89v.s:6      *ABS*:0000000000000001 __zero_reg__
     /tmp/ccjXF89v.s:13     .text.action_get_macro:0000000000000000 action_get_macro
     /tmp/ccjXF89v.s:40     .text.matrix_init_user:0000000000000000 matrix_init_user
     /tmp/ccjXF89v.s:57     .text.matrix_scan_user:0000000000000000 matrix_scan_user
     /tmp/ccjXF89v.s:72     .text.process_record_user:0000000000000000 process_record_user
     /tmp/ccjXF89v.s:95     .progmem.data.keymaps:0000000000000000 keymaps

NO UNDEFINED SYMBOLS
