   1              		.cpu cortex-m4
   2              		.arch armv7e-m
   3              		.fpu fpv4-sp-d16
   4              		.eabi_attribute 27, 1
   5              		.eabi_attribute 28, 1
   6              		.eabi_attribute 20, 1
   7              		.eabi_attribute 21, 1
   8              		.eabi_attribute 23, 3
   9              		.eabi_attribute 24, 1
  10              		.eabi_attribute 25, 1
  11              		.eabi_attribute 26, 1
  12              		.eabi_attribute 30, 4
  13              		.eabi_attribute 34, 1
  14              		.eabi_attribute 18, 2
  15              		.file	"syscall-fallbacks.c"
  16              		.text
  17              	.Ltext0:
  18              		.cfi_sections	.debug_frame
  19              		.file 1 "tmk_core/common/chibios/syscall-fallbacks.c"
  20              		.section	.text._open_r,"ax",%progbits
  21              		.align	1
  22              		.weak	_open_r
  23              		.syntax unified
  24              		.thumb
  25              		.thumb_func
  27              	_open_r:
  28              	.LVL0:
  29              	.LFB0:
   1:tmk_core/common/chibios/syscall-fallbacks.c **** /* Copyright 2021 Nick Brassel, QMK
   2:tmk_core/common/chibios/syscall-fallbacks.c ****  *
   3:tmk_core/common/chibios/syscall-fallbacks.c ****  * This program is free software: you can redistribute it and/or modify
   4:tmk_core/common/chibios/syscall-fallbacks.c ****  * it under the terms of the GNU General Public License as published by
   5:tmk_core/common/chibios/syscall-fallbacks.c ****  * the Free Software Foundation, either version 2 of the License, or
   6:tmk_core/common/chibios/syscall-fallbacks.c ****  * (at your option) any later version.
   7:tmk_core/common/chibios/syscall-fallbacks.c ****  *
   8:tmk_core/common/chibios/syscall-fallbacks.c ****  * This program is distributed in the hope that it will be useful,
   9:tmk_core/common/chibios/syscall-fallbacks.c ****  * but WITHOUT ANY WARRANTY; without even the implied warranty of
  10:tmk_core/common/chibios/syscall-fallbacks.c ****  * MERCHANTABILITY or FITNESS FOR A PARTICULAR PURPOSE.  See the
  11:tmk_core/common/chibios/syscall-fallbacks.c ****  * GNU General Public License for more details.
  12:tmk_core/common/chibios/syscall-fallbacks.c ****  *
  13:tmk_core/common/chibios/syscall-fallbacks.c ****  * You should have received a copy of the GNU General Public License
  14:tmk_core/common/chibios/syscall-fallbacks.c ****  * along with this program.  If not, see <http://www.gnu.org/licenses/>.
  15:tmk_core/common/chibios/syscall-fallbacks.c ****  */
  16:tmk_core/common/chibios/syscall-fallbacks.c **** 
  17:tmk_core/common/chibios/syscall-fallbacks.c **** #include <errno.h>
  18:tmk_core/common/chibios/syscall-fallbacks.c **** #include <sys/stat.h>
  19:tmk_core/common/chibios/syscall-fallbacks.c **** #include <sys/types.h>
  20:tmk_core/common/chibios/syscall-fallbacks.c **** 
  21:tmk_core/common/chibios/syscall-fallbacks.c **** #pragma GCC diagnostic ignored "-Wmissing-prototypes"
  22:tmk_core/common/chibios/syscall-fallbacks.c **** 
  23:tmk_core/common/chibios/syscall-fallbacks.c **** __attribute__((weak, used)) int _open_r(struct _reent *r, const char *path, int flag, int m) {
  30              		.loc 1 23 94 view -0
  31              		.cfi_startproc
  32              		@ args = 0, pretend = 0, frame = 0
  33              		@ frame_needed = 0, uses_anonymous_args = 0
  34              		@ link register save eliminated.
  24:tmk_core/common/chibios/syscall-fallbacks.c ****     __errno_r(r) = ENOENT;
  35              		.loc 1 24 5 view .LVU1
  36              		.loc 1 24 18 is_stmt 0 view .LVU2
  37 0000 0223     		movs	r3, #2
  38              	.LVL1:
  39              		.loc 1 24 18 view .LVU3
  40 0002 0360     		str	r3, [r0]
  25:tmk_core/common/chibios/syscall-fallbacks.c ****     return -1;
  41              		.loc 1 25 5 is_stmt 1 view .LVU4
  26:tmk_core/common/chibios/syscall-fallbacks.c **** }
  42              		.loc 1 26 1 is_stmt 0 view .LVU5
  43 0004 4FF0FF30 		mov	r0, #-1
  44              	.LVL2:
  45              		.loc 1 26 1 view .LVU6
  46 0008 7047     		bx	lr
  47              		.cfi_endproc
  48              	.LFE0:
  50              		.section	.text._lseek_r,"ax",%progbits
  51              		.align	1
  52              		.weak	_lseek_r
  53              		.syntax unified
  54              		.thumb
  55              		.thumb_func
  57              	_lseek_r:
  58              	.LVL3:
  59              	.LFB1:
  27:tmk_core/common/chibios/syscall-fallbacks.c **** 
  28:tmk_core/common/chibios/syscall-fallbacks.c **** __attribute__((weak, used)) int _lseek_r(struct _reent *r, int file, int ptr, int dir) {
  60              		.loc 1 28 88 is_stmt 1 view -0
  61              		.cfi_startproc
  62              		@ args = 0, pretend = 0, frame = 0
  63              		@ frame_needed = 0, uses_anonymous_args = 0
  64              		@ link register save eliminated.
  29:tmk_core/common/chibios/syscall-fallbacks.c ****     __errno_r(r) = EBADF;
  65              		.loc 1 29 5 view .LVU8
  66              		.loc 1 29 18 is_stmt 0 view .LVU9
  67 0000 0923     		movs	r3, #9
  68              	.LVL4:
  69              		.loc 1 29 18 view .LVU10
  70 0002 0360     		str	r3, [r0]
  30:tmk_core/common/chibios/syscall-fallbacks.c ****     return -1;
  71              		.loc 1 30 5 is_stmt 1 view .LVU11
  31:tmk_core/common/chibios/syscall-fallbacks.c **** }
  72              		.loc 1 31 1 is_stmt 0 view .LVU12
  73 0004 4FF0FF30 		mov	r0, #-1
  74              	.LVL5:
  75              		.loc 1 31 1 view .LVU13
  76 0008 7047     		bx	lr
  77              		.cfi_endproc
  78              	.LFE1:
  80              		.section	.text._read_r,"ax",%progbits
  81              		.align	1
  82              		.weak	_read_r
  83              		.syntax unified
  84              		.thumb
  85              		.thumb_func
  87              	_read_r:
  88              	.LVL6:
  89              	.LFB2:
  32:tmk_core/common/chibios/syscall-fallbacks.c **** 
  33:tmk_core/common/chibios/syscall-fallbacks.c **** __attribute__((weak, used)) int _read_r(struct _reent *r, int file, char *ptr, int len) {
  90              		.loc 1 33 89 is_stmt 1 view -0
  91              		.cfi_startproc
  92              		@ args = 0, pretend = 0, frame = 0
  93              		@ frame_needed = 0, uses_anonymous_args = 0
  94              		@ link register save eliminated.
  34:tmk_core/common/chibios/syscall-fallbacks.c ****     __errno_r(r) = EBADF;
  95              		.loc 1 34 5 view .LVU15
  96              		.loc 1 34 18 is_stmt 0 view .LVU16
  97 0000 0923     		movs	r3, #9
  98              	.LVL7:
  99              		.loc 1 34 18 view .LVU17
 100 0002 0360     		str	r3, [r0]
  35:tmk_core/common/chibios/syscall-fallbacks.c ****     return -1;
 101              		.loc 1 35 5 is_stmt 1 view .LVU18
  36:tmk_core/common/chibios/syscall-fallbacks.c **** }
 102              		.loc 1 36 1 is_stmt 0 view .LVU19
 103 0004 4FF0FF30 		mov	r0, #-1
 104              	.LVL8:
 105              		.loc 1 36 1 view .LVU20
 106 0008 7047     		bx	lr
 107              		.cfi_endproc
 108              	.LFE2:
 110              		.section	.text._write_r,"ax",%progbits
 111              		.align	1
 112              		.weak	_write_r
 113              		.syntax unified
 114              		.thumb
 115              		.thumb_func
 117              	_write_r:
 118              	.LFB18:
 119              		.cfi_startproc
  37:tmk_core/common/chibios/syscall-fallbacks.c **** 
  38:tmk_core/common/chibios/syscall-fallbacks.c **** __attribute__((weak, used)) int _write_r(struct _reent *r, int file, char *ptr, int len) {
 120              		.loc 1 38 33 is_stmt 1 view -0
 121              		@ args = 0, pretend = 0, frame = 0
 122              		@ frame_needed = 0, uses_anonymous_args = 0
 123              		@ link register save eliminated.
 124 0000 0923     		movs	r3, #9
 125 0002 0360     		str	r3, [r0]
 126 0004 4FF0FF30 		mov	r0, #-1
 127 0008 7047     		bx	lr
 128              		.cfi_endproc
 129              	.LFE18:
 131              		.section	.text._close_r,"ax",%progbits
 132              		.align	1
 133              		.weak	_close_r
 134              		.syntax unified
 135              		.thumb
 136              		.thumb_func
 138              	_close_r:
 139              	.LVL9:
 140              	.LFB4:
  39:tmk_core/common/chibios/syscall-fallbacks.c ****     __errno_r(r) = EBADF;
  40:tmk_core/common/chibios/syscall-fallbacks.c ****     return -1;
  41:tmk_core/common/chibios/syscall-fallbacks.c **** }
  42:tmk_core/common/chibios/syscall-fallbacks.c **** 
  43:tmk_core/common/chibios/syscall-fallbacks.c **** __attribute__((weak, used)) int _close_r(struct _reent *r, int file) {
 141              		.loc 1 43 70 view -0
 142              		.cfi_startproc
 143              		@ args = 0, pretend = 0, frame = 0
 144              		@ frame_needed = 0, uses_anonymous_args = 0
 145              		@ link register save eliminated.
  44:tmk_core/common/chibios/syscall-fallbacks.c ****     __errno_r(r) = EBADF;
 146              		.loc 1 44 5 view .LVU23
 147              		.loc 1 44 18 is_stmt 0 view .LVU24
 148 0000 0923     		movs	r3, #9
 149 0002 0360     		str	r3, [r0]
  45:tmk_core/common/chibios/syscall-fallbacks.c ****     return -1;
 150              		.loc 1 45 5 is_stmt 1 view .LVU25
  46:tmk_core/common/chibios/syscall-fallbacks.c **** }
 151              		.loc 1 46 1 is_stmt 0 view .LVU26
 152 0004 4FF0FF30 		mov	r0, #-1
 153              	.LVL10:
 154              		.loc 1 46 1 view .LVU27
 155 0008 7047     		bx	lr
 156              		.cfi_endproc
 157              	.LFE4:
 159              		.section	.text._link_r,"ax",%progbits
 160              		.align	1
 161              		.weak	_link_r
 162              		.syntax unified
 163              		.thumb
 164              		.thumb_func
 166              	_link_r:
 167              	.LVL11:
 168              	.LFB5:
  47:tmk_core/common/chibios/syscall-fallbacks.c **** 
  48:tmk_core/common/chibios/syscall-fallbacks.c **** __attribute__((weak, used)) int _link_r(struct _reent *r, const char *oldpath, const char *newpath)
 169              		.loc 1 48 101 is_stmt 1 view -0
 170              		.cfi_startproc
 171              		@ args = 0, pretend = 0, frame = 0
 172              		@ frame_needed = 0, uses_anonymous_args = 0
 173              		@ link register save eliminated.
  49:tmk_core/common/chibios/syscall-fallbacks.c ****     __errno_r(r) = EPERM;
 174              		.loc 1 49 5 view .LVU29
 175              		.loc 1 49 18 is_stmt 0 view .LVU30
 176 0000 0123     		movs	r3, #1
 177 0002 0360     		str	r3, [r0]
  50:tmk_core/common/chibios/syscall-fallbacks.c ****     return -1;
 178              		.loc 1 50 5 is_stmt 1 view .LVU31
  51:tmk_core/common/chibios/syscall-fallbacks.c **** }
 179              		.loc 1 51 1 is_stmt 0 view .LVU32
 180 0004 4FF0FF30 		mov	r0, #-1
 181              	.LVL12:
 182              		.loc 1 51 1 view .LVU33
 183 0008 7047     		bx	lr
 184              		.cfi_endproc
 185              	.LFE5:
 187              		.section	.text._unlink_r,"ax",%progbits
 188              		.align	1
 189              		.weak	_unlink_r
 190              		.syntax unified
 191              		.thumb
 192              		.thumb_func
 194              	_unlink_r:
 195              	.LVL13:
 196              	.LFB6:
  52:tmk_core/common/chibios/syscall-fallbacks.c **** 
  53:tmk_core/common/chibios/syscall-fallbacks.c **** __attribute__((weak, used)) int _unlink_r(struct _reent *r, const char *path) {
 197              		.loc 1 53 79 is_stmt 1 view -0
 198              		.cfi_startproc
 199              		@ args = 0, pretend = 0, frame = 0
 200              		@ frame_needed = 0, uses_anonymous_args = 0
 201              		@ link register save eliminated.
  54:tmk_core/common/chibios/syscall-fallbacks.c ****     __errno_r(r) = EPERM;
 202              		.loc 1 54 5 view .LVU35
 203              		.loc 1 54 18 is_stmt 0 view .LVU36
 204 0000 0123     		movs	r3, #1
 205 0002 0360     		str	r3, [r0]
  55:tmk_core/common/chibios/syscall-fallbacks.c ****     return -1;
 206              		.loc 1 55 5 is_stmt 1 view .LVU37
  56:tmk_core/common/chibios/syscall-fallbacks.c **** }
 207              		.loc 1 56 1 is_stmt 0 view .LVU38
 208 0004 4FF0FF30 		mov	r0, #-1
 209              	.LVL14:
 210              		.loc 1 56 1 view .LVU39
 211 0008 7047     		bx	lr
 212              		.cfi_endproc
 213              	.LFE6:
 215              		.section	.text._times_r,"ax",%progbits
 216              		.align	1
 217              		.weak	_times_r
 218              		.syntax unified
 219              		.thumb
 220              		.thumb_func
 222              	_times_r:
 223              	.LVL15:
 224              	.LFB7:
  57:tmk_core/common/chibios/syscall-fallbacks.c **** 
  58:tmk_core/common/chibios/syscall-fallbacks.c **** __attribute__((weak, used)) clock_t _times_r(struct _reent *r, void *t) {
 225              		.loc 1 58 73 is_stmt 1 view -0
 226              		.cfi_startproc
 227              		@ args = 0, pretend = 0, frame = 0
 228              		@ frame_needed = 0, uses_anonymous_args = 0
 229              		@ link register save eliminated.
  59:tmk_core/common/chibios/syscall-fallbacks.c ****     __errno_r(r) = EFAULT;
 230              		.loc 1 59 5 view .LVU41
 231              		.loc 1 59 18 is_stmt 0 view .LVU42
 232 0000 0E23     		movs	r3, #14
 233 0002 0360     		str	r3, [r0]
  60:tmk_core/common/chibios/syscall-fallbacks.c ****     return -1;
 234              		.loc 1 60 5 is_stmt 1 view .LVU43
  61:tmk_core/common/chibios/syscall-fallbacks.c **** }
 235              		.loc 1 61 1 is_stmt 0 view .LVU44
 236 0004 4FF0FF30 		mov	r0, #-1
 237              	.LVL16:
 238              		.loc 1 61 1 view .LVU45
 239 0008 7047     		bx	lr
 240              		.cfi_endproc
 241              	.LFE7:
 243              		.section	.text._fstat_r,"ax",%progbits
 244              		.align	1
 245              		.weak	_fstat_r
 246              		.syntax unified
 247              		.thumb
 248              		.thumb_func
 250              	_fstat_r:
 251              	.LVL17:
 252              	.LFB8:
  62:tmk_core/common/chibios/syscall-fallbacks.c **** 
  63:tmk_core/common/chibios/syscall-fallbacks.c **** __attribute__((weak, used)) int _fstat_r(struct _reent *r, int file, struct stat *st) {
 253              		.loc 1 63 87 is_stmt 1 view -0
 254              		.cfi_startproc
 255              		@ args = 0, pretend = 0, frame = 0
 256              		@ frame_needed = 0, uses_anonymous_args = 0
 257              		@ link register save eliminated.
  64:tmk_core/common/chibios/syscall-fallbacks.c ****     __errno_r(r) = EBADF;
 258              		.loc 1 64 5 view .LVU47
 259              		.loc 1 64 18 is_stmt 0 view .LVU48
 260 0000 0923     		movs	r3, #9
 261 0002 0360     		str	r3, [r0]
  65:tmk_core/common/chibios/syscall-fallbacks.c ****     return -1;
 262              		.loc 1 65 5 is_stmt 1 view .LVU49
  66:tmk_core/common/chibios/syscall-fallbacks.c **** }
 263              		.loc 1 66 1 is_stmt 0 view .LVU50
 264 0004 4FF0FF30 		mov	r0, #-1
 265              	.LVL18:
 266              		.loc 1 66 1 view .LVU51
 267 0008 7047     		bx	lr
 268              		.cfi_endproc
 269              	.LFE8:
 271              		.section	.text._isatty_r,"ax",%progbits
 272              		.align	1
 273              		.weak	_isatty_r
 274              		.syntax unified
 275              		.thumb
 276              		.thumb_func
 278              	_isatty_r:
 279              	.LVL19:
 280              	.LFB9:
  67:tmk_core/common/chibios/syscall-fallbacks.c **** 
  68:tmk_core/common/chibios/syscall-fallbacks.c **** __attribute__((weak, used)) int _isatty_r(struct _reent *r, int fd) {
 281              		.loc 1 68 69 is_stmt 1 view -0
 282              		.cfi_startproc
 283              		@ args = 0, pretend = 0, frame = 0
 284              		@ frame_needed = 0, uses_anonymous_args = 0
 285              		@ link register save eliminated.
  69:tmk_core/common/chibios/syscall-fallbacks.c ****     __errno_r(r) = EBADF;
 286              		.loc 1 69 5 view .LVU53
 287              		.loc 1 69 18 is_stmt 0 view .LVU54
 288 0000 0923     		movs	r3, #9
 289 0002 0360     		str	r3, [r0]
  70:tmk_core/common/chibios/syscall-fallbacks.c ****     return 0;
 290              		.loc 1 70 5 is_stmt 1 view .LVU55
  71:tmk_core/common/chibios/syscall-fallbacks.c **** }
 291              		.loc 1 71 1 is_stmt 0 view .LVU56
 292 0004 0020     		movs	r0, #0
 293              	.LVL20:
 294              		.loc 1 71 1 view .LVU57
 295 0006 7047     		bx	lr
 296              		.cfi_endproc
 297              	.LFE9:
 299              		.section	.text._sbrk_r,"ax",%progbits
 300              		.align	1
 301              		.weak	_sbrk_r
 302              		.syntax unified
 303              		.thumb
 304              		.thumb_func
 306              	_sbrk_r:
 307              	.LVL21:
 308              	.LFB10:
  72:tmk_core/common/chibios/syscall-fallbacks.c **** 
  73:tmk_core/common/chibios/syscall-fallbacks.c **** __attribute__((weak, used)) caddr_t _sbrk_r(struct _reent *r, int incr) {
 309              		.loc 1 73 73 is_stmt 1 view -0
 310              		.cfi_startproc
 311              		@ args = 0, pretend = 0, frame = 0
 312              		@ frame_needed = 0, uses_anonymous_args = 0
 313              		@ link register save eliminated.
  74:tmk_core/common/chibios/syscall-fallbacks.c ****     __errno_r(r) = ENOMEM;
 314              		.loc 1 74 5 view .LVU59
 315              		.loc 1 74 18 is_stmt 0 view .LVU60
 316 0000 0C23     		movs	r3, #12
 317 0002 0360     		str	r3, [r0]
  75:tmk_core/common/chibios/syscall-fallbacks.c ****     return (caddr_t)-1;
 318              		.loc 1 75 5 is_stmt 1 view .LVU61
  76:tmk_core/common/chibios/syscall-fallbacks.c **** }
 319              		.loc 1 76 1 is_stmt 0 view .LVU62
 320 0004 4FF0FF30 		mov	r0, #-1
 321              	.LVL22:
 322              		.loc 1 76 1 view .LVU63
 323 0008 7047     		bx	lr
 324              		.cfi_endproc
 325              	.LFE10:
 327              		.section	.text._kill,"ax",%progbits
 328              		.align	1
 329              		.weak	_kill
 330              		.syntax unified
 331              		.thumb
 332              		.thumb_func
 334              	_kill:
 335              	.LVL23:
 336              	.LFB11:
  77:tmk_core/common/chibios/syscall-fallbacks.c **** 
  78:tmk_core/common/chibios/syscall-fallbacks.c **** __attribute__((weak, used)) int _kill(int pid, int sig) {
 337              		.loc 1 78 57 is_stmt 1 view -0
 338              		.cfi_startproc
 339              		@ args = 0, pretend = 0, frame = 0
 340              		@ frame_needed = 0, uses_anonymous_args = 0
  79:tmk_core/common/chibios/syscall-fallbacks.c ****     errno = EPERM;
 341              		.loc 1 79 5 view .LVU65
  78:tmk_core/common/chibios/syscall-fallbacks.c ****     errno = EPERM;
 342              		.loc 1 78 57 is_stmt 0 view .LVU66
 343 0000 08B5     		push	{r3, lr}
 344              		.cfi_def_cfa_offset 8
 345              		.cfi_offset 3, -8
 346              		.cfi_offset 14, -4
 347              		.loc 1 79 5 view .LVU67
 348 0002 FFF7FEFF 		bl	__errno
 349              	.LVL24:
 350              		.loc 1 79 11 view .LVU68
 351 0006 0123     		movs	r3, #1
 352 0008 0360     		str	r3, [r0]
  80:tmk_core/common/chibios/syscall-fallbacks.c ****     return -1;
 353              		.loc 1 80 5 is_stmt 1 view .LVU69
  81:tmk_core/common/chibios/syscall-fallbacks.c **** }
 354              		.loc 1 81 1 is_stmt 0 view .LVU70
 355 000a 4FF0FF30 		mov	r0, #-1
 356 000e 08BD     		pop	{r3, pc}
 357              		.cfi_endproc
 358              	.LFE11:
 360              		.section	.text._getpid,"ax",%progbits
 361              		.align	1
 362              		.weak	_getpid
 363              		.syntax unified
 364              		.thumb
 365              		.thumb_func
 367              	_getpid:
 368              	.LFB12:
  82:tmk_core/common/chibios/syscall-fallbacks.c **** 
  83:tmk_core/common/chibios/syscall-fallbacks.c **** __attribute__((weak, used)) pid_t _getpid(void) { return 1; }
 369              		.loc 1 83 49 is_stmt 1 view -0
 370              		.cfi_startproc
 371              		@ args = 0, pretend = 0, frame = 0
 372              		@ frame_needed = 0, uses_anonymous_args = 0
 373              		@ link register save eliminated.
 374              		.loc 1 83 51 view .LVU72
 375              		.loc 1 83 61 is_stmt 0 view .LVU73
 376 0000 0120     		movs	r0, #1
 377 0002 7047     		bx	lr
 378              		.cfi_endproc
 379              	.LFE12:
 381              		.section	.text._fini,"ax",%progbits
 382              		.align	1
 383              		.weak	_fini
 384              		.syntax unified
 385              		.thumb
 386              		.thumb_func
 388              	_fini:
 389              	.LFB13:
  84:tmk_core/common/chibios/syscall-fallbacks.c **** 
  85:tmk_core/common/chibios/syscall-fallbacks.c **** __attribute__((weak, used)) void _fini(void) { return; }
 390              		.loc 1 85 46 is_stmt 1 view -0
 391              		.cfi_startproc
 392              		@ args = 0, pretend = 0, frame = 0
 393              		@ frame_needed = 0, uses_anonymous_args = 0
 394              		@ link register save eliminated.
 395              		.loc 1 85 48 view .LVU75
 396              		.loc 1 85 56 is_stmt 0 view .LVU76
 397 0000 7047     		bx	lr
 398              		.cfi_endproc
 399              	.LFE13:
 401              		.section	.text._exit,"ax",%progbits
 402              		.align	1
 403              		.weak	_exit
 404              		.syntax unified
 405              		.thumb
 406              		.thumb_func
 408              	_exit:
 409              	.LFB14:
  86:tmk_core/common/chibios/syscall-fallbacks.c **** 
  87:tmk_core/common/chibios/syscall-fallbacks.c **** __attribute__((weak, used, noreturn)) void _exit(int i) {
 410              		.loc 1 87 57 is_stmt 1 view -0
 411              		.cfi_startproc
 412              		@ Volatile: function does not return.
 413              		@ args = 0, pretend = 0, frame = 0
 414              		@ frame_needed = 0, uses_anonymous_args = 0
 415              		@ link register save eliminated.
 416              	.LVL25:
 417              	.L16:
  88:tmk_core/common/chibios/syscall-fallbacks.c ****     while (1)
 418              		.loc 1 88 5 discriminator 1 view .LVU78
 419              		.loc 1 88 11 discriminator 1 view .LVU79
 420 0000 FEE7     		b	.L16
 421              		.cfi_endproc
 422              	.LFE14:
 424              		.section	.text._gettimeofday_r,"ax",%progbits
 425              		.align	1
 426              		.weak	_gettimeofday_r
 427              		.syntax unified
 428              		.thumb
 429              		.thumb_func
 431              	_gettimeofday_r:
 432              	.LFB20:
 433              		.cfi_startproc
  89:tmk_core/common/chibios/syscall-fallbacks.c ****         ;
  90:tmk_core/common/chibios/syscall-fallbacks.c **** }
  91:tmk_core/common/chibios/syscall-fallbacks.c **** 
  92:tmk_core/common/chibios/syscall-fallbacks.c **** __attribute__((weak, used)) int _gettimeofday_r(struct _reent *r, struct timeval *t, void *tzp) {
 434              		.loc 1 92 33 view -0
 435              		@ args = 0, pretend = 0, frame = 0
 436              		@ frame_needed = 0, uses_anonymous_args = 0
 437              		@ link register save eliminated.
 438 0000 0123     		movs	r3, #1
 439 0002 0360     		str	r3, [r0]
 440 0004 4FF0FF30 		mov	r0, #-1
 441 0008 7047     		bx	lr
 442              		.cfi_endproc
 443              	.LFE20:
 445              		.section	.text.__cxa_pure_virtual,"ax",%progbits
 446              		.align	1
 447              		.weak	__cxa_pure_virtual
 448              		.syntax unified
 449              		.thumb
 450              		.thumb_func
 452              	__cxa_pure_virtual:
 453              	.LFB16:
  93:tmk_core/common/chibios/syscall-fallbacks.c ****     __errno_r(r) = EPERM;
  94:tmk_core/common/chibios/syscall-fallbacks.c ****     return -1;
  95:tmk_core/common/chibios/syscall-fallbacks.c **** }
  96:tmk_core/common/chibios/syscall-fallbacks.c **** 
  97:tmk_core/common/chibios/syscall-fallbacks.c **** __attribute__((weak, used)) void *__dso_handle;
  98:tmk_core/common/chibios/syscall-fallbacks.c **** 
  99:tmk_core/common/chibios/syscall-fallbacks.c **** __attribute__((weak, used)) void __cxa_pure_virtual(void) {
 454              		.loc 1 99 59 view -0
 455              		.cfi_startproc
 456              		@ args = 0, pretend = 0, frame = 0
 457              		@ frame_needed = 0, uses_anonymous_args = 0
 458              		@ link register save eliminated.
 459              	.L19:
 100:tmk_core/common/chibios/syscall-fallbacks.c ****     while (1)
 460              		.loc 1 100 5 discriminator 1 view .LVU82
 461              		.loc 1 100 11 discriminator 1 view .LVU83
 462 0000 FEE7     		b	.L19
 463              		.cfi_endproc
 464              	.LFE16:
 466              		.weak	__dso_handle
 467              		.section	.bss.__dso_handle,"aw",%nobits
 468              		.align	2
 471              	__dso_handle:
 472 0000 00000000 		.space	4
 473              		.text
 474              	.Letext0:
 475              		.file 2 "/usr/lib/gcc/arm-none-eabi/12.2.0/include/stddef.h"
 476              		.file 3 "/usr/arm-none-eabi/include/machine/_default_types.h"
 477              		.file 4 "/usr/arm-none-eabi/include/sys/_types.h"
 478              		.file 5 "/usr/arm-none-eabi/include/sys/reent.h"
 479              		.file 6 "/usr/arm-none-eabi/include/sys/lock.h"
 480              		.file 7 "/usr/arm-none-eabi/include/sys/_timeval.h"
 481              		.file 8 "/usr/arm-none-eabi/include/sys/_timespec.h"
 482              		.file 9 "/usr/arm-none-eabi/include/sys/types.h"
 483              		.file 10 "/usr/arm-none-eabi/include/sys/stat.h"
 484              		.file 11 "/usr/arm-none-eabi/include/sys/errno.h"
DEFINED SYMBOLS
                            *ABS*:0000000000000000 syscall-fallbacks.c
     /tmp/cctQ6QTm.s:21     .text._open_r:0000000000000000 $t
     /tmp/cctQ6QTm.s:27     .text._open_r:0000000000000000 _open_r
     /tmp/cctQ6QTm.s:51     .text._lseek_r:0000000000000000 $t
     /tmp/cctQ6QTm.s:57     .text._lseek_r:0000000000000000 _lseek_r
     /tmp/cctQ6QTm.s:81     .text._read_r:0000000000000000 $t
     /tmp/cctQ6QTm.s:87     .text._read_r:0000000000000000 _read_r
     /tmp/cctQ6QTm.s:111    .text._write_r:0000000000000000 $t
     /tmp/cctQ6QTm.s:117    .text._write_r:0000000000000000 _write_r
     /tmp/cctQ6QTm.s:132    .text._close_r:0000000000000000 $t
     /tmp/cctQ6QTm.s:138    .text._close_r:0000000000000000 _close_r
     /tmp/cctQ6QTm.s:160    .text._link_r:0000000000000000 $t
     /tmp/cctQ6QTm.s:166    .text._link_r:0000000000000000 _link_r
     /tmp/cctQ6QTm.s:188    .text._unlink_r:0000000000000000 $t
     /tmp/cctQ6QTm.s:194    .text._unlink_r:0000000000000000 _unlink_r
     /tmp/cctQ6QTm.s:216    .text._times_r:0000000000000000 $t
     /tmp/cctQ6QTm.s:222    .text._times_r:0000000000000000 _times_r
     /tmp/cctQ6QTm.s:244    .text._fstat_r:0000000000000000 $t
     /tmp/cctQ6QTm.s:250    .text._fstat_r:0000000000000000 _fstat_r
     /tmp/cctQ6QTm.s:272    .text._isatty_r:0000000000000000 $t
     /tmp/cctQ6QTm.s:278    .text._isatty_r:0000000000000000 _isatty_r
     /tmp/cctQ6QTm.s:300    .text._sbrk_r:0000000000000000 $t
     /tmp/cctQ6QTm.s:306    .text._sbrk_r:0000000000000000 _sbrk_r
     /tmp/cctQ6QTm.s:328    .text._kill:0000000000000000 $t
     /tmp/cctQ6QTm.s:334    .text._kill:0000000000000000 _kill
     /tmp/cctQ6QTm.s:361    .text._getpid:0000000000000000 $t
     /tmp/cctQ6QTm.s:367    .text._getpid:0000000000000000 _getpid
     /tmp/cctQ6QTm.s:382    .text._fini:0000000000000000 $t
     /tmp/cctQ6QTm.s:388    .text._fini:0000000000000000 _fini
     /tmp/cctQ6QTm.s:402    .text._exit:0000000000000000 $t
     /tmp/cctQ6QTm.s:408    .text._exit:0000000000000000 _exit
     /tmp/cctQ6QTm.s:425    .text._gettimeofday_r:0000000000000000 $t
     /tmp/cctQ6QTm.s:431    .text._gettimeofday_r:0000000000000000 _gettimeofday_r
     /tmp/cctQ6QTm.s:446    .text.__cxa_pure_virtual:0000000000000000 $t
     /tmp/cctQ6QTm.s:452    .text.__cxa_pure_virtual:0000000000000000 __cxa_pure_virtual
     /tmp/cctQ6QTm.s:471    .bss.__dso_handle:0000000000000000 __dso_handle
     /tmp/cctQ6QTm.s:468    .bss.__dso_handle:0000000000000000 $d

UNDEFINED SYMBOLS
__errno
