   1              		.cpu cortex-m4
   2              		.eabi_attribute 27, 1
   3              		.eabi_attribute 28, 1
   4              		.eabi_attribute 20, 1
   5              		.eabi_attribute 21, 1
   6              		.eabi_attribute 23, 3
   7              		.eabi_attribute 24, 1
   8              		.eabi_attribute 25, 1
   9              		.eabi_attribute 26, 1
  10              		.eabi_attribute 30, 4
  11              		.eabi_attribute 34, 1
  12              		.eabi_attribute 18, 2
  13              		.file	"debug.c"
  14              		.text
  15              	.Ltext0:
  16              		.cfi_sections	.debug_frame
  17              		.global	debug_config
  18              		.section	.bss.debug_config,"aw",%nobits
  21              	debug_config:
  22 0000 00       		.space	1
  23              		.text
  24              	.Letext0:
  25              		.file 1 "/usr/arm-none-eabi/include/machine/_default_types.h"
  26              		.file 2 "/usr/arm-none-eabi/include/sys/_stdint.h"
  27              		.file 3 "quantum/logging/debug.h"
  28              		.file 4 "quantum/logging/debug.c"
DEFINED SYMBOLS
                            *ABS*:0000000000000000 debug.c
     /tmp/cc2PskKR.s:21     .bss.debug_config:0000000000000000 debug_config
     /tmp/cc2PskKR.s:22     .bss.debug_config:0000000000000000 $d

NO UNDEFINED SYMBOLS
