   1               		.file	"sofle.c"
   2               	__SP_H__ = 0x3e
   3               	__SP_L__ = 0x3d
   4               	__SREG__ = 0x3f
   5               	__tmp_reg__ = 0
   6               	__zero_reg__ = 1
   7               		.text
   8               	.Ltext0:
   9               		.cfi_sections	.debug_frame
  10               		.weak	hand_swap_config
  11               		.section	.progmem.data.hand_swap_config,"a"
  14               	hand_swap_config:
  15 0000 00        		.byte	0
  16 0001 05        		.byte	5
  17 0002 01        		.byte	1
  18 0003 05        		.byte	5
  19 0004 02        		.byte	2
  20 0005 05        		.byte	5
  21 0006 03        		.byte	3
  22 0007 05        		.byte	5
  23 0008 04        		.byte	4
  24 0009 05        		.byte	5
  25 000a 05        		.byte	5
  26 000b 05        		.byte	5
  27 000c 00        		.byte	0
  28 000d 06        		.byte	6
  29 000e 01        		.byte	1
  30 000f 06        		.byte	6
  31 0010 02        		.byte	2
  32 0011 06        		.byte	6
  33 0012 03        		.byte	3
  34 0013 06        		.byte	6
  35 0014 04        		.byte	4
  36 0015 06        		.byte	6
  37 0016 05        		.byte	5
  38 0017 06        		.byte	6
  39 0018 00        		.byte	0
  40 0019 07        		.byte	7
  41 001a 01        		.byte	1
  42 001b 07        		.byte	7
  43 001c 02        		.byte	2
  44 001d 07        		.byte	7
  45 001e 03        		.byte	3
  46 001f 07        		.byte	7
  47 0020 04        		.byte	4
  48 0021 07        		.byte	7
  49 0022 05        		.byte	5
  50 0023 07        		.byte	7
  51 0024 00        		.byte	0
  52 0025 08        		.byte	8
  53 0026 01        		.byte	1
  54 0027 08        		.byte	8
  55 0028 02        		.byte	2
  56 0029 08        		.byte	8
  57 002a 03        		.byte	3
  58 002b 08        		.byte	8
  59 002c 04        		.byte	4
  60 002d 08        		.byte	8
  61 002e 05        		.byte	5
  62 002f 08        		.byte	8
  63 0030 00        		.byte	0
  64 0031 09        		.byte	9
  65 0032 01        		.byte	1
  66 0033 09        		.byte	9
  67 0034 02        		.byte	2
  68 0035 09        		.byte	9
  69 0036 03        		.byte	3
  70 0037 09        		.byte	9
  71 0038 04        		.byte	4
  72 0039 09        		.byte	9
  73 003a 05        		.byte	5
  74 003b 09        		.byte	9
  75 003c 00        		.byte	0
  76 003d 00        		.byte	0
  77 003e 01        		.byte	1
  78 003f 00        		.byte	0
  79 0040 02        		.byte	2
  80 0041 00        		.byte	0
  81 0042 03        		.byte	3
  82 0043 00        		.byte	0
  83 0044 04        		.byte	4
  84 0045 00        		.byte	0
  85 0046 05        		.byte	5
  86 0047 00        		.byte	0
  87 0048 00        		.byte	0
  88 0049 01        		.byte	1
  89 004a 01        		.byte	1
  90 004b 01        		.byte	1
  91 004c 02        		.byte	2
  92 004d 01        		.byte	1
  93 004e 03        		.byte	3
  94 004f 01        		.byte	1
  95 0050 04        		.byte	4
  96 0051 01        		.byte	1
  97 0052 05        		.byte	5
  98 0053 01        		.byte	1
  99 0054 00        		.byte	0
 100 0055 02        		.byte	2
 101 0056 01        		.byte	1
 102 0057 02        		.byte	2
 103 0058 02        		.byte	2
 104 0059 02        		.byte	2
 105 005a 03        		.byte	3
 106 005b 02        		.byte	2
 107 005c 04        		.byte	4
 108 005d 02        		.byte	2
 109 005e 05        		.byte	5
 110 005f 02        		.byte	2
 111 0060 00        		.byte	0
 112 0061 03        		.byte	3
 113 0062 01        		.byte	1
 114 0063 03        		.byte	3
 115 0064 02        		.byte	2
 116 0065 03        		.byte	3
 117 0066 03        		.byte	3
 118 0067 03        		.byte	3
 119 0068 04        		.byte	4
 120 0069 03        		.byte	3
 121 006a 05        		.byte	5
 122 006b 03        		.byte	3
 123 006c 00        		.byte	0
 124 006d 04        		.byte	4
 125 006e 01        		.byte	1
 126 006f 04        		.byte	4
 127 0070 02        		.byte	2
 128 0071 04        		.byte	4
 129 0072 03        		.byte	3
 130 0073 04        		.byte	4
 131 0074 04        		.byte	4
 132 0075 04        		.byte	4
 133 0076 05        		.byte	5
 134 0077 04        		.byte	4
 135               		.text
 136               	.Letext0:
 137               		.file 1 "quantum/keyboard.h"
 138               		.file 2 "/usr/avr/include/stdint.h"
 139               		.file 3 "quantum/action.h"
 140               		.file 4 "quantum/sequencer/sequencer.h"
 141               		.file 5 "keyboards/sofle/sofle.c"
DEFINED SYMBOLS
                            *ABS*:0000000000000000 sofle.c
     /tmp/ccpIV9ng.s:2      *ABS*:000000000000003e __SP_H__
     /tmp/ccpIV9ng.s:3      *ABS*:000000000000003d __SP_L__
     /tmp/ccpIV9ng.s:4      *ABS*:000000000000003f __SREG__
     /tmp/ccpIV9ng.s:5      *ABS*:0000000000000000 __tmp_reg__
     /tmp/ccpIV9ng.s:6      *ABS*:0000000000000001 __zero_reg__
     /tmp/ccpIV9ng.s:14     .progmem.data.hand_swap_config:0000000000000000 hand_swap_config

NO UNDEFINED SYMBOLS
