   1              		.cpu cortex-m4
   2              		.eabi_attribute 27, 1
   3              		.eabi_attribute 28, 1
   4              		.eabi_attribute 20, 1
   5              		.eabi_attribute 21, 1
   6              		.eabi_attribute 23, 3
   7              		.eabi_attribute 24, 1
   8              		.eabi_attribute 25, 1
   9              		.eabi_attribute 26, 1
  10              		.eabi_attribute 30, 4
  11              		.eabi_attribute 34, 1
  12              		.eabi_attribute 18, 2
  13              		.file	"platform.c"
  14              		.text
  15              	.Ltext0:
  16              		.cfi_sections	.debug_frame
  17              		.section	.text.platform_setup,"ax",%progbits
  18              		.align	1
  19              		.global	platform_setup
  20              		.arch armv7e-m
  21              		.syntax unified
  22              		.thumb
  23              		.thumb_func
  24              		.fpu fpv4-sp-d16
  26              	platform_setup:
  27              	.LFB328:
  28              		.file 1 "tmk_core/common/chibios/platform.c"
   1:tmk_core/common/chibios/platform.c **** /* Copyright 2021 QMK
   2:tmk_core/common/chibios/platform.c ****  *
   3:tmk_core/common/chibios/platform.c ****  * This program is free software: you can redistribute it and/or modify
   4:tmk_core/common/chibios/platform.c ****  * it under the terms of the GNU General Public License as published by
   5:tmk_core/common/chibios/platform.c ****  * the Free Software Foundation, either version 3 of the License, or
   6:tmk_core/common/chibios/platform.c ****  * (at your option) any later version.
   7:tmk_core/common/chibios/platform.c ****  *
   8:tmk_core/common/chibios/platform.c ****  * This program is distributed in the hope that it will be useful,
   9:tmk_core/common/chibios/platform.c ****  * but WITHOUT ANY WARRANTY; without even the implied warranty of
  10:tmk_core/common/chibios/platform.c ****  * MERCHANTABILITY or FITNESS FOR A PARTICULAR PURPOSE.  See the
  11:tmk_core/common/chibios/platform.c ****  * GNU General Public License for more details.
  12:tmk_core/common/chibios/platform.c ****  *
  13:tmk_core/common/chibios/platform.c ****  * You should have received a copy of the GNU General Public License
  14:tmk_core/common/chibios/platform.c ****  * along with this program.  If not, see <http://www.gnu.org/licenses/>.
  15:tmk_core/common/chibios/platform.c ****  */
  16:tmk_core/common/chibios/platform.c **** 
  17:tmk_core/common/chibios/platform.c **** #include "platform_deps.h"
  18:tmk_core/common/chibios/platform.c **** 
  19:tmk_core/common/chibios/platform.c **** void platform_setup(void) {
  29              		.loc 1 19 27 view -0
  30              		.cfi_startproc
  31              		@ args = 0, pretend = 0, frame = 0
  32              		@ frame_needed = 0, uses_anonymous_args = 0
  20:tmk_core/common/chibios/platform.c ****     halInit();
  33              		.loc 1 20 5 view .LVU1
  19:tmk_core/common/chibios/platform.c ****     halInit();
  34              		.loc 1 19 27 is_stmt 0 view .LVU2
  35 0000 08B5     		push	{r3, lr}
  36              		.cfi_def_cfa_offset 8
  37              		.cfi_offset 3, -8
  38              		.cfi_offset 14, -4
  39              		.loc 1 20 5 view .LVU3
  40 0002 FFF7FEFF 		bl	halInit
  41              	.LVL0:
  21:tmk_core/common/chibios/platform.c ****     chSysInit();
  42              		.loc 1 21 5 is_stmt 1 view .LVU4
  22:tmk_core/common/chibios/platform.c **** }...
  43              		.loc 1 22 1 is_stmt 0 view .LVU5
  44 0006 BDE80840 		pop	{r3, lr}
  45              		.cfi_restore 14
  46              		.cfi_restore 3
  47              		.cfi_def_cfa_offset 0
  21:tmk_core/common/chibios/platform.c ****     chSysInit();
  48              		.loc 1 21 5 view .LVU6
  49 000a FFF7FEBF 		b	chSysInit
  50              	.LVL1:
  51              		.cfi_endproc
  52              	.LFE328:
  54              		.text
  55              	.Letext0:
  56              		.file 2 "./lib/chibios/os/rt/include/chsys.h"
  57              		.file 3 "./lib/chibios/os/hal/include/hal.h"
DEFINED SYMBOLS
                            *ABS*:0000000000000000 platform.c
     /tmp/ccbtp1KV.s:18     .text.platform_setup:0000000000000000 $t
     /tmp/ccbtp1KV.s:26     .text.platform_setup:0000000000000000 platform_setup

UNDEFINED SYMBOLS
halInit
chSysInit
