   1              		.cpu cortex-m4
   2              		.eabi_attribute 27, 1
   3              		.eabi_attribute 28, 1
   4              		.eabi_attribute 20, 1
   5              		.eabi_attribute 21, 1
   6              		.eabi_attribute 23, 3
   7              		.eabi_attribute 24, 1
   8              		.eabi_attribute 25, 1
   9              		.eabi_attribute 26, 1
  10              		.eabi_attribute 30, 4
  11              		.eabi_attribute 34, 1
  12              		.eabi_attribute 18, 2
  13              		.file	"process_audio.c"
  14              		.text
  15              	.Ltext0:
  16              		.cfi_sections	.debug_frame
  17              		.global	__aeabi_f2d
  18              		.global	__aeabi_dmul
  19              		.global	__aeabi_d2f
  20              		.section	.text.compute_freq_for_midi_note,"ax",%progbits
  21              		.align	1
  22              		.global	compute_freq_for_midi_note
  23              		.arch armv7e-m
  24              		.syntax unified
  25              		.thumb
  26              		.thumb_func
  27              		.fpu fpv4-sp-d16
  29              	compute_freq_for_midi_note:
  30              	.LVL0:
  31              	.LFB341:
  32              		.file 1 "quantum/process_keycode/process_audio.c"
   1:quantum/process_keycode/process_audio.c **** #include "audio.h"
   2:quantum/process_keycode/process_audio.c **** #include "process_audio.h"
   3:quantum/process_keycode/process_audio.c **** 
   4:quantum/process_keycode/process_audio.c **** #ifndef VOICE_CHANGE_SONG
   5:quantum/process_keycode/process_audio.c **** #    define VOICE_CHANGE_SONG SONG(VOICE_CHANGE_SOUND)
   6:quantum/process_keycode/process_audio.c **** #endif
   7:quantum/process_keycode/process_audio.c **** float voice_change_song[][2] = VOICE_CHANGE_SONG;
   8:quantum/process_keycode/process_audio.c **** 
   9:quantum/process_keycode/process_audio.c **** #ifndef PITCH_STANDARD_A
  10:quantum/process_keycode/process_audio.c **** #    define PITCH_STANDARD_A 440.0f
  11:quantum/process_keycode/process_audio.c **** #endif
  12:quantum/process_keycode/process_audio.c **** 
  13:quantum/process_keycode/process_audio.c **** float compute_freq_for_midi_note(uint8_t note) {
  33              		.loc 1 13 48 view -0
  34              		.cfi_startproc
  35              		@ args = 0, pretend = 0, frame = 0
  36              		@ frame_needed = 0, uses_anonymous_args = 0
  14:quantum/process_keycode/process_audio.c ****     // https://en.wikipedia.org/wiki/MIDI_tuning_standard
  15:quantum/process_keycode/process_audio.c ****     return pow(2.0, (note - 69) / 12.0) * PITCH_STANDARD_A;
  37              		.loc 1 15 5 view .LVU1
  38              		.loc 1 15 27 is_stmt 0 view .LVU2
  39 0000 4538     		subs	r0, r0, #69
  40              	.LVL1:
  41              		.loc 1 15 33 view .LVU3
  42 0002 07EE900A 		vmov	s15, r0	@ int
  43 0006 F8EEE77A 		vcvt.f32.s32	s15, s15
  44              		.loc 1 15 12 view .LVU4
  45 000a B2EE087A 		vmov.f32	s14, #1.2e+1
  46 000e C7EE877A 		vdiv.f32	s15, s15, s14
  13:quantum/process_keycode/process_audio.c ****     // https://en.wikipedia.org/wiki/MIDI_tuning_standard
  47              		.loc 1 13 48 view .LVU5
  48 0012 08B5     		push	{r3, lr}
  49              		.cfi_def_cfa_offset 8
  50              		.cfi_offset 3, -8
  51              		.cfi_offset 14, -4
  52              		.loc 1 15 12 view .LVU6
  53 0014 17EE900A 		vmov	r0, s15
  54 0018 FFF7FEFF 		bl	__aeabi_f2d
  55              	.LVL2:
  56 001c 9FED080B 		vldr.64	d0, .L2
  57 0020 41EC110B 		vmov	d1, r0, r1
  58 0024 FFF7FEFF 		bl	pow
  59              	.LVL3:
  60              		.loc 1 15 41 view .LVU7
  61 0028 074B     		ldr	r3, .L2+8
  62              		.loc 1 15 12 view .LVU8
  63 002a 51EC100B 		vmov	r0, r1, d0
  64              		.loc 1 15 41 view .LVU9
  65 002e 0022     		movs	r2, #0
  66 0030 FFF7FEFF 		bl	__aeabi_dmul
  67              	.LVL4:
  68 0034 FFF7FEFF 		bl	__aeabi_d2f
  69              	.LVL5:
  16:quantum/process_keycode/process_audio.c **** }
  70              		.loc 1 16 1 view .LVU10
  71 0038 00EE100A 		vmov	s0, r0
  72 003c 08BD     		pop	{r3, pc}
  73              	.L3:
  74 003e 00BF     		.align	3
  75              	.L2:
  76 0040 00000000 		.word	0
  77 0044 00000040 		.word	1073741824
  78 0048 00807B40 		.word	1081835520
  79              		.cfi_endproc
  80              	.LFE341:
  82              		.section	.text.process_audio,"ax",%progbits
  83              		.align	1
  84              		.global	process_audio
  85              		.syntax unified
  86              		.thumb
  87              		.thumb_func
  88              		.fpu fpv4-sp-d16
  90              	process_audio:
  91              	.LVL6:
  92              	.LFB342:
  17:quantum/process_keycode/process_audio.c **** 
  18:quantum/process_keycode/process_audio.c **** bool process_audio(uint16_t keycode, keyrecord_t *record) {
  93              		.loc 1 18 59 is_stmt 1 view -0
  94              		.cfi_startproc
  95              		@ args = 0, pretend = 0, frame = 0
  96              		@ frame_needed = 0, uses_anonymous_args = 0
  19:quantum/process_keycode/process_audio.c ****     if (keycode == AU_ON && record->event.pressed) {
  97              		.loc 1 19 5 view .LVU12
  18:quantum/process_keycode/process_audio.c ****     if (keycode == AU_ON && record->event.pressed) {
  98              		.loc 1 18 59 is_stmt 0 view .LVU13
  99 0000 08B5     		push	{r3, lr}
 100              		.cfi_def_cfa_offset 8
 101              		.cfi_offset 3, -8
 102              		.cfi_offset 14, -4
 103              		.loc 1 19 8 view .LVU14
 104 0002 45F61D43 		movw	r3, #23581
 105 0006 9842     		cmp	r0, r3
 106 0008 05D1     		bne	.L5
 107              		.loc 1 19 26 discriminator 1 view .LVU15
 108 000a 8B78     		ldrb	r3, [r1, #2]	@ zero_extendqisi2
 109 000c 73B3     		cbz	r3, .L17
 110              	.LVL7:
 111              	.L10:
  20:quantum/process_keycode/process_audio.c ****         audio_on();
 112              		.loc 1 20 9 is_stmt 1 view .LVU16
 113 000e FFF7FEFF 		bl	audio_on
 114              	.LVL8:
  21:quantum/process_keycode/process_audio.c ****         return false;
 115              		.loc 1 21 9 view .LVU17
 116              	.L18:
  22:quantum/process_keycode/process_audio.c ****     }
  23:quantum/process_keycode/process_audio.c **** 
  24:quantum/process_keycode/process_audio.c ****     if (keycode == AU_OFF && record->event.pressed) {
  25:quantum/process_keycode/process_audio.c ****         audio_off();
  26:quantum/process_keycode/process_audio.c ****         return false;
  27:quantum/process_keycode/process_audio.c ****     }
  28:quantum/process_keycode/process_audio.c **** 
  29:quantum/process_keycode/process_audio.c ****     if (keycode == AU_TOG && record->event.pressed) {
  30:quantum/process_keycode/process_audio.c ****         if (is_audio_on()) {
  31:quantum/process_keycode/process_audio.c ****             audio_off();
  32:quantum/process_keycode/process_audio.c ****         } else {
  33:quantum/process_keycode/process_audio.c ****             audio_on();
  34:quantum/process_keycode/process_audio.c ****         }
  35:quantum/process_keycode/process_audio.c ****         return false;
  36:quantum/process_keycode/process_audio.c ****     }
  37:quantum/process_keycode/process_audio.c **** 
  38:quantum/process_keycode/process_audio.c ****     if (keycode == MUV_IN && record->event.pressed) {
  39:quantum/process_keycode/process_audio.c ****         voice_iterate();
  40:quantum/process_keycode/process_audio.c ****         PLAY_SONG(voice_change_song);
  41:quantum/process_keycode/process_audio.c ****         return false;
  42:quantum/process_keycode/process_audio.c ****     }
  43:quantum/process_keycode/process_audio.c **** 
  44:quantum/process_keycode/process_audio.c ****     if (keycode == MUV_DE && record->event.pressed) {
  45:quantum/process_keycode/process_audio.c ****         voice_deiterate();
  46:quantum/process_keycode/process_audio.c ****         PLAY_SONG(voice_change_song);
  47:quantum/process_keycode/process_audio.c ****         return false;
 117              		.loc 1 47 9 view .LVU18
 118              		.loc 1 47 16 is_stmt 0 view .LVU19
 119 0012 0020     		movs	r0, #0
 120              	.L6:
  48:quantum/process_keycode/process_audio.c ****     }
  49:quantum/process_keycode/process_audio.c **** 
  50:quantum/process_keycode/process_audio.c ****     return true;
  51:quantum/process_keycode/process_audio.c **** }
 121              		.loc 1 51 1 view .LVU20
 122 0014 08BD     		pop	{r3, pc}
 123              	.LVL9:
 124              	.L5:
  24:quantum/process_keycode/process_audio.c ****         audio_off();
 125              		.loc 1 24 5 is_stmt 1 view .LVU21
  24:quantum/process_keycode/process_audio.c ****         audio_off();
 126              		.loc 1 24 8 is_stmt 0 view .LVU22
 127 0016 45F61E43 		movw	r3, #23582
 128 001a 9842     		cmp	r0, r3
 129 001c 04D1     		bne	.L7
  24:quantum/process_keycode/process_audio.c ****         audio_off();
 130              		.loc 1 24 27 discriminator 1 view .LVU23
 131 001e 8B78     		ldrb	r3, [r1, #2]	@ zero_extendqisi2
 132 0020 23B3     		cbz	r3, .L17
 133              	.LVL10:
 134              	.L9:
  25:quantum/process_keycode/process_audio.c ****         return false;
 135              		.loc 1 25 9 is_stmt 1 view .LVU24
 136 0022 FFF7FEFF 		bl	audio_off
 137              	.LVL11:
  26:quantum/process_keycode/process_audio.c ****     }
 138              		.loc 1 26 9 view .LVU25
 139 0026 F4E7     		b	.L18
 140              	.LVL12:
 141              	.L7:
  29:quantum/process_keycode/process_audio.c ****         if (is_audio_on()) {
 142              		.loc 1 29 5 view .LVU26
  29:quantum/process_keycode/process_audio.c ****         if (is_audio_on()) {
 143              		.loc 1 29 8 is_stmt 0 view .LVU27
 144 0028 45F61F43 		movw	r3, #23583
 145 002c 9842     		cmp	r0, r3
 146 002e 06D1     		bne	.L8
  29:quantum/process_keycode/process_audio.c ****         if (is_audio_on()) {
 147              		.loc 1 29 27 discriminator 1 view .LVU28
 148 0030 8B78     		ldrb	r3, [r1, #2]	@ zero_extendqisi2
 149 0032 DBB1     		cbz	r3, .L17
  30:quantum/process_keycode/process_audio.c ****             audio_off();
 150              		.loc 1 30 9 is_stmt 1 view .LVU29
  30:quantum/process_keycode/process_audio.c ****             audio_off();
 151              		.loc 1 30 13 is_stmt 0 view .LVU30
 152 0034 FFF7FEFF 		bl	audio_is_on
 153              	.LVL13:
  30:quantum/process_keycode/process_audio.c ****             audio_off();
 154              		.loc 1 30 12 view .LVU31
 155 0038 0028     		cmp	r0, #0
 156 003a F2D1     		bne	.L9
 157 003c E7E7     		b	.L10
 158              	.LVL14:
 159              	.L8:
  38:quantum/process_keycode/process_audio.c ****         voice_iterate();
 160              		.loc 1 38 5 is_stmt 1 view .LVU32
  38:quantum/process_keycode/process_audio.c ****         voice_iterate();
 161              		.loc 1 38 8 is_stmt 0 view .LVU33
 162 003e 45F62A43 		movw	r3, #23594
 163 0042 9842     		cmp	r0, r3
 164 0044 09D1     		bne	.L11
  38:quantum/process_keycode/process_audio.c ****         voice_iterate();
 165              		.loc 1 38 27 discriminator 1 view .LVU34
 166 0046 8B78     		ldrb	r3, [r1, #2]	@ zero_extendqisi2
 167 0048 83B1     		cbz	r3, .L17
  39:quantum/process_keycode/process_audio.c ****         PLAY_SONG(voice_change_song);
 168              		.loc 1 39 9 is_stmt 1 view .LVU35
 169 004a FFF7FEFF 		bl	voice_iterate
 170              	.LVL15:
  40:quantum/process_keycode/process_audio.c ****         return false;
 171              		.loc 1 40 9 view .LVU36
 172              	.L19:
  46:quantum/process_keycode/process_audio.c ****         return false;
 173              		.loc 1 46 9 view .LVU37
 174 004e 0848     		ldr	r0, .L20
 175 0050 0022     		movs	r2, #0
 176 0052 0421     		movs	r1, #4
 177 0054 FFF7FEFF 		bl	audio_play_melody
 178              	.LVL16:
 179 0058 DBE7     		b	.L18
 180              	.LVL17:
 181              	.L11:
  44:quantum/process_keycode/process_audio.c ****         voice_deiterate();
 182              		.loc 1 44 5 view .LVU38
  44:quantum/process_keycode/process_audio.c ****         voice_deiterate();
 183              		.loc 1 44 8 is_stmt 0 view .LVU39
 184 005a 45F62B43 		movw	r3, #23595
 185 005e 9842     		cmp	r0, r3
 186 0060 04D1     		bne	.L17
  44:quantum/process_keycode/process_audio.c ****         voice_deiterate();
 187              		.loc 1 44 27 discriminator 1 view .LVU40
 188 0062 8B78     		ldrb	r3, [r1, #2]	@ zero_extendqisi2
 189 0064 13B1     		cbz	r3, .L17
  45:quantum/process_keycode/process_audio.c ****         PLAY_SONG(voice_change_song);
 190              		.loc 1 45 9 is_stmt 1 view .LVU41
 191 0066 FFF7FEFF 		bl	voice_deiterate
 192              	.LVL18:
  45:quantum/process_keycode/process_audio.c ****         PLAY_SONG(voice_change_song);
 193              		.loc 1 45 9 is_stmt 0 view .LVU42
 194 006a F0E7     		b	.L19
 195              	.LVL19:
 196              	.L17:
  50:quantum/process_keycode/process_audio.c **** }
 197              		.loc 1 50 12 view .LVU43
 198 006c 0120     		movs	r0, #1
 199              	.LVL20:
  50:quantum/process_keycode/process_audio.c **** }
 200              		.loc 1 50 12 view .LVU44
 201 006e D1E7     		b	.L6
 202              	.L21:
 203              		.align	2
 204              	.L20:
 205 0070 00000000 		.word	.LANCHOR0
 206              		.cfi_endproc
 207              	.LFE342:
 209              		.section	.text.process_audio_noteon,"ax",%progbits
 210              		.align	1
 211              		.global	process_audio_noteon
 212              		.syntax unified
 213              		.thumb
 214              		.thumb_func
 215              		.fpu fpv4-sp-d16
 217              	process_audio_noteon:
 218              	.LVL21:
 219              	.LFB343:
  52:quantum/process_keycode/process_audio.c **** 
  53:quantum/process_keycode/process_audio.c **** void process_audio_noteon(uint8_t note) { play_note(compute_freq_for_midi_note(note), 0xF); }
 220              		.loc 1 53 41 is_stmt 1 view -0
 221              		.cfi_startproc
 222              		@ args = 0, pretend = 0, frame = 0
 223              		@ frame_needed = 0, uses_anonymous_args = 0
 224              		.loc 1 53 43 view .LVU46
 225              		.loc 1 53 41 is_stmt 0 view .LVU47
 226 0000 08B5     		push	{r3, lr}
 227              		.cfi_def_cfa_offset 8
 228              		.cfi_offset 3, -8
 229              		.cfi_offset 14, -4
 230              		.loc 1 53 43 view .LVU48
 231 0002 FFF7FEFF 		bl	compute_freq_for_midi_note
 232              	.LVL22:
 233              		.loc 1 53 93 view .LVU49
 234 0006 BDE80840 		pop	{r3, lr}
 235              		.cfi_restore 14
 236              		.cfi_restore 3
 237              		.cfi_def_cfa_offset 0
 238              		.loc 1 53 43 view .LVU50
 239 000a FFF7FEBF 		b	audio_play_tone
 240              	.LVL23:
 241              		.cfi_endproc
 242              	.LFE343:
 244              		.section	.text.process_audio_noteoff,"ax",%progbits
 245              		.align	1
 246              		.global	process_audio_noteoff
 247              		.syntax unified
 248              		.thumb
 249              		.thumb_func
 250              		.fpu fpv4-sp-d16
 252              	process_audio_noteoff:
 253              	.LVL24:
 254              	.LFB344:
  54:quantum/process_keycode/process_audio.c **** 
  55:quantum/process_keycode/process_audio.c **** void process_audio_noteoff(uint8_t note) { stop_note(compute_freq_for_midi_note(note)); }
 255              		.loc 1 55 42 is_stmt 1 view -0
 256              		.cfi_startproc
 257              		@ args = 0, pretend = 0, frame = 0
 258              		@ frame_needed = 0, uses_anonymous_args = 0
 259              		.loc 1 55 44 view .LVU52
 260              		.loc 1 55 42 is_stmt 0 view .LVU53
 261 0000 08B5     		push	{r3, lr}
 262              		.cfi_def_cfa_offset 8
 263              		.cfi_offset 3, -8
 264              		.cfi_offset 14, -4
 265              		.loc 1 55 44 view .LVU54
 266 0002 FFF7FEFF 		bl	compute_freq_for_midi_note
 267              	.LVL25:
 268              		.loc 1 55 89 view .LVU55
 269 0006 BDE80840 		pop	{r3, lr}
 270              		.cfi_restore 14
 271              		.cfi_restore 3
 272              		.cfi_def_cfa_offset 0
 273              		.loc 1 55 44 view .LVU56
 274 000a FFF7FEBF 		b	audio_stop_tone
 275              	.LVL26:
 276              		.cfi_endproc
 277              	.LFE344:
 279              		.section	.text.process_audio_all_notes_off,"ax",%progbits
 280              		.align	1
 281              		.global	process_audio_all_notes_off
 282              		.syntax unified
 283              		.thumb
 284              		.thumb_func
 285              		.fpu fpv4-sp-d16
 287              	process_audio_all_notes_off:
 288              	.LFB345:
  56:quantum/process_keycode/process_audio.c **** 
  57:quantum/process_keycode/process_audio.c **** void process_audio_all_notes_off(void) { stop_all_notes(); }
 289              		.loc 1 57 40 is_stmt 1 view -0
 290              		.cfi_startproc
 291              		@ args = 0, pretend = 0, frame = 0
 292              		@ frame_needed = 0, uses_anonymous_args = 0
 293              		@ link register save eliminated.
 294              		.loc 1 57 42 view .LVU58
 295 0000 FFF7FEBF 		b	audio_stop_all
 296              	.LVL27:
 297              		.cfi_endproc
 298              	.LFE345:
 300              		.section	.text.audio_on_user,"ax",%progbits
 301              		.align	1
 302              		.weak	audio_on_user
 303              		.syntax unified
 304              		.thumb
 305              		.thumb_func
 306              		.fpu fpv4-sp-d16
 308              	audio_on_user:
 309              	.LFB346:
  58:quantum/process_keycode/process_audio.c **** 
  59:quantum/process_keycode/process_audio.c **** __attribute__((weak)) void audio_on_user() {}
 310              		.loc 1 59 44 view -0
 311              		.cfi_startproc
 312              		@ args = 0, pretend = 0, frame = 0
 313              		@ frame_needed = 0, uses_anonymous_args = 0
 314              		@ link register save eliminated.
 315              		.loc 1 59 45 view .LVU60
 316 0000 7047     		bx	lr
 317              		.cfi_endproc
 318              	.LFE346:
 320              		.global	voice_change_song
 321              		.section	.data.voice_change_song,"aw"
 322              		.align	2
 323              		.set	.LANCHOR0,. + 0
 326              	voice_change_song:
 327 0000 00005C44 		.word	1146880000
 328 0004 00008041 		.word	1098907648
 329 0008 5C978A44 		.word	1149933404
 330 000c 00008041 		.word	1098907648
 331 0010 52D0A444 		.word	1151651922
 332 0014 00008041 		.word	1098907648
 333 0018 0000DC44 		.word	1155268608
 334 001c 00008041 		.word	1098907648
 335              		.text
 336              	.Letext0:
 337              		.file 2 "/usr/arm-none-eabi/include/machine/_default_types.h"
 338              		.file 3 "/usr/arm-none-eabi/include/sys/_stdint.h"
 339              		.file 4 "/usr/lib/gcc/arm-none-eabi/11.2.0/include/stddef.h"
 340              		.file 5 "quantum/keyboard.h"
 341              		.file 6 "quantum/action.h"
 342              		.file 7 "quantum/audio/audio.h"
 343              		.file 8 "quantum/audio/voices.h"
 344              		.file 9 "quantum/sequencer/sequencer.h"
 345              		.file 10 "quantum/quantum_keycodes.h"
 346              		.file 11 "/usr/arm-none-eabi/include/math.h"
DEFINED SYMBOLS
                            *ABS*:0000000000000000 process_audio.c
     /tmp/cc0tXp8b.s:21     .text.compute_freq_for_midi_note:0000000000000000 $t
     /tmp/cc0tXp8b.s:29     .text.compute_freq_for_midi_note:0000000000000000 compute_freq_for_midi_note
     /tmp/cc0tXp8b.s:76     .text.compute_freq_for_midi_note:0000000000000040 $d
     /tmp/cc0tXp8b.s:83     .text.process_audio:0000000000000000 $t
     /tmp/cc0tXp8b.s:90     .text.process_audio:0000000000000000 process_audio
     /tmp/cc0tXp8b.s:205    .text.process_audio:0000000000000070 $d
     /tmp/cc0tXp8b.s:210    .text.process_audio_noteon:0000000000000000 $t
     /tmp/cc0tXp8b.s:217    .text.process_audio_noteon:0000000000000000 process_audio_noteon
     /tmp/cc0tXp8b.s:245    .text.process_audio_noteoff:0000000000000000 $t
     /tmp/cc0tXp8b.s:252    .text.process_audio_noteoff:0000000000000000 process_audio_noteoff
     /tmp/cc0tXp8b.s:280    .text.process_audio_all_notes_off:0000000000000000 $t
     /tmp/cc0tXp8b.s:287    .text.process_audio_all_notes_off:0000000000000000 process_audio_all_notes_off
     /tmp/cc0tXp8b.s:301    .text.audio_on_user:0000000000000000 $t
     /tmp/cc0tXp8b.s:308    .text.audio_on_user:0000000000000000 audio_on_user
     /tmp/cc0tXp8b.s:326    .data.voice_change_song:0000000000000000 voice_change_song
     /tmp/cc0tXp8b.s:322    .data.voice_change_song:0000000000000000 $d

UNDEFINED SYMBOLS
__aeabi_f2d
__aeabi_dmul
__aeabi_d2f
pow
audio_on
audio_off
audio_is_on
voice_iterate
audio_play_melody
voice_deiterate
audio_play_tone
audio_stop_tone
audio_stop_all
