   1               		.file	"action_macro.c"
   2               	__SP_H__ = 0x3e
   3               	__SP_L__ = 0x3d
   4               	__SREG__ = 0x3f
   5               	__tmp_reg__ = 0
   6               	__zero_reg__ = 1
   7               		.text
   8               	.Ltext0:
   9               		.cfi_sections	.debug_frame
  10               	.Letext0:
  11               		.file 1 "quantum/keyboard.h"
  12               		.file 2 "/usr/avr/include/stdint.h"
  13               		.file 3 "quantum/action.h"
  14               		.file 4 "tmk_core/common/report.h"
  15               		.file 5 "quantum/action_util.h"
  16               		.file 6 "quantum/logging/debug.h"
DEFINED SYMBOLS
                            *ABS*:0000000000000000 action_macro.c
     /tmp/cc7kVMJS.s:2      *ABS*:000000000000003e __SP_H__
     /tmp/cc7kVMJS.s:3      *ABS*:000000000000003d __SP_L__
     /tmp/cc7kVMJS.s:4      *ABS*:000000000000003f __SREG__
     /tmp/cc7kVMJS.s:5      *ABS*:0000000000000000 __tmp_reg__
     /tmp/cc7kVMJS.s:6      *ABS*:0000000000000001 __zero_reg__

NO UNDEFINED SYMBOLS
