   1               		.file	"eeconfig.c"
   2               	__SP_H__ = 0x3e
   3               	__SP_L__ = 0x3d
   4               	__SREG__ = 0x3f
   5               	__tmp_reg__ = 0
   6               	__zero_reg__ = 1
   7               		.text
   8               	.Ltext0:
   9               		.cfi_sections	.debug_frame
  10               		.section	.text.eeconfig_enable,"ax",@progbits
  11               	.global	eeconfig_enable
  13               	eeconfig_enable:
  14               	.LFB8:
  15               		.file 1 "quantum/eeconfig.c"
   1:quantum/eeconfig.c **** #include <stdint.h>
   2:quantum/eeconfig.c **** #include <stdbool.h>
   3:quantum/eeconfig.c **** #include "eeprom.h"
   4:quantum/eeconfig.c **** #include "eeconfig.h"
   5:quantum/eeconfig.c **** #include "action_layer.h"
   6:quantum/eeconfig.c **** 
   7:quantum/eeconfig.c **** #ifdef STM32_EEPROM_ENABLE
   8:quantum/eeconfig.c **** #    include <hal.h>
   9:quantum/eeconfig.c **** #    include "eeprom_stm32.h"
  10:quantum/eeconfig.c **** #endif
  11:quantum/eeconfig.c **** 
  12:quantum/eeconfig.c **** #if defined(EEPROM_DRIVER)
  13:quantum/eeconfig.c **** #    include "eeprom_driver.h"
  14:quantum/eeconfig.c **** #endif
  15:quantum/eeconfig.c **** 
  16:quantum/eeconfig.c **** #if defined(HAPTIC_ENABLE)
  17:quantum/eeconfig.c **** #    include "haptic.h"
  18:quantum/eeconfig.c **** #endif
  19:quantum/eeconfig.c **** 
  20:quantum/eeconfig.c **** #if defined(VIA_ENABLE)
  21:quantum/eeconfig.c **** bool via_eeprom_is_valid(void);
  22:quantum/eeconfig.c **** void via_eeprom_set_valid(bool valid);
  23:quantum/eeconfig.c **** void eeconfig_init_via(void);
  24:quantum/eeconfig.c **** #endif
  25:quantum/eeconfig.c **** 
  26:quantum/eeconfig.c **** /** \brief eeconfig enable
  27:quantum/eeconfig.c ****  *
  28:quantum/eeconfig.c ****  * FIXME: needs doc
  29:quantum/eeconfig.c ****  */
  30:quantum/eeconfig.c **** __attribute__((weak)) void eeconfig_init_user(void) {
  31:quantum/eeconfig.c ****     // Reset user EEPROM value to blank, rather than to a set value
  32:quantum/eeconfig.c ****     eeconfig_update_user(0);
  33:quantum/eeconfig.c **** }
  34:quantum/eeconfig.c **** 
  35:quantum/eeconfig.c **** __attribute__((weak)) void eeconfig_init_kb(void) {
  36:quantum/eeconfig.c ****     // Reset Keyboard EEPROM value to blank, rather than to a set value
  37:quantum/eeconfig.c ****     eeconfig_update_kb(0);
  38:quantum/eeconfig.c **** 
  39:quantum/eeconfig.c ****     eeconfig_init_user();
  40:quantum/eeconfig.c **** }
  41:quantum/eeconfig.c **** 
  42:quantum/eeconfig.c **** /*
  43:quantum/eeconfig.c ****  * FIXME: needs doc
  44:quantum/eeconfig.c ****  */
  45:quantum/eeconfig.c **** void eeconfig_init_quantum(void) {
  46:quantum/eeconfig.c **** #ifdef STM32_EEPROM_ENABLE
  47:quantum/eeconfig.c ****     EEPROM_Erase();
  48:quantum/eeconfig.c **** #endif
  49:quantum/eeconfig.c **** #if defined(EEPROM_DRIVER)
  50:quantum/eeconfig.c ****     eeprom_driver_erase();
  51:quantum/eeconfig.c **** #endif
  52:quantum/eeconfig.c ****     eeprom_update_word(EECONFIG_MAGIC, EECONFIG_MAGIC_NUMBER);
  53:quantum/eeconfig.c ****     eeprom_update_byte(EECONFIG_DEBUG, 0);
  54:quantum/eeconfig.c ****     eeprom_update_byte(EECONFIG_DEFAULT_LAYER, 0);
  55:quantum/eeconfig.c ****     default_layer_state = 0;
  56:quantum/eeconfig.c ****     eeprom_update_byte(EECONFIG_KEYMAP_LOWER_BYTE, 0);
  57:quantum/eeconfig.c ****     eeprom_update_byte(EECONFIG_KEYMAP_UPPER_BYTE, 0);
  58:quantum/eeconfig.c ****     eeprom_update_byte(EECONFIG_MOUSEKEY_ACCEL, 0);
  59:quantum/eeconfig.c ****     eeprom_update_byte(EECONFIG_BACKLIGHT, 0);
  60:quantum/eeconfig.c ****     eeprom_update_byte(EECONFIG_AUDIO, 0xFF);  // On by default
  61:quantum/eeconfig.c ****     eeprom_update_dword(EECONFIG_RGBLIGHT, 0);
  62:quantum/eeconfig.c ****     eeprom_update_byte(EECONFIG_STENOMODE, 0);
  63:quantum/eeconfig.c ****     eeprom_update_dword(EECONFIG_HAPTIC, 0);
  64:quantum/eeconfig.c ****     eeprom_update_byte(EECONFIG_VELOCIKEY, 0);
  65:quantum/eeconfig.c ****     eeprom_update_dword(EECONFIG_RGB_MATRIX, 0);
  66:quantum/eeconfig.c ****     eeprom_update_word(EECONFIG_RGB_MATRIX_EXTENDED, 0);
  67:quantum/eeconfig.c **** 
  68:quantum/eeconfig.c ****     // TODO: Remove once ARM has a way to configure EECONFIG_HANDEDNESS
  69:quantum/eeconfig.c ****     //        within the emulated eeprom via dfu-util or another tool
  70:quantum/eeconfig.c **** #if defined INIT_EE_HANDS_LEFT
  71:quantum/eeconfig.c **** #    pragma message "Faking EE_HANDS for left hand"
  72:quantum/eeconfig.c ****     eeprom_update_byte(EECONFIG_HANDEDNESS, 1);
  73:quantum/eeconfig.c **** #elif defined INIT_EE_HANDS_RIGHT
  74:quantum/eeconfig.c **** #    pragma message "Faking EE_HANDS for right hand"
  75:quantum/eeconfig.c ****     eeprom_update_byte(EECONFIG_HANDEDNESS, 0);
  76:quantum/eeconfig.c **** #endif
  77:quantum/eeconfig.c **** 
  78:quantum/eeconfig.c **** #if defined(HAPTIC_ENABLE)
  79:quantum/eeconfig.c ****     haptic_reset();
  80:quantum/eeconfig.c **** #else
  81:quantum/eeconfig.c ****     // this is used in case haptic is disabled, but we still want sane defaults
  82:quantum/eeconfig.c ****     // in the haptic configuration eeprom. All zero will trigger a haptic_reset
  83:quantum/eeconfig.c ****     // when a haptic-enabled firmware is loaded onto the keyboard.
  84:quantum/eeconfig.c ****     eeprom_update_dword(EECONFIG_HAPTIC, 0);
  85:quantum/eeconfig.c **** #endif
  86:quantum/eeconfig.c **** #if defined(VIA_ENABLE)
  87:quantum/eeconfig.c ****     // Invalidate VIA eeprom config, and then reset.
  88:quantum/eeconfig.c ****     // Just in case if power is lost mid init, this makes sure that it pets
  89:quantum/eeconfig.c ****     // properly re-initialized.
  90:quantum/eeconfig.c ****     via_eeprom_set_valid(false);
  91:quantum/eeconfig.c ****     eeconfig_init_via();
  92:quantum/eeconfig.c **** #endif
  93:quantum/eeconfig.c **** 
  94:quantum/eeconfig.c ****     eeconfig_init_kb();
  95:quantum/eeconfig.c **** }
  96:quantum/eeconfig.c **** 
  97:quantum/eeconfig.c **** /** \brief eeconfig initialization
  98:quantum/eeconfig.c ****  *
  99:quantum/eeconfig.c ****  * FIXME: needs doc
 100:quantum/eeconfig.c ****  */
 101:quantum/eeconfig.c **** void eeconfig_init(void) { eeconfig_init_quantum(); }
 102:quantum/eeconfig.c **** 
 103:quantum/eeconfig.c **** /** \brief eeconfig enable
 104:quantum/eeconfig.c ****  *
 105:quantum/eeconfig.c ****  * FIXME: needs doc
 106:quantum/eeconfig.c ****  */
 107:quantum/eeconfig.c **** void eeconfig_enable(void) { eeprom_update_word(EECONFIG_MAGIC, EECONFIG_MAGIC_NUMBER); }
  16               		.loc 1 107 28 view -0
  17               		.cfi_startproc
  18               	/* prologue: function */
  19               	/* frame size = 0 */
  20               	/* stack size = 0 */
  21               	.L__stack_usage = 0
  22               		.loc 1 107 30 view .LVU1
  23 0000 69EE      		ldi r22,lo8(-23)
  24 0002 7EEF      		ldi r23,lo8(-2)
  25 0004 90E0      		ldi r25,0
  26 0006 80E0      		ldi r24,0
  27 0008 0C94 0000 		jmp eeprom_update_word
  28               	.LVL0:
  29               		.cfi_endproc
  30               	.LFE8:
  32               		.section	.text.eeconfig_disable,"ax",@progbits
  33               	.global	eeconfig_disable
  35               	eeconfig_disable:
  36               	.LFB9:
 108:quantum/eeconfig.c **** 
 109:quantum/eeconfig.c **** /** \brief eeconfig disable
 110:quantum/eeconfig.c ****  *
 111:quantum/eeconfig.c ****  * FIXME: needs doc
 112:quantum/eeconfig.c ****  */
 113:quantum/eeconfig.c **** void eeconfig_disable(void) {
  37               		.loc 1 113 29 view -0
  38               		.cfi_startproc
  39               	/* prologue: function */
  40               	/* frame size = 0 */
  41               	/* stack size = 0 */
  42               	.L__stack_usage = 0
 114:quantum/eeconfig.c **** #ifdef STM32_EEPROM_ENABLE
 115:quantum/eeconfig.c ****     EEPROM_Erase();
 116:quantum/eeconfig.c **** #endif
 117:quantum/eeconfig.c **** #if defined(EEPROM_DRIVER)
 118:quantum/eeconfig.c ****     eeprom_driver_erase();
 119:quantum/eeconfig.c **** #endif
 120:quantum/eeconfig.c ****     eeprom_update_word(EECONFIG_MAGIC, EECONFIG_MAGIC_NUMBER_OFF);
  43               		.loc 1 120 5 view .LVU3
  44 0000 6FEF      		ldi r22,lo8(-1)
  45 0002 7FEF      		ldi r23,lo8(-1)
  46 0004 90E0      		ldi r25,0
  47 0006 80E0      		ldi r24,0
  48 0008 0C94 0000 		jmp eeprom_update_word
  49               	.LVL1:
  50               		.cfi_endproc
  51               	.LFE9:
  53               		.section	.text.eeconfig_is_enabled,"ax",@progbits
  54               	.global	eeconfig_is_enabled
  56               	eeconfig_is_enabled:
  57               	.LFB10:
 121:quantum/eeconfig.c **** }
 122:quantum/eeconfig.c **** 
 123:quantum/eeconfig.c **** /** \brief eeconfig is enabled
 124:quantum/eeconfig.c ****  *
 125:quantum/eeconfig.c ****  * FIXME: needs doc
 126:quantum/eeconfig.c ****  */
 127:quantum/eeconfig.c **** bool eeconfig_is_enabled(void) {
  58               		.loc 1 127 32 view -0
  59               		.cfi_startproc
  60               	/* prologue: function */
  61               	/* frame size = 0 */
  62               	/* stack size = 0 */
  63               	.L__stack_usage = 0
 128:quantum/eeconfig.c ****     bool is_eeprom_enabled = (eeprom_read_word(EECONFIG_MAGIC) == EECONFIG_MAGIC_NUMBER);
  64               		.loc 1 128 5 view .LVU5
  65               		.loc 1 128 31 is_stmt 0 view .LVU6
  66 0000 90E0      		ldi r25,0
  67 0002 80E0      		ldi r24,0
  68 0004 0E94 0000 		call eeprom_read_word
  69               	.LVL2:
 129:quantum/eeconfig.c **** #ifdef VIA_ENABLE
 130:quantum/eeconfig.c ****     if (is_eeprom_enabled) {
 131:quantum/eeconfig.c ****         is_eeprom_enabled = via_eeprom_is_valid();
 132:quantum/eeconfig.c ****     }
 133:quantum/eeconfig.c **** #endif
 134:quantum/eeconfig.c ****     return is_eeprom_enabled;
  70               		.loc 1 134 5 is_stmt 1 view .LVU7
 128:quantum/eeconfig.c ****     bool is_eeprom_enabled = (eeprom_read_word(EECONFIG_MAGIC) == EECONFIG_MAGIC_NUMBER);
  71               		.loc 1 128 10 is_stmt 0 view .LVU8
  72 0008 21E0      		ldi r18,lo8(1)
  73 000a 893E      		cpi r24,-23
  74 000c 9E4F      		sbci r25,-2
  75 000e 01F0      		breq .L4
  76 0010 20E0      		ldi r18,0
  77               	.L4:
 135:quantum/eeconfig.c **** }
  78               		.loc 1 135 1 view .LVU9
  79 0012 822F      		mov r24,r18
  80               	.LVL3:
  81               	/* epilogue start */
  82               		.loc 1 135 1 view .LVU10
  83 0014 0895      		ret
  84               		.cfi_endproc
  85               	.LFE10:
  87               		.section	.text.eeconfig_is_disabled,"ax",@progbits
  88               	.global	eeconfig_is_disabled
  90               	eeconfig_is_disabled:
  91               	.LFB11:
 136:quantum/eeconfig.c **** 
 137:quantum/eeconfig.c **** /** \brief eeconfig is disabled
 138:quantum/eeconfig.c ****  *
 139:quantum/eeconfig.c ****  * FIXME: needs doc
 140:quantum/eeconfig.c ****  */
 141:quantum/eeconfig.c **** bool eeconfig_is_disabled(void) {
  92               		.loc 1 141 33 is_stmt 1 view -0
  93               		.cfi_startproc
  94               	/* prologue: function */
  95               	/* frame size = 0 */
  96               	/* stack size = 0 */
  97               	.L__stack_usage = 0
 142:quantum/eeconfig.c ****     bool is_eeprom_disabled = (eeprom_read_word(EECONFIG_MAGIC) == EECONFIG_MAGIC_NUMBER_OFF);
  98               		.loc 1 142 5 view .LVU12
  99               		.loc 1 142 32 is_stmt 0 view .LVU13
 100 0000 90E0      		ldi r25,0
 101 0002 80E0      		ldi r24,0
 102 0004 0E94 0000 		call eeprom_read_word
 103               	.LVL4:
 143:quantum/eeconfig.c **** #ifdef VIA_ENABLE
 144:quantum/eeconfig.c ****     if (!is_eeprom_disabled) {
 145:quantum/eeconfig.c ****         is_eeprom_disabled = !via_eeprom_is_valid();
 146:quantum/eeconfig.c ****     }
 147:quantum/eeconfig.c **** #endif
 148:quantum/eeconfig.c ****     return is_eeprom_disabled;
 104               		.loc 1 148 5 is_stmt 1 view .LVU14
 142:quantum/eeconfig.c ****     bool is_eeprom_disabled = (eeprom_read_word(EECONFIG_MAGIC) == EECONFIG_MAGIC_NUMBER_OFF);
 105               		.loc 1 142 10 is_stmt 0 view .LVU15
 106 0008 21E0      		ldi r18,lo8(1)
 107 000a 0196      		adiw r24,1
 108 000c 01F0      		breq .L9
 109 000e 20E0      		ldi r18,0
 110               	.L9:
 149:quantum/eeconfig.c **** }
 111               		.loc 1 149 1 view .LVU16
 112 0010 822F      		mov r24,r18
 113               	.LVL5:
 114               	/* epilogue start */
 115               		.loc 1 149 1 view .LVU17
 116 0012 0895      		ret
 117               		.cfi_endproc
 118               	.LFE11:
 120               		.section	.text.eeconfig_read_debug,"ax",@progbits
 121               	.global	eeconfig_read_debug
 123               	eeconfig_read_debug:
 124               	.LFB12:
 150:quantum/eeconfig.c **** 
 151:quantum/eeconfig.c **** /** \brief eeconfig read debug
 152:quantum/eeconfig.c ****  *
 153:quantum/eeconfig.c ****  * FIXME: needs doc
 154:quantum/eeconfig.c ****  */
 155:quantum/eeconfig.c **** uint8_t eeconfig_read_debug(void) { return eeprom_read_byte(EECONFIG_DEBUG); }
 125               		.loc 1 155 35 is_stmt 1 view -0
 126               		.cfi_startproc
 127               	/* prologue: function */
 128               	/* frame size = 0 */
 129               	/* stack size = 0 */
 130               	.L__stack_usage = 0
 131               		.loc 1 155 37 view .LVU19
 132               		.loc 1 155 44 is_stmt 0 view .LVU20
 133 0000 82E0      		ldi r24,lo8(2)
 134 0002 90E0      		ldi r25,0
 135 0004 0C94 0000 		jmp eeprom_read_byte
 136               	.LVL6:
 137               		.cfi_endproc
 138               	.LFE12:
 140               		.section	.text.eeconfig_update_debug,"ax",@progbits
 141               	.global	eeconfig_update_debug
 143               	eeconfig_update_debug:
 144               	.LVL7:
 145               	.LFB13:
 156:quantum/eeconfig.c **** /** \brief eeconfig update debug
 157:quantum/eeconfig.c ****  *
 158:quantum/eeconfig.c ****  * FIXME: needs doc
 159:quantum/eeconfig.c ****  */
 160:quantum/eeconfig.c **** void eeconfig_update_debug(uint8_t val) { eeprom_update_byte(EECONFIG_DEBUG, val); }
 146               		.loc 1 160 41 is_stmt 1 view -0
 147               		.cfi_startproc
 148               	/* prologue: function */
 149               	/* frame size = 0 */
 150               	/* stack size = 0 */
 151               	.L__stack_usage = 0
 152               		.loc 1 160 43 view .LVU22
 153 0000 682F      		mov r22,r24
 154 0002 82E0      		ldi r24,lo8(2)
 155 0004 90E0      		ldi r25,0
 156               	.LVL8:
 157               		.loc 1 160 43 is_stmt 0 view .LVU23
 158 0006 0C94 0000 		jmp eeprom_update_byte
 159               	.LVL9:
 160               		.loc 1 160 43 view .LVU24
 161               		.cfi_endproc
 162               	.LFE13:
 164               		.section	.text.eeconfig_read_default_layer,"ax",@progbits
 165               	.global	eeconfig_read_default_layer
 167               	eeconfig_read_default_layer:
 168               	.LFB14:
 161:quantum/eeconfig.c **** 
 162:quantum/eeconfig.c **** /** \brief eeconfig read default layer
 163:quantum/eeconfig.c ****  *
 164:quantum/eeconfig.c ****  * FIXME: needs doc
 165:quantum/eeconfig.c ****  */
 166:quantum/eeconfig.c **** uint8_t eeconfig_read_default_layer(void) { return eeprom_read_byte(EECONFIG_DEFAULT_LAYER); }
 169               		.loc 1 166 43 is_stmt 1 view -0
 170               		.cfi_startproc
 171               	/* prologue: function */
 172               	/* frame size = 0 */
 173               	/* stack size = 0 */
 174               	.L__stack_usage = 0
 175               		.loc 1 166 45 view .LVU26
 176               		.loc 1 166 52 is_stmt 0 view .LVU27
 177 0000 83E0      		ldi r24,lo8(3)
 178 0002 90E0      		ldi r25,0
 179 0004 0C94 0000 		jmp eeprom_read_byte
 180               	.LVL10:
 181               		.cfi_endproc
 182               	.LFE14:
 184               		.section	.text.eeconfig_update_default_layer,"ax",@progbits
 185               	.global	eeconfig_update_default_layer
 187               	eeconfig_update_default_layer:
 188               	.LVL11:
 189               	.LFB15:
 167:quantum/eeconfig.c **** /** \brief eeconfig update default layer
 168:quantum/eeconfig.c ****  *
 169:quantum/eeconfig.c ****  * FIXME: needs doc
 170:quantum/eeconfig.c ****  */
 171:quantum/eeconfig.c **** void eeconfig_update_default_layer(uint8_t val) { eeprom_update_byte(EECONFIG_DEFAULT_LAYER, val); 
 190               		.loc 1 171 49 is_stmt 1 view -0
 191               		.cfi_startproc
 192               	/* prologue: function */
 193               	/* frame size = 0 */
 194               	/* stack size = 0 */
 195               	.L__stack_usage = 0
 196               		.loc 1 171 51 view .LVU29
 197 0000 682F      		mov r22,r24
 198 0002 83E0      		ldi r24,lo8(3)
 199 0004 90E0      		ldi r25,0
 200               	.LVL12:
 201               		.loc 1 171 51 is_stmt 0 view .LVU30
 202 0006 0C94 0000 		jmp eeprom_update_byte
 203               	.LVL13:
 204               		.loc 1 171 51 view .LVU31
 205               		.cfi_endproc
 206               	.LFE15:
 208               		.section	.text.eeconfig_read_keymap,"ax",@progbits
 209               	.global	eeconfig_read_keymap
 211               	eeconfig_read_keymap:
 212               	.LFB16:
 172:quantum/eeconfig.c **** 
 173:quantum/eeconfig.c **** /** \brief eeconfig read keymap
 174:quantum/eeconfig.c ****  *
 175:quantum/eeconfig.c ****  * FIXME: needs doc
 176:quantum/eeconfig.c ****  */
 177:quantum/eeconfig.c **** uint16_t eeconfig_read_keymap(void) { return (eeprom_read_byte(EECONFIG_KEYMAP_LOWER_BYTE) | (eepro
 213               		.loc 1 177 37 is_stmt 1 view -0
 214               		.cfi_startproc
 215 0000 CF93      		push r28
 216               	.LCFI0:
 217               		.cfi_def_cfa_offset 3
 218               		.cfi_offset 28, -2
 219               	/* prologue: function */
 220               	/* frame size = 0 */
 221               	/* stack size = 1 */
 222               	.L__stack_usage = 1
 223               		.loc 1 177 39 view .LVU33
 224               		.loc 1 177 47 is_stmt 0 view .LVU34
 225 0002 84E0      		ldi r24,lo8(4)
 226 0004 90E0      		ldi r25,0
 227 0006 0E94 0000 		call eeprom_read_byte
 228               	.LVL14:
 229 000a C82F      		mov r28,r24
 230               		.loc 1 177 95 view .LVU35
 231 000c 82E2      		ldi r24,lo8(34)
 232 000e 90E0      		ldi r25,0
 233 0010 0E94 0000 		call eeprom_read_byte
 234               	.LVL15:
 235               		.loc 1 177 1 view .LVU36
 236 0014 982F      		mov r25,r24
 237 0016 8C2F      		mov r24,r28
 238               	/* epilogue start */
 239 0018 CF91      		pop r28
 240 001a 0895      		ret
 241               		.cfi_endproc
 242               	.LFE16:
 244               		.section	.text.eeconfig_update_keymap,"ax",@progbits
 245               	.global	eeconfig_update_keymap
 247               	eeconfig_update_keymap:
 248               	.LVL16:
 249               	.LFB17:
 178:quantum/eeconfig.c **** /** \brief eeconfig update keymap
 179:quantum/eeconfig.c ****  *
 180:quantum/eeconfig.c ****  * FIXME: needs doc
 181:quantum/eeconfig.c ****  */
 182:quantum/eeconfig.c **** void eeconfig_update_keymap(uint16_t val) {
 250               		.loc 1 182 43 is_stmt 1 view -0
 251               		.cfi_startproc
 252               		.loc 1 182 43 is_stmt 0 view .LVU38
 253 0000 CF93      		push r28
 254               	.LCFI1:
 255               		.cfi_def_cfa_offset 3
 256               		.cfi_offset 28, -2
 257               	/* prologue: function */
 258               	/* frame size = 0 */
 259               	/* stack size = 1 */
 260               	.L__stack_usage = 1
 261 0002 C92F      		mov r28,r25
 183:quantum/eeconfig.c ****     eeprom_update_byte(EECONFIG_KEYMAP_LOWER_BYTE, val & 0xFF);
 262               		.loc 1 183 5 is_stmt 1 view .LVU39
 263 0004 682F      		mov r22,r24
 264 0006 84E0      		ldi r24,lo8(4)
 265 0008 90E0      		ldi r25,0
 266               	.LVL17:
 267               		.loc 1 183 5 is_stmt 0 view .LVU40
 268 000a 0E94 0000 		call eeprom_update_byte
 269               	.LVL18:
 184:quantum/eeconfig.c ****     eeprom_update_byte(EECONFIG_KEYMAP_UPPER_BYTE, (val >> 8) & 0xFF);
 270               		.loc 1 184 5 is_stmt 1 view .LVU41
 271 000e 6C2F      		mov r22,r28
 272 0010 82E2      		ldi r24,lo8(34)
 273 0012 90E0      		ldi r25,0
 274               	/* epilogue start */
 185:quantum/eeconfig.c **** }
 275               		.loc 1 185 1 is_stmt 0 view .LVU42
 276 0014 CF91      		pop r28
 184:quantum/eeconfig.c ****     eeprom_update_byte(EECONFIG_KEYMAP_UPPER_BYTE, (val >> 8) & 0xFF);
 277               		.loc 1 184 5 view .LVU43
 278 0016 0C94 0000 		jmp eeprom_update_byte
 279               	.LVL19:
 280               		.cfi_endproc
 281               	.LFE17:
 283               		.section	.text.eeconfig_read_audio,"ax",@progbits
 284               	.global	eeconfig_read_audio
 286               	eeconfig_read_audio:
 287               	.LFB18:
 186:quantum/eeconfig.c **** 
 187:quantum/eeconfig.c **** /** \brief eeconfig read audio
 188:quantum/eeconfig.c ****  *
 189:quantum/eeconfig.c ****  * FIXME: needs doc
 190:quantum/eeconfig.c ****  */
 191:quantum/eeconfig.c **** uint8_t eeconfig_read_audio(void) { return eeprom_read_byte(EECONFIG_AUDIO); }
 288               		.loc 1 191 35 is_stmt 1 view -0
 289               		.cfi_startproc
 290               	/* prologue: function */
 291               	/* frame size = 0 */
 292               	/* stack size = 0 */
 293               	.L__stack_usage = 0
 294               		.loc 1 191 37 view .LVU45
 295               		.loc 1 191 44 is_stmt 0 view .LVU46
 296 0000 87E0      		ldi r24,lo8(7)
 297 0002 90E0      		ldi r25,0
 298 0004 0C94 0000 		jmp eeprom_read_byte
 299               	.LVL20:
 300               		.cfi_endproc
 301               	.LFE18:
 303               		.section	.text.eeconfig_update_audio,"ax",@progbits
 304               	.global	eeconfig_update_audio
 306               	eeconfig_update_audio:
 307               	.LVL21:
 308               	.LFB19:
 192:quantum/eeconfig.c **** /** \brief eeconfig update audio
 193:quantum/eeconfig.c ****  *
 194:quantum/eeconfig.c ****  * FIXME: needs doc
 195:quantum/eeconfig.c ****  */
 196:quantum/eeconfig.c **** void eeconfig_update_audio(uint8_t val) { eeprom_update_byte(EECONFIG_AUDIO, val); }
 309               		.loc 1 196 41 is_stmt 1 view -0
 310               		.cfi_startproc
 311               	/* prologue: function */
 312               	/* frame size = 0 */
 313               	/* stack size = 0 */
 314               	.L__stack_usage = 0
 315               		.loc 1 196 43 view .LVU48
 316 0000 682F      		mov r22,r24
 317 0002 87E0      		ldi r24,lo8(7)
 318 0004 90E0      		ldi r25,0
 319               	.LVL22:
 320               		.loc 1 196 43 is_stmt 0 view .LVU49
 321 0006 0C94 0000 		jmp eeprom_update_byte
 322               	.LVL23:
 323               		.loc 1 196 43 view .LVU50
 324               		.cfi_endproc
 325               	.LFE19:
 327               		.section	.text.eeconfig_read_kb,"ax",@progbits
 328               	.global	eeconfig_read_kb
 330               	eeconfig_read_kb:
 331               	.LFB20:
 197:quantum/eeconfig.c **** 
 198:quantum/eeconfig.c **** /** \brief eeconfig read kb
 199:quantum/eeconfig.c ****  *
 200:quantum/eeconfig.c ****  * FIXME: needs doc
 201:quantum/eeconfig.c ****  */
 202:quantum/eeconfig.c **** uint32_t eeconfig_read_kb(void) { return eeprom_read_dword(EECONFIG_KEYBOARD); }
 332               		.loc 1 202 33 is_stmt 1 view -0
 333               		.cfi_startproc
 334               	/* prologue: function */
 335               	/* frame size = 0 */
 336               	/* stack size = 0 */
 337               	.L__stack_usage = 0
 338               		.loc 1 202 35 view .LVU52
 339               		.loc 1 202 42 is_stmt 0 view .LVU53
 340 0000 8FE0      		ldi r24,lo8(15)
 341 0002 90E0      		ldi r25,0
 342 0004 0C94 0000 		jmp eeprom_read_dword
 343               	.LVL24:
 344               		.cfi_endproc
 345               	.LFE20:
 347               		.section	.text.eeconfig_update_kb,"ax",@progbits
 348               	.global	eeconfig_update_kb
 350               	eeconfig_update_kb:
 351               	.LVL25:
 352               	.LFB21:
 203:quantum/eeconfig.c **** /** \brief eeconfig update kb
 204:quantum/eeconfig.c ****  *
 205:quantum/eeconfig.c ****  * FIXME: needs doc
 206:quantum/eeconfig.c ****  */
 207:quantum/eeconfig.c **** void eeconfig_update_kb(uint32_t val) { eeprom_update_dword(EECONFIG_KEYBOARD, val); }
 353               		.loc 1 207 39 is_stmt 1 view -0
 354               		.cfi_startproc
 355               	/* prologue: function */
 356               	/* frame size = 0 */
 357               	/* stack size = 0 */
 358               	.L__stack_usage = 0
 359               		.loc 1 207 39 is_stmt 0 view .LVU55
 360 0000 AB01      		movw r20,r22
 361 0002 BC01      		movw r22,r24
 362               	.LVL26:
 363               		.loc 1 207 41 is_stmt 1 view .LVU56
 364 0004 8FE0      		ldi r24,lo8(15)
 365 0006 90E0      		ldi r25,0
 366 0008 0C94 0000 		jmp eeprom_update_dword
 367               	.LVL27:
 368               		.cfi_endproc
 369               	.LFE21:
 371               		.section	.text.eeconfig_read_user,"ax",@progbits
 372               	.global	eeconfig_read_user
 374               	eeconfig_read_user:
 375               	.LFB22:
 208:quantum/eeconfig.c **** 
 209:quantum/eeconfig.c **** /** \brief eeconfig read user
 210:quantum/eeconfig.c ****  *
 211:quantum/eeconfig.c ****  * FIXME: needs doc
 212:quantum/eeconfig.c ****  */
 213:quantum/eeconfig.c **** uint32_t eeconfig_read_user(void) { return eeprom_read_dword(EECONFIG_USER); }
 376               		.loc 1 213 35 view -0
 377               		.cfi_startproc
 378               	/* prologue: function */
 379               	/* frame size = 0 */
 380               	/* stack size = 0 */
 381               	.L__stack_usage = 0
 382               		.loc 1 213 37 view .LVU58
 383               		.loc 1 213 44 is_stmt 0 view .LVU59
 384 0000 83E1      		ldi r24,lo8(19)
 385 0002 90E0      		ldi r25,0
 386 0004 0C94 0000 		jmp eeprom_read_dword
 387               	.LVL28:
 388               		.cfi_endproc
 389               	.LFE22:
 391               		.section	.text.eeconfig_update_user,"ax",@progbits
 392               	.global	eeconfig_update_user
 394               	eeconfig_update_user:
 395               	.LVL29:
 396               	.LFB23:
 214:quantum/eeconfig.c **** /** \brief eeconfig update user
 215:quantum/eeconfig.c ****  *
 216:quantum/eeconfig.c ****  * FIXME: needs doc
 217:quantum/eeconfig.c ****  */
 218:quantum/eeconfig.c **** void eeconfig_update_user(uint32_t val) { eeprom_update_dword(EECONFIG_USER, val); }
 397               		.loc 1 218 41 is_stmt 1 view -0
 398               		.cfi_startproc
 399               	/* prologue: function */
 400               	/* frame size = 0 */
 401               	/* stack size = 0 */
 402               	.L__stack_usage = 0
 403               		.loc 1 218 41 is_stmt 0 view .LVU61
 404 0000 AB01      		movw r20,r22
 405 0002 BC01      		movw r22,r24
 406               	.LVL30:
 407               		.loc 1 218 43 is_stmt 1 view .LVU62
 408 0004 83E1      		ldi r24,lo8(19)
 409 0006 90E0      		ldi r25,0
 410 0008 0C94 0000 		jmp eeprom_update_dword
 411               	.LVL31:
 412               		.cfi_endproc
 413               	.LFE23:
 415               		.section	.text.eeconfig_init_user,"ax",@progbits
 416               		.weak	eeconfig_init_user
 418               	eeconfig_init_user:
 419               	.LFB4:
  30:quantum/eeconfig.c ****     // Reset user EEPROM value to blank, rather than to a set value
 420               		.loc 1 30 53 view -0
 421               		.cfi_startproc
 422               	/* prologue: function */
 423               	/* frame size = 0 */
 424               	/* stack size = 0 */
 425               	.L__stack_usage = 0
  32:quantum/eeconfig.c **** }
 426               		.loc 1 32 5 view .LVU64
 427 0000 60E0      		ldi r22,0
 428 0002 70E0      		ldi r23,0
 429 0004 CB01      		movw r24,r22
 430 0006 0C94 0000 		jmp eeconfig_update_user
 431               	.LVL32:
 432               		.cfi_endproc
 433               	.LFE4:
 435               		.section	.text.eeconfig_init_kb,"ax",@progbits
 436               		.weak	eeconfig_init_kb
 438               	eeconfig_init_kb:
 439               	.LFB5:
  35:quantum/eeconfig.c ****     // Reset Keyboard EEPROM value to blank, rather than to a set value
 440               		.loc 1 35 51 view -0
 441               		.cfi_startproc
 442               	/* prologue: function */
 443               	/* frame size = 0 */
 444               	/* stack size = 0 */
 445               	.L__stack_usage = 0
  37:quantum/eeconfig.c **** 
 446               		.loc 1 37 5 view .LVU66
 447 0000 60E0      		ldi r22,0
 448 0002 70E0      		ldi r23,0
 449 0004 CB01      		movw r24,r22
 450 0006 0E94 0000 		call eeconfig_update_kb
 451               	.LVL33:
  39:quantum/eeconfig.c **** }
 452               		.loc 1 39 5 view .LVU67
 453 000a 0C94 0000 		jmp eeconfig_init_user
 454               	.LVL34:
 455               		.cfi_endproc
 456               	.LFE5:
 458               		.section	.text.eeconfig_init_quantum,"ax",@progbits
 459               	.global	eeconfig_init_quantum
 461               	eeconfig_init_quantum:
 462               	.LFB6:
  45:quantum/eeconfig.c **** #ifdef STM32_EEPROM_ENABLE
 463               		.loc 1 45 34 view -0
 464               		.cfi_startproc
 465               	/* prologue: function */
 466               	/* frame size = 0 */
 467               	/* stack size = 0 */
 468               	.L__stack_usage = 0
  52:quantum/eeconfig.c ****     eeprom_update_byte(EECONFIG_DEBUG, 0);
 469               		.loc 1 52 5 view .LVU69
 470 0000 69EE      		ldi r22,lo8(-23)
 471 0002 7EEF      		ldi r23,lo8(-2)
 472 0004 90E0      		ldi r25,0
 473 0006 80E0      		ldi r24,0
 474 0008 0E94 0000 		call eeprom_update_word
 475               	.LVL35:
  53:quantum/eeconfig.c ****     eeprom_update_byte(EECONFIG_DEFAULT_LAYER, 0);
 476               		.loc 1 53 5 view .LVU70
 477 000c 60E0      		ldi r22,0
 478 000e 82E0      		ldi r24,lo8(2)
 479 0010 90E0      		ldi r25,0
 480 0012 0E94 0000 		call eeprom_update_byte
 481               	.LVL36:
  54:quantum/eeconfig.c ****     default_layer_state = 0;
 482               		.loc 1 54 5 view .LVU71
 483 0016 60E0      		ldi r22,0
 484 0018 83E0      		ldi r24,lo8(3)
 485 001a 90E0      		ldi r25,0
 486 001c 0E94 0000 		call eeprom_update_byte
 487               	.LVL37:
  55:quantum/eeconfig.c ****     eeprom_update_byte(EECONFIG_KEYMAP_LOWER_BYTE, 0);
 488               		.loc 1 55 5 view .LVU72
  55:quantum/eeconfig.c ****     eeprom_update_byte(EECONFIG_KEYMAP_LOWER_BYTE, 0);
 489               		.loc 1 55 25 is_stmt 0 view .LVU73
 490 0020 1092 0000 		sts default_layer_state,__zero_reg__
 491 0024 1092 0000 		sts default_layer_state+1,__zero_reg__
 492 0028 1092 0000 		sts default_layer_state+2,__zero_reg__
 493 002c 1092 0000 		sts default_layer_state+3,__zero_reg__
  56:quantum/eeconfig.c ****     eeprom_update_byte(EECONFIG_KEYMAP_UPPER_BYTE, 0);
 494               		.loc 1 56 5 is_stmt 1 view .LVU74
 495 0030 60E0      		ldi r22,0
 496 0032 84E0      		ldi r24,lo8(4)
 497 0034 90E0      		ldi r25,0
 498 0036 0E94 0000 		call eeprom_update_byte
 499               	.LVL38:
  57:quantum/eeconfig.c ****     eeprom_update_byte(EECONFIG_MOUSEKEY_ACCEL, 0);
 500               		.loc 1 57 5 view .LVU75
 501 003a 60E0      		ldi r22,0
 502 003c 82E2      		ldi r24,lo8(34)
 503 003e 90E0      		ldi r25,0
 504 0040 0E94 0000 		call eeprom_update_byte
 505               	.LVL39:
  58:quantum/eeconfig.c ****     eeprom_update_byte(EECONFIG_BACKLIGHT, 0);
 506               		.loc 1 58 5 view .LVU76
 507 0044 60E0      		ldi r22,0
 508 0046 85E0      		ldi r24,lo8(5)
 509 0048 90E0      		ldi r25,0
 510 004a 0E94 0000 		call eeprom_update_byte
 511               	.LVL40:
  59:quantum/eeconfig.c ****     eeprom_update_byte(EECONFIG_AUDIO, 0xFF);  // On by default
 512               		.loc 1 59 5 view .LVU77
 513 004e 60E0      		ldi r22,0
 514 0050 86E0      		ldi r24,lo8(6)
 515 0052 90E0      		ldi r25,0
 516 0054 0E94 0000 		call eeprom_update_byte
 517               	.LVL41:
  60:quantum/eeconfig.c ****     eeprom_update_dword(EECONFIG_RGBLIGHT, 0);
 518               		.loc 1 60 5 view .LVU78
 519 0058 6FEF      		ldi r22,lo8(-1)
 520 005a 87E0      		ldi r24,lo8(7)
 521 005c 90E0      		ldi r25,0
 522 005e 0E94 0000 		call eeprom_update_byte
 523               	.LVL42:
  61:quantum/eeconfig.c ****     eeprom_update_byte(EECONFIG_STENOMODE, 0);
 524               		.loc 1 61 5 view .LVU79
 525 0062 40E0      		ldi r20,0
 526 0064 50E0      		ldi r21,0
 527 0066 BA01      		movw r22,r20
 528 0068 88E0      		ldi r24,lo8(8)
 529 006a 90E0      		ldi r25,0
 530 006c 0E94 0000 		call eeprom_update_dword
 531               	.LVL43:
  62:quantum/eeconfig.c ****     eeprom_update_dword(EECONFIG_HAPTIC, 0);
 532               		.loc 1 62 5 view .LVU80
 533 0070 60E0      		ldi r22,0
 534 0072 8DE0      		ldi r24,lo8(13)
 535 0074 90E0      		ldi r25,0
 536 0076 0E94 0000 		call eeprom_update_byte
 537               	.LVL44:
  63:quantum/eeconfig.c ****     eeprom_update_byte(EECONFIG_VELOCIKEY, 0);
 538               		.loc 1 63 5 view .LVU81
 539 007a 40E0      		ldi r20,0
 540 007c 50E0      		ldi r21,0
 541 007e BA01      		movw r22,r20
 542 0080 88E1      		ldi r24,lo8(24)
 543 0082 90E0      		ldi r25,0
 544 0084 0E94 0000 		call eeprom_update_dword
 545               	.LVL45:
  64:quantum/eeconfig.c ****     eeprom_update_dword(EECONFIG_RGB_MATRIX, 0);
 546               		.loc 1 64 5 view .LVU82
 547 0088 60E0      		ldi r22,0
 548 008a 87E1      		ldi r24,lo8(23)
 549 008c 90E0      		ldi r25,0
 550 008e 0E94 0000 		call eeprom_update_byte
 551               	.LVL46:
  65:quantum/eeconfig.c ****     eeprom_update_word(EECONFIG_RGB_MATRIX_EXTENDED, 0);
 552               		.loc 1 65 5 view .LVU83
 553 0092 40E0      		ldi r20,0
 554 0094 50E0      		ldi r21,0
 555 0096 BA01      		movw r22,r20
 556 0098 8CE1      		ldi r24,lo8(28)
 557 009a 90E0      		ldi r25,0
 558 009c 0E94 0000 		call eeprom_update_dword
 559               	.LVL47:
  66:quantum/eeconfig.c **** 
 560               		.loc 1 66 5 view .LVU84
 561 00a0 70E0      		ldi r23,0
 562 00a2 60E0      		ldi r22,0
 563 00a4 80E2      		ldi r24,lo8(32)
 564 00a6 90E0      		ldi r25,0
 565 00a8 0E94 0000 		call eeprom_update_word
 566               	.LVL48:
  84:quantum/eeconfig.c **** #endif
 567               		.loc 1 84 5 view .LVU85
 568 00ac 40E0      		ldi r20,0
 569 00ae 50E0      		ldi r21,0
 570 00b0 BA01      		movw r22,r20
 571 00b2 88E1      		ldi r24,lo8(24)
 572 00b4 90E0      		ldi r25,0
 573 00b6 0E94 0000 		call eeprom_update_dword
 574               	.LVL49:
  94:quantum/eeconfig.c **** }
 575               		.loc 1 94 5 view .LVU86
 576 00ba 0C94 0000 		jmp eeconfig_init_kb
 577               	.LVL50:
 578               		.cfi_endproc
 579               	.LFE6:
 581               		.section	.text.eeconfig_init,"ax",@progbits
 582               	.global	eeconfig_init
 584               	eeconfig_init:
 585               	.LFB7:
 101:quantum/eeconfig.c **** 
 586               		.loc 1 101 26 view -0
 587               		.cfi_startproc
 588               	/* prologue: function */
 589               	/* frame size = 0 */
 590               	/* stack size = 0 */
 591               	.L__stack_usage = 0
 101:quantum/eeconfig.c **** 
 592               		.loc 1 101 28 view .LVU88
 593 0000 0C94 0000 		jmp eeconfig_init_quantum
 594               	.LVL51:
 595               		.cfi_endproc
 596               	.LFE7:
 598               		.section	.text.eeconfig_read_haptic,"ax",@progbits
 599               	.global	eeconfig_read_haptic
 601               	eeconfig_read_haptic:
 602               	.LFB24:
 219:quantum/eeconfig.c **** 
 220:quantum/eeconfig.c **** /** \brief eeconfig read haptic
 221:quantum/eeconfig.c ****  *
 222:quantum/eeconfig.c ****  * FIXME: needs doc
 223:quantum/eeconfig.c ****  */
 224:quantum/eeconfig.c **** uint32_t eeconfig_read_haptic(void) { return eeprom_read_dword(EECONFIG_HAPTIC); }
 603               		.loc 1 224 37 view -0
 604               		.cfi_startproc
 605               	/* prologue: function */
 606               	/* frame size = 0 */
 607               	/* stack size = 0 */
 608               	.L__stack_usage = 0
 609               		.loc 1 224 39 view .LVU90
 610               		.loc 1 224 46 is_stmt 0 view .LVU91
 611 0000 88E1      		ldi r24,lo8(24)
 612 0002 90E0      		ldi r25,0
 613 0004 0C94 0000 		jmp eeprom_read_dword
 614               	.LVL52:
 615               		.cfi_endproc
 616               	.LFE24:
 618               		.section	.text.eeconfig_update_haptic,"ax",@progbits
 619               	.global	eeconfig_update_haptic
 621               	eeconfig_update_haptic:
 622               	.LVL53:
 623               	.LFB25:
 225:quantum/eeconfig.c **** /** \brief eeconfig update haptic
 226:quantum/eeconfig.c ****  *
 227:quantum/eeconfig.c ****  * FIXME: needs doc
 228:quantum/eeconfig.c ****  */
 229:quantum/eeconfig.c **** void eeconfig_update_haptic(uint32_t val) { eeprom_update_dword(EECONFIG_HAPTIC, val); }
 624               		.loc 1 229 43 is_stmt 1 view -0
 625               		.cfi_startproc
 626               	/* prologue: function */
 627               	/* frame size = 0 */
 628               	/* stack size = 0 */
 629               	.L__stack_usage = 0
 630               		.loc 1 229 43 is_stmt 0 view .LVU93
 631 0000 AB01      		movw r20,r22
 632 0002 BC01      		movw r22,r24
 633               	.LVL54:
 634               		.loc 1 229 45 is_stmt 1 view .LVU94
 635 0004 88E1      		ldi r24,lo8(24)
 636 0006 90E0      		ldi r25,0
 637 0008 0C94 0000 		jmp eeprom_update_dword
 638               	.LVL55:
 639               		.cfi_endproc
 640               	.LFE25:
 642               		.section	.text.eeconfig_read_handedness,"ax",@progbits
 643               	.global	eeconfig_read_handedness
 645               	eeconfig_read_handedness:
 646               	.LFB26:
 230:quantum/eeconfig.c **** 
 231:quantum/eeconfig.c **** /** \brief eeconfig read split handedness
 232:quantum/eeconfig.c ****  *
 233:quantum/eeconfig.c ****  * FIXME: needs doc
 234:quantum/eeconfig.c ****  */
 235:quantum/eeconfig.c **** bool eeconfig_read_handedness(void) { return !!eeprom_read_byte(EECONFIG_HANDEDNESS); }
 647               		.loc 1 235 37 view -0
 648               		.cfi_startproc
 649               	/* prologue: function */
 650               	/* frame size = 0 */
 651               	/* stack size = 0 */
 652               	.L__stack_usage = 0
 653               		.loc 1 235 39 view .LVU96
 654               		.loc 1 235 48 is_stmt 0 view .LVU97
 655 0000 8EE0      		ldi r24,lo8(14)
 656 0002 90E0      		ldi r25,0
 657 0004 0E94 0000 		call eeprom_read_byte
 658               	.LVL56:
 659               		.loc 1 235 46 view .LVU98
 660 0008 91E0      		ldi r25,lo8(1)
 661 000a 8111      		cpse r24,__zero_reg__
 662 000c 00C0      		rjmp .L32
 663 000e 90E0      		ldi r25,0
 664               	.L32:
 665               		.loc 1 235 1 view .LVU99
 666 0010 892F      		mov r24,r25
 667               	/* epilogue start */
 668 0012 0895      		ret
 669               		.cfi_endproc
 670               	.LFE26:
 672               		.section	.text.eeconfig_update_handedness,"ax",@progbits
 673               	.global	eeconfig_update_handedness
 675               	eeconfig_update_handedness:
 676               	.LVL57:
 677               	.LFB27:
 236:quantum/eeconfig.c **** /** \brief eeconfig update split handedness
 237:quantum/eeconfig.c ****  *
 238:quantum/eeconfig.c ****  * FIXME: needs doc
 239:quantum/eeconfig.c ****  */
 240:quantum/eeconfig.c **** void eeconfig_update_handedness(bool val) { eeprom_update_byte(EECONFIG_HANDEDNESS, !!val); }
 678               		.loc 1 240 43 is_stmt 1 view -0
 679               		.cfi_startproc
 680               	/* prologue: function */
 681               	/* frame size = 0 */
 682               	/* stack size = 0 */
 683               	.L__stack_usage = 0
 684               		.loc 1 240 45 view .LVU101
 685 0000 682F      		mov r22,r24
 686 0002 8EE0      		ldi r24,lo8(14)
 687 0004 90E0      		ldi r25,0
 688               	.LVL58:
 689               		.loc 1 240 45 is_stmt 0 view .LVU102
 690 0006 0C94 0000 		jmp eeprom_update_byte
 691               	.LVL59:
 692               		.loc 1 240 45 view .LVU103
 693               		.cfi_endproc
 694               	.LFE27:
 696               		.text
 697               	.Letext0:
 698               		.file 2 "/usr/avr/include/stdint.h"
 699               		.file 3 "quantum/keyboard.h"
 700               		.file 4 "quantum/action.h"
 701               		.file 5 "quantum/action_layer.h"
 702               		.file 6 "/usr/avr/include/avr/eeprom.h"
DEFINED SYMBOLS
                            *ABS*:0000000000000000 eeconfig.c
     /tmp/ccmUoW3l.s:2      *ABS*:000000000000003e __SP_H__
     /tmp/ccmUoW3l.s:3      *ABS*:000000000000003d __SP_L__
     /tmp/ccmUoW3l.s:4      *ABS*:000000000000003f __SREG__
     /tmp/ccmUoW3l.s:5      *ABS*:0000000000000000 __tmp_reg__
     /tmp/ccmUoW3l.s:6      *ABS*:0000000000000001 __zero_reg__
     /tmp/ccmUoW3l.s:13     .text.eeconfig_enable:0000000000000000 eeconfig_enable
     /tmp/ccmUoW3l.s:35     .text.eeconfig_disable:0000000000000000 eeconfig_disable
     /tmp/ccmUoW3l.s:56     .text.eeconfig_is_enabled:0000000000000000 eeconfig_is_enabled
     /tmp/ccmUoW3l.s:90     .text.eeconfig_is_disabled:0000000000000000 eeconfig_is_disabled
     /tmp/ccmUoW3l.s:123    .text.eeconfig_read_debug:0000000000000000 eeconfig_read_debug
     /tmp/ccmUoW3l.s:143    .text.eeconfig_update_debug:0000000000000000 eeconfig_update_debug
     /tmp/ccmUoW3l.s:167    .text.eeconfig_read_default_layer:0000000000000000 eeconfig_read_default_layer
     /tmp/ccmUoW3l.s:187    .text.eeconfig_update_default_layer:0000000000000000 eeconfig_update_default_layer
     /tmp/ccmUoW3l.s:211    .text.eeconfig_read_keymap:0000000000000000 eeconfig_read_keymap
     /tmp/ccmUoW3l.s:247    .text.eeconfig_update_keymap:0000000000000000 eeconfig_update_keymap
     /tmp/ccmUoW3l.s:286    .text.eeconfig_read_audio:0000000000000000 eeconfig_read_audio
     /tmp/ccmUoW3l.s:306    .text.eeconfig_update_audio:0000000000000000 eeconfig_update_audio
     /tmp/ccmUoW3l.s:330    .text.eeconfig_read_kb:0000000000000000 eeconfig_read_kb
     /tmp/ccmUoW3l.s:350    .text.eeconfig_update_kb:0000000000000000 eeconfig_update_kb
     /tmp/ccmUoW3l.s:374    .text.eeconfig_read_user:0000000000000000 eeconfig_read_user
     /tmp/ccmUoW3l.s:394    .text.eeconfig_update_user:0000000000000000 eeconfig_update_user
     /tmp/ccmUoW3l.s:418    .text.eeconfig_init_user:0000000000000000 eeconfig_init_user
     /tmp/ccmUoW3l.s:438    .text.eeconfig_init_kb:0000000000000000 eeconfig_init_kb
     /tmp/ccmUoW3l.s:461    .text.eeconfig_init_quantum:0000000000000000 eeconfig_init_quantum
     /tmp/ccmUoW3l.s:584    .text.eeconfig_init:0000000000000000 eeconfig_init
     /tmp/ccmUoW3l.s:601    .text.eeconfig_read_haptic:0000000000000000 eeconfig_read_haptic
     /tmp/ccmUoW3l.s:621    .text.eeconfig_update_haptic:0000000000000000 eeconfig_update_haptic
     /tmp/ccmUoW3l.s:645    .text.eeconfig_read_handedness:0000000000000000 eeconfig_read_handedness
     /tmp/ccmUoW3l.s:675    .text.eeconfig_update_handedness:0000000000000000 eeconfig_update_handedness

UNDEFINED SYMBOLS
eeprom_update_word
eeprom_read_word
eeprom_read_byte
eeprom_update_byte
eeprom_read_dword
eeprom_update_dword
default_layer_state
