   1              		.cpu cortex-m4
   2              		.arch armv7e-m
   3              		.fpu fpv4-sp-d16
   4              		.eabi_attribute 27, 1
   5              		.eabi_attribute 28, 1
   6              		.eabi_attribute 20, 1
   7              		.eabi_attribute 21, 1
   8              		.eabi_attribute 23, 3
   9              		.eabi_attribute 24, 1
  10              		.eabi_attribute 25, 1
  11              		.eabi_attribute 26, 1
  12              		.eabi_attribute 30, 4
  13              		.eabi_attribute 34, 1
  14              		.eabi_attribute 18, 2
  15              		.file	"led_tables.c"
  16              		.text
  17              	.Ltext0:
  18              		.cfi_sections	.debug_frame
  19              		.file 1 "quantum/led_tables.c"
  20              		.global	CIE1931_CURVE
  21              		.section	.rodata.CIE1931_CURVE,"a"
  24              	CIE1931_CURVE:
  25 0000 00010101 		.ascii	"\000\001\001\001\001\001\001\001\001\001\002\002\002"
  25      01010101 
  25      01010202 
  25      02
  26 000d 02020202 		.ascii	"\002\002\002\002\002\002\003\003\003\003\003\003\003"
  26      02020303 
  26      03030303 
  26      03
  27 001a 03040404 		.ascii	"\003\004\004\004\004\004\004\004\005\005\005\005\005"
  27      04040404 
  27      05050505 
  27      05
  28 0027 06060606 		.ascii	"\006\006\006\006\006\007\007\007\007\007\010\010\010"
  28      06070707 
  28      07070808 
  28      08
  29 0034 08090909 		.ascii	"\010\011\011\011\011\012\012\012\013\013\013\014\014"
  29      090A0A0A 
  29      0B0B0B0C 
  29      0C
  30 0041 0C0D0D0D 		.ascii	"\014\015\015\015\016\016\016\017\017\017\020\020\021"
  30      0E0E0E0F 
  30      0F0F1010 
  30      11
  31 004e 11111212 		.ascii	"\021\021\022\022\023\023\024\024\025\025\026\026\027"
  31      13131414 
  31      15151616 
  31      17
  32 005b 17181819 		.ascii	"\027\030\030\031\031\032\032\033\033\034\035\035\036"
  32      191A1A1B 
  32      1B1C1D1D 
  32      1E
  33 0068 1E1F2020 		.ascii	"\036\037  !\"\"#$$%&&'())*+,--./01223456789:;<=>?@A"
  33      21222223 
  33      24242526 
  33      26272829 
  33      292A2B2C 
  34 0093 42434445 		.ascii	"BCDEFGHIJLMNOPQSTUVXYZ[]^_abdefhiklmoprsuwxz{}~\200"
  34      46474849 
  34      4A4C4D4E 
  34      4F505153 
  34      54555658 
  35 00c3 82838587 		.ascii	"\202\203\205\207\210\212\214\216\217\221\223\225\226"
  35      888A8C8E 
  35      8F919395 
  35      96
  36 00d0 989A9C9E 		.ascii	"\230\232\234\236\240\242\243\245\247\251\253\255\257"
  36      A0A2A3A5 
  36      A7A9ABAD 
  36      AF
  37 00dd B1B3B5B7 		.ascii	"\261\263\265\267\272\274\276\300\302\304\306\311\313"
  37      BABCBEC0 
  37      C2C4C6C9 
  37      CB
  38 00ea CDCFD1D4 		.ascii	"\315\317\321\324\326\330\333\335\337\342\344\347\351"
  38      D6D8DBDD 
  38      DFE2E4E7 
  38      E9
  39 00f7 EBEEF0F3 		.ascii	"\353\356\360\363\365\370\372\375\377"
  39      F5F8FAFD 
  39      FF
  40              		.text
  41              	.Letext0:
  42              		.file 2 "/usr/arm-none-eabi/include/machine/_default_types.h"
  43              		.file 3 "/usr/arm-none-eabi/include/sys/_stdint.h"
  44              		.file 4 "quantum/led_tables.h"
DEFINED SYMBOLS
                            *ABS*:0000000000000000 led_tables.c
     /tmp/ccKO1pkd.s:24     .rodata.CIE1931_CURVE:0000000000000000 CIE1931_CURVE

NO UNDEFINED SYMBOLS
