   1              		.cpu cortex-m4
   2              		.arch armv7e-m
   3              		.fpu fpv4-sp-d16
   4              		.eabi_attribute 27, 1
   5              		.eabi_attribute 28, 1
   6              		.eabi_attribute 20, 1
   7              		.eabi_attribute 21, 1
   8              		.eabi_attribute 23, 3
   9              		.eabi_attribute 24, 1
  10              		.eabi_attribute 25, 1
  11              		.eabi_attribute 26, 1
  12              		.eabi_attribute 30, 4
  13              		.eabi_attribute 34, 1
  14              		.eabi_attribute 18, 2
  15              		.file	"main.c"
  16              		.text
  17              	.Ltext0:
  18              		.cfi_sections	.debug_frame
  19              		.file 1 "quantum/main.c"
  20              		.section	.text.startup.main,"ax",%progbits
  21              		.align	1
  22              		.weak	main
  23              		.syntax unified
  24              		.thumb
  25              		.thumb_func
  27              	main:
  28              	.LFB3:
   1:quantum/main.c **** /* Copyright 2021 QMK
   2:quantum/main.c ****  *
   3:quantum/main.c ****  * This program is free software: you can redistribute it and/or modify
   4:quantum/main.c ****  * it under the terms of the GNU General Public License as published by
   5:quantum/main.c ****  * the Free Software Foundation, either version 3 of the License, or
   6:quantum/main.c ****  * (at your option) any later version.
   7:quantum/main.c ****  *
   8:quantum/main.c ****  * This program is distributed in the hope that it will be useful,
   9:quantum/main.c ****  * but WITHOUT ANY WARRANTY; without even the implied warranty of
  10:quantum/main.c ****  * MERCHANTABILITY or FITNESS FOR A PARTICULAR PURPOSE.  See the
  11:quantum/main.c ****  * GNU General Public License for more details.
  12:quantum/main.c ****  *
  13:quantum/main.c ****  * You should have received a copy of the GNU General Public License
  14:quantum/main.c ****  * along with this program.  If not, see <http://www.gnu.org/licenses/>.
  15:quantum/main.c ****  */
  16:quantum/main.c **** 
  17:quantum/main.c **** #include "keyboard.h"
  18:quantum/main.c **** 
  19:quantum/main.c **** void platform_setup(void);
  20:quantum/main.c **** 
  21:quantum/main.c **** void protocol_setup(void);
  22:quantum/main.c **** void protocol_init(void);
  23:quantum/main.c **** void protocol_task(void);
  24:quantum/main.c **** 
  25:quantum/main.c **** /** \brief Main
  26:quantum/main.c ****  *
  27:quantum/main.c ****  * FIXME: Needs doc
  28:quantum/main.c ****  */
  29:quantum/main.c **** int main(void) __attribute__((weak));
  30:quantum/main.c **** int main(void) {
  29              		.loc 1 30 16 view -0
  30              		.cfi_startproc
  31              		@ args = 0, pretend = 0, frame = 0
  32              		@ frame_needed = 0, uses_anonymous_args = 0
  31:quantum/main.c ****     platform_setup();
  33              		.loc 1 31 5 view .LVU1
  30:quantum/main.c ****     platform_setup();
  34              		.loc 1 30 16 is_stmt 0 view .LVU2
  35 0000 08B5     		push	{r3, lr}
  36              		.cfi_def_cfa_offset 8
  37              		.cfi_offset 3, -8
  38              		.cfi_offset 14, -4
  39              		.loc 1 31 5 view .LVU3
  40 0002 FFF7FEFF 		bl	platform_setup
  41              	.LVL0:
  32:quantum/main.c ****     protocol_setup();
  42              		.loc 1 32 5 is_stmt 1 view .LVU4
  43 0006 FFF7FEFF 		bl	protocol_setup
  44              	.LVL1:
  33:quantum/main.c **** 
  34:quantum/main.c ****     protocol_init();
  45              		.loc 1 34 5 view .LVU5
  46 000a FFF7FEFF 		bl	protocol_init
  47              	.LVL2:
  48              	.L2:
  35:quantum/main.c **** 
  36:quantum/main.c ****     /* Main loop */
  37:quantum/main.c ****     while (true) {
  49              		.loc 1 37 5 discriminator 1 view .LVU6
  38:quantum/main.c ****         protocol_task();
  50              		.loc 1 38 9 discriminator 1 view .LVU7
  51 000e FFF7FEFF 		bl	protocol_task
  52              	.LVL3:
  39:quantum/main.c ****         housekeeping_task();
  53              		.loc 1 39 9 discriminator 1 view .LVU8
  54 0012 FFF7FEFF 		bl	housekeeping_task
  55              	.LVL4:
  37:quantum/main.c ****         protocol_task();
  56              		.loc 1 37 11 discriminator 1 view .LVU9
  57 0016 FAE7     		b	.L2
  58              		.cfi_endproc
  59              	.LFE3:
  61              		.text
  62              	.Letext0:
  63              		.file 2 "quantum/keyboard.h"
DEFINED SYMBOLS
                            *ABS*:0000000000000000 main.c
     /tmp/ccXvwhNk.s:21     .text.startup.main:0000000000000000 $t
     /tmp/ccXvwhNk.s:27     .text.startup.main:0000000000000000 main

UNDEFINED SYMBOLS
platform_setup
protocol_setup
protocol_init
protocol_task
housekeeping_task
