   1               		.file	"led_tables.c"
   2               	__SP_H__ = 0x3e
   3               	__SP_L__ = 0x3d
   4               	__SREG__ = 0x3f
   5               	__tmp_reg__ = 0
   6               	__zero_reg__ = 1
   7               		.text
   8               	.Ltext0:
   9               		.cfi_sections	.debug_frame
  10               	.global	CIE1931_CURVE
  11               		.section	.progmem.data.CIE1931_CURVE,"a"
  14               	CIE1931_CURVE:
  15 0000 00        		.string	""
  16 0001 0101 0101 		.ascii	"\001\001\001\001\001\001\001\001\001\002\002\002\002\002\002"
  16      0101 0101 
  16      0102 0202 
  16      0202 02
  17 0010 0202 0203 		.ascii	"\002\002\002\003\003\003\003\003\003\003\003\004\004\004\004"
  17      0303 0303 
  17      0303 0304 
  17      0404 04
  18 001f 0404 0405 		.ascii	"\004\004\004\005\005\005\005\005\006\006\006\006\006\007\007"
  18      0505 0505 
  18      0606 0606 
  18      0607 07
  19 002e 0707 0708 		.ascii	"\007\007\007\b\b\b\b\t\t\t\t\n\n\n\013\013\013\f\f\f\r\r\r\016"
  19      0808 0809 
  19      0909 090A 
  19      0A0A 0B0B 
  19      0B0C 0C0C 
  20 0046 0E0E 0F0F 		.ascii	"\016\016\017\017\017\020\020\021\021\021\022\022\023\023\024"
  20      0F10 1011 
  20      1111 1212 
  20      1313 14
  21 0055 1415 1516 		.ascii	"\024\025\025\026\026\027\027\030\030\031\031\032\032\033\033"
  21      1617 1718 
  21      1819 191A 
  21      1A1B 1B
  22 0064 1C1D 1D1E 		.ascii	"\034\035\035\036\036\037  !\"\"#$$%&&'())*+,--./01223456789:"
  22      1E1F 2020 
  22      2122 2223 
  22      2424 2526 
  22      2627 2829 
  23 008c 3B3C 3D3E 		.ascii	";<=>?@ABCDEFGHIJLMNOPQSTUVXYZ[]^_abdefhiklmoprsuwxz{}~\200\202"
  23      3F40 4142 
  23      4344 4546 
  23      4748 494A 
  23      4C4D 4E4F 
  24 00c4 8385 8788 		.ascii	"\203\205\207\210\212\214\216\217\221\223\225\226\230\232\234"
  24      8A8C 8E8F 
  24      9193 9596 
  24      989A 9C
  25 00d3 9EA0 A2A3 		.ascii	"\236\240\242\243\245\247\251\253\255\257\261\263\265\267\272"
  25      A5A7 A9AB 
  25      ADAF B1B3 
  25      B5B7 BA
  26 00e2 BCBE C0C2 		.ascii	"\274\276\300\302\304\306\311\313\315\317\321\324\326\330\333"
  26      C4C6 C9CB 
  26      CDCF D1D4 
  26      D6D8 DB
  27 00f1 DDDF E2E4 		.ascii	"\335\337\342\344\347\351\353\356\360\363\365\370\372\375\377"
  27      E7E9 EBEE 
  27      F0F3 F5F8 
  27      FAFD FF
  28               		.text
  29               	.Letext0:
  30               		.file 1 "/usr/avr/include/stdint.h"
  31               		.file 2 "quantum/led_tables.h"
  32               		.file 3 "quantum/led_tables.c"
DEFINED SYMBOLS
                            *ABS*:0000000000000000 led_tables.c
     /tmp/ccDDSnLJ.s:2      *ABS*:000000000000003e __SP_H__
     /tmp/ccDDSnLJ.s:3      *ABS*:000000000000003d __SP_L__
     /tmp/ccDDSnLJ.s:4      *ABS*:000000000000003f __SREG__
     /tmp/ccDDSnLJ.s:5      *ABS*:0000000000000000 __tmp_reg__
     /tmp/ccDDSnLJ.s:6      *ABS*:0000000000000001 __zero_reg__
     /tmp/ccDDSnLJ.s:14     .progmem.data.CIE1931_CURVE:0000000000000000 CIE1931_CURVE

NO UNDEFINED SYMBOLS
