   1               		.file	"main.c"
   2               	__SP_H__ = 0x3e
   3               	__SP_L__ = 0x3d
   4               	__SREG__ = 0x3f
   5               	__tmp_reg__ = 0
   6               	__zero_reg__ = 1
   7               		.text
   8               	.Ltext0:
   9               		.cfi_sections	.debug_frame
  10               		.section	.text.startup.main,"ax",@progbits
  11               		.weak	main
  13               	main:
  14               	.LFB3:
  15               		.file 1 "quantum/main.c"
   1:quantum/main.c **** /* Copyright 2021 QMK
   2:quantum/main.c ****  *
   3:quantum/main.c ****  * This program is free software: you can redistribute it and/or modify
   4:quantum/main.c ****  * it under the terms of the GNU General Public License as published by
   5:quantum/main.c ****  * the Free Software Foundation, either version 3 of the License, or
   6:quantum/main.c ****  * (at your option) any later version.
   7:quantum/main.c ****  *
   8:quantum/main.c ****  * This program is distributed in the hope that it will be useful,
   9:quantum/main.c ****  * but WITHOUT ANY WARRANTY; without even the implied warranty of
  10:quantum/main.c ****  * MERCHANTABILITY or FITNESS FOR A PARTICULAR PURPOSE.  See the
  11:quantum/main.c ****  * GNU General Public License for more details.
  12:quantum/main.c ****  *
  13:quantum/main.c ****  * You should have received a copy of the GNU General Public License
  14:quantum/main.c ****  * along with this program.  If not, see <http://www.gnu.org/licenses/>.
  15:quantum/main.c ****  */
  16:quantum/main.c **** 
  17:quantum/main.c **** #include "keyboard.h"
  18:quantum/main.c **** 
  19:quantum/main.c **** void platform_setup(void);
  20:quantum/main.c **** 
  21:quantum/main.c **** void protocol_setup(void);
  22:quantum/main.c **** void protocol_init(void);
  23:quantum/main.c **** void protocol_task(void);
  24:quantum/main.c **** 
  25:quantum/main.c **** /** \brief Main
  26:quantum/main.c ****  *
  27:quantum/main.c ****  * FIXME: Needs doc
  28:quantum/main.c ****  */
  29:quantum/main.c **** int main(void) __attribute__((weak));
  30:quantum/main.c **** int main(void) {
  16               		.loc 1 30 16 view -0
  17               		.cfi_startproc
  18               	/* prologue: function */
  19               	/* frame size = 0 */
  20               	/* stack size = 0 */
  21               	.L__stack_usage = 0
  31:quantum/main.c ****     platform_setup();
  22               		.loc 1 31 5 view .LVU1
  23 0000 0E94 0000 		call platform_setup
  24               	.LVL0:
  32:quantum/main.c ****     protocol_setup();
  25               		.loc 1 32 5 view .LVU2
  26 0004 0E94 0000 		call protocol_setup
  27               	.LVL1:
  33:quantum/main.c **** 
  34:quantum/main.c ****     protocol_init();
  28               		.loc 1 34 5 view .LVU3
  29 0008 0E94 0000 		call protocol_init
  30               	.LVL2:
  31               	.L2:
  35:quantum/main.c **** 
  36:quantum/main.c ****     /* Main loop */
  37:quantum/main.c ****     while (true) {
  32               		.loc 1 37 5 discriminator 1 view .LVU4
  38:quantum/main.c ****         protocol_task();
  33               		.loc 1 38 9 discriminator 1 view .LVU5
  34 000c 0E94 0000 		call protocol_task
  35               	.LVL3:
  39:quantum/main.c ****         housekeeping_task();
  36               		.loc 1 39 9 discriminator 1 view .LVU6
  37 0010 0E94 0000 		call housekeeping_task
  38               	.LVL4:
  37:quantum/main.c ****         protocol_task();
  39               		.loc 1 37 11 discriminator 1 view .LVU7
  40 0014 00C0      		rjmp .L2
  41               		.cfi_endproc
  42               	.LFE3:
  44               		.text
  45               	.Letext0:
  46               		.file 2 "quantum/keyboard.h"
DEFINED SYMBOLS
                            *ABS*:0000000000000000 main.c
     /tmp/ccNiJzJo.s:2      *ABS*:000000000000003e __SP_H__
     /tmp/ccNiJzJo.s:3      *ABS*:000000000000003d __SP_L__
     /tmp/ccNiJzJo.s:4      *ABS*:000000000000003f __SREG__
     /tmp/ccNiJzJo.s:5      *ABS*:0000000000000000 __tmp_reg__
     /tmp/ccNiJzJo.s:6      *ABS*:0000000000000001 __zero_reg__
     /tmp/ccNiJzJo.s:13     .text.startup.main:0000000000000000 main

UNDEFINED SYMBOLS
platform_setup
protocol_setup
protocol_init
protocol_task
housekeeping_task
