   1              		.cpu cortex-m4
   2              		.eabi_attribute 27, 1
   3              		.eabi_attribute 28, 1
   4              		.eabi_attribute 20, 1
   5              		.eabi_attribute 21, 1
   6              		.eabi_attribute 23, 3
   7              		.eabi_attribute 24, 1
   8              		.eabi_attribute 25, 1
   9              		.eabi_attribute 26, 1
  10              		.eabi_attribute 30, 4
  11              		.eabi_attribute 34, 1
  12              		.eabi_attribute 18, 2
  13              		.file	"bitwise.c"
  14              		.text
  15              	.Ltext0:
  16              		.cfi_sections	.debug_frame
  17              		.section	.text.bitpop,"ax",%progbits
  18              		.align	1
  19              		.global	bitpop
  20              		.arch armv7e-m
  21              		.syntax unified
  22              		.thumb
  23              		.thumb_func
  24              		.fpu fpv4-sp-d16
  26              	bitpop:
  27              	.LVL0:
  28              	.LFB0:
  29              		.file 1 "quantum/bitwise.c"
   1:quantum/bitwise.c **** /*
   2:quantum/bitwise.c **** Copyright 2011 Jun Wako <wakojun@gmail.com>
   3:quantum/bitwise.c **** 
   4:quantum/bitwise.c **** This program is free software: you can redistribute it and/or modify
   5:quantum/bitwise.c **** it under the terms of the GNU General Public License as published by
   6:quantum/bitwise.c **** the Free Software Foundation, either version 2 of the License, or
   7:quantum/bitwise.c **** (at your option) any later version.
   8:quantum/bitwise.c **** 
   9:quantum/bitwise.c **** This program is distributed in the hope that it will be useful,
  10:quantum/bitwise.c **** but WITHOUT ANY WARRANTY; without even the implied warranty of
  11:quantum/bitwise.c **** MERCHANTABILITY or FITNESS FOR A PARTICULAR PURPOSE.  See the
  12:quantum/bitwise.c **** GNU General Public License for more details.
  13:quantum/bitwise.c **** 
  14:quantum/bitwise.c **** You should have received a copy of the GNU General Public License
  15:quantum/bitwise.c **** along with this program.  If not, see <http://www.gnu.org/licenses/>.
  16:quantum/bitwise.c **** */
  17:quantum/bitwise.c **** 
  18:quantum/bitwise.c **** #include "util.h"
  19:quantum/bitwise.c **** 
  20:quantum/bitwise.c **** // bit population - return number of on-bit
  21:quantum/bitwise.c **** __attribute__((noinline)) uint8_t bitpop(uint8_t bits) {
  30              		.loc 1 21 56 view -0
  31              		.cfi_startproc
  32              		@ args = 0, pretend = 0, frame = 0
  33              		@ frame_needed = 0, uses_anonymous_args = 0
  34              		@ link register save eliminated.
  22:quantum/bitwise.c ****     uint8_t c;
  35              		.loc 1 22 5 view .LVU1
  23:quantum/bitwise.c ****     for (c = 0; bits; c++) bits &= bits - 1;
  36              		.loc 1 23 5 view .LVU2
  21:quantum/bitwise.c ****     uint8_t c;
  37              		.loc 1 21 56 is_stmt 0 view .LVU3
  38 0000 0346     		mov	r3, r0
  39              		.loc 1 23 5 view .LVU4
  40 0002 0022     		movs	r2, #0
  41              	.LVL1:
  42              	.L2:
  43              		.loc 1 23 5 view .LVU5
  44 0004 D0B2     		uxtb	r0, r2
  45              	.LVL2:
  46              		.loc 1 23 17 is_stmt 1 discriminator 1 view .LVU6
  47 0006 0132     		adds	r2, r2, #1
  48 0008 03B9     		cbnz	r3, .L3
  24:quantum/bitwise.c ****     return c;
  49              		.loc 1 24 5 view .LVU7
  25:quantum/bitwise.c ****     /*
  26:quantum/bitwise.c ****         const uint8_t bit_count[] = { 0, 1, 1, 2, 1, 2, 2, 3, 1, 2, 2, 3, 2, 3, 3, 4 };
  27:quantum/bitwise.c ****         return bit_count[bits>>4] + bit_count[bits&0x0F]
  28:quantum/bitwise.c ****     */
  29:quantum/bitwise.c **** }
  50              		.loc 1 29 1 is_stmt 0 view .LVU8
  51 000a 7047     		bx	lr
  52              	.L3:
  23:quantum/bitwise.c ****     return c;
  53              		.loc 1 23 28 is_stmt 1 discriminator 3 view .LVU9
  23:quantum/bitwise.c ****     return c;
  54              		.loc 1 23 41 is_stmt 0 discriminator 3 view .LVU10
  55 000c 591E     		subs	r1, r3, #1
  56 000e 0B40     		ands	r3, r3, r1
  57              	.LVL3:
  23:quantum/bitwise.c ****     return c;
  58              		.loc 1 23 24 is_stmt 1 discriminator 3 view .LVU11
  23:quantum/bitwise.c ****     return c;
  59              		.loc 1 23 24 is_stmt 0 discriminator 3 view .LVU12
  60 0010 F8E7     		b	.L2
  61              		.cfi_endproc
  62              	.LFE0:
  64              		.section	.text.bitpop16,"ax",%progbits
  65              		.align	1
  66              		.global	bitpop16
  67              		.syntax unified
  68              		.thumb
  69              		.thumb_func
  70              		.fpu fpv4-sp-d16
  72              	bitpop16:
  73              	.LVL4:
  74              	.LFB1:
  30:quantum/bitwise.c **** 
  31:quantum/bitwise.c **** uint8_t bitpop16(uint16_t bits) {
  75              		.loc 1 31 33 is_stmt 1 view -0
  76              		.cfi_startproc
  77              		@ args = 0, pretend = 0, frame = 0
  78              		@ frame_needed = 0, uses_anonymous_args = 0
  79              		@ link register save eliminated.
  32:quantum/bitwise.c ****     uint8_t c;
  80              		.loc 1 32 5 view .LVU14
  33:quantum/bitwise.c ****     for (c = 0; bits; c++) bits &= bits - 1;
  81              		.loc 1 33 5 view .LVU15
  31:quantum/bitwise.c ****     uint8_t c;
  82              		.loc 1 31 33 is_stmt 0 view .LVU16
  83 0000 0346     		mov	r3, r0
  84              		.loc 1 33 5 view .LVU17
  85 0002 0022     		movs	r2, #0
  86              	.LVL5:
  87              	.L5:
  88              		.loc 1 33 5 view .LVU18
  89 0004 D0B2     		uxtb	r0, r2
  90              	.LVL6:
  91              		.loc 1 33 17 is_stmt 1 discriminator 1 view .LVU19
  92 0006 0132     		adds	r2, r2, #1
  93 0008 03B9     		cbnz	r3, .L6
  34:quantum/bitwise.c ****     return c;
  94              		.loc 1 34 5 view .LVU20
  35:quantum/bitwise.c **** }
  95              		.loc 1 35 1 is_stmt 0 view .LVU21
  96 000a 7047     		bx	lr
  97              	.L6:
  33:quantum/bitwise.c ****     return c;
  98              		.loc 1 33 28 is_stmt 1 discriminator 3 view .LVU22
  33:quantum/bitwise.c ****     return c;
  99              		.loc 1 33 41 is_stmt 0 discriminator 3 view .LVU23
 100 000c 591E     		subs	r1, r3, #1
 101 000e 0B40     		ands	r3, r3, r1
 102              	.LVL7:
  33:quantum/bitwise.c ****     return c;
 103              		.loc 1 33 24 is_stmt 1 discriminator 3 view .LVU24
  33:quantum/bitwise.c ****     return c;
 104              		.loc 1 33 24 is_stmt 0 discriminator 3 view .LVU25
 105 0010 F8E7     		b	.L5
 106              		.cfi_endproc
 107              	.LFE1:
 109              		.section	.text.bitpop32,"ax",%progbits
 110              		.align	1
 111              		.global	bitpop32
 112              		.syntax unified
 113              		.thumb
 114              		.thumb_func
 115              		.fpu fpv4-sp-d16
 117              	bitpop32:
 118              	.LVL8:
 119              	.LFB2:
  36:quantum/bitwise.c **** 
  37:quantum/bitwise.c **** uint8_t bitpop32(uint32_t bits) {
 120              		.loc 1 37 33 is_stmt 1 view -0
 121              		.cfi_startproc
 122              		@ args = 0, pretend = 0, frame = 0
 123              		@ frame_needed = 0, uses_anonymous_args = 0
 124              		@ link register save eliminated.
  38:quantum/bitwise.c ****     uint8_t c;
 125              		.loc 1 38 5 view .LVU27
  39:quantum/bitwise.c ****     for (c = 0; bits; c++) bits &= bits - 1;
 126              		.loc 1 39 5 view .LVU28
  37:quantum/bitwise.c ****     uint8_t c;
 127              		.loc 1 37 33 is_stmt 0 view .LVU29
 128 0000 0346     		mov	r3, r0
 129              		.loc 1 39 5 view .LVU30
 130 0002 0022     		movs	r2, #0
 131              	.LVL9:
 132              	.L8:
 133              		.loc 1 39 5 view .LVU31
 134 0004 D0B2     		uxtb	r0, r2
 135              	.LVL10:
 136              		.loc 1 39 17 is_stmt 1 discriminator 1 view .LVU32
 137 0006 0132     		adds	r2, r2, #1
 138 0008 03B9     		cbnz	r3, .L9
  40:quantum/bitwise.c ****     return c;
 139              		.loc 1 40 5 view .LVU33
  41:quantum/bitwise.c **** }
 140              		.loc 1 41 1 is_stmt 0 view .LVU34
 141 000a 7047     		bx	lr
 142              	.L9:
  39:quantum/bitwise.c ****     return c;
 143              		.loc 1 39 28 is_stmt 1 discriminator 3 view .LVU35
  39:quantum/bitwise.c ****     return c;
 144              		.loc 1 39 41 is_stmt 0 discriminator 3 view .LVU36
 145 000c 591E     		subs	r1, r3, #1
  39:quantum/bitwise.c ****     return c;
 146              		.loc 1 39 33 discriminator 3 view .LVU37
 147 000e 0B40     		ands	r3, r3, r1
 148              	.LVL11:
  39:quantum/bitwise.c ****     return c;
 149              		.loc 1 39 24 is_stmt 1 discriminator 3 view .LVU38
  39:quantum/bitwise.c ****     return c;
 150              		.loc 1 39 24 is_stmt 0 discriminator 3 view .LVU39
 151 0010 F8E7     		b	.L8
 152              		.cfi_endproc
 153              	.LFE2:
 155              		.section	.text.biton,"ax",%progbits
 156              		.align	1
 157              		.global	biton
 158              		.syntax unified
 159              		.thumb
 160              		.thumb_func
 161              		.fpu fpv4-sp-d16
 163              	biton:
 164              	.LVL12:
 165              	.LFB3:
  42:quantum/bitwise.c **** 
  43:quantum/bitwise.c **** // most significant on-bit - return highest location of on-bit
  44:quantum/bitwise.c **** // NOTE: return 0 when bit0 is on or all bits are off
  45:quantum/bitwise.c **** __attribute__((noinline)) uint8_t biton(uint8_t bits) {
 166              		.loc 1 45 55 is_stmt 1 view -0
 167              		.cfi_startproc
 168              		@ args = 0, pretend = 0, frame = 0
 169              		@ frame_needed = 0, uses_anonymous_args = 0
 170              		@ link register save eliminated.
  46:quantum/bitwise.c ****     uint8_t n = 0;
 171              		.loc 1 46 5 view .LVU41
  47:quantum/bitwise.c ****     if (bits >> 4) {
 172              		.loc 1 47 5 view .LVU42
 173              		.loc 1 47 8 is_stmt 0 view .LVU43
 174 0000 0309     		lsrs	r3, r0, #4
 175 0002 1CBF     		itt	ne
 176 0004 1846     		movne	r0, r3
 177              	.LVL13:
  48:quantum/bitwise.c ****         bits >>= 4;
  49:quantum/bitwise.c ****         n += 4;
 178              		.loc 1 49 11 view .LVU44
 179 0006 0423     		movne	r3, #4
 180              	.LVL14:
  50:quantum/bitwise.c ****     }
  51:quantum/bitwise.c ****     if (bits >> 2) {
 181              		.loc 1 51 5 is_stmt 1 view .LVU45
 182              		.loc 1 51 8 is_stmt 0 view .LVU46
 183 0008 8208     		lsrs	r2, r0, #2
  52:quantum/bitwise.c ****         bits >>= 2;
 184              		.loc 1 52 9 is_stmt 1 view .LVU47
 185              	.LVL15:
  53:quantum/bitwise.c ****         n += 2;
 186              		.loc 1 53 9 view .LVU48
 187              		.loc 1 53 11 is_stmt 0 view .LVU49
 188 000a 1EBF     		ittt	ne
 189 000c 0233     		addne	r3, r3, #2
 190              	.LVL16:
 191              		.loc 1 53 11 view .LVU50
 192 000e 1046     		movne	r0, r2
 193 0010 DBB2     		uxtbne	r3, r3
 194              	.LVL17:
  54:quantum/bitwise.c ****     }
  55:quantum/bitwise.c ****     if (bits >> 1) {
 195              		.loc 1 55 5 is_stmt 1 view .LVU51
 196              		.loc 1 55 8 is_stmt 0 view .LVU52
 197 0012 4008     		lsrs	r0, r0, #1
 198              	.LVL18:
  56:quantum/bitwise.c ****         bits >>= 1;
 199              		.loc 1 56 9 is_stmt 1 view .LVU53
  57:quantum/bitwise.c ****         n += 1;
 200              		.loc 1 57 9 view .LVU54
 201              		.loc 1 57 11 is_stmt 0 view .LVU55
 202 0014 1CBF     		itt	ne
 203 0016 0133     		addne	r3, r3, #1
 204              	.LVL19:
 205              		.loc 1 57 11 view .LVU56
 206 0018 DBB2     		uxtbne	r3, r3
 207              	.LVL20:
  58:quantum/bitwise.c ****     }
  59:quantum/bitwise.c ****     return n;
 208              		.loc 1 59 5 is_stmt 1 view .LVU57
  60:quantum/bitwise.c **** }
 209              		.loc 1 60 1 is_stmt 0 view .LVU58
 210 001a 1846     		mov	r0, r3
 211 001c 7047     		bx	lr
 212              		.cfi_endproc
 213              	.LFE3:
 215              		.section	.text.biton16,"ax",%progbits
 216              		.align	1
 217              		.global	biton16
 218              		.syntax unified
 219              		.thumb
 220              		.thumb_func
 221              		.fpu fpv4-sp-d16
 223              	biton16:
 224              	.LVL21:
 225              	.LFB4:
  61:quantum/bitwise.c **** 
  62:quantum/bitwise.c **** uint8_t biton16(uint16_t bits) {
 226              		.loc 1 62 32 is_stmt 1 view -0
 227              		.cfi_startproc
 228              		@ args = 0, pretend = 0, frame = 0
 229              		@ frame_needed = 0, uses_anonymous_args = 0
 230              		@ link register save eliminated.
  63:quantum/bitwise.c ****     uint8_t n = 0;
 231              		.loc 1 63 5 view .LVU60
  64:quantum/bitwise.c ****     if (bits >> 8) {
 232              		.loc 1 64 5 view .LVU61
 233              		.loc 1 64 9 is_stmt 0 view .LVU62
 234 0000 030A     		lsrs	r3, r0, #8
 235              		.loc 1 64 8 view .LVU63
 236 0002 002B     		cmp	r3, #0
 237 0004 16BF     		itet	ne
 238 0006 1846     		movne	r0, r3
 239              	.LVL22:
 240              		.loc 1 64 8 view .LVU64
 241 0008 0022     		moveq	r2, #0
 242 000a 0822     		movne	r2, #8
 243              	.LVL23:
  65:quantum/bitwise.c ****         bits >>= 8;
  66:quantum/bitwise.c ****         n += 8;
  67:quantum/bitwise.c ****     }
  68:quantum/bitwise.c ****     if (bits >> 4) {
 244              		.loc 1 68 5 is_stmt 1 view .LVU65
 245              		.loc 1 68 8 is_stmt 0 view .LVU66
 246 000c 0309     		lsrs	r3, r0, #4
  69:quantum/bitwise.c ****         bits >>= 4;
 247              		.loc 1 69 9 is_stmt 1 view .LVU67
 248              	.LVL24:
  70:quantum/bitwise.c ****         n += 4;
 249              		.loc 1 70 9 view .LVU68
 250              		.loc 1 70 11 is_stmt 0 view .LVU69
 251 000e 18BF     		it	ne
 252 0010 1846     		movne	r0, r3
  71:quantum/bitwise.c ****     }
  72:quantum/bitwise.c ****     if (bits >> 2) {
 253              		.loc 1 72 9 view .LVU70
 254 0012 C0F38F03 		ubfx	r3, r0, #2, #16
 255              	.LVL25:
  70:quantum/bitwise.c ****         n += 4;
 256              		.loc 1 70 11 view .LVU71
 257 0016 18BF     		it	ne
 258 0018 0432     		addne	r2, r2, #4
 259              	.LVL26:
 260              		.loc 1 72 5 is_stmt 1 view .LVU72
 261              		.loc 1 72 8 is_stmt 0 view .LVU73
 262 001a 13B1     		cbz	r3, .L26
  73:quantum/bitwise.c ****         bits >>= 2;
 263              		.loc 1 73 9 is_stmt 1 view .LVU74
 264              	.LVL27:
  74:quantum/bitwise.c ****         n += 2;
 265              		.loc 1 74 9 view .LVU75
 266              		.loc 1 74 11 is_stmt 0 view .LVU76
 267 001c 0232     		adds	r2, r2, #2
 268              	.LVL28:
 269              		.loc 1 74 11 view .LVU77
 270 001e D2B2     		uxtb	r2, r2
 271              	.LVL29:
 272              		.loc 1 74 11 view .LVU78
 273 0020 1846     		mov	r0, r3
 274              	.LVL30:
 275              	.L26:
  75:quantum/bitwise.c ****     }
  76:quantum/bitwise.c ****     if (bits >> 1) {
 276              		.loc 1 76 5 is_stmt 1 view .LVU79
 277              		.loc 1 76 8 is_stmt 0 view .LVU80
 278 0022 C0F34F00 		ubfx	r0, r0, #1, #16
 279              	.LVL31:
 280              		.loc 1 76 8 view .LVU81
 281 0026 08B1     		cbz	r0, .L27
  77:quantum/bitwise.c ****         bits >>= 1;
 282              		.loc 1 77 9 is_stmt 1 view .LVU82
 283              	.LVL32:
  78:quantum/bitwise.c ****         n += 1;
 284              		.loc 1 78 9 view .LVU83
 285              		.loc 1 78 11 is_stmt 0 view .LVU84
 286 0028 0132     		adds	r2, r2, #1
 287              	.LVL33:
 288              		.loc 1 78 11 view .LVU85
 289 002a D2B2     		uxtb	r2, r2
 290              	.LVL34:
 291              	.L27:
  79:quantum/bitwise.c ****     }
  80:quantum/bitwise.c ****     return n;
 292              		.loc 1 80 5 is_stmt 1 view .LVU86
  81:quantum/bitwise.c **** }
 293              		.loc 1 81 1 is_stmt 0 view .LVU87
 294 002c 1046     		mov	r0, r2
 295 002e 7047     		bx	lr
 296              		.cfi_endproc
 297              	.LFE4:
 299              		.section	.text.biton32,"ax",%progbits
 300              		.align	1
 301              		.global	biton32
 302              		.syntax unified
 303              		.thumb
 304              		.thumb_func
 305              		.fpu fpv4-sp-d16
 307              	biton32:
 308              	.LVL35:
 309              	.LFB5:
  82:quantum/bitwise.c **** 
  83:quantum/bitwise.c **** uint8_t biton32(uint32_t bits) {
 310              		.loc 1 83 32 is_stmt 1 view -0
 311              		.cfi_startproc
 312              		@ args = 0, pretend = 0, frame = 0
 313              		@ frame_needed = 0, uses_anonymous_args = 0
 314              		@ link register save eliminated.
  84:quantum/bitwise.c ****     uint8_t n = 0;
 315              		.loc 1 84 5 view .LVU89
  85:quantum/bitwise.c ****     if (bits >> 16) {
 316              		.loc 1 85 5 view .LVU90
 317              		.loc 1 85 14 is_stmt 0 view .LVU91
 318 0000 030C     		lsrs	r3, r0, #16
 319              		.loc 1 85 8 view .LVU92
 320 0002 002B     		cmp	r3, #0
 321 0004 16BF     		itet	ne
 322 0006 1846     		movne	r0, r3
 323              	.LVL36:
 324              		.loc 1 85 8 view .LVU93
 325 0008 0022     		moveq	r2, #0
 326 000a 1022     		movne	r2, #16
 327              	.LVL37:
  86:quantum/bitwise.c ****         bits >>= 16;
  87:quantum/bitwise.c ****         n += 16;
  88:quantum/bitwise.c ****     }
  89:quantum/bitwise.c ****     if (bits >> 8) {
 328              		.loc 1 89 5 is_stmt 1 view .LVU94
 329              		.loc 1 89 8 is_stmt 0 view .LVU95
 330 000c 030A     		lsrs	r3, r0, #8
  90:quantum/bitwise.c ****         bits >>= 8;
 331              		.loc 1 90 9 is_stmt 1 view .LVU96
 332              	.LVL38:
  91:quantum/bitwise.c ****         n += 8;
 333              		.loc 1 91 9 view .LVU97
 334              		.loc 1 91 11 is_stmt 0 view .LVU98
 335 000e 1CBF     		itt	ne
 336 0010 1846     		movne	r0, r3
 337 0012 0832     		addne	r2, r2, #8
 338              	.LVL39:
  92:quantum/bitwise.c ****     }
  93:quantum/bitwise.c ****     if (bits >> 4) {
 339              		.loc 1 93 5 is_stmt 1 view .LVU99
 340              		.loc 1 93 8 is_stmt 0 view .LVU100
 341 0014 0309     		lsrs	r3, r0, #4
  94:quantum/bitwise.c ****         bits >>= 4;
 342              		.loc 1 94 9 is_stmt 1 view .LVU101
 343              	.LVL40:
  95:quantum/bitwise.c ****         n += 4;
 344              		.loc 1 95 9 view .LVU102
 345              		.loc 1 95 11 is_stmt 0 view .LVU103
 346 0016 1EBF     		ittt	ne
 347 0018 0432     		addne	r2, r2, #4
 348              	.LVL41:
 349              		.loc 1 95 11 view .LVU104
 350 001a 1846     		movne	r0, r3
 351 001c D2B2     		uxtbne	r2, r2
 352              	.LVL42:
  96:quantum/bitwise.c ****     }
  97:quantum/bitwise.c ****     if (bits >> 2) {
 353              		.loc 1 97 5 is_stmt 1 view .LVU105
 354              		.loc 1 97 8 is_stmt 0 view .LVU106
 355 001e 8308     		lsrs	r3, r0, #2
  98:quantum/bitwise.c ****         bits >>= 2;
 356              		.loc 1 98 9 is_stmt 1 view .LVU107
 357              	.LVL43:
  99:quantum/bitwise.c ****         n += 2;
 358              		.loc 1 99 9 view .LVU108
 359              		.loc 1 99 11 is_stmt 0 view .LVU109
 360 0020 1EBF     		ittt	ne
 361 0022 0232     		addne	r2, r2, #2
 362              	.LVL44:
 363              		.loc 1 99 11 view .LVU110
 364 0024 1846     		movne	r0, r3
 365 0026 D2B2     		uxtbne	r2, r2
 366              	.LVL45:
 100:quantum/bitwise.c ****     }
 101:quantum/bitwise.c ****     if (bits >> 1) {
 367              		.loc 1 101 5 is_stmt 1 view .LVU111
 368              		.loc 1 101 8 is_stmt 0 view .LVU112
 369 0028 4308     		lsrs	r3, r0, #1
 102:quantum/bitwise.c ****         bits >>= 1;
 370              		.loc 1 102 9 is_stmt 1 view .LVU113
 371              	.LVL46:
 103:quantum/bitwise.c ****         n += 1;
 372              		.loc 1 103 9 view .LVU114
 373              		.loc 1 103 11 is_stmt 0 view .LVU115
 374 002a 1CBF     		itt	ne
 375 002c 0132     		addne	r2, r2, #1
 376              	.LVL47:
 377              		.loc 1 103 11 view .LVU116
 378 002e D2B2     		uxtbne	r2, r2
 379              	.LVL48:
 104:quantum/bitwise.c ****     }
 105:quantum/bitwise.c ****     return n;
 380              		.loc 1 105 5 is_stmt 1 view .LVU117
 106:quantum/bitwise.c **** }
 381              		.loc 1 106 1 is_stmt 0 view .LVU118
 382 0030 1046     		mov	r0, r2
 383 0032 7047     		bx	lr
 384              		.cfi_endproc
 385              	.LFE5:
 387              		.section	.text.bitrev,"ax",%progbits
 388              		.align	1
 389              		.global	bitrev
 390              		.syntax unified
 391              		.thumb
 392              		.thumb_func
 393              		.fpu fpv4-sp-d16
 395              	bitrev:
 396              	.LVL49:
 397              	.LFB6:
 107:quantum/bitwise.c **** 
 108:quantum/bitwise.c **** __attribute__((noinline)) uint8_t bitrev(uint8_t bits) {
 398              		.loc 1 108 56 is_stmt 1 view -0
 399              		.cfi_startproc
 400              		@ args = 0, pretend = 0, frame = 0
 401              		@ frame_needed = 0, uses_anonymous_args = 0
 402              		@ link register save eliminated.
 109:quantum/bitwise.c ****     bits = (bits & 0x0f) << 4 | (bits & 0xf0) >> 4;
 403              		.loc 1 109 5 view .LVU120
 404              		.loc 1 109 26 is_stmt 0 view .LVU121
 405 0000 0301     		lsls	r3, r0, #4
 406 0002 DBB2     		uxtb	r3, r3
 407              	.LVL50:
 110:quantum/bitwise.c ****     bits = (bits & 0b00110011) << 2 | (bits & 0b11001100) >> 2;
 408              		.loc 1 110 5 is_stmt 1 view .LVU122
 409              		.loc 1 110 32 is_stmt 0 view .LVU123
 410 0004 43EA1010 		orr	r0, r3, r0, lsr #4
 411              	.LVL51:
 111:quantum/bitwise.c ****     bits = (bits & 0b01010101) << 1 | (bits & 0b10101010) >> 1;
 412              		.loc 1 111 5 is_stmt 1 view .LVU124
 110:quantum/bitwise.c ****     bits = (bits & 0b00110011) << 2 | (bits & 0b11001100) >> 2;
 413              		.loc 1 110 32 is_stmt 0 view .LVU125
 414 0008 8300     		lsls	r3, r0, #2
 110:quantum/bitwise.c ****     bits = (bits & 0b00110011) << 2 | (bits & 0b11001100) >> 2;
 415              		.loc 1 110 59 view .LVU126
 416 000a 8010     		asrs	r0, r0, #2
 417              	.LVL52:
 110:quantum/bitwise.c ****     bits = (bits & 0b00110011) << 2 | (bits & 0b11001100) >> 2;
 418              		.loc 1 110 59 view .LVU127
 419 000c 00F03300 		and	r0, r0, #51
 110:quantum/bitwise.c ****     bits = (bits & 0b00110011) << 2 | (bits & 0b11001100) >> 2;
 420              		.loc 1 110 37 view .LVU128
 421 0010 03F0CC03 		and	r3, r3, #204
 422              		.loc 1 111 32 view .LVU129
 423 0014 0343     		orrs	r3, r3, r0
 424              	.LVL53:
 112:quantum/bitwise.c ****     return bits;
 425              		.loc 1 112 5 is_stmt 1 view .LVU130
 111:quantum/bitwise.c ****     bits = (bits & 0b01010101) << 1 | (bits & 0b10101010) >> 1;
 426              		.loc 1 111 32 is_stmt 0 view .LVU131
 427 0016 5800     		lsls	r0, r3, #1
 111:quantum/bitwise.c ****     bits = (bits & 0b01010101) << 1 | (bits & 0b10101010) >> 1;
 428              		.loc 1 111 59 view .LVU132
 429 0018 5B10     		asrs	r3, r3, #1
 430              	.LVL54:
 111:quantum/bitwise.c ****     bits = (bits & 0b01010101) << 1 | (bits & 0b10101010) >> 1;
 431              		.loc 1 111 59 view .LVU133
 432 001a 03F05503 		and	r3, r3, #85
 111:quantum/bitwise.c ****     bits = (bits & 0b01010101) << 1 | (bits & 0b10101010) >> 1;
 433              		.loc 1 111 37 view .LVU134
 434 001e 00F0AA00 		and	r0, r0, #170
 113:quantum/bitwise.c **** }
 435              		.loc 1 113 1 view .LVU135
 436 0022 1843     		orrs	r0, r0, r3
 437 0024 7047     		bx	lr
 438              		.cfi_endproc
 439              	.LFE6:
 441              		.section	.text.bitrev16,"ax",%progbits
 442              		.align	1
 443              		.global	bitrev16
 444              		.syntax unified
 445              		.thumb
 446              		.thumb_func
 447              		.fpu fpv4-sp-d16
 449              	bitrev16:
 450              	.LVL55:
 451              	.LFB7:
 114:quantum/bitwise.c **** 
 115:quantum/bitwise.c **** uint16_t bitrev16(uint16_t bits) {
 452              		.loc 1 115 34 is_stmt 1 view -0
 453              		.cfi_startproc
 454              		@ args = 0, pretend = 0, frame = 0
 455              		@ frame_needed = 0, uses_anonymous_args = 0
 116:quantum/bitwise.c ****     bits = bitrev(bits & 0x00ff) << 8 | bitrev((bits & 0xff00) >> 8);
 456              		.loc 1 116 5 view .LVU137
 115:quantum/bitwise.c ****     bits = bitrev(bits & 0x00ff) << 8 | bitrev((bits & 0xff00) >> 8);
 457              		.loc 1 115 34 is_stmt 0 view .LVU138
 458 0000 08B5     		push	{r3, lr}
 459              		.cfi_def_cfa_offset 8
 460              		.cfi_offset 3, -8
 461              		.cfi_offset 14, -4
 115:quantum/bitwise.c ****     bits = bitrev(bits & 0x00ff) << 8 | bitrev((bits & 0xff00) >> 8);
 462              		.loc 1 115 34 view .LVU139
 463 0002 0246     		mov	r2, r0
 464              		.loc 1 116 12 view .LVU140
 465 0004 C0B2     		uxtb	r0, r0
 466              	.LVL56:
 467              		.loc 1 116 12 view .LVU141
 468 0006 FFF7FEFF 		bl	bitrev
 469              	.LVL57:
 470 000a 0146     		mov	r1, r0
 471              		.loc 1 116 41 view .LVU142
 472 000c 100A     		lsrs	r0, r2, #8
 473 000e FFF7FEFF 		bl	bitrev
 474              	.LVL58:
 117:quantum/bitwise.c ****     return bits;
 475              		.loc 1 117 5 is_stmt 1 view .LVU143
 116:quantum/bitwise.c ****     bits = bitrev(bits & 0x00ff) << 8 | bitrev((bits & 0xff00) >> 8);
 476              		.loc 1 116 39 is_stmt 0 view .LVU144
 477 0012 40EA0120 		orr	r0, r0, r1, lsl #8
 478              	.LVL59:
 118:quantum/bitwise.c **** }
 479              		.loc 1 118 1 view .LVU145
 480 0016 80B2     		uxth	r0, r0
 481 0018 08BD     		pop	{r3, pc}
 482              		.cfi_endproc
 483              	.LFE7:
 485              		.section	.text.bitrev32,"ax",%progbits
 486              		.align	1
 487              		.global	bitrev32
 488              		.syntax unified
 489              		.thumb
 490              		.thumb_func
 491              		.fpu fpv4-sp-d16
 493              	bitrev32:
 494              	.LVL60:
 495              	.LFB8:
 119:quantum/bitwise.c **** 
 120:quantum/bitwise.c **** uint32_t bitrev32(uint32_t bits) {
 496              		.loc 1 120 34 is_stmt 1 view -0
 497              		.cfi_startproc
 498              		@ args = 0, pretend = 0, frame = 0
 499              		@ frame_needed = 0, uses_anonymous_args = 0
 121:quantum/bitwise.c ****     bits = (uint32_t)bitrev16(bits & 0x0000ffff) << 16 | bitrev16((bits & 0xffff0000) >> 16);
 500              		.loc 1 121 5 view .LVU147
 120:quantum/bitwise.c ****     bits = (uint32_t)bitrev16(bits & 0x0000ffff) << 16 | bitrev16((bits & 0xffff0000) >> 16);
 501              		.loc 1 120 34 is_stmt 0 view .LVU148
 502 0000 38B5     		push	{r3, r4, r5, lr}
 503              		.cfi_def_cfa_offset 16
 504              		.cfi_offset 3, -16
 505              		.cfi_offset 4, -12
 506              		.cfi_offset 5, -8
 507              		.cfi_offset 14, -4
 120:quantum/bitwise.c ****     bits = (uint32_t)bitrev16(bits & 0x0000ffff) << 16 | bitrev16((bits & 0xffff0000) >> 16);
 508              		.loc 1 120 34 view .LVU149
 509 0002 0446     		mov	r4, r0
 510              		.loc 1 121 22 view .LVU150
 511 0004 80B2     		uxth	r0, r0
 512              	.LVL61:
 513              		.loc 1 121 22 view .LVU151
 514 0006 FFF7FEFF 		bl	bitrev16
 515              	.LVL62:
 516 000a 0546     		mov	r5, r0
 517              		.loc 1 121 58 view .LVU152
 518 000c 200C     		lsrs	r0, r4, #16
 519 000e FFF7FEFF 		bl	bitrev16
 520              	.LVL63:
 122:quantum/bitwise.c ****     return bits;
 521              		.loc 1 122 5 is_stmt 1 view .LVU153
 123:quantum/bitwise.c **** }
 522              		.loc 1 123 1 is_stmt 0 view .LVU154
 523 0012 40EA0540 		orr	r0, r0, r5, lsl #16
 524              	.LVL64:
 525              		.loc 1 123 1 view .LVU155
 526 0016 38BD     		pop	{r3, r4, r5, pc}
 527              		.loc 1 123 1 view .LVU156
 528              		.cfi_endproc
 529              	.LFE8:
 531              		.text
 532              	.Letext0:
 533              		.file 2 "/usr/arm-none-eabi/include/machine/_default_types.h"
 534              		.file 3 "/usr/arm-none-eabi/include/sys/_stdint.h"
DEFINED SYMBOLS
                            *ABS*:0000000000000000 bitwise.c
     /tmp/ccgWkoAl.s:18     .text.bitpop:0000000000000000 $t
     /tmp/ccgWkoAl.s:26     .text.bitpop:0000000000000000 bitpop
     /tmp/ccgWkoAl.s:65     .text.bitpop16:0000000000000000 $t
     /tmp/ccgWkoAl.s:72     .text.bitpop16:0000000000000000 bitpop16
     /tmp/ccgWkoAl.s:110    .text.bitpop32:0000000000000000 $t
     /tmp/ccgWkoAl.s:117    .text.bitpop32:0000000000000000 bitpop32
     /tmp/ccgWkoAl.s:156    .text.biton:0000000000000000 $t
     /tmp/ccgWkoAl.s:163    .text.biton:0000000000000000 biton
     /tmp/ccgWkoAl.s:216    .text.biton16:0000000000000000 $t
     /tmp/ccgWkoAl.s:223    .text.biton16:0000000000000000 biton16
     /tmp/ccgWkoAl.s:300    .text.biton32:0000000000000000 $t
     /tmp/ccgWkoAl.s:307    .text.biton32:0000000000000000 biton32
     /tmp/ccgWkoAl.s:388    .text.bitrev:0000000000000000 $t
     /tmp/ccgWkoAl.s:395    .text.bitrev:0000000000000000 bitrev
     /tmp/ccgWkoAl.s:442    .text.bitrev16:0000000000000000 $t
     /tmp/ccgWkoAl.s:449    .text.bitrev16:0000000000000000 bitrev16
     /tmp/ccgWkoAl.s:486    .text.bitrev32:0000000000000000 $t
     /tmp/ccgWkoAl.s:493    .text.bitrev32:0000000000000000 bitrev32

NO UNDEFINED SYMBOLS
