   1              		.cpu cortex-m4
   2              		.eabi_attribute 27, 1
   3              		.eabi_attribute 28, 1
   4              		.eabi_attribute 20, 1
   5              		.eabi_attribute 21, 1
   6              		.eabi_attribute 23, 3
   7              		.eabi_attribute 24, 1
   8              		.eabi_attribute 25, 1
   9              		.eabi_attribute 26, 1
  10              		.eabi_attribute 30, 4
  11              		.eabi_attribute 34, 1
  12              		.eabi_attribute 18, 2
  13              		.file	"usb_util.c"
  14              		.text
  15              	.Ltext0:
  16              		.cfi_sections	.debug_frame
  17              		.section	.text.usb_disconnect,"ax",%progbits
  18              		.align	1
  19              		.weak	usb_disconnect
  20              		.arch armv7e-m
  21              		.syntax unified
  22              		.thumb
  23              		.thumb_func
  24              		.fpu fpv4-sp-d16
  26              	usb_disconnect:
  27              	.LFB341:
  28              		.file 1 "tmk_core/common/usb_util.c"
   1:tmk_core/common/usb_util.c **** /* Copyright 2021 QMK
   2:tmk_core/common/usb_util.c ****  *
   3:tmk_core/common/usb_util.c ****  * This program is free software: you can redistribute it and/or modify
   4:tmk_core/common/usb_util.c ****  * it under the terms of the GNU General Public License as published by
   5:tmk_core/common/usb_util.c ****  * the Free Software Foundation, either version 3 of the License, or
   6:tmk_core/common/usb_util.c ****  * (at your option) any later version.
   7:tmk_core/common/usb_util.c ****  *
   8:tmk_core/common/usb_util.c ****  * This program is distributed in the hope that it will be useful,
   9:tmk_core/common/usb_util.c ****  * but WITHOUT ANY WARRANTY; without even the implied warranty of
  10:tmk_core/common/usb_util.c ****  * MERCHANTABILITY or FITNESS FOR A PARTICULAR PURPOSE.  See the
  11:tmk_core/common/usb_util.c ****  * GNU General Public License for more details.
  12:tmk_core/common/usb_util.c ****  *
  13:tmk_core/common/usb_util.c ****  * You should have received a copy of the GNU General Public License
  14:tmk_core/common/usb_util.c ****  * along with this program.  If not, see <http://www.gnu.org/licenses/>.
  15:tmk_core/common/usb_util.c ****  */
  16:tmk_core/common/usb_util.c **** #include "quantum.h"
  17:tmk_core/common/usb_util.c **** #include "usb_util.h"
  18:tmk_core/common/usb_util.c **** 
  19:tmk_core/common/usb_util.c **** __attribute__((weak)) void usb_disconnect(void) {}
  29              		.loc 1 19 49 view -0
  30              		.cfi_startproc
  31              		@ args = 0, pretend = 0, frame = 0
  32              		@ frame_needed = 0, uses_anonymous_args = 0
  33              		@ link register save eliminated.
  34              		.loc 1 19 50 view .LVU1
  35 0000 7047     		bx	lr
  36              		.cfi_endproc
  37              	.LFE341:
  39              		.section	.text.usb_connected_state,"ax",%progbits
  40              		.align	1
  41              		.weak	usb_connected_state
  42              		.syntax unified
  43              		.thumb
  44              		.thumb_func
  45              		.fpu fpv4-sp-d16
  47              	usb_connected_state:
  48              	.LFB342:
  20:tmk_core/common/usb_util.c **** __attribute__((weak)) bool usb_connected_state(void) { return true; }
  49              		.loc 1 20 54 view -0
  50              		.cfi_startproc
  51              		@ args = 0, pretend = 0, frame = 0
  52              		@ frame_needed = 0, uses_anonymous_args = 0
  53              		@ link register save eliminated.
  54              		.loc 1 20 56 view .LVU3
  55              		.loc 1 20 69 is_stmt 0 view .LVU4
  56 0000 0120     		movs	r0, #1
  57 0002 7047     		bx	lr
  58              		.cfi_endproc
  59              	.LFE342:
  61              		.section	.text.usb_vbus_state,"ax",%progbits
  62              		.align	1
  63              		.weak	usb_vbus_state
  64              		.syntax unified
  65              		.thumb
  66              		.thumb_func
  67              		.fpu fpv4-sp-d16
  69              	usb_vbus_state:
  70              	.LFB345:
  71              		.cfi_startproc
  72              		@ args = 0, pretend = 0, frame = 0
  73              		@ frame_needed = 0, uses_anonymous_args = 0
  74              		@ link register save eliminated.
  75 0000 0120     		movs	r0, #1
  76 0002 7047     		bx	lr
  77              		.cfi_endproc
  78              	.LFE345:
  80              		.text
  81              	.Letext0:
DEFINED SYMBOLS
                            *ABS*:0000000000000000 usb_util.c
     /tmp/ccGW9EnG.s:18     .text.usb_disconnect:0000000000000000 $t
     /tmp/ccGW9EnG.s:26     .text.usb_disconnect:0000000000000000 usb_disconnect
     /tmp/ccGW9EnG.s:40     .text.usb_connected_state:0000000000000000 $t
     /tmp/ccGW9EnG.s:47     .text.usb_connected_state:0000000000000000 usb_connected_state
     /tmp/ccGW9EnG.s:62     .text.usb_vbus_state:0000000000000000 $t
     /tmp/ccGW9EnG.s:69     .text.usb_vbus_state:0000000000000000 usb_vbus_state

NO UNDEFINED SYMBOLS
