   1               		.file	"keymap.c"
   2               	__SP_H__ = 0x3e
   3               	__SP_L__ = 0x3d
   4               	__SREG__ = 0x3f
   5               	__tmp_reg__ = 0
   6               	__zero_reg__ = 1
   7               		.text
   8               	.Ltext0:
   9               		.cfi_sections	.debug_frame
  10               		.section	.text.action_get_macro,"ax",@progbits
  11               	.global	action_get_macro
  13               	action_get_macro:
  14               	.LVL0:
  15               	.LFB119:
  16               		.file 1 "keyboards/3key/keymaps/LohseBoi/keymap.c"
   1:keyboards/3key/keymaps/LohseBoi/keymap.c **** #include "3key.h"
   2:keyboards/3key/keymaps/LohseBoi/keymap.c **** 
   3:keyboards/3key/keymaps/LohseBoi/keymap.c **** #define NORMAL 18  //Orange (StackOverflow)
   4:keyboards/3key/keymaps/LohseBoi/keymap.c **** #define RED 0
   5:keyboards/3key/keymaps/LohseBoi/keymap.c **** #define GREEN 85
   6:keyboards/3key/keymaps/LohseBoi/keymap.c **** #define BLUE 169
   7:keyboards/3key/keymaps/LohseBoi/keymap.c **** 
   8:keyboards/3key/keymaps/LohseBoi/keymap.c **** #define ASCII_CODE
   9:keyboards/3key/keymaps/LohseBoi/keymap.c **** uint8_t asciiChar = 0;
  10:keyboards/3key/keymaps/LohseBoi/keymap.c **** uint8_t asciiCounter = 0;
  11:keyboards/3key/keymaps/LohseBoi/keymap.c **** 
  12:keyboards/3key/keymaps/LohseBoi/keymap.c **** const uint16_t PROGMEM keymaps[][MATRIX_ROWS][MATRIX_COLS] = {
  13:keyboards/3key/keymaps/LohseBoi/keymap.c **** 	LAYOUT(KC_1, KC_2, KC_3)
  14:keyboards/3key/keymaps/LohseBoi/keymap.c **** };
  15:keyboards/3key/keymaps/LohseBoi/keymap.c **** 
  16:keyboards/3key/keymaps/LohseBoi/keymap.c **** const macro_t *action_get_macro(keyrecord_t *record, uint8_t id, uint8_t opt) {
  17               		.loc 1 16 79 view -0
  18               		.cfi_startproc
  19               	/* prologue: function */
  20               	/* frame size = 0 */
  21               	/* stack size = 0 */
  22               	.L__stack_usage = 0
  17:keyboards/3key/keymaps/LohseBoi/keymap.c **** 	keyevent_t event = record->event;
  23               		.loc 1 17 2 view .LVU1
  18:keyboards/3key/keymaps/LohseBoi/keymap.c **** 
  19:keyboards/3key/keymaps/LohseBoi/keymap.c **** 	switch (event.pressed) {
  24               		.loc 1 19 2 view .LVU2
  20:keyboards/3key/keymaps/LohseBoi/keymap.c **** 
  21:keyboards/3key/keymaps/LohseBoi/keymap.c **** 	}
  25               		.loc 1 21 2 view .LVU3
  22:keyboards/3key/keymaps/LohseBoi/keymap.c **** 	return MACRO_NONE;
  26               		.loc 1 22 2 view .LVU4
  23:keyboards/3key/keymaps/LohseBoi/keymap.c **** }
  27               		.loc 1 23 1 is_stmt 0 view .LVU5
  28 0000 90E0      		ldi r25,0
  29 0002 80E0      		ldi r24,0
  30               	.LVL1:
  31               	/* epilogue start */
  32               		.loc 1 23 1 view .LVU6
  33 0004 0895      		ret
  34               		.cfi_endproc
  35               	.LFE119:
  37               		.section	.text.matrix_init_user,"ax",@progbits
  38               	.global	matrix_init_user
  40               	matrix_init_user:
  41               	.LFB120:
  24:keyboards/3key/keymaps/LohseBoi/keymap.c **** 
  25:keyboards/3key/keymaps/LohseBoi/keymap.c **** void matrix_init_user(void) {
  42               		.loc 1 25 29 is_stmt 1 view -0
  43               		.cfi_startproc
  44               	/* prologue: function */
  45               	/* frame size = 0 */
  46               	/* stack size = 0 */
  47               	.L__stack_usage = 0
  26:keyboards/3key/keymaps/LohseBoi/keymap.c **** }
  48               		.loc 1 26 1 view .LVU8
  49               	/* epilogue start */
  50 0000 0895      		ret
  51               		.cfi_endproc
  52               	.LFE120:
  54               		.section	.text.matrix_scan_user,"ax",@progbits
  55               	.global	matrix_scan_user
  57               	matrix_scan_user:
  58               	.LFB124:
  59               		.cfi_startproc
  60               	/* prologue: function */
  61               	/* frame size = 0 */
  62               	/* stack size = 0 */
  63               	.L__stack_usage = 0
  64               	/* epilogue start */
  65 0000 0895      		ret
  66               		.cfi_endproc
  67               	.LFE124:
  69               		.section	.rodata.process_record_user.str1.1,"aMS",@progbits,1
  70               	.LC0:
  71 0000 2563 00   		.string	"%c"
  72               		.section	.text.process_record_user,"ax",@progbits
  73               	.global	process_record_user
  75               	process_record_user:
  76               	.LVL2:
  77               	.LFB122:
  27:keyboards/3key/keymaps/LohseBoi/keymap.c **** 
  28:keyboards/3key/keymaps/LohseBoi/keymap.c **** void matrix_scan_user(void) {
  29:keyboards/3key/keymaps/LohseBoi/keymap.c **** }
  30:keyboards/3key/keymaps/LohseBoi/keymap.c **** 
  31:keyboards/3key/keymaps/LohseBoi/keymap.c **** bool process_record_user(uint16_t keycode, keyrecord_t *record) {
  78               		.loc 1 31 65 view -0
  79               		.cfi_startproc
  80               		.loc 1 31 65 is_stmt 0 view .LVU10
  81 0000 0F93      		push r16
  82               	.LCFI0:
  83               		.cfi_def_cfa_offset 3
  84               		.cfi_offset 16, -2
  85 0002 1F93      		push r17
  86               	.LCFI1:
  87               		.cfi_def_cfa_offset 4
  88               		.cfi_offset 17, -3
  89 0004 CF93      		push r28
  90               	.LCFI2:
  91               		.cfi_def_cfa_offset 5
  92               		.cfi_offset 28, -4
  93 0006 DF93      		push r29
  94               	.LCFI3:
  95               		.cfi_def_cfa_offset 6
  96               		.cfi_offset 29, -5
  97 0008 00D0      		rcall .
  98               	.LCFI4:
  99               		.cfi_def_cfa_offset 8
 100 000a CDB7      		in r28,__SP_L__
 101 000c DEB7      		in r29,__SP_H__
 102               	.LCFI5:
 103               		.cfi_def_cfa_register 28
 104               	/* prologue: function */
 105               	/* frame size = 2 */
 106               	/* stack size = 6 */
 107               	.L__stack_usage = 6
 108 000e 8B01      		movw r16,r22
  32:keyboards/3key/keymaps/LohseBoi/keymap.c ****     switch (record->event.key.col) {
 109               		.loc 1 32 5 is_stmt 1 view .LVU11
 110               		.loc 1 32 30 is_stmt 0 view .LVU12
 111 0010 FB01      		movw r30,r22
 112 0012 8081      		ld r24,Z
 113               	.LVL3:
 114               		.loc 1 32 5 view .LVU13
 115 0014 8130      		cpi r24,lo8(1)
 116 0016 01F0      		breq .L5
 117 0018 8230      		cpi r24,lo8(2)
 118 001a 01F0      		breq .L6
 119 001c 8111      		cpse r24,__zero_reg__
 120 001e 00C0      		rjmp .L7
  33:keyboards/3key/keymaps/LohseBoi/keymap.c ****         case 0:  // Left
  34:keyboards/3key/keymaps/LohseBoi/keymap.c ****             if (record->event.pressed) {
 121               		.loc 1 34 13 is_stmt 1 view .LVU14
 122               		.loc 1 34 16 is_stmt 0 view .LVU15
 123 0020 8281      		ldd r24,Z+2
 124 0022 8823      		tst r24
 125 0024 01F0      		breq .L8
  35:keyboards/3key/keymaps/LohseBoi/keymap.c ****                 rgblight_sethsv(BLUE, 255, 255);
 126               		.loc 1 35 17 is_stmt 1 view .LVU16
 127 0026 4FEF      		ldi r20,lo8(-1)
 128 0028 6FEF      		ldi r22,lo8(-1)
 129               	.LVL4:
 130               		.loc 1 35 17 is_stmt 0 view .LVU17
 131 002a 89EA      		ldi r24,lo8(-87)
 132               	.L22:
  36:keyboards/3key/keymaps/LohseBoi/keymap.c ****             } else {
  37:keyboards/3key/keymaps/LohseBoi/keymap.c ****                 rgblight_sethsv(NORMAL, 255, 255);
  38:keyboards/3key/keymaps/LohseBoi/keymap.c ****             }
  39:keyboards/3key/keymaps/LohseBoi/keymap.c ****             break;
  40:keyboards/3key/keymaps/LohseBoi/keymap.c ****         case 1:  // Center
  41:keyboards/3key/keymaps/LohseBoi/keymap.c ****             if (record->event.pressed) {
  42:keyboards/3key/keymaps/LohseBoi/keymap.c ****                 rgblight_sethsv(GREEN, 255, 255);
  43:keyboards/3key/keymaps/LohseBoi/keymap.c ****             } else {
  44:keyboards/3key/keymaps/LohseBoi/keymap.c ****                 rgblight_sethsv(NORMAL, 255, 255);
  45:keyboards/3key/keymaps/LohseBoi/keymap.c ****             }
  46:keyboards/3key/keymaps/LohseBoi/keymap.c ****             break;
  47:keyboards/3key/keymaps/LohseBoi/keymap.c ****         case 2: // Right
  48:keyboards/3key/keymaps/LohseBoi/keymap.c ****             if (record->event.pressed) {
  49:keyboards/3key/keymaps/LohseBoi/keymap.c ****                 rgblight_sethsv(RED, 255, 255);
 133               		.loc 1 49 17 view .LVU18
 134 002c 0E94 0000 		call rgblight_sethsv
 135               	.LVL5:
 136               	.L7:
  50:keyboards/3key/keymaps/LohseBoi/keymap.c ****             } else {
  51:keyboards/3key/keymaps/LohseBoi/keymap.c ****                 rgblight_sethsv(NORMAL, 255, 255);
  52:keyboards/3key/keymaps/LohseBoi/keymap.c ****             }
  53:keyboards/3key/keymaps/LohseBoi/keymap.c ****             break;
  54:keyboards/3key/keymaps/LohseBoi/keymap.c ****     }
  55:keyboards/3key/keymaps/LohseBoi/keymap.c **** 
  56:keyboards/3key/keymaps/LohseBoi/keymap.c **** #ifdef ASCII_CODE
  57:keyboards/3key/keymaps/LohseBoi/keymap.c ****     switch (record->event.key.col) {
 137               		.loc 1 57 5 is_stmt 1 view .LVU19
 138               		.loc 1 57 30 is_stmt 0 view .LVU20
 139 0030 F801      		movw r30,r16
 140 0032 9081      		ld r25,Z
 141               		.loc 1 57 5 view .LVU21
 142 0034 9130      		cpi r25,lo8(1)
 143 0036 01F0      		breq .L9
 144               		.loc 1 57 5 view .LVU22
 145 0038 8091 0000 		lds r24,asciiCounter
 146 003c 9230      		cpi r25,lo8(2)
 147 003e 01F4      		brne .+2
 148 0040 00C0      		rjmp .L10
 149 0042 9111      		cpse r25,__zero_reg__
 150 0044 00C0      		rjmp .L11
  58:keyboards/3key/keymaps/LohseBoi/keymap.c ****         case 0:  // Left
  59:keyboards/3key/keymaps/LohseBoi/keymap.c ****             if (!record->event.pressed) {
 151               		.loc 1 59 13 is_stmt 1 view .LVU23
 152               		.loc 1 59 16 is_stmt 0 view .LVU24
 153 0046 9281      		ldd r25,Z+2
 154 0048 9111      		cpse r25,__zero_reg__
 155 004a 00C0      		rjmp .L11
  60:keyboards/3key/keymaps/LohseBoi/keymap.c ****                 asciiChar <<= 1;
 156               		.loc 1 60 17 is_stmt 1 view .LVU25
  61:keyboards/3key/keymaps/LohseBoi/keymap.c ****                 asciiChar += 1;
 157               		.loc 1 61 17 view .LVU26
  60:keyboards/3key/keymaps/LohseBoi/keymap.c ****                 asciiChar <<= 1;
 158               		.loc 1 60 27 is_stmt 0 view .LVU27
 159 004c 9091 0000 		lds r25,asciiChar
 160 0050 990F      		lsl r25
 161               		.loc 1 61 27 view .LVU28
 162 0052 9F5F      		subi r25,lo8(-(1))
 163               	.L23:
  62:keyboards/3key/keymaps/LohseBoi/keymap.c ****                 asciiCounter++;
  63:keyboards/3key/keymaps/LohseBoi/keymap.c ****             } 
  64:keyboards/3key/keymaps/LohseBoi/keymap.c ****             break;
  65:keyboards/3key/keymaps/LohseBoi/keymap.c ****         case 1:  // Center
  66:keyboards/3key/keymaps/LohseBoi/keymap.c ****             if (!record->event.pressed) {
  67:keyboards/3key/keymaps/LohseBoi/keymap.c ****                 char str[2] = {' ', 0};
  68:keyboards/3key/keymaps/LohseBoi/keymap.c ****                 sprintf(str, "%c", asciiChar);
  69:keyboards/3key/keymaps/LohseBoi/keymap.c ****                 send_string(str);
  70:keyboards/3key/keymaps/LohseBoi/keymap.c ****                 asciiChar = 0;
  71:keyboards/3key/keymaps/LohseBoi/keymap.c ****                 asciiCounter = 0;
  72:keyboards/3key/keymaps/LohseBoi/keymap.c ****             } 
  73:keyboards/3key/keymaps/LohseBoi/keymap.c ****             break;
  74:keyboards/3key/keymaps/LohseBoi/keymap.c ****         case 2: // Right
  75:keyboards/3key/keymaps/LohseBoi/keymap.c ****             if (!record->event.pressed) {
  76:keyboards/3key/keymaps/LohseBoi/keymap.c ****                 asciiChar <<= 1;
 164               		.loc 1 76 27 view .LVU29
 165 0054 9093 0000 		sts asciiChar,r25
  77:keyboards/3key/keymaps/LohseBoi/keymap.c ****                 asciiChar += 0;
 166               		.loc 1 77 17 is_stmt 1 view .LVU30
  78:keyboards/3key/keymaps/LohseBoi/keymap.c ****                 asciiCounter++;
 167               		.loc 1 78 17 view .LVU31
 168               		.loc 1 78 29 is_stmt 0 view .LVU32
 169 0058 8F5F      		subi r24,lo8(-(1))
 170 005a 8093 0000 		sts asciiCounter,r24
 171 005e 00C0      		rjmp .L11
 172               	.L8:
  37:keyboards/3key/keymaps/LohseBoi/keymap.c ****             }
 173               		.loc 1 37 17 is_stmt 1 view .LVU33
 174 0060 4FEF      		ldi r20,lo8(-1)
 175 0062 6FEF      		ldi r22,lo8(-1)
 176 0064 82E1      		ldi r24,lo8(18)
 177 0066 00C0      		rjmp .L22
 178               	.L5:
  41:keyboards/3key/keymaps/LohseBoi/keymap.c ****                 rgblight_sethsv(GREEN, 255, 255);
 179               		.loc 1 41 13 view .LVU34
  41:keyboards/3key/keymaps/LohseBoi/keymap.c ****                 rgblight_sethsv(GREEN, 255, 255);
 180               		.loc 1 41 16 is_stmt 0 view .LVU35
 181 0068 8281      		ldd r24,Z+2
 182 006a 8823      		tst r24
 183 006c 01F0      		breq .L8
  42:keyboards/3key/keymaps/LohseBoi/keymap.c ****             } else {
 184               		.loc 1 42 17 is_stmt 1 view .LVU36
 185 006e 4FEF      		ldi r20,lo8(-1)
 186 0070 6FEF      		ldi r22,lo8(-1)
 187 0072 85E5      		ldi r24,lo8(85)
 188 0074 00C0      		rjmp .L22
 189               	.L6:
  48:keyboards/3key/keymaps/LohseBoi/keymap.c ****                 rgblight_sethsv(RED, 255, 255);
 190               		.loc 1 48 13 view .LVU37
  48:keyboards/3key/keymaps/LohseBoi/keymap.c ****                 rgblight_sethsv(RED, 255, 255);
 191               		.loc 1 48 16 is_stmt 0 view .LVU38
 192 0076 8281      		ldd r24,Z+2
 193 0078 8823      		tst r24
 194 007a 01F0      		breq .L8
  49:keyboards/3key/keymaps/LohseBoi/keymap.c ****             } else {
 195               		.loc 1 49 17 is_stmt 1 view .LVU39
 196 007c 4FEF      		ldi r20,lo8(-1)
 197 007e 6FEF      		ldi r22,lo8(-1)
 198 0080 80E0      		ldi r24,0
 199 0082 00C0      		rjmp .L22
 200               	.L9:
  66:keyboards/3key/keymaps/LohseBoi/keymap.c ****                 char str[2] = {' ', 0};
 201               		.loc 1 66 13 view .LVU40
  66:keyboards/3key/keymaps/LohseBoi/keymap.c ****                 char str[2] = {' ', 0};
 202               		.loc 1 66 16 is_stmt 0 view .LVU41
 203 0084 8281      		ldd r24,Z+2
 204 0086 8111      		cpse r24,__zero_reg__
 205 0088 00C0      		rjmp .L11
 206               	.LBB2:
  67:keyboards/3key/keymaps/LohseBoi/keymap.c ****                 sprintf(str, "%c", asciiChar);
 207               		.loc 1 67 17 is_stmt 1 view .LVU42
  67:keyboards/3key/keymaps/LohseBoi/keymap.c ****                 sprintf(str, "%c", asciiChar);
 208               		.loc 1 67 22 is_stmt 0 view .LVU43
 209 008a 80E2      		ldi r24,lo8(32)
 210 008c 90E0      		ldi r25,0
 211 008e 9A83      		std Y+2,r25
 212 0090 8983      		std Y+1,r24
  68:keyboards/3key/keymaps/LohseBoi/keymap.c ****                 send_string(str);
 213               		.loc 1 68 17 is_stmt 1 view .LVU44
 214 0092 8091 0000 		lds r24,asciiChar
 215 0096 1F92      		push __zero_reg__
 216 0098 8F93      		push r24
 217 009a 80E0      		ldi r24,lo8(.LC0)
 218 009c 90E0      		ldi r25,hi8(.LC0)
 219 009e 9F93      		push r25
 220 00a0 8F93      		push r24
 221 00a2 8E01      		movw r16,r28
 222               	.LVL6:
  68:keyboards/3key/keymaps/LohseBoi/keymap.c ****                 send_string(str);
 223               		.loc 1 68 17 is_stmt 0 view .LVU45
 224 00a4 0F5F      		subi r16,-1
 225 00a6 1F4F      		sbci r17,-1
 226 00a8 1F93      		push r17
 227 00aa 0F93      		push r16
 228 00ac 0E94 0000 		call sprintf
 229               	.LVL7:
  69:keyboards/3key/keymaps/LohseBoi/keymap.c ****                 asciiChar = 0;
 230               		.loc 1 69 17 is_stmt 1 view .LVU46
 231 00b0 C801      		movw r24,r16
 232 00b2 0E94 0000 		call send_string
 233               	.LVL8:
  70:keyboards/3key/keymaps/LohseBoi/keymap.c ****                 asciiCounter = 0;
 234               		.loc 1 70 17 view .LVU47
  70:keyboards/3key/keymaps/LohseBoi/keymap.c ****                 asciiCounter = 0;
 235               		.loc 1 70 27 is_stmt 0 view .LVU48
 236 00b6 1092 0000 		sts asciiChar,__zero_reg__
  71:keyboards/3key/keymaps/LohseBoi/keymap.c ****             } 
 237               		.loc 1 71 17 is_stmt 1 view .LVU49
  71:keyboards/3key/keymaps/LohseBoi/keymap.c ****             } 
 238               		.loc 1 71 30 is_stmt 0 view .LVU50
 239 00ba 1092 0000 		sts asciiCounter,__zero_reg__
 240 00be 0F90      		pop __tmp_reg__
 241 00c0 0F90      		pop __tmp_reg__
 242 00c2 0F90      		pop __tmp_reg__
 243 00c4 0F90      		pop __tmp_reg__
 244 00c6 0F90      		pop __tmp_reg__
 245 00c8 0F90      		pop __tmp_reg__
 246               	.L11:
  71:keyboards/3key/keymaps/LohseBoi/keymap.c ****             } 
 247               		.loc 1 71 30 view .LVU51
 248               	.LBE2:
  79:keyboards/3key/keymaps/LohseBoi/keymap.c ****             } 
  80:keyboards/3key/keymaps/LohseBoi/keymap.c ****             break;
  81:keyboards/3key/keymaps/LohseBoi/keymap.c ****     }
  82:keyboards/3key/keymaps/LohseBoi/keymap.c ****     if (asciiCounter >= 8) {
 249               		.loc 1 82 5 is_stmt 1 view .LVU52
 250               		.loc 1 82 8 is_stmt 0 view .LVU53
 251 00ca 8091 0000 		lds r24,asciiCounter
 252 00ce 8830      		cpi r24,lo8(8)
 253 00d0 00F0      		brlo .L12
 254               	.LBB3:
  83:keyboards/3key/keymaps/LohseBoi/keymap.c ****         char str[2] = {' ', 0};
 255               		.loc 1 83 9 is_stmt 1 view .LVU54
 256               		.loc 1 83 14 is_stmt 0 view .LVU55
 257 00d2 80E2      		ldi r24,lo8(32)
 258 00d4 90E0      		ldi r25,0
 259 00d6 9A83      		std Y+2,r25
 260 00d8 8983      		std Y+1,r24
  84:keyboards/3key/keymaps/LohseBoi/keymap.c ****         sprintf(str, "%c", asciiChar);
 261               		.loc 1 84 9 is_stmt 1 view .LVU56
 262 00da 8091 0000 		lds r24,asciiChar
 263 00de 1F92      		push __zero_reg__
 264 00e0 8F93      		push r24
 265 00e2 80E0      		ldi r24,lo8(.LC0)
 266 00e4 90E0      		ldi r25,hi8(.LC0)
 267 00e6 9F93      		push r25
 268 00e8 8F93      		push r24
 269 00ea 8E01      		movw r16,r28
 270 00ec 0F5F      		subi r16,-1
 271 00ee 1F4F      		sbci r17,-1
 272 00f0 1F93      		push r17
 273 00f2 0F93      		push r16
 274 00f4 0E94 0000 		call sprintf
 275               	.LVL9:
  85:keyboards/3key/keymaps/LohseBoi/keymap.c ****         send_string(str);
 276               		.loc 1 85 9 view .LVU57
 277 00f8 C801      		movw r24,r16
 278 00fa 0E94 0000 		call send_string
 279               	.LVL10:
  86:keyboards/3key/keymaps/LohseBoi/keymap.c ****         asciiChar = 0;
 280               		.loc 1 86 9 view .LVU58
 281               		.loc 1 86 19 is_stmt 0 view .LVU59
 282 00fe 1092 0000 		sts asciiChar,__zero_reg__
  87:keyboards/3key/keymaps/LohseBoi/keymap.c ****         asciiCounter = 0;
 283               		.loc 1 87 9 is_stmt 1 view .LVU60
 284               		.loc 1 87 22 is_stmt 0 view .LVU61
 285 0102 1092 0000 		sts asciiCounter,__zero_reg__
 286 0106 0F90      		pop __tmp_reg__
 287 0108 0F90      		pop __tmp_reg__
 288 010a 0F90      		pop __tmp_reg__
 289 010c 0F90      		pop __tmp_reg__
 290 010e 0F90      		pop __tmp_reg__
 291 0110 0F90      		pop __tmp_reg__
 292               	.L12:
 293               	.LBE3:
  88:keyboards/3key/keymaps/LohseBoi/keymap.c ****     }
  89:keyboards/3key/keymaps/LohseBoi/keymap.c **** 
  90:keyboards/3key/keymaps/LohseBoi/keymap.c ****     return false;
 294               		.loc 1 90 5 is_stmt 1 view .LVU62
  91:keyboards/3key/keymaps/LohseBoi/keymap.c **** #endif
  92:keyboards/3key/keymaps/LohseBoi/keymap.c **** 
  93:keyboards/3key/keymaps/LohseBoi/keymap.c **** 	return true;
  94:keyboards/3key/keymaps/LohseBoi/keymap.c **** }
 295               		.loc 1 94 1 is_stmt 0 view .LVU63
 296 0112 80E0      		ldi r24,0
 297               	/* epilogue start */
 298 0114 0F90      		pop __tmp_reg__
 299 0116 0F90      		pop __tmp_reg__
 300 0118 DF91      		pop r29
 301 011a CF91      		pop r28
 302 011c 1F91      		pop r17
 303 011e 0F91      		pop r16
 304 0120 0895      		ret
 305               	.LVL11:
 306               	.L10:
  75:keyboards/3key/keymaps/LohseBoi/keymap.c ****                 asciiChar <<= 1;
 307               		.loc 1 75 13 is_stmt 1 view .LVU64
  75:keyboards/3key/keymaps/LohseBoi/keymap.c ****                 asciiChar <<= 1;
 308               		.loc 1 75 16 is_stmt 0 view .LVU65
 309 0122 9281      		ldd r25,Z+2
 310 0124 9111      		cpse r25,__zero_reg__
 311 0126 00C0      		rjmp .L11
  76:keyboards/3key/keymaps/LohseBoi/keymap.c ****                 asciiChar += 0;
 312               		.loc 1 76 17 is_stmt 1 view .LVU66
  76:keyboards/3key/keymaps/LohseBoi/keymap.c ****                 asciiChar += 0;
 313               		.loc 1 76 27 is_stmt 0 view .LVU67
 314 0128 9091 0000 		lds r25,asciiChar
 315 012c 990F      		lsl r25
 316 012e 00C0      		rjmp .L23
 317               		.cfi_endproc
 318               	.LFE122:
 320               	.global	keymaps
 321               		.section	.progmem.data.keymaps,"a"
 324               	keymaps:
 325 0000 1E00      		.word	30
 326 0002 1F00      		.word	31
 327 0004 2000      		.word	32
 328               	.global	asciiCounter
 329               		.section	.bss.asciiCounter,"aw",@nobits
 332               	asciiCounter:
 333 0000 00        		.zero	1
 334               	.global	asciiChar
 335               		.section	.bss.asciiChar,"aw",@nobits
 338               	asciiChar:
 339 0000 00        		.zero	1
 340               		.text
 341               	.Letext0:
 342               		.file 2 "/usr/avr/include/stdint.h"
 343               		.file 3 "quantum/keyboard.h"
 344               		.file 4 "quantum/action_macro.h"
 345               		.file 5 "quantum/action.h"
 346               		.file 6 "quantum/keymap.h"
 347               		.file 7 "quantum/send_string.h"
 348               		.file 8 "quantum/rgblight/rgblight.h"
 349               		.file 9 "quantum/keycode.h"
 350               		.file 10 "quantum/sequencer/sequencer.h"
 351               		.file 11 "/usr/avr/include/stdio.h"
DEFINED SYMBOLS
                            *ABS*:0000000000000000 keymap.c
     /tmp/ccaJ5Vb1.s:2      *ABS*:000000000000003e __SP_H__
     /tmp/ccaJ5Vb1.s:3      *ABS*:000000000000003d __SP_L__
     /tmp/ccaJ5Vb1.s:4      *ABS*:000000000000003f __SREG__
     /tmp/ccaJ5Vb1.s:5      *ABS*:0000000000000000 __tmp_reg__
     /tmp/ccaJ5Vb1.s:6      *ABS*:0000000000000001 __zero_reg__
     /tmp/ccaJ5Vb1.s:13     .text.action_get_macro:0000000000000000 action_get_macro
     /tmp/ccaJ5Vb1.s:40     .text.matrix_init_user:0000000000000000 matrix_init_user
     /tmp/ccaJ5Vb1.s:57     .text.matrix_scan_user:0000000000000000 matrix_scan_user
     /tmp/ccaJ5Vb1.s:75     .text.process_record_user:0000000000000000 process_record_user
     /tmp/ccaJ5Vb1.s:332    .bss.asciiCounter:0000000000000000 asciiCounter
     /tmp/ccaJ5Vb1.s:338    .bss.asciiChar:0000000000000000 asciiChar
     /tmp/ccaJ5Vb1.s:324    .progmem.data.keymaps:0000000000000000 keymaps

UNDEFINED SYMBOLS
rgblight_sethsv
sprintf
send_string
__do_copy_data
__do_clear_bss
