   1              		.cpu cortex-m4
   2              		.arch armv7e-m
   3              		.fpu fpv4-sp-d16
   4              		.eabi_attribute 27, 1
   5              		.eabi_attribute 28, 1
   6              		.eabi_attribute 20, 1
   7              		.eabi_attribute 21, 1
   8              		.eabi_attribute 23, 3
   9              		.eabi_attribute 24, 1
  10              		.eabi_attribute 25, 1
  11              		.eabi_attribute 26, 1
  12              		.eabi_attribute 30, 4
  13              		.eabi_attribute 34, 1
  14              		.eabi_attribute 18, 2
  15              		.file	"usb_util.c"
  16              		.text
  17              	.Ltext0:
  18              		.cfi_sections	.debug_frame
  19              		.file 1 "tmk_core/common/usb_util.c"
  20              		.section	.text.usb_disconnect,"ax",%progbits
  21              		.align	1
  22              		.weak	usb_disconnect
  23              		.syntax unified
  24              		.thumb
  25              		.thumb_func
  27              	usb_disconnect:
  28              	.LFB295:
   1:tmk_core/common/usb_util.c **** /* Copyright 2021 QMK
   2:tmk_core/common/usb_util.c ****  *
   3:tmk_core/common/usb_util.c ****  * This program is free software: you can redistribute it and/or modify
   4:tmk_core/common/usb_util.c ****  * it under the terms of the GNU General Public License as published by
   5:tmk_core/common/usb_util.c ****  * the Free Software Foundation, either version 3 of the License, or
   6:tmk_core/common/usb_util.c ****  * (at your option) any later version.
   7:tmk_core/common/usb_util.c ****  *
   8:tmk_core/common/usb_util.c ****  * This program is distributed in the hope that it will be useful,
   9:tmk_core/common/usb_util.c ****  * but WITHOUT ANY WARRANTY; without even the implied warranty of
  10:tmk_core/common/usb_util.c ****  * MERCHANTABILITY or FITNESS FOR A PARTICULAR PURPOSE.  See the
  11:tmk_core/common/usb_util.c ****  * GNU General Public License for more details.
  12:tmk_core/common/usb_util.c ****  *
  13:tmk_core/common/usb_util.c ****  * You should have received a copy of the GNU General Public License
  14:tmk_core/common/usb_util.c ****  * along with this program.  If not, see <http://www.gnu.org/licenses/>.
  15:tmk_core/common/usb_util.c ****  */
  16:tmk_core/common/usb_util.c **** #include "quantum.h"
  17:tmk_core/common/usb_util.c **** #include "usb_util.h"
  18:tmk_core/common/usb_util.c **** 
  19:tmk_core/common/usb_util.c **** __attribute__((weak)) void usb_disconnect(void) {}
  29              		.loc 1 19 49 view -0
  30              		.cfi_startproc
  31              		@ args = 0, pretend = 0, frame = 0
  32              		@ frame_needed = 0, uses_anonymous_args = 0
  33              		@ link register save eliminated.
  34              		.loc 1 19 50 view .LVU1
  35 0000 7047     		bx	lr
  36              		.cfi_endproc
  37              	.LFE295:
  39              		.section	.text.usb_connected_state,"ax",%progbits
  40              		.align	1
  41              		.weak	usb_connected_state
  42              		.syntax unified
  43              		.thumb
  44              		.thumb_func
  46              	usb_connected_state:
  47              	.LFB296:
  20:tmk_core/common/usb_util.c **** __attribute__((weak)) bool usb_connected_state(void) { return true; }
  48              		.loc 1 20 54 view -0
  49              		.cfi_startproc
  50              		@ args = 0, pretend = 0, frame = 0
  51              		@ frame_needed = 0, uses_anonymous_args = 0
  52              		@ link register save eliminated.
  53              		.loc 1 20 56 view .LVU3
  54              		.loc 1 20 69 is_stmt 0 view .LVU4
  55 0000 0120     		movs	r0, #1
  56 0002 7047     		bx	lr
  57              		.cfi_endproc
  58              	.LFE296:
  60              		.section	.text.usb_vbus_state,"ax",%progbits
  61              		.align	1
  62              		.weak	usb_vbus_state
  63              		.syntax unified
  64              		.thumb
  65              		.thumb_func
  67              	usb_vbus_state:
  68              	.LFB299:
  69              		.cfi_startproc
  21:tmk_core/common/usb_util.c **** __attribute__((weak)) bool usb_vbus_state(void) {
  70              		.loc 1 21 28 is_stmt 1 view -0
  71              		@ args = 0, pretend = 0, frame = 0
  72              		@ frame_needed = 0, uses_anonymous_args = 0
  73              		@ link register save eliminated.
  74 0000 0120     		movs	r0, #1
  75 0002 7047     		bx	lr
  76              		.cfi_endproc
  77              	.LFE299:
  79              		.text
  80              	.Letext0:
DEFINED SYMBOLS
                            *ABS*:0000000000000000 usb_util.c
     /tmp/cclgoZMU.s:21     .text.usb_disconnect:0000000000000000 $t
     /tmp/cclgoZMU.s:27     .text.usb_disconnect:0000000000000000 usb_disconnect
     /tmp/cclgoZMU.s:40     .text.usb_connected_state:0000000000000000 $t
     /tmp/cclgoZMU.s:46     .text.usb_connected_state:0000000000000000 usb_connected_state
     /tmp/cclgoZMU.s:61     .text.usb_vbus_state:0000000000000000 $t
     /tmp/cclgoZMU.s:67     .text.usb_vbus_state:0000000000000000 usb_vbus_state

NO UNDEFINED SYMBOLS
