   1              		.cpu cortex-m4
   2              		.eabi_attribute 27, 1
   3              		.eabi_attribute 28, 1
   4              		.eabi_attribute 20, 1
   5              		.eabi_attribute 21, 1
   6              		.eabi_attribute 23, 3
   7              		.eabi_attribute 24, 1
   8              		.eabi_attribute 25, 1
   9              		.eabi_attribute 26, 1
  10              		.eabi_attribute 30, 4
  11              		.eabi_attribute 34, 1
  12              		.eabi_attribute 18, 2
  13              		.file	"keymap.c"
  14              		.text
  15              	.Ltext0:
  16              		.cfi_sections	.debug_frame
  17              		.section	.text.layer_state_set_user,"ax",%progbits
  18              		.align	1
  19              		.global	layer_state_set_user
  20              		.arch armv7e-m
  21              		.syntax unified
  22              		.thumb
  23              		.thumb_func
  24              		.fpu fpv4-sp-d16
  26              	layer_state_set_user:
  27              	.LVL0:
  28              	.LFB341:
  29              		.file 1 "keyboards/planck/keymaps/default/keymap.c"
   1:keyboards/planck/keymaps/default/keymap.c **** /* Copyright 2015-2021 Jack Humbert
   2:keyboards/planck/keymaps/default/keymap.c ****  *
   3:keyboards/planck/keymaps/default/keymap.c ****  * This program is free software: you can redistribute it and/or modify
   4:keyboards/planck/keymaps/default/keymap.c ****  * it under the terms of the GNU General Public License as published by
   5:keyboards/planck/keymaps/default/keymap.c ****  * the Free Software Foundation, either version 2 of the License, or
   6:keyboards/planck/keymaps/default/keymap.c ****  * (at your option) any later version.
   7:keyboards/planck/keymaps/default/keymap.c ****  *
   8:keyboards/planck/keymaps/default/keymap.c ****  * This program is distributed in the hope that it will be useful,
   9:keyboards/planck/keymaps/default/keymap.c ****  * but WITHOUT ANY WARRANTY; without even the implied warranty of
  10:keyboards/planck/keymaps/default/keymap.c ****  * MERCHANTABILITY or FITNESS FOR A PARTICULAR PURPOSE.  See the
  11:keyboards/planck/keymaps/default/keymap.c ****  * GNU General Public License for more details.
  12:keyboards/planck/keymaps/default/keymap.c ****  *
  13:keyboards/planck/keymaps/default/keymap.c ****  * You should have received a copy of the GNU General Public License
  14:keyboards/planck/keymaps/default/keymap.c ****  * along with this program.  If not, see <http://www.gnu.org/licenses/>.
  15:keyboards/planck/keymaps/default/keymap.c ****  */
  16:keyboards/planck/keymaps/default/keymap.c **** 
  17:keyboards/planck/keymaps/default/keymap.c **** #include QMK_KEYBOARD_H
  18:keyboards/planck/keymaps/default/keymap.c **** #include "muse.h"
  19:keyboards/planck/keymaps/default/keymap.c **** 
  20:keyboards/planck/keymaps/default/keymap.c **** 
  21:keyboards/planck/keymaps/default/keymap.c **** enum planck_layers {
  22:keyboards/planck/keymaps/default/keymap.c ****   _QWERTY,
  23:keyboards/planck/keymaps/default/keymap.c ****   _COLEMAK,
  24:keyboards/planck/keymaps/default/keymap.c ****   _DVORAK,
  25:keyboards/planck/keymaps/default/keymap.c ****   _LOWER,
  26:keyboards/planck/keymaps/default/keymap.c ****   _RAISE,
  27:keyboards/planck/keymaps/default/keymap.c ****   _PLOVER,
  28:keyboards/planck/keymaps/default/keymap.c ****   _ADJUST
  29:keyboards/planck/keymaps/default/keymap.c **** };
  30:keyboards/planck/keymaps/default/keymap.c **** 
  31:keyboards/planck/keymaps/default/keymap.c **** enum planck_keycodes {
  32:keyboards/planck/keymaps/default/keymap.c ****   QWERTY = SAFE_RANGE,
  33:keyboards/planck/keymaps/default/keymap.c ****   COLEMAK,
  34:keyboards/planck/keymaps/default/keymap.c ****   DVORAK,
  35:keyboards/planck/keymaps/default/keymap.c ****   PLOVER,
  36:keyboards/planck/keymaps/default/keymap.c ****   BACKLIT,
  37:keyboards/planck/keymaps/default/keymap.c ****   EXT_PLV
  38:keyboards/planck/keymaps/default/keymap.c **** };
  39:keyboards/planck/keymaps/default/keymap.c **** 
  40:keyboards/planck/keymaps/default/keymap.c **** #define LOWER MO(_LOWER)
  41:keyboards/planck/keymaps/default/keymap.c **** #define RAISE MO(_RAISE)
  42:keyboards/planck/keymaps/default/keymap.c **** 
  43:keyboards/planck/keymaps/default/keymap.c **** const uint16_t PROGMEM keymaps[][MATRIX_ROWS][MATRIX_COLS] = {
  44:keyboards/planck/keymaps/default/keymap.c **** 
  45:keyboards/planck/keymaps/default/keymap.c **** /* Qwerty
  46:keyboards/planck/keymaps/default/keymap.c ****  * ,-----------------------------------------------------------------------------------.
  47:keyboards/planck/keymaps/default/keymap.c ****  * | Tab  |   Q  |   W  |   E  |   R  |   T  |   Y  |   U  |   I  |   O  |   P  | Bksp |
  48:keyboards/planck/keymaps/default/keymap.c ****  * |------+------+------+------+------+------+------+------+------+------+------+------|
  49:keyboards/planck/keymaps/default/keymap.c ****  * | Esc  |   A  |   S  |   D  |   F  |   G  |   H  |   J  |   K  |   L  |   ;  |  "   |
  50:keyboards/planck/keymaps/default/keymap.c ****  * |------+------+------+------+------+------+------+------+------+------+------+------|
  51:keyboards/planck/keymaps/default/keymap.c ****  * | Shift|   Z  |   X  |   C  |   V  |   B  |   N  |   M  |   ,  |   .  |   /  |Enter |
  52:keyboards/planck/keymaps/default/keymap.c ****  * |------+------+------+------+------+------+------+------+------+------+------+------|
  53:keyboards/planck/keymaps/default/keymap.c ****  * | Brite| Ctrl | Alt  | GUI  |Lower |    Space    |Raise | Left | Down |  Up  |Right |
  54:keyboards/planck/keymaps/default/keymap.c ****  * `-----------------------------------------------------------------------------------'
  55:keyboards/planck/keymaps/default/keymap.c ****  */
  56:keyboards/planck/keymaps/default/keymap.c **** [_QWERTY] = LAYOUT_planck_grid(
  57:keyboards/planck/keymaps/default/keymap.c ****     KC_TAB,  KC_Q,    KC_W,    KC_E,    KC_R,    KC_T,    KC_Y,    KC_U,    KC_I,    KC_O,    KC_P,
  58:keyboards/planck/keymaps/default/keymap.c ****     KC_ESC,  KC_A,    KC_S,    KC_D,    KC_F,    KC_G,    KC_H,    KC_J,    KC_K,    KC_L,    KC_SC
  59:keyboards/planck/keymaps/default/keymap.c ****     KC_LSFT, KC_Z,    KC_X,    KC_C,    KC_V,    KC_B,    KC_N,    KC_M,    KC_COMM, KC_DOT,  KC_SL
  60:keyboards/planck/keymaps/default/keymap.c ****     BACKLIT, KC_LCTL, KC_LALT, KC_LGUI, LOWER,   KC_SPC,  KC_SPC,  RAISE,   KC_LEFT, KC_DOWN, KC_UP
  61:keyboards/planck/keymaps/default/keymap.c **** ),
  62:keyboards/planck/keymaps/default/keymap.c **** 
  63:keyboards/planck/keymaps/default/keymap.c **** /* Colemak
  64:keyboards/planck/keymaps/default/keymap.c ****  * ,-----------------------------------------------------------------------------------.
  65:keyboards/planck/keymaps/default/keymap.c ****  * | Tab  |   Q  |   W  |   F  |   P  |   G  |   J  |   L  |   U  |   Y  |   ;  | Bksp |
  66:keyboards/planck/keymaps/default/keymap.c ****  * |------+------+------+------+------+------+------+------+------+------+------+------|
  67:keyboards/planck/keymaps/default/keymap.c ****  * | Esc  |   A  |   R  |   S  |   T  |   D  |   H  |   N  |   E  |   I  |   O  |  "   |
  68:keyboards/planck/keymaps/default/keymap.c ****  * |------+------+------+------+------+------+------+------+------+------+------+------|
  69:keyboards/planck/keymaps/default/keymap.c ****  * | Shift|   Z  |   X  |   C  |   V  |   B  |   K  |   M  |   ,  |   .  |   /  |Enter |
  70:keyboards/planck/keymaps/default/keymap.c ****  * |------+------+------+------+------+------+------+------+------+------+------+------|
  71:keyboards/planck/keymaps/default/keymap.c ****  * | Brite| Ctrl | Alt  | GUI  |Lower |    Space    |Raise | Left | Down |  Up  |Right |
  72:keyboards/planck/keymaps/default/keymap.c ****  * `-----------------------------------------------------------------------------------'
  73:keyboards/planck/keymaps/default/keymap.c ****  */
  74:keyboards/planck/keymaps/default/keymap.c **** [_COLEMAK] = LAYOUT_planck_grid(
  75:keyboards/planck/keymaps/default/keymap.c ****     KC_TAB,  KC_Q,    KC_W,    KC_F,    KC_P,    KC_G,    KC_J,    KC_L,    KC_U,    KC_Y,    KC_SC
  76:keyboards/planck/keymaps/default/keymap.c ****     KC_ESC,  KC_A,    KC_R,    KC_S,    KC_T,    KC_D,    KC_H,    KC_N,    KC_E,    KC_I,    KC_O,
  77:keyboards/planck/keymaps/default/keymap.c ****     KC_LSFT, KC_Z,    KC_X,    KC_C,    KC_V,    KC_B,    KC_K,    KC_M,    KC_COMM, KC_DOT,  KC_SL
  78:keyboards/planck/keymaps/default/keymap.c ****     BACKLIT, KC_LCTL, KC_LALT, KC_LGUI, LOWER,   KC_SPC,  KC_SPC,  RAISE,   KC_LEFT, KC_DOWN, KC_UP
  79:keyboards/planck/keymaps/default/keymap.c **** ),
  80:keyboards/planck/keymaps/default/keymap.c **** 
  81:keyboards/planck/keymaps/default/keymap.c **** /* Dvorak
  82:keyboards/planck/keymaps/default/keymap.c ****  * ,-----------------------------------------------------------------------------------.
  83:keyboards/planck/keymaps/default/keymap.c ****  * | Tab  |   "  |   ,  |   .  |   P  |   Y  |   F  |   G  |   C  |   R  |   L  | Bksp |
  84:keyboards/planck/keymaps/default/keymap.c ****  * |------+------+------+------+------+------+------+------+------+------+------+------|
  85:keyboards/planck/keymaps/default/keymap.c ****  * | Esc  |   A  |   O  |   E  |   U  |   I  |   D  |   H  |   T  |   N  |   S  |  /   |
  86:keyboards/planck/keymaps/default/keymap.c ****  * |------+------+------+------+------+------+------+------+------+------+------+------|
  87:keyboards/planck/keymaps/default/keymap.c ****  * | Shift|   ;  |   Q  |   J  |   K  |   X  |   B  |   M  |   W  |   V  |   Z  |Enter |
  88:keyboards/planck/keymaps/default/keymap.c ****  * |------+------+------+------+------+------+------+------+------+------+------+------|
  89:keyboards/planck/keymaps/default/keymap.c ****  * | Brite| Ctrl | Alt  | GUI  |Lower |    Space    |Raise | Left | Down |  Up  |Right |
  90:keyboards/planck/keymaps/default/keymap.c ****  * `-----------------------------------------------------------------------------------'
  91:keyboards/planck/keymaps/default/keymap.c ****  */
  92:keyboards/planck/keymaps/default/keymap.c **** [_DVORAK] = LAYOUT_planck_grid(
  93:keyboards/planck/keymaps/default/keymap.c ****     KC_TAB,  KC_QUOT, KC_COMM, KC_DOT,  KC_P,    KC_Y,    KC_F,    KC_G,    KC_C,    KC_R,    KC_L,
  94:keyboards/planck/keymaps/default/keymap.c ****     KC_ESC,  KC_A,    KC_O,    KC_E,    KC_U,    KC_I,    KC_D,    KC_H,    KC_T,    KC_N,    KC_S,
  95:keyboards/planck/keymaps/default/keymap.c ****     KC_LSFT, KC_SCLN, KC_Q,    KC_J,    KC_K,    KC_X,    KC_B,    KC_M,    KC_W,    KC_V,    KC_Z,
  96:keyboards/planck/keymaps/default/keymap.c ****     BACKLIT, KC_LCTL, KC_LALT, KC_LGUI, LOWER,   KC_SPC,  KC_SPC,  RAISE,   KC_LEFT, KC_DOWN, KC_UP
  97:keyboards/planck/keymaps/default/keymap.c **** ),
  98:keyboards/planck/keymaps/default/keymap.c **** 
  99:keyboards/planck/keymaps/default/keymap.c **** /* Lower
 100:keyboards/planck/keymaps/default/keymap.c ****  * ,-----------------------------------------------------------------------------------.
 101:keyboards/planck/keymaps/default/keymap.c ****  * |   ~  |   !  |   @  |   #  |   $  |   %  |   ^  |   &  |   *  |   (  |   )  | Bksp |
 102:keyboards/planck/keymaps/default/keymap.c ****  * |------+------+------+------+------+------+------+------+------+------+------+------|
 103:keyboards/planck/keymaps/default/keymap.c ****  * | Del  |  F1  |  F2  |  F3  |  F4  |  F5  |  F6  |   _  |   +  |   {  |   }  |  |   |
 104:keyboards/planck/keymaps/default/keymap.c ****  * |------+------+------+------+------+------+------+------+------+------+------+------|
 105:keyboards/planck/keymaps/default/keymap.c ****  * |      |  F7  |  F8  |  F9  |  F10 |  F11 |  F12 |ISO ~ |ISO | | Home | End  |      |
 106:keyboards/planck/keymaps/default/keymap.c ****  * |------+------+------+------+------+------+------+------+------+------+------+------|
 107:keyboards/planck/keymaps/default/keymap.c ****  * |      |      |      |      |      |             |      | Next | Vol- | Vol+ | Play |
 108:keyboards/planck/keymaps/default/keymap.c ****  * `-----------------------------------------------------------------------------------'
 109:keyboards/planck/keymaps/default/keymap.c ****  */
 110:keyboards/planck/keymaps/default/keymap.c **** [_LOWER] = LAYOUT_planck_grid(
 111:keyboards/planck/keymaps/default/keymap.c ****     KC_TILD, KC_EXLM, KC_AT,   KC_HASH, KC_DLR,  KC_PERC, KC_CIRC, KC_AMPR,    KC_ASTR,    KC_LPRN,
 112:keyboards/planck/keymaps/default/keymap.c ****     KC_DEL,  KC_F1,   KC_F2,   KC_F3,   KC_F4,   KC_F5,   KC_F6,   KC_UNDS,    KC_PLUS,    KC_LCBR,
 113:keyboards/planck/keymaps/default/keymap.c ****     _______, KC_F7,   KC_F8,   KC_F9,   KC_F10,  KC_F11,  KC_F12,  S(KC_NUHS), S(KC_NUBS), KC_HOME,
 114:keyboards/planck/keymaps/default/keymap.c ****     _______, _______, _______, _______, _______, _______, _______, _______,    KC_MNXT,    KC_VOLD,
 115:keyboards/planck/keymaps/default/keymap.c **** ),
 116:keyboards/planck/keymaps/default/keymap.c **** 
 117:keyboards/planck/keymaps/default/keymap.c **** /* Raise
 118:keyboards/planck/keymaps/default/keymap.c ****  * ,-----------------------------------------------------------------------------------.
 119:keyboards/planck/keymaps/default/keymap.c ****  * |   `  |   1  |   2  |   3  |   4  |   5  |   6  |   7  |   8  |   9  |   0  | Bksp |
 120:keyboards/planck/keymaps/default/keymap.c ****  * |------+------+------+------+------+------+------+------+------+------+------+------|
 121:keyboards/planck/keymaps/default/keymap.c ****  * | Del  |  F1  |  F2  |  F3  |  F4  |  F5  |  F6  |   -  |   =  |   [  |   ]  |  \   |
 122:keyboards/planck/keymaps/default/keymap.c ****  * |------+------+------+------+------+------+------+------+------+------+------+------|
 123:keyboards/planck/keymaps/default/keymap.c ****  * |      |  F7  |  F8  |  F9  |  F10 |  F11 |  F12 |ISO # |ISO / |Pg Up |Pg Dn |      |
 124:keyboards/planck/keymaps/default/keymap.c ****  * |------+------+------+------+------+------+------+------+------+------+------+------|
 125:keyboards/planck/keymaps/default/keymap.c ****  * |      |      |      |      |      |             |      | Next | Vol- | Vol+ | Play |
 126:keyboards/planck/keymaps/default/keymap.c ****  * `-----------------------------------------------------------------------------------'
 127:keyboards/planck/keymaps/default/keymap.c ****  */
 128:keyboards/planck/keymaps/default/keymap.c **** [_RAISE] = LAYOUT_planck_grid(
 129:keyboards/planck/keymaps/default/keymap.c ****     KC_GRV,  KC_1,    KC_2,    KC_3,    KC_4,    KC_5,    KC_6,    KC_7,    KC_8,    KC_9,    KC_0,
 130:keyboards/planck/keymaps/default/keymap.c ****     KC_DEL,  KC_F1,   KC_F2,   KC_F3,   KC_F4,   KC_F5,   KC_F6,   KC_MINS, KC_EQL,  KC_LBRC, KC_RB
 131:keyboards/planck/keymaps/default/keymap.c ****     _______, KC_F7,   KC_F8,   KC_F9,   KC_F10,  KC_F11,  KC_F12,  KC_NUHS, KC_NUBS, KC_PGUP, KC_PG
 132:keyboards/planck/keymaps/default/keymap.c ****     _______, _______, _______, _______, _______, _______, _______, _______, KC_MNXT, KC_VOLD, KC_VO
 133:keyboards/planck/keymaps/default/keymap.c **** ),
 134:keyboards/planck/keymaps/default/keymap.c **** 
 135:keyboards/planck/keymaps/default/keymap.c **** /* Plover layer (http://opensteno.org)
 136:keyboards/planck/keymaps/default/keymap.c ****  * ,-----------------------------------------------------------------------------------.
 137:keyboards/planck/keymaps/default/keymap.c ****  * |   #  |   #  |   #  |   #  |   #  |   #  |   #  |   #  |   #  |   #  |   #  |   #  |
 138:keyboards/planck/keymaps/default/keymap.c ****  * |------+------+------+------+------+------+------+------+------+------+------+------|
 139:keyboards/planck/keymaps/default/keymap.c ****  * |      |   S  |   T  |   P  |   H  |   *  |   *  |   F  |   P  |   L  |   T  |   D  |
 140:keyboards/planck/keymaps/default/keymap.c ****  * |------+------+------+------+------+------+------+------+------+------+------+------|
 141:keyboards/planck/keymaps/default/keymap.c ****  * |      |   S  |   K  |   W  |   R  |   *  |   *  |   R  |   B  |   G  |   S  |   Z  |
 142:keyboards/planck/keymaps/default/keymap.c ****  * |------+------+------+------+------+------+------+------+------+------+------+------|
 143:keyboards/planck/keymaps/default/keymap.c ****  * | Exit |      |      |   A  |   O  |             |   E  |   U  |      |      |      |
 144:keyboards/planck/keymaps/default/keymap.c ****  * `-----------------------------------------------------------------------------------'
 145:keyboards/planck/keymaps/default/keymap.c ****  */
 146:keyboards/planck/keymaps/default/keymap.c **** [_PLOVER] = LAYOUT_planck_grid(
 147:keyboards/planck/keymaps/default/keymap.c ****     KC_1,    KC_1,    KC_1,    KC_1,    KC_1,    KC_1,    KC_1,    KC_1,    KC_1,    KC_1,    KC_1,
 148:keyboards/planck/keymaps/default/keymap.c ****     XXXXXXX, KC_Q,    KC_W,    KC_E,    KC_R,    KC_T,    KC_Y,    KC_U,    KC_I,    KC_O,    KC_P,
 149:keyboards/planck/keymaps/default/keymap.c ****     XXXXXXX, KC_A,    KC_S,    KC_D,    KC_F,    KC_G,    KC_H,    KC_J,    KC_K,    KC_L,    KC_SC
 150:keyboards/planck/keymaps/default/keymap.c ****     EXT_PLV, XXXXXXX, XXXXXXX, KC_C,    KC_V,    XXXXXXX, XXXXXXX, KC_N,    KC_M,    XXXXXXX, XXXXX
 151:keyboards/planck/keymaps/default/keymap.c **** ),
 152:keyboards/planck/keymaps/default/keymap.c **** 
 153:keyboards/planck/keymaps/default/keymap.c **** /* Adjust (Lower + Raise)
 154:keyboards/planck/keymaps/default/keymap.c ****  *                      v------------------------RGB CONTROL--------------------v
 155:keyboards/planck/keymaps/default/keymap.c ****  * ,-----------------------------------------------------------------------------------.
 156:keyboards/planck/keymaps/default/keymap.c ****  * |      | Reset|Debug | RGB  |RGBMOD| HUE+ | HUE- | SAT+ | SAT- |BRGTH+|BRGTH-|  Del |
 157:keyboards/planck/keymaps/default/keymap.c ****  * |------+------+------+------+------+------+------+------+------+------+------+------|
 158:keyboards/planck/keymaps/default/keymap.c ****  * |      |      |MUSmod|Aud on|Audoff|AGnorm|AGswap|Qwerty|Colemk|Dvorak|Plover|      |
 159:keyboards/planck/keymaps/default/keymap.c ****  * |------+------+------+------+------+------+------+------+------+------+------+------|
 160:keyboards/planck/keymaps/default/keymap.c ****  * |      |Voice-|Voice+|Mus on|Musoff|MIDIon|MIDIof|TermOn|TermOf|      |      |      |
 161:keyboards/planck/keymaps/default/keymap.c ****  * |------+------+------+------+------+------+------+------+------+------+------+------|
 162:keyboards/planck/keymaps/default/keymap.c ****  * |      |      |      |      |      |             |      |      |      |      |      |
 163:keyboards/planck/keymaps/default/keymap.c ****  * `-----------------------------------------------------------------------------------'
 164:keyboards/planck/keymaps/default/keymap.c ****  */
 165:keyboards/planck/keymaps/default/keymap.c **** [_ADJUST] = LAYOUT_planck_grid(
 166:keyboards/planck/keymaps/default/keymap.c ****     _______, RESET,   DEBUG,   RGB_TOG, RGB_MOD, RGB_HUI, RGB_HUD, RGB_SAI, RGB_SAD,  RGB_VAI, RGB_
 167:keyboards/planck/keymaps/default/keymap.c ****     _______, _______, MU_MOD,  AU_ON,   AU_OFF,  AG_NORM, AG_SWAP, QWERTY,  COLEMAK,  DVORAK,  PLOV
 168:keyboards/planck/keymaps/default/keymap.c ****     _______, MUV_DE,  MUV_IN,  MU_ON,   MU_OFF,  MI_ON,   MI_OFF,  TERM_ON, TERM_OFF, _______, ____
 169:keyboards/planck/keymaps/default/keymap.c ****     _______, _______, _______, _______, _______, _______, _______, _______, _______,  _______, ____
 170:keyboards/planck/keymaps/default/keymap.c **** )
 171:keyboards/planck/keymaps/default/keymap.c **** 
 172:keyboards/planck/keymaps/default/keymap.c **** };
 173:keyboards/planck/keymaps/default/keymap.c **** 
 174:keyboards/planck/keymaps/default/keymap.c **** #ifdef AUDIO_ENABLE
 175:keyboards/planck/keymaps/default/keymap.c ****   float plover_song[][2]     = SONG(PLOVER_SOUND);
 176:keyboards/planck/keymaps/default/keymap.c ****   float plover_gb_song[][2]  = SONG(PLOVER_GOODBYE_SOUND);
 177:keyboards/planck/keymaps/default/keymap.c **** #endif
 178:keyboards/planck/keymaps/default/keymap.c **** 
 179:keyboards/planck/keymaps/default/keymap.c **** layer_state_t layer_state_set_user(layer_state_t state) {
  30              		.loc 1 179 57 view -0
  31              		.cfi_startproc
  32              		@ args = 0, pretend = 0, frame = 0
  33              		@ frame_needed = 0, uses_anonymous_args = 0
  34              		@ link register save eliminated.
 180:keyboards/planck/keymaps/default/keymap.c ****   return update_tri_layer_state(state, _LOWER, _RAISE, _ADJUST);
  35              		.loc 1 180 3 view .LVU1
  36              		.loc 1 180 10 is_stmt 0 view .LVU2
  37 0000 0623     		movs	r3, #6
  38 0002 0422     		movs	r2, #4
  39 0004 0321     		movs	r1, #3
  40 0006 FFF7FEBF 		b	update_tri_layer_state
  41              	.LVL1:
  42              		.loc 1 180 10 view .LVU3
  43              		.cfi_endproc
  44              	.LFE341:
  46              		.section	.rodata.process_record_user.str1.1,"aMS",%progbits,1
  47              	.LC1:
  48 0000 6D6F6465 		.ascii	"mode just switched to qwerty and this is a huge str"
  48      206A7573 
  48      74207377 
  48      69746368 
  48      65642074 
  49 0033 696E670A 		.ascii	"ing\012\000"
  49      00
  50              		.section	.text.process_record_user,"ax",%progbits
  51              		.align	1
  52              		.global	process_record_user
  53              		.syntax unified
  54              		.thumb
  55              		.thumb_func
  56              		.fpu fpv4-sp-d16
  58              	process_record_user:
  59              	.LVL2:
  60              	.LFB342:
 181:keyboards/planck/keymaps/default/keymap.c **** }
 182:keyboards/planck/keymaps/default/keymap.c **** 
 183:keyboards/planck/keymaps/default/keymap.c **** bool process_record_user(uint16_t keycode, keyrecord_t *record) {
  61              		.loc 1 183 65 is_stmt 1 view -0
  62              		.cfi_startproc
  63              		@ args = 0, pretend = 0, frame = 0
  64              		@ frame_needed = 0, uses_anonymous_args = 0
 184:keyboards/planck/keymaps/default/keymap.c ****   switch (keycode) {
  65              		.loc 1 184 3 view .LVU5
  66 0000 A0F5BA40 		sub	r0, r0, #23808
  67              	.LVL3:
  68              		.loc 1 184 3 is_stmt 0 view .LVU6
  69 0004 6338     		subs	r0, r0, #99
 183:keyboards/planck/keymaps/default/keymap.c ****   switch (keycode) {
  70              		.loc 1 183 65 view .LVU7
  71 0006 10B5     		push	{r4, lr}
  72              		.cfi_def_cfa_offset 8
  73              		.cfi_offset 4, -8
  74              		.cfi_offset 14, -4
  75              		.loc 1 184 3 view .LVU8
  76 0008 0528     		cmp	r0, #5
  77 000a 52D8     		bhi	.L13
  78 000c DFE800F0 		tbb	[pc, r0]
  79              	.L5:
  80 0010 03       		.byte	(.L10-.L5)/2
  81 0011 0D       		.byte	(.L9-.L5)/2
  82 0012 11       		.byte	(.L8-.L5)/2
  83 0013 1F       		.byte	(.L7-.L5)/2
  84 0014 15       		.byte	(.L6-.L5)/2
  85 0015 45       		.byte	(.L4-.L5)/2
  86              		.p2align 1
  87              	.L10:
 185:keyboards/planck/keymaps/default/keymap.c ****     case QWERTY:
 186:keyboards/planck/keymaps/default/keymap.c ****       if (record->event.pressed) {
  88              		.loc 1 186 7 is_stmt 1 view .LVU9
  89              		.loc 1 186 24 is_stmt 0 view .LVU10
  90 0016 8C78     		ldrb	r4, [r1, #2]	@ zero_extendqisi2
  91              		.loc 1 186 10 view .LVU11
  92 0018 BCB1     		cbz	r4, .L3
 187:keyboards/planck/keymaps/default/keymap.c ****         print("mode just switched to qwerty and this is a huge string\n");
  93              		.loc 1 187 9 is_stmt 1 view .LVU12
  94 001a 2748     		ldr	r0, .L31
  95 001c FFF7FEFF 		bl	printf_
  96              	.LVL4:
 188:keyboards/planck/keymaps/default/keymap.c ****         set_single_persistent_default_layer(_QWERTY);
  97              		.loc 1 188 9 view .LVU13
  98 0020 0020     		movs	r0, #0
  99              	.L30:
 189:keyboards/planck/keymaps/default/keymap.c ****       }
 190:keyboards/planck/keymaps/default/keymap.c ****       return false;
 191:keyboards/planck/keymaps/default/keymap.c ****       break;
 192:keyboards/planck/keymaps/default/keymap.c ****     case COLEMAK:
 193:keyboards/planck/keymaps/default/keymap.c ****       if (record->event.pressed) {
 194:keyboards/planck/keymaps/default/keymap.c ****         set_single_persistent_default_layer(_COLEMAK);
 100              		.loc 1 194 9 is_stmt 0 view .LVU14
 101 0022 FFF7FEFF 		bl	set_single_persistent_default_layer
 102              	.LVL5:
 103              	.L29:
 195:keyboards/planck/keymaps/default/keymap.c ****       }
 196:keyboards/planck/keymaps/default/keymap.c ****       return false;
 197:keyboards/planck/keymaps/default/keymap.c ****       break;
 198:keyboards/planck/keymaps/default/keymap.c ****     case DVORAK:
 199:keyboards/planck/keymaps/default/keymap.c ****       if (record->event.pressed) {
 200:keyboards/planck/keymaps/default/keymap.c ****         set_single_persistent_default_layer(_DVORAK);
 201:keyboards/planck/keymaps/default/keymap.c ****       }
 202:keyboards/planck/keymaps/default/keymap.c ****       return false;
 203:keyboards/planck/keymaps/default/keymap.c ****       break;
 204:keyboards/planck/keymaps/default/keymap.c ****     case BACKLIT:
 205:keyboards/planck/keymaps/default/keymap.c ****       if (record->event.pressed) {
 206:keyboards/planck/keymaps/default/keymap.c ****         register_code(KC_RSFT);
 207:keyboards/planck/keymaps/default/keymap.c ****         #ifdef BACKLIGHT_ENABLE
 208:keyboards/planck/keymaps/default/keymap.c ****           backlight_step();
 209:keyboards/planck/keymaps/default/keymap.c ****         #endif
 210:keyboards/planck/keymaps/default/keymap.c ****         #ifdef KEYBOARD_planck_rev5
 211:keyboards/planck/keymaps/default/keymap.c ****           writePinLow(E6);
 212:keyboards/planck/keymaps/default/keymap.c ****         #endif
 213:keyboards/planck/keymaps/default/keymap.c ****       } else {
 214:keyboards/planck/keymaps/default/keymap.c ****         unregister_code(KC_RSFT);
 215:keyboards/planck/keymaps/default/keymap.c ****         #ifdef KEYBOARD_planck_rev5
 216:keyboards/planck/keymaps/default/keymap.c ****           writePinHigh(E6);
 217:keyboards/planck/keymaps/default/keymap.c ****         #endif
 218:keyboards/planck/keymaps/default/keymap.c ****       }
 219:keyboards/planck/keymaps/default/keymap.c ****       return false;
 220:keyboards/planck/keymaps/default/keymap.c ****       break;
 221:keyboards/planck/keymaps/default/keymap.c ****     case PLOVER:
 222:keyboards/planck/keymaps/default/keymap.c ****       if (record->event.pressed) {
 223:keyboards/planck/keymaps/default/keymap.c ****         #ifdef AUDIO_ENABLE
 224:keyboards/planck/keymaps/default/keymap.c ****           stop_all_notes();
 225:keyboards/planck/keymaps/default/keymap.c ****           PLAY_SONG(plover_song);
 226:keyboards/planck/keymaps/default/keymap.c ****         #endif
 227:keyboards/planck/keymaps/default/keymap.c ****         layer_off(_RAISE);
 228:keyboards/planck/keymaps/default/keymap.c ****         layer_off(_LOWER);
 229:keyboards/planck/keymaps/default/keymap.c ****         layer_off(_ADJUST);
 230:keyboards/planck/keymaps/default/keymap.c ****         layer_on(_PLOVER);
 231:keyboards/planck/keymaps/default/keymap.c ****         if (!eeconfig_is_enabled()) {
 232:keyboards/planck/keymaps/default/keymap.c ****             eeconfig_init();
 233:keyboards/planck/keymaps/default/keymap.c ****         }
 234:keyboards/planck/keymaps/default/keymap.c ****         keymap_config.raw = eeconfig_read_keymap();
 235:keyboards/planck/keymaps/default/keymap.c ****         keymap_config.nkro = 1;
 236:keyboards/planck/keymaps/default/keymap.c ****         eeconfig_update_keymap(keymap_config.raw);
 237:keyboards/planck/keymaps/default/keymap.c ****       }
 238:keyboards/planck/keymaps/default/keymap.c ****       return false;
 239:keyboards/planck/keymaps/default/keymap.c ****       break;
 240:keyboards/planck/keymaps/default/keymap.c ****     case EXT_PLV:
 241:keyboards/planck/keymaps/default/keymap.c ****       if (record->event.pressed) {
 242:keyboards/planck/keymaps/default/keymap.c ****         #ifdef AUDIO_ENABLE
 243:keyboards/planck/keymaps/default/keymap.c ****           PLAY_SONG(plover_gb_song);
 244:keyboards/planck/keymaps/default/keymap.c ****         #endif
 245:keyboards/planck/keymaps/default/keymap.c ****         layer_off(_PLOVER);
 246:keyboards/planck/keymaps/default/keymap.c ****       }
 247:keyboards/planck/keymaps/default/keymap.c ****       return false;
 104              		.loc 1 247 14 view .LVU15
 105 0026 0024     		movs	r4, #0
 106 0028 0FE0     		b	.L3
 107              	.LVL6:
 108              	.L9:
 191:keyboards/planck/keymaps/default/keymap.c ****     case COLEMAK:
 109              		.loc 1 191 7 is_stmt 1 view .LVU16
 193:keyboards/planck/keymaps/default/keymap.c ****         set_single_persistent_default_layer(_COLEMAK);
 110              		.loc 1 193 7 view .LVU17
 193:keyboards/planck/keymaps/default/keymap.c ****         set_single_persistent_default_layer(_COLEMAK);
 111              		.loc 1 193 24 is_stmt 0 view .LVU18
 112 002a 8C78     		ldrb	r4, [r1, #2]	@ zero_extendqisi2
 193:keyboards/planck/keymaps/default/keymap.c ****         set_single_persistent_default_layer(_COLEMAK);
 113              		.loc 1 193 10 view .LVU19
 114 002c 6CB1     		cbz	r4, .L3
 194:keyboards/planck/keymaps/default/keymap.c ****       }
 115              		.loc 1 194 9 is_stmt 1 view .LVU20
 116 002e 0120     		movs	r0, #1
 117 0030 F7E7     		b	.L30
 118              	.L8:
 197:keyboards/planck/keymaps/default/keymap.c ****     case DVORAK:
 119              		.loc 1 197 7 view .LVU21
 199:keyboards/planck/keymaps/default/keymap.c ****         set_single_persistent_default_layer(_DVORAK);
 120              		.loc 1 199 7 view .LVU22
 199:keyboards/planck/keymaps/default/keymap.c ****         set_single_persistent_default_layer(_DVORAK);
 121              		.loc 1 199 24 is_stmt 0 view .LVU23
 122 0032 8C78     		ldrb	r4, [r1, #2]	@ zero_extendqisi2
 199:keyboards/planck/keymaps/default/keymap.c ****         set_single_persistent_default_layer(_DVORAK);
 123              		.loc 1 199 10 view .LVU24
 124 0034 4CB1     		cbz	r4, .L3
 200:keyboards/planck/keymaps/default/keymap.c ****       }
 125              		.loc 1 200 9 is_stmt 1 view .LVU25
 126 0036 0220     		movs	r0, #2
 127 0038 F3E7     		b	.L30
 128              	.L6:
 203:keyboards/planck/keymaps/default/keymap.c ****     case BACKLIT:
 129              		.loc 1 203 7 view .LVU26
 205:keyboards/planck/keymaps/default/keymap.c ****         register_code(KC_RSFT);
 130              		.loc 1 205 7 view .LVU27
 205:keyboards/planck/keymaps/default/keymap.c ****         register_code(KC_RSFT);
 131              		.loc 1 205 24 is_stmt 0 view .LVU28
 132 003a 8C78     		ldrb	r4, [r1, #2]	@ zero_extendqisi2
 206:keyboards/planck/keymaps/default/keymap.c ****         #ifdef BACKLIGHT_ENABLE
 133              		.loc 1 206 9 view .LVU29
 134 003c E520     		movs	r0, #229
 205:keyboards/planck/keymaps/default/keymap.c ****         register_code(KC_RSFT);
 135              		.loc 1 205 10 view .LVU30
 136 003e 14B1     		cbz	r4, .L11
 206:keyboards/planck/keymaps/default/keymap.c ****         #ifdef BACKLIGHT_ENABLE
 137              		.loc 1 206 9 is_stmt 1 view .LVU31
 138 0040 FFF7FEFF 		bl	register_code
 139              	.LVL7:
 206:keyboards/planck/keymaps/default/keymap.c ****         #ifdef BACKLIGHT_ENABLE
 140              		.loc 1 206 9 is_stmt 0 view .LVU32
 141 0044 EFE7     		b	.L29
 142              	.LVL8:
 143              	.L11:
 214:keyboards/planck/keymaps/default/keymap.c ****         #ifdef KEYBOARD_planck_rev5
 144              		.loc 1 214 9 is_stmt 1 view .LVU33
 145 0046 FFF7FEFF 		bl	unregister_code
 146              	.LVL9:
 147              	.L3:
 248:keyboards/planck/keymaps/default/keymap.c ****       break;
 249:keyboards/planck/keymaps/default/keymap.c ****   }
 250:keyboards/planck/keymaps/default/keymap.c ****   return true;
 251:keyboards/planck/keymaps/default/keymap.c **** }
 148              		.loc 1 251 1 is_stmt 0 view .LVU34
 149 004a 2046     		mov	r0, r4
 150 004c 10BD     		pop	{r4, pc}
 151              	.LVL10:
 152              	.L7:
 220:keyboards/planck/keymaps/default/keymap.c ****     case PLOVER:
 153              		.loc 1 220 7 is_stmt 1 view .LVU35
 222:keyboards/planck/keymaps/default/keymap.c ****         #ifdef AUDIO_ENABLE
 154              		.loc 1 222 7 view .LVU36
 222:keyboards/planck/keymaps/default/keymap.c ****         #ifdef AUDIO_ENABLE
 155              		.loc 1 222 24 is_stmt 0 view .LVU37
 156 004e 8C78     		ldrb	r4, [r1, #2]	@ zero_extendqisi2
 222:keyboards/planck/keymaps/default/keymap.c ****         #ifdef AUDIO_ENABLE
 157              		.loc 1 222 10 view .LVU38
 158 0050 002C     		cmp	r4, #0
 159 0052 FAD0     		beq	.L3
 224:keyboards/planck/keymaps/default/keymap.c ****           PLAY_SONG(plover_song);
 160              		.loc 1 224 11 is_stmt 1 view .LVU39
 161 0054 FFF7FEFF 		bl	audio_stop_all
 162              	.LVL11:
 225:keyboards/planck/keymaps/default/keymap.c ****         #endif
 163              		.loc 1 225 11 view .LVU40
 164 0058 0022     		movs	r2, #0
 165 005a 0621     		movs	r1, #6
 166 005c 1748     		ldr	r0, .L31+4
 167 005e FFF7FEFF 		bl	audio_play_melody
 168              	.LVL12:
 227:keyboards/planck/keymaps/default/keymap.c ****         layer_off(_LOWER);
 169              		.loc 1 227 9 view .LVU41
 170 0062 0420     		movs	r0, #4
 171 0064 FFF7FEFF 		bl	layer_off
 172              	.LVL13:
 228:keyboards/planck/keymaps/default/keymap.c ****         layer_off(_ADJUST);
 173              		.loc 1 228 9 view .LVU42
 174 0068 0320     		movs	r0, #3
 175 006a FFF7FEFF 		bl	layer_off
 176              	.LVL14:
 229:keyboards/planck/keymaps/default/keymap.c ****         layer_on(_PLOVER);
 177              		.loc 1 229 9 view .LVU43
 178 006e 0620     		movs	r0, #6
 179 0070 FFF7FEFF 		bl	layer_off
 180              	.LVL15:
 230:keyboards/planck/keymaps/default/keymap.c ****         if (!eeconfig_is_enabled()) {
 181              		.loc 1 230 9 view .LVU44
 182 0074 0520     		movs	r0, #5
 183 0076 FFF7FEFF 		bl	layer_on
 184              	.LVL16:
 231:keyboards/planck/keymaps/default/keymap.c ****             eeconfig_init();
 185              		.loc 1 231 9 view .LVU45
 231:keyboards/planck/keymaps/default/keymap.c ****             eeconfig_init();
 186              		.loc 1 231 14 is_stmt 0 view .LVU46
 187 007a FFF7FEFF 		bl	eeconfig_is_enabled
 188              	.LVL17:
 231:keyboards/planck/keymaps/default/keymap.c ****             eeconfig_init();
 189              		.loc 1 231 12 view .LVU47
 190 007e 08B9     		cbnz	r0, .L12
 232:keyboards/planck/keymaps/default/keymap.c ****         }
 191              		.loc 1 232 13 is_stmt 1 view .LVU48
 192 0080 FFF7FEFF 		bl	eeconfig_init
 193              	.LVL18:
 194              	.L12:
 234:keyboards/planck/keymaps/default/keymap.c ****         keymap_config.nkro = 1;
 195              		.loc 1 234 9 view .LVU49
 234:keyboards/planck/keymaps/default/keymap.c ****         keymap_config.nkro = 1;
 196              		.loc 1 234 29 is_stmt 0 view .LVU50
 197 0084 FFF7FEFF 		bl	eeconfig_read_keymap
 198              	.LVL19:
 234:keyboards/planck/keymaps/default/keymap.c ****         keymap_config.nkro = 1;
 199              		.loc 1 234 27 view .LVU51
 200 0088 0D4B     		ldr	r3, .L31+8
 201 008a 1880     		strh	r0, [r3]	@ movhi
 235:keyboards/planck/keymaps/default/keymap.c ****         eeconfig_update_keymap(keymap_config.raw);
 202              		.loc 1 235 9 is_stmt 1 view .LVU52
 235:keyboards/planck/keymaps/default/keymap.c ****         eeconfig_update_keymap(keymap_config.raw);
 203              		.loc 1 235 28 is_stmt 0 view .LVU53
 204 008c 60F07F00 		orn	r0, r0, #127
 205 0090 1870     		strb	r0, [r3]
 236:keyboards/planck/keymaps/default/keymap.c ****       }
 206              		.loc 1 236 9 is_stmt 1 view .LVU54
 207 0092 1888     		ldrh	r0, [r3]
 208 0094 FFF7FEFF 		bl	eeconfig_update_keymap
 209              	.LVL20:
 210 0098 C5E7     		b	.L29
 211              	.LVL21:
 212              	.L4:
 239:keyboards/planck/keymaps/default/keymap.c ****     case EXT_PLV:
 213              		.loc 1 239 7 view .LVU55
 241:keyboards/planck/keymaps/default/keymap.c ****         #ifdef AUDIO_ENABLE
 214              		.loc 1 241 7 view .LVU56
 241:keyboards/planck/keymaps/default/keymap.c ****         #ifdef AUDIO_ENABLE
 215              		.loc 1 241 24 is_stmt 0 view .LVU57
 216 009a 8C78     		ldrb	r4, [r1, #2]	@ zero_extendqisi2
 241:keyboards/planck/keymaps/default/keymap.c ****         #ifdef AUDIO_ENABLE
 217              		.loc 1 241 10 view .LVU58
 218 009c 002C     		cmp	r4, #0
 219 009e D4D0     		beq	.L3
 243:keyboards/planck/keymaps/default/keymap.c ****         #endif
 220              		.loc 1 243 11 is_stmt 1 view .LVU59
 221 00a0 0848     		ldr	r0, .L31+12
 222 00a2 0022     		movs	r2, #0
 223 00a4 0621     		movs	r1, #6
 224              	.LVL22:
 243:keyboards/planck/keymaps/default/keymap.c ****         #endif
 225              		.loc 1 243 11 is_stmt 0 view .LVU60
 226 00a6 FFF7FEFF 		bl	audio_play_melody
 227              	.LVL23:
 245:keyboards/planck/keymaps/default/keymap.c ****       }
 228              		.loc 1 245 9 is_stmt 1 view .LVU61
 229 00aa 0520     		movs	r0, #5
 230 00ac FFF7FEFF 		bl	layer_off
 231              	.LVL24:
 232 00b0 B9E7     		b	.L29
 233              	.LVL25:
 234              	.L13:
 184:keyboards/planck/keymaps/default/keymap.c ****     case QWERTY:
 235              		.loc 1 184 3 is_stmt 0 view .LVU62
 236 00b2 0124     		movs	r4, #1
 237 00b4 C9E7     		b	.L3
 238              	.L32:
 239 00b6 00BF     		.align	2
 240              	.L31:
 241 00b8 00000000 		.word	.LC1
 242 00bc 00000000 		.word	.LANCHOR0
 243 00c0 00000000 		.word	keymap_config
 244 00c4 00000000 		.word	.LANCHOR1
 245              		.cfi_endproc
 246              	.LFE342:
 248              		.section	.text.encoder_update_user,"ax",%progbits
 249              		.align	1
 250              		.global	encoder_update_user
 251              		.syntax unified
 252              		.thumb
 253              		.thumb_func
 254              		.fpu fpv4-sp-d16
 256              	encoder_update_user:
 257              	.LVL26:
 258              	.LFB343:
 252:keyboards/planck/keymaps/default/keymap.c **** 
 253:keyboards/planck/keymaps/default/keymap.c **** bool muse_mode = false;
 254:keyboards/planck/keymaps/default/keymap.c **** uint8_t last_muse_note = 0;
 255:keyboards/planck/keymaps/default/keymap.c **** uint16_t muse_counter = 0;
 256:keyboards/planck/keymaps/default/keymap.c **** uint8_t muse_offset = 70;
 257:keyboards/planck/keymaps/default/keymap.c **** uint16_t muse_tempo = 50;
 258:keyboards/planck/keymaps/default/keymap.c **** 
 259:keyboards/planck/keymaps/default/keymap.c **** bool encoder_update_user(uint8_t index, bool clockwise) {
 259              		.loc 1 259 57 is_stmt 1 view -0
 260              		.cfi_startproc
 261              		@ args = 0, pretend = 0, frame = 0
 262              		@ frame_needed = 0, uses_anonymous_args = 0
 260:keyboards/planck/keymaps/default/keymap.c ****   if (muse_mode) {
 263              		.loc 1 260 3 view .LVU64
 264              		.loc 1 260 7 is_stmt 0 view .LVU65
 265 0000 104B     		ldr	r3, .L43
 266              		.loc 1 260 6 view .LVU66
 267 0002 1B78     		ldrb	r3, [r3]	@ zero_extendqisi2
 259:keyboards/planck/keymaps/default/keymap.c ****   if (muse_mode) {
 268              		.loc 1 259 57 view .LVU67
 269 0004 10B5     		push	{r4, lr}
 270              		.cfi_def_cfa_offset 8
 271              		.cfi_offset 4, -8
 272              		.cfi_offset 14, -4
 259:keyboards/planck/keymaps/default/keymap.c ****   if (muse_mode) {
 273              		.loc 1 259 57 view .LVU68
 274 0006 0C46     		mov	r4, r1
 275              		.loc 1 260 6 view .LVU69
 276 0008 A3B1     		cbz	r3, .L34
 261:keyboards/planck/keymaps/default/keymap.c ****     if (IS_LAYER_ON(_RAISE)) {
 277              		.loc 1 261 5 is_stmt 1 view .LVU70
 278              		.loc 1 261 9 is_stmt 0 view .LVU71
 279 000a 0420     		movs	r0, #4
 280              	.LVL27:
 281              		.loc 1 261 9 view .LVU72
 282 000c FFF7FEFF 		bl	layer_state_is
 283              	.LVL28:
 284              		.loc 1 261 8 view .LVU73
 285 0010 40B1     		cbz	r0, .L35
 262:keyboards/planck/keymaps/default/keymap.c ****       if (clockwise) {
 286              		.loc 1 262 7 is_stmt 1 view .LVU74
 263:keyboards/planck/keymaps/default/keymap.c ****         muse_offset++;
 287              		.loc 1 263 20 is_stmt 0 view .LVU75
 288 0012 0D4A     		ldr	r2, .L43+4
 289 0014 1378     		ldrb	r3, [r2]	@ zero_extendqisi2
 262:keyboards/planck/keymaps/default/keymap.c ****       if (clockwise) {
 290              		.loc 1 262 10 view .LVU76
 291 0016 1CB1     		cbz	r4, .L36
 292              		.loc 1 263 9 is_stmt 1 view .LVU77
 293              		.loc 1 263 20 is_stmt 0 view .LVU78
 294 0018 0133     		adds	r3, r3, #1
 295              	.L40:
 264:keyboards/planck/keymaps/default/keymap.c ****       } else {
 265:keyboards/planck/keymaps/default/keymap.c ****         muse_offset--;
 296              		.loc 1 265 20 view .LVU79
 297 001a 1370     		strb	r3, [r2]
 298              	.L37:
 266:keyboards/planck/keymaps/default/keymap.c ****       }
 267:keyboards/planck/keymaps/default/keymap.c ****     } else {
 268:keyboards/planck/keymaps/default/keymap.c ****       if (clockwise) {
 269:keyboards/planck/keymaps/default/keymap.c ****         muse_tempo+=1;
 270:keyboards/planck/keymaps/default/keymap.c ****       } else {
 271:keyboards/planck/keymaps/default/keymap.c ****         muse_tempo-=1;
 272:keyboards/planck/keymaps/default/keymap.c ****       }
 273:keyboards/planck/keymaps/default/keymap.c ****     }
 274:keyboards/planck/keymaps/default/keymap.c ****   } else {
 275:keyboards/planck/keymaps/default/keymap.c ****     if (clockwise) {
 276:keyboards/planck/keymaps/default/keymap.c ****       #ifdef MOUSEKEY_ENABLE
 277:keyboards/planck/keymaps/default/keymap.c ****         tap_code(KC_MS_WH_DOWN);
 278:keyboards/planck/keymaps/default/keymap.c ****       #else
 279:keyboards/planck/keymaps/default/keymap.c ****         tap_code(KC_PGDN);
 280:keyboards/planck/keymaps/default/keymap.c ****       #endif
 281:keyboards/planck/keymaps/default/keymap.c ****     } else {
 282:keyboards/planck/keymaps/default/keymap.c ****       #ifdef MOUSEKEY_ENABLE
 283:keyboards/planck/keymaps/default/keymap.c ****         tap_code(KC_MS_WH_UP);
 284:keyboards/planck/keymaps/default/keymap.c ****       #else
 285:keyboards/planck/keymaps/default/keymap.c ****         tap_code(KC_PGUP);
 286:keyboards/planck/keymaps/default/keymap.c ****       #endif
 287:keyboards/planck/keymaps/default/keymap.c ****     }
 288:keyboards/planck/keymaps/default/keymap.c ****   }
 289:keyboards/planck/keymaps/default/keymap.c ****     return true;
 299              		.loc 1 289 5 is_stmt 1 view .LVU80
 290:keyboards/planck/keymaps/default/keymap.c **** }
 300              		.loc 1 290 1 is_stmt 0 view .LVU81
 301 001c 0120     		movs	r0, #1
 302 001e 10BD     		pop	{r4, pc}
 303              	.L36:
 265:keyboards/planck/keymaps/default/keymap.c ****       }
 304              		.loc 1 265 9 is_stmt 1 view .LVU82
 265:keyboards/planck/keymaps/default/keymap.c ****       }
 305              		.loc 1 265 20 is_stmt 0 view .LVU83
 306 0020 013B     		subs	r3, r3, #1
 307 0022 FAE7     		b	.L40
 308              	.L35:
 268:keyboards/planck/keymaps/default/keymap.c ****         muse_tempo+=1;
 309              		.loc 1 268 7 is_stmt 1 view .LVU84
 269:keyboards/planck/keymaps/default/keymap.c ****       } else {
 310              		.loc 1 269 19 is_stmt 0 view .LVU85
 311 0024 094A     		ldr	r2, .L43+8
 312 0026 1388     		ldrh	r3, [r2]
 268:keyboards/planck/keymaps/default/keymap.c ****         muse_tempo+=1;
 313              		.loc 1 268 10 view .LVU86
 314 0028 14B1     		cbz	r4, .L38
 269:keyboards/planck/keymaps/default/keymap.c ****       } else {
 315              		.loc 1 269 9 is_stmt 1 view .LVU87
 269:keyboards/planck/keymaps/default/keymap.c ****       } else {
 316              		.loc 1 269 19 is_stmt 0 view .LVU88
 317 002a 0133     		adds	r3, r3, #1
 318              	.L42:
 271:keyboards/planck/keymaps/default/keymap.c ****       }
 319              		.loc 1 271 19 view .LVU89
 320 002c 1380     		strh	r3, [r2]	@ movhi
 321 002e F5E7     		b	.L37
 322              	.L38:
 271:keyboards/planck/keymaps/default/keymap.c ****       }
 323              		.loc 1 271 9 is_stmt 1 view .LVU90
 271:keyboards/planck/keymaps/default/keymap.c ****       }
 324              		.loc 1 271 19 is_stmt 0 view .LVU91
 325 0030 013B     		subs	r3, r3, #1
 326 0032 FBE7     		b	.L42
 327              	.LVL29:
 328              	.L34:
 275:keyboards/planck/keymaps/default/keymap.c ****       #ifdef MOUSEKEY_ENABLE
 329              		.loc 1 275 5 is_stmt 1 view .LVU92
 275:keyboards/planck/keymaps/default/keymap.c ****       #ifdef MOUSEKEY_ENABLE
 330              		.loc 1 275 8 is_stmt 0 view .LVU93
 331 0034 19B1     		cbz	r1, .L39
 277:keyboards/planck/keymaps/default/keymap.c ****       #else
 332              		.loc 1 277 9 is_stmt 1 view .LVU94
 333 0036 FA20     		movs	r0, #250
 334              	.LVL30:
 335              	.L41:
 283:keyboards/planck/keymaps/default/keymap.c ****       #else
 336              		.loc 1 283 9 is_stmt 0 view .LVU95
 337 0038 FFF7FEFF 		bl	tap_code
 338              	.LVL31:
 283:keyboards/planck/keymaps/default/keymap.c ****       #else
 339              		.loc 1 283 9 view .LVU96
 340 003c EEE7     		b	.L37
 341              	.LVL32:
 342              	.L39:
 283:keyboards/planck/keymaps/default/keymap.c ****       #else
 343              		.loc 1 283 9 is_stmt 1 view .LVU97
 344 003e F920     		movs	r0, #249
 345              	.LVL33:
 283:keyboards/planck/keymaps/default/keymap.c ****       #else
 346              		.loc 1 283 9 is_stmt 0 view .LVU98
 347 0040 FAE7     		b	.L41
 348              	.L44:
 349 0042 00BF     		.align	2
 350              	.L43:
 351 0044 00000000 		.word	.LANCHOR2
 352 0048 00000000 		.word	.LANCHOR3
 353 004c 00000000 		.word	.LANCHOR4
 354              		.cfi_endproc
 355              	.LFE343:
 357              		.section	.text.dip_switch_update_user,"ax",%progbits
 358              		.align	1
 359              		.global	dip_switch_update_user
 360              		.syntax unified
 361              		.thumb
 362              		.thumb_func
 363              		.fpu fpv4-sp-d16
 365              	dip_switch_update_user:
 366              	.LVL34:
 367              	.LFB344:
 291:keyboards/planck/keymaps/default/keymap.c **** 
 292:keyboards/planck/keymaps/default/keymap.c **** bool dip_switch_update_user(uint8_t index, bool active) {
 368              		.loc 1 292 57 is_stmt 1 view -0
 369              		.cfi_startproc
 370              		@ args = 0, pretend = 0, frame = 0
 371              		@ frame_needed = 0, uses_anonymous_args = 0
 293:keyboards/planck/keymaps/default/keymap.c ****     switch (index) {
 372              		.loc 1 293 5 view .LVU100
 292:keyboards/planck/keymaps/default/keymap.c ****     switch (index) {
 373              		.loc 1 292 57 is_stmt 0 view .LVU101
 374 0000 10B5     		push	{r4, lr}
 375              		.cfi_def_cfa_offset 8
 376              		.cfi_offset 4, -8
 377              		.cfi_offset 14, -4
 378              		.loc 1 293 5 view .LVU102
 379 0002 0246     		mov	r2, r0
 380 0004 18B1     		cbz	r0, .L46
 381 0006 0128     		cmp	r0, #1
 382 0008 19D0     		beq	.L47
 383              	.LVL35:
 384              	.L48:
 294:keyboards/planck/keymaps/default/keymap.c ****         case 0: {
 295:keyboards/planck/keymaps/default/keymap.c **** #ifdef AUDIO_ENABLE
 296:keyboards/planck/keymaps/default/keymap.c ****             static bool play_sound = false;
 297:keyboards/planck/keymaps/default/keymap.c **** #endif
 298:keyboards/planck/keymaps/default/keymap.c ****             if (active) {
 299:keyboards/planck/keymaps/default/keymap.c **** #ifdef AUDIO_ENABLE
 300:keyboards/planck/keymaps/default/keymap.c ****                 if (play_sound) { PLAY_SONG(plover_song); }
 301:keyboards/planck/keymaps/default/keymap.c **** #endif
 302:keyboards/planck/keymaps/default/keymap.c ****                 layer_on(_ADJUST);
 303:keyboards/planck/keymaps/default/keymap.c ****             } else {
 304:keyboards/planck/keymaps/default/keymap.c **** #ifdef AUDIO_ENABLE
 305:keyboards/planck/keymaps/default/keymap.c ****                 if (play_sound) { PLAY_SONG(plover_gb_song); }
 306:keyboards/planck/keymaps/default/keymap.c **** #endif
 307:keyboards/planck/keymaps/default/keymap.c ****                 layer_off(_ADJUST);
 308:keyboards/planck/keymaps/default/keymap.c ****             }
 309:keyboards/planck/keymaps/default/keymap.c **** #ifdef AUDIO_ENABLE
 310:keyboards/planck/keymaps/default/keymap.c ****             play_sound = true;
 311:keyboards/planck/keymaps/default/keymap.c **** #endif
 312:keyboards/planck/keymaps/default/keymap.c ****             break;
 313:keyboards/planck/keymaps/default/keymap.c ****         }
 314:keyboards/planck/keymaps/default/keymap.c ****         case 1:
 315:keyboards/planck/keymaps/default/keymap.c ****             if (active) {
 316:keyboards/planck/keymaps/default/keymap.c ****                 muse_mode = true;
 317:keyboards/planck/keymaps/default/keymap.c ****             } else {
 318:keyboards/planck/keymaps/default/keymap.c ****                 muse_mode = false;
 319:keyboards/planck/keymaps/default/keymap.c ****             }
 320:keyboards/planck/keymaps/default/keymap.c ****     }
 321:keyboards/planck/keymaps/default/keymap.c ****     return true;
 385              		.loc 1 321 5 is_stmt 1 view .LVU103
 322:keyboards/planck/keymaps/default/keymap.c **** }
 386              		.loc 1 322 1 is_stmt 0 view .LVU104
 387 000a 0120     		movs	r0, #1
 388 000c 10BD     		pop	{r4, pc}
 389              	.LVL36:
 390              	.L46:
 391              	.LBB2:
 296:keyboards/planck/keymaps/default/keymap.c **** #endif
 392              		.loc 1 296 13 is_stmt 1 view .LVU105
 298:keyboards/planck/keymaps/default/keymap.c **** #ifdef AUDIO_ENABLE
 393              		.loc 1 298 13 view .LVU106
 300:keyboards/planck/keymaps/default/keymap.c **** #endif
 394              		.loc 1 300 21 is_stmt 0 view .LVU107
 395 000e 0F4C     		ldr	r4, .L60
 396 0010 2378     		ldrb	r3, [r4]	@ zero_extendqisi2
 298:keyboards/planck/keymaps/default/keymap.c **** #ifdef AUDIO_ENABLE
 397              		.loc 1 298 16 view .LVU108
 398 0012 51B1     		cbz	r1, .L49
 300:keyboards/planck/keymaps/default/keymap.c **** #endif
 399              		.loc 1 300 17 is_stmt 1 view .LVU109
 300:keyboards/planck/keymaps/default/keymap.c **** #endif
 400              		.loc 1 300 20 is_stmt 0 view .LVU110
 401 0014 1BB1     		cbz	r3, .L50
 300:keyboards/planck/keymaps/default/keymap.c **** #endif
 402              		.loc 1 300 35 is_stmt 1 discriminator 1 view .LVU111
 403 0016 0E48     		ldr	r0, .L60+4
 404              	.LVL37:
 300:keyboards/planck/keymaps/default/keymap.c **** #endif
 405              		.loc 1 300 35 is_stmt 0 discriminator 1 view .LVU112
 406 0018 0621     		movs	r1, #6
 407              	.LVL38:
 300:keyboards/planck/keymaps/default/keymap.c **** #endif
 408              		.loc 1 300 35 discriminator 1 view .LVU113
 409 001a FFF7FEFF 		bl	audio_play_melody
 410              	.LVL39:
 411              	.L50:
 302:keyboards/planck/keymaps/default/keymap.c ****             } else {
 412              		.loc 1 302 17 is_stmt 1 view .LVU114
 413 001e 0620     		movs	r0, #6
 414 0020 FFF7FEFF 		bl	layer_on
 415              	.LVL40:
 416              	.L51:
 310:keyboards/planck/keymaps/default/keymap.c **** #endif
 417              		.loc 1 310 13 view .LVU115
 310:keyboards/planck/keymaps/default/keymap.c **** #endif
 418              		.loc 1 310 24 is_stmt 0 view .LVU116
 419 0024 0123     		movs	r3, #1
 420 0026 2370     		strb	r3, [r4]
 312:keyboards/planck/keymaps/default/keymap.c ****         }
 421              		.loc 1 312 13 is_stmt 1 view .LVU117
 422 0028 EFE7     		b	.L48
 423              	.LVL41:
 424              	.L49:
 305:keyboards/planck/keymaps/default/keymap.c **** #endif
 425              		.loc 1 305 17 view .LVU118
 305:keyboards/planck/keymaps/default/keymap.c **** #endif
 426              		.loc 1 305 20 is_stmt 0 view .LVU119
 427 002a 23B1     		cbz	r3, .L52
 305:keyboards/planck/keymaps/default/keymap.c **** #endif
 428              		.loc 1 305 35 is_stmt 1 discriminator 1 view .LVU120
 429 002c 0A46     		mov	r2, r1
 430 002e 0948     		ldr	r0, .L60+8
 431              	.LVL42:
 305:keyboards/planck/keymaps/default/keymap.c **** #endif
 432              		.loc 1 305 35 is_stmt 0 discriminator 1 view .LVU121
 433 0030 0621     		movs	r1, #6
 434              	.LVL43:
 305:keyboards/planck/keymaps/default/keymap.c **** #endif
 435              		.loc 1 305 35 discriminator 1 view .LVU122
 436 0032 FFF7FEFF 		bl	audio_play_melody
 437              	.LVL44:
 438              	.L52:
 307:keyboards/planck/keymaps/default/keymap.c ****             }
 439              		.loc 1 307 17 is_stmt 1 view .LVU123
 440 0036 0620     		movs	r0, #6
 441 0038 FFF7FEFF 		bl	layer_off
 442              	.LVL45:
 443 003c F2E7     		b	.L51
 444              	.LVL46:
 445              	.L47:
 307:keyboards/planck/keymaps/default/keymap.c ****             }
 446              		.loc 1 307 17 is_stmt 0 view .LVU124
 447              	.LBE2:
 315:keyboards/planck/keymaps/default/keymap.c ****                 muse_mode = true;
 448              		.loc 1 315 13 is_stmt 1 view .LVU125
 316:keyboards/planck/keymaps/default/keymap.c ****             } else {
 449              		.loc 1 316 27 is_stmt 0 view .LVU126
 450 003e 0029     		cmp	r1, #0
 451 0040 054B     		ldr	r3, .L60+12
 452 0042 0CBF     		ite	eq
 453 0044 0846     		moveq	r0, r1
 454              	.LVL47:
 316:keyboards/planck/keymaps/default/keymap.c ****             } else {
 455              		.loc 1 316 27 view .LVU127
 456 0046 1046     		movne	r0, r2
 457 0048 1870     		strb	r0, [r3]
 458 004a DEE7     		b	.L48
 459              	.L61:
 460              		.align	2
 461              	.L60:
 462 004c 00000000 		.word	.LANCHOR5
 463 0050 00000000 		.word	.LANCHOR0
 464 0054 00000000 		.word	.LANCHOR1
 465 0058 00000000 		.word	.LANCHOR2
 466              		.cfi_endproc
 467              	.LFE344:
 469              		.section	.text.matrix_scan_user,"ax",%progbits
 470              		.align	1
 471              		.global	matrix_scan_user
 472              		.syntax unified
 473              		.thumb
 474              		.thumb_func
 475              		.fpu fpv4-sp-d16
 477              	matrix_scan_user:
 478              	.LFB345:
 323:keyboards/planck/keymaps/default/keymap.c **** 
 324:keyboards/planck/keymaps/default/keymap.c **** void matrix_scan_user(void) {
 479              		.loc 1 324 29 is_stmt 1 view -0
 480              		.cfi_startproc
 481              		@ args = 0, pretend = 0, frame = 40
 482              		@ frame_needed = 0, uses_anonymous_args = 0
 325:keyboards/planck/keymaps/default/keymap.c **** #ifdef AUDIO_ENABLE
 326:keyboards/planck/keymaps/default/keymap.c ****     if (muse_mode) {
 483              		.loc 1 326 5 view .LVU129
 324:keyboards/planck/keymaps/default/keymap.c **** #ifdef AUDIO_ENABLE
 484              		.loc 1 324 29 is_stmt 0 view .LVU130
 485 0000 70B5     		push	{r4, r5, r6, lr}
 486              		.cfi_def_cfa_offset 16
 487              		.cfi_offset 4, -16
 488              		.cfi_offset 5, -12
 489              		.cfi_offset 6, -8
 490              		.cfi_offset 14, -4
 491              		.loc 1 326 9 view .LVU131
 492 0002 214A     		ldr	r2, .L72
 327:keyboards/planck/keymaps/default/keymap.c ****         if (muse_counter == 0) {
 493              		.loc 1 327 26 view .LVU132
 494 0004 214D     		ldr	r5, .L72+4
 326:keyboards/planck/keymaps/default/keymap.c ****         if (muse_counter == 0) {
 495              		.loc 1 326 8 view .LVU133
 496 0006 1478     		ldrb	r4, [r2]	@ zero_extendqisi2
 497              		.loc 1 327 26 view .LVU134
 498 0008 2B88     		ldrh	r3, [r5]
 324:keyboards/planck/keymaps/default/keymap.c **** #ifdef AUDIO_ENABLE
 499              		.loc 1 324 29 view .LVU135
 500 000a 8AB0     		sub	sp, sp, #40
 501              		.cfi_def_cfa_offset 56
 326:keyboards/planck/keymaps/default/keymap.c ****         if (muse_counter == 0) {
 502              		.loc 1 326 8 view .LVU136
 503 000c 002C     		cmp	r4, #0
 504 000e 35D0     		beq	.L63
 505              		.loc 1 327 9 is_stmt 1 view .LVU137
 506              		.loc 1 327 12 is_stmt 0 view .LVU138
 507 0010 4BBB     		cbnz	r3, .L64
 508              	.LBB3:
 328:keyboards/planck/keymaps/default/keymap.c ****             uint8_t muse_note = muse_offset + SCALE[muse_clock_pulse()];
 509              		.loc 1 328 13 is_stmt 1 view .LVU139
 510              		.loc 1 328 47 is_stmt 0 view .LVU140
 511 0012 1F4B     		ldr	r3, .L72+8
 512 0014 01AA     		add	r2, sp, #4
 513 0016 03F12006 		add	r6, r3, #32
 514              	.L65:
 515 001a 1868     		ldr	r0, [r3]	@ unaligned
 516 001c 5968     		ldr	r1, [r3, #4]	@ unaligned
 517 001e 1446     		mov	r4, r2
 518 0020 03C4     		stmia	r4!, {r0, r1}
 519 0022 0833     		adds	r3, r3, #8
 520 0024 B342     		cmp	r3, r6
 521 0026 2246     		mov	r2, r4
 522 0028 F7D1     		bne	.L65
 523 002a 1988     		ldrh	r1, [r3]	@ unaligned
 524 002c 9B78     		ldrb	r3, [r3, #2]	@ zero_extendqisi2
 525 002e A370     		strb	r3, [r4, #2]
 526 0030 2180     		strh	r1, [r4]	@ unaligned
 527              		.loc 1 328 53 view .LVU141
 528 0032 FFF7FEFF 		bl	muse_clock_pulse
 529              	.LVL48:
 530              		.loc 1 328 52 view .LVU142
 531 0036 00F12803 		add	r3, r0, #40
 532 003a 0DEB0300 		add	r0, sp, r3
 533              		.loc 1 328 21 view .LVU143
 534 003e 154B     		ldr	r3, .L72+12
 535 0040 10F8244C 		ldrb	r4, [r0, #-36]	@ zero_extendqisi2
 536 0044 1B78     		ldrb	r3, [r3]	@ zero_extendqisi2
 329:keyboards/planck/keymaps/default/keymap.c ****             if (muse_note != last_muse_note) {
 537              		.loc 1 329 27 view .LVU144
 538 0046 144E     		ldr	r6, .L72+16
 328:keyboards/planck/keymaps/default/keymap.c ****             uint8_t muse_note = muse_offset + SCALE[muse_clock_pulse()];
 539              		.loc 1 328 21 view .LVU145
 540 0048 1C44     		add	r4, r4, r3
 541              		.loc 1 329 27 view .LVU146
 542 004a 3078     		ldrb	r0, [r6]	@ zero_extendqisi2
 328:keyboards/planck/keymaps/default/keymap.c ****             uint8_t muse_note = muse_offset + SCALE[muse_clock_pulse()];
 543              		.loc 1 328 21 view .LVU147
 544 004c E4B2     		uxtb	r4, r4
 545              	.LVL49:
 546              		.loc 1 329 13 is_stmt 1 view .LVU148
 547              		.loc 1 329 16 is_stmt 0 view .LVU149
 548 004e A042     		cmp	r0, r4
 549 0050 09D0     		beq	.L64
 330:keyboards/planck/keymaps/default/keymap.c ****                 stop_note(compute_freq_for_midi_note(last_muse_note));
 550              		.loc 1 330 17 is_stmt 1 view .LVU150
 551 0052 FFF7FEFF 		bl	compute_freq_for_midi_note
 552              	.LVL50:
 553 0056 FFF7FEFF 		bl	audio_stop_tone
 554              	.LVL51:
 331:keyboards/planck/keymaps/default/keymap.c ****                 play_note(compute_freq_for_midi_note(muse_note), 0xF);
 555              		.loc 1 331 17 view .LVU151
 556 005a 2046     		mov	r0, r4
 557 005c FFF7FEFF 		bl	compute_freq_for_midi_note
 558              	.LVL52:
 559 0060 FFF7FEFF 		bl	audio_play_tone
 560              	.LVL53:
 332:keyboards/planck/keymaps/default/keymap.c ****                 last_muse_note = muse_note;
 561              		.loc 1 332 17 view .LVU152
 562              		.loc 1 332 32 is_stmt 0 view .LVU153
 563 0064 3470     		strb	r4, [r6]
 564              	.LVL54:
 565              	.L64:
 566              		.loc 1 332 32 view .LVU154
 567              	.LBE3:
 333:keyboards/planck/keymaps/default/keymap.c ****             }
 334:keyboards/planck/keymaps/default/keymap.c ****         }
 335:keyboards/planck/keymaps/default/keymap.c ****         muse_counter = (muse_counter + 1) % muse_tempo;
 568              		.loc 1 335 9 is_stmt 1 view .LVU155
 569              		.loc 1 335 43 is_stmt 0 view .LVU156
 570 0066 0D4A     		ldr	r2, .L72+20
 571              		.loc 1 335 38 view .LVU157
 572 0068 2B88     		ldrh	r3, [r5]
 573              		.loc 1 335 43 view .LVU158
 574 006a 1288     		ldrh	r2, [r2]
 575              		.loc 1 335 38 view .LVU159
 576 006c 0133     		adds	r3, r3, #1
 577              		.loc 1 335 43 view .LVU160
 578 006e B3FBF2F1 		udiv	r1, r3, r2
 579 0072 02FB1133 		mls	r3, r2, r1, r3
 580              		.loc 1 335 22 view .LVU161
 581 0076 2B80     		strh	r3, [r5]	@ movhi
 582              	.L62:
 336:keyboards/planck/keymaps/default/keymap.c ****     } else {
 337:keyboards/planck/keymaps/default/keymap.c ****         if (muse_counter) {
 338:keyboards/planck/keymaps/default/keymap.c ****             stop_all_notes();
 339:keyboards/planck/keymaps/default/keymap.c ****             muse_counter = 0;
 340:keyboards/planck/keymaps/default/keymap.c ****         }
 341:keyboards/planck/keymaps/default/keymap.c ****     }
 342:keyboards/planck/keymaps/default/keymap.c **** #endif
 343:keyboards/planck/keymaps/default/keymap.c **** }
 583              		.loc 1 343 1 view .LVU162
 584 0078 0AB0     		add	sp, sp, #40
 585              		.cfi_remember_state
 586              		.cfi_def_cfa_offset 16
 587              		@ sp needed
 588 007a 70BD     		pop	{r4, r5, r6, pc}
 589              	.L63:
 590              		.cfi_restore_state
 337:keyboards/planck/keymaps/default/keymap.c ****             stop_all_notes();
 591              		.loc 1 337 9 is_stmt 1 view .LVU163
 337:keyboards/planck/keymaps/default/keymap.c ****             stop_all_notes();
 592              		.loc 1 337 12 is_stmt 0 view .LVU164
 593 007c 002B     		cmp	r3, #0
 594 007e FBD0     		beq	.L62
 338:keyboards/planck/keymaps/default/keymap.c ****             muse_counter = 0;
 595              		.loc 1 338 13 is_stmt 1 view .LVU165
 596 0080 FFF7FEFF 		bl	audio_stop_all
 597              	.LVL55:
 339:keyboards/planck/keymaps/default/keymap.c ****         }
 598              		.loc 1 339 13 view .LVU166
 339:keyboards/planck/keymaps/default/keymap.c ****         }
 599              		.loc 1 339 26 is_stmt 0 view .LVU167
 600 0084 2C80     		strh	r4, [r5]	@ movhi
 601              		.loc 1 343 1 view .LVU168
 602 0086 F7E7     		b	.L62
 603              	.L73:
 604              		.align	2
 605              	.L72:
 606 0088 00000000 		.word	.LANCHOR2
 607 008c 00000000 		.word	.LANCHOR6
 608 0090 00000000 		.word	.LANCHOR7
 609 0094 00000000 		.word	.LANCHOR3
 610 0098 00000000 		.word	.LANCHOR8
 611 009c 00000000 		.word	.LANCHOR4
 612              		.cfi_endproc
 613              	.LFE345:
 615              		.section	.text.music_mask_user,"ax",%progbits
 616              		.align	1
 617              		.global	music_mask_user
 618              		.syntax unified
 619              		.thumb
 620              		.thumb_func
 621              		.fpu fpv4-sp-d16
 623              	music_mask_user:
 624              	.LVL56:
 625              	.LFB346:
 344:keyboards/planck/keymaps/default/keymap.c **** 
 345:keyboards/planck/keymaps/default/keymap.c **** bool music_mask_user(uint16_t keycode) {
 626              		.loc 1 345 40 is_stmt 1 view -0
 627              		.cfi_startproc
 628              		@ args = 0, pretend = 0, frame = 0
 629              		@ frame_needed = 0, uses_anonymous_args = 0
 630              		@ link register save eliminated.
 346:keyboards/planck/keymaps/default/keymap.c ****   switch (keycode) {
 631              		.loc 1 346 3 view .LVU170
 632 0000 A0F5A240 		sub	r0, r0, #20736
 633              	.LVL57:
 634              		.loc 1 346 3 is_stmt 0 view .LVU171
 635 0004 0338     		subs	r0, r0, #3
 347:keyboards/planck/keymaps/default/keymap.c ****     case RAISE:
 348:keyboards/planck/keymaps/default/keymap.c ****     case LOWER:
 349:keyboards/planck/keymaps/default/keymap.c ****       return false;
 350:keyboards/planck/keymaps/default/keymap.c ****     default:
 351:keyboards/planck/keymaps/default/keymap.c ****       return true;
 352:keyboards/planck/keymaps/default/keymap.c ****   }
 353:keyboards/planck/keymaps/default/keymap.c **** }
 636              		.loc 1 353 1 view .LVU172
 637 0006 0128     		cmp	r0, #1
 638 0008 94BF     		ite	ls
 639 000a 0020     		movls	r0, #0
 640 000c 0120     		movhi	r0, #1
 641 000e 7047     		bx	lr
 642              		.cfi_endproc
 643              	.LFE346:
 645              		.global	muse_tempo
 646              		.global	muse_offset
 647              		.global	muse_counter
 648              		.global	last_muse_note
 649              		.global	muse_mode
 650              		.global	plover_gb_song
 651              		.global	plover_song
 652              		.global	keymaps
 653              		.section	.rodata
 654              		.set	.LANCHOR7,. + 0
 655              	.LC0:
 656 0000 00       		.byte	0
 657 0001 02       		.byte	2
 658 0002 04       		.byte	4
 659 0003 05       		.byte	5
 660 0004 07       		.byte	7
 661 0005 09       		.byte	9
 662 0006 0B       		.byte	11
 663 0007 0C       		.byte	12
 664 0008 0E       		.byte	14
 665 0009 10       		.byte	16
 666 000a 11       		.byte	17
 667 000b 13       		.byte	19
 668 000c 15       		.byte	21
 669 000d 17       		.byte	23
 670 000e 18       		.byte	24
 671 000f 1A       		.byte	26
 672 0010 1C       		.byte	28
 673 0011 1D       		.byte	29
 674 0012 1F       		.byte	31
 675 0013 21       		.byte	33
 676 0014 23       		.byte	35
 677 0015 24       		.byte	36
 678 0016 26       		.byte	38
 679 0017 28       		.byte	40
 680 0018 29       		.byte	41
 681 0019 2B       		.byte	43
 682 001a 2D       		.byte	45
 683 001b 2F       		.byte	47
 684 001c 30       		.byte	48
 685 001d 32       		.byte	50
 686 001e 34       		.byte	52
 687 001f 35       		.byte	53
 688 0020 37       		.byte	55
 689 0021 39       		.byte	57
 690 0022 3B       		.byte	59
 691              		.section	.bss.last_muse_note,"aw",%nobits
 692              		.set	.LANCHOR8,. + 0
 695              	last_muse_note:
 696 0000 00       		.space	1
 697              		.section	.bss.muse_counter,"aw",%nobits
 698              		.align	1
 699              		.set	.LANCHOR6,. + 0
 702              	muse_counter:
 703 0000 0000     		.space	2
 704              		.section	.bss.muse_mode,"aw",%nobits
 705              		.set	.LANCHOR2,. + 0
 708              	muse_mode:
 709 0000 00       		.space	1
 710              		.section	.bss.play_sound.0,"aw",%nobits
 711              		.set	.LANCHOR5,. + 0
 714              	play_sound.0:
 715 0000 00       		.space	1
 716              		.section	.data.muse_offset,"aw"
 717              		.set	.LANCHOR3,. + 0
 720              	muse_offset:
 721 0000 46       		.byte	70
 722              		.section	.data.muse_tempo,"aw"
 723              		.align	1
 724              		.set	.LANCHOR4,. + 0
 727              	muse_tempo:
 728 0000 3200     		.short	50
 729              		.section	.data.plover_gb_song,"aw"
 730              		.align	2
 731              		.set	.LANCHOR1,. + 0
 734              	plover_gb_song:
 735 0000 0AA7CF44 		.word	1154459402
 736 0004 00000041 		.word	1090519040
 737 0008 0000DC44 		.word	1155268608
 738 000c 00000041 		.word	1090519040
 739 0010 00000000 		.word	0
 740 0014 00008040 		.word	1082130432
 741 0018 00005C45 		.word	1163657216
 742 001c 00004041 		.word	1094713344
 743 0020 00000000 		.word	0
 744 0024 00008040 		.word	1082130432
 745 0028 52D02445 		.word	1160040530
 746 002c 00004041 		.word	1094713344
 747              		.section	.data.plover_song,"aw"
 748              		.align	2
 749              		.set	.LANCHOR0,. + 0
 752              	plover_song:
 753 0000 0AA7CF44 		.word	1154459402
 754 0004 00000041 		.word	1090519040
 755 0008 0000DC44 		.word	1155268608
 756 000c 00000041 		.word	1090519040
 757 0010 00000000 		.word	0
 758 0014 00008040 		.word	1082130432
 759 0018 52D02445 		.word	1160040530
 760 001c 00004041 		.word	1094713344
 761 0020 00000000 		.word	0
 762 0024 00008040 		.word	1082130432
 763 0028 00005C45 		.word	1163657216
 764 002c 00004041 		.word	1094713344
 765              		.section	.rodata.keymaps,"a"
 766              		.align	1
 769              	keymaps:
 770 0000 2B00     		.short	43
 771 0002 1400     		.short	20
 772 0004 1A00     		.short	26
 773 0006 0800     		.short	8
 774 0008 1500     		.short	21
 775 000a 1700     		.short	23
 776 000c 2900     		.short	41
 777 000e 0400     		.short	4
 778 0010 1600     		.short	22
 779 0012 0700     		.short	7
 780 0014 0900     		.short	9
 781 0016 0A00     		.short	10
 782 0018 E100     		.short	225
 783 001a 1D00     		.short	29
 784 001c 1B00     		.short	27
 785 001e 0600     		.short	6
 786 0020 1900     		.short	25
 787 0022 0500     		.short	5
 788 0024 675D     		.short	23911
 789 0026 E000     		.short	224
 790 0028 E200     		.short	226
 791 002a 5100     		.short	81
 792 002c 5200     		.short	82
 793 002e 4F00     		.short	79
 794 0030 1C00     		.short	28
 795 0032 1800     		.short	24
 796 0034 0C00     		.short	12
 797 0036 1200     		.short	18
 798 0038 1300     		.short	19
 799 003a 2A00     		.short	42
 800 003c 0B00     		.short	11
 801 003e 0D00     		.short	13
 802 0040 0E00     		.short	14
 803 0042 0F00     		.short	15
 804 0044 3300     		.short	51
 805 0046 3400     		.short	52
 806 0048 1100     		.short	17
 807 004a 1000     		.short	16
 808 004c 3600     		.short	54
 809 004e 3700     		.short	55
 810 0050 3800     		.short	56
 811 0052 2800     		.short	40
 812 0054 2C00     		.short	44
 813 0056 0451     		.short	20740
 814 0058 5000     		.short	80
 815 005a E300     		.short	227
 816 005c 0351     		.short	20739
 817 005e 2C00     		.short	44
 818 0060 2B00     		.short	43
 819 0062 1400     		.short	20
 820 0064 1A00     		.short	26
 821 0066 0900     		.short	9
 822 0068 1300     		.short	19
 823 006a 0A00     		.short	10
 824 006c 2900     		.short	41
 825 006e 0400     		.short	4
 826 0070 1500     		.short	21
 827 0072 1600     		.short	22
 828 0074 1700     		.short	23
 829 0076 0700     		.short	7
 830 0078 E100     		.short	225
 831 007a 1D00     		.short	29
 832 007c 1B00     		.short	27
 833 007e 0600     		.short	6
 834 0080 1900     		.short	25
 835 0082 0500     		.short	5
 836 0084 675D     		.short	23911
 837 0086 E000     		.short	224
 838 0088 E200     		.short	226
 839 008a 5100     		.short	81
 840 008c 5200     		.short	82
 841 008e 4F00     		.short	79
 842 0090 0D00     		.short	13
 843 0092 0F00     		.short	15
 844 0094 1800     		.short	24
 845 0096 1C00     		.short	28
 846 0098 3300     		.short	51
 847 009a 2A00     		.short	42
 848 009c 0B00     		.short	11
 849 009e 1100     		.short	17
 850 00a0 0800     		.short	8
 851 00a2 0C00     		.short	12
 852 00a4 1200     		.short	18
 853 00a6 3400     		.short	52
 854 00a8 0E00     		.short	14
 855 00aa 1000     		.short	16
 856 00ac 3600     		.short	54
 857 00ae 3700     		.short	55
 858 00b0 3800     		.short	56
 859 00b2 2800     		.short	40
 860 00b4 2C00     		.short	44
 861 00b6 0451     		.short	20740
 862 00b8 5000     		.short	80
 863 00ba E300     		.short	227
 864 00bc 0351     		.short	20739
 865 00be 2C00     		.short	44
 866 00c0 2B00     		.short	43
 867 00c2 3400     		.short	52
 868 00c4 3600     		.short	54
 869 00c6 3700     		.short	55
 870 00c8 1300     		.short	19
 871 00ca 1C00     		.short	28
 872 00cc 2900     		.short	41
 873 00ce 0400     		.short	4
 874 00d0 1200     		.short	18
 875 00d2 0800     		.short	8
 876 00d4 1800     		.short	24
 877 00d6 0C00     		.short	12
 878 00d8 E100     		.short	225
 879 00da 3300     		.short	51
 880 00dc 1400     		.short	20
 881 00de 0D00     		.short	13
 882 00e0 0E00     		.short	14
 883 00e2 1B00     		.short	27
 884 00e4 675D     		.short	23911
 885 00e6 E000     		.short	224
 886 00e8 E200     		.short	226
 887 00ea 5100     		.short	81
 888 00ec 5200     		.short	82
 889 00ee 4F00     		.short	79
 890 00f0 0900     		.short	9
 891 00f2 0A00     		.short	10
 892 00f4 0600     		.short	6
 893 00f6 1500     		.short	21
 894 00f8 0F00     		.short	15
 895 00fa 2A00     		.short	42
 896 00fc 0700     		.short	7
 897 00fe 0B00     		.short	11
 898 0100 1700     		.short	23
 899 0102 1100     		.short	17
 900 0104 1600     		.short	22
 901 0106 3800     		.short	56
 902 0108 0500     		.short	5
 903 010a 1000     		.short	16
 904 010c 1A00     		.short	26
 905 010e 1900     		.short	25
 906 0110 1D00     		.short	29
 907 0112 2800     		.short	40
 908 0114 2C00     		.short	44
 909 0116 0451     		.short	20740
 910 0118 5000     		.short	80
 911 011a E300     		.short	227
 912 011c 0351     		.short	20739
 913 011e 2C00     		.short	44
 914 0120 3502     		.short	565
 915 0122 1E02     		.short	542
 916 0124 1F02     		.short	543
 917 0126 2002     		.short	544
 918 0128 2102     		.short	545
 919 012a 2202     		.short	546
 920 012c 4C00     		.short	76
 921 012e 3A00     		.short	58
 922 0130 3B00     		.short	59
 923 0132 3C00     		.short	60
 924 0134 3D00     		.short	61
 925 0136 3E00     		.short	62
 926 0138 0100     		.short	1
 927 013a 4000     		.short	64
 928 013c 4100     		.short	65
 929 013e 4200     		.short	66
 930 0140 4300     		.short	67
 931 0142 4400     		.short	68
 932 0144 0100     		.short	1
 933 0146 0100     		.short	1
 934 0148 0100     		.short	1
 935 014a AA00     		.short	170
 936 014c A900     		.short	169
 937 014e AE00     		.short	174
 938 0150 2302     		.short	547
 939 0152 2402     		.short	548
 940 0154 2502     		.short	549
 941 0156 2602     		.short	550
 942 0158 2702     		.short	551
 943 015a 2A00     		.short	42
 944 015c 3F00     		.short	63
 945 015e 2D02     		.short	557
 946 0160 2E02     		.short	558
 947 0162 2F02     		.short	559
 948 0164 3002     		.short	560
 949 0166 3102     		.short	561
 950 0168 4500     		.short	69
 951 016a 3202     		.short	562
 952 016c 6402     		.short	612
 953 016e 4A00     		.short	74
 954 0170 4D00     		.short	77
 955 0172 0100     		.short	1
 956 0174 0100     		.short	1
 957 0176 0100     		.short	1
 958 0178 AB00     		.short	171
 959 017a 0100     		.short	1
 960 017c 0100     		.short	1
 961 017e 0100     		.short	1
 962 0180 3500     		.short	53
 963 0182 1E00     		.short	30
 964 0184 1F00     		.short	31
 965 0186 2000     		.short	32
 966 0188 2100     		.short	33
 967 018a 2200     		.short	34
 968 018c 4C00     		.short	76
 969 018e 3A00     		.short	58
 970 0190 3B00     		.short	59
 971 0192 3C00     		.short	60
 972 0194 3D00     		.short	61
 973 0196 3E00     		.short	62
 974 0198 0100     		.short	1
 975 019a 4000     		.short	64
 976 019c 4100     		.short	65
 977 019e 4200     		.short	66
 978 01a0 4300     		.short	67
 979 01a2 4400     		.short	68
 980 01a4 0100     		.short	1
 981 01a6 0100     		.short	1
 982 01a8 0100     		.short	1
 983 01aa AA00     		.short	170
 984 01ac A900     		.short	169
 985 01ae AE00     		.short	174
 986 01b0 2300     		.short	35
 987 01b2 2400     		.short	36
 988 01b4 2500     		.short	37
 989 01b6 2600     		.short	38
 990 01b8 2700     		.short	39
 991 01ba 2A00     		.short	42
 992 01bc 3F00     		.short	63
 993 01be 2D00     		.short	45
 994 01c0 2E00     		.short	46
 995 01c2 2F00     		.short	47
 996 01c4 3000     		.short	48
 997 01c6 3100     		.short	49
 998 01c8 4500     		.short	69
 999 01ca 3200     		.short	50
 1000 01cc 6400     		.short	100
 1001 01ce 4B00     		.short	75
 1002 01d0 4E00     		.short	78
 1003 01d2 0100     		.short	1
 1004 01d4 0100     		.short	1
 1005 01d6 0100     		.short	1
 1006 01d8 AB00     		.short	171
 1007 01da 0100     		.short	1
 1008 01dc 0100     		.short	1
 1009 01de 0100     		.short	1
 1010 01e0 1E00     		.short	30
 1011 01e2 1E00     		.short	30
 1012 01e4 1E00     		.short	30
 1013 01e6 1E00     		.short	30
 1014 01e8 1E00     		.short	30
 1015 01ea 1E00     		.short	30
 1016 01ec 0000     		.short	0
 1017 01ee 1400     		.short	20
 1018 01f0 1A00     		.short	26
 1019 01f2 0800     		.short	8
 1020 01f4 1500     		.short	21
 1021 01f6 1700     		.short	23
 1022 01f8 0000     		.short	0
 1023 01fa 0400     		.short	4
 1024 01fc 1600     		.short	22
 1025 01fe 0700     		.short	7
 1026 0200 0900     		.short	9
 1027 0202 0A00     		.short	10
 1028 0204 685D     		.short	23912
 1029 0206 0000     		.short	0
 1030 0208 0000     		.short	0
 1031 020a 0000     		.short	0
 1032 020c 0000     		.short	0
 1033 020e 0000     		.short	0
 1034 0210 1E00     		.short	30
 1035 0212 1E00     		.short	30
 1036 0214 1E00     		.short	30
 1037 0216 1E00     		.short	30
 1038 0218 1E00     		.short	30
 1039 021a 1E00     		.short	30
 1040 021c 1C00     		.short	28
 1041 021e 1800     		.short	24
 1042 0220 0C00     		.short	12
 1043 0222 1200     		.short	18
 1044 0224 1300     		.short	19
 1045 0226 2F00     		.short	47
 1046 0228 0B00     		.short	11
 1047 022a 0D00     		.short	13
 1048 022c 0E00     		.short	14
 1049 022e 0F00     		.short	15
 1050 0230 3300     		.short	51
 1051 0232 3400     		.short	52
 1052 0234 0000     		.short	0
 1053 0236 1100     		.short	17
 1054 0238 1000     		.short	16
 1055 023a 0600     		.short	6
 1056 023c 1900     		.short	25
 1057 023e 0000     		.short	0
 1058 0240 0100     		.short	1
 1059 0242 005C     		.short	23552
 1060 0244 015C     		.short	23553
 1061 0246 C35C     		.short	23747
 1062 0248 C45C     		.short	23748
 1063 024a C65C     		.short	23750
 1064 024c 0100     		.short	1
 1065 024e 0100     		.short	1
 1066 0250 295C     		.short	23593
 1067 0252 1D5C     		.short	23581
 1068 0254 1E5C     		.short	23582
 1069 0256 135C     		.short	23571
 1070 0258 0100     		.short	1
 1071 025a 2B5C     		.short	23595
 1072 025c 2A5C     		.short	23594
 1073 025e 265C     		.short	23590
 1074 0260 275C     		.short	23591
 1075 0262 2C5C     		.short	23596
 1076 0264 0100     		.short	1
 1077 0266 0100     		.short	1
 1078 0268 0100     		.short	1
 1079 026a 0100     		.short	1
 1080 026c 0100     		.short	1
 1081 026e 0100     		.short	1
 1082 0270 C75C     		.short	23751
 1083 0272 C85C     		.short	23752
 1084 0274 C95C     		.short	23753
 1085 0276 CA5C     		.short	23754
 1086 0278 CB5C     		.short	23755
 1087 027a 4C00     		.short	76
 1088 027c 0A5C     		.short	23562
 1089 027e 635D     		.short	23907
 1090 0280 645D     		.short	23908
 1091 0282 655D     		.short	23909
 1092 0284 665D     		.short	23910
 1093 0286 0100     		.short	1
 1094 0288 2D5C     		.short	23597
 1095 028a 0000     		.short	0
 1096 028c 0000     		.short	0
 1097 028e 0100     		.short	1
 1098 0290 0100     		.short	1
 1099 0292 0100     		.short	1
 1100 0294 0100     		.short	1
 1101 0296 0100     		.short	1
 1102 0298 0100     		.short	1
 1103 029a 0100     		.short	1
 1104 029c 0100     		.short	1
 1105 029e 0100     		.short	1
 1106              		.text
 1107              	.Letext0:
 1108              		.file 2 "/usr/lib/gcc/arm-none-eabi/11.2.0/include/stddef.h"
 1109              		.file 3 "/usr/arm-none-eabi/include/machine/_default_types.h"
 1110              		.file 4 "/usr/arm-none-eabi/include/sys/_stdint.h"
 1111              		.file 5 "quantum/keyboard.h"
 1112              		.file 6 "quantum/keycode.h"
 1113              		.file 7 "quantum/action.h"
 1114              		.file 8 "quantum/keycode_config.h"
 1115              		.file 9 "quantum/quantum_keycodes.h"
 1116              		.file 10 "quantum/keymap.h"
 1117              		.file 11 "quantum/action_layer.h"
 1118              		.file 12 "quantum/audio/audio.h"
 1119              		.file 13 "quantum/process_keycode/process_audio.h"
 1120              		.file 14 "quantum/eeconfig.h"
 1121              		.file 15 "quantum/audio/muse.h"
 1122              		.file 16 "quantum/quantum.h"
 1123              		.file 17 "lib/printf/printf.h"
 1124              		.file 18 "quantum/sequencer/sequencer.h"
DEFINED SYMBOLS
                            *ABS*:0000000000000000 keymap.c
     /tmp/cc5AcVP0.s:18     .text.layer_state_set_user:0000000000000000 $t
     /tmp/cc5AcVP0.s:26     .text.layer_state_set_user:0000000000000000 layer_state_set_user
     /tmp/cc5AcVP0.s:51     .text.process_record_user:0000000000000000 $t
     /tmp/cc5AcVP0.s:58     .text.process_record_user:0000000000000000 process_record_user
     /tmp/cc5AcVP0.s:80     .text.process_record_user:0000000000000010 $d
     /tmp/cc5AcVP0.s:86     .text.process_record_user:0000000000000016 $t
     /tmp/cc5AcVP0.s:241    .text.process_record_user:00000000000000b8 $d
     /tmp/cc5AcVP0.s:249    .text.encoder_update_user:0000000000000000 $t
     /tmp/cc5AcVP0.s:256    .text.encoder_update_user:0000000000000000 encoder_update_user
     /tmp/cc5AcVP0.s:351    .text.encoder_update_user:0000000000000044 $d
     /tmp/cc5AcVP0.s:358    .text.dip_switch_update_user:0000000000000000 $t
     /tmp/cc5AcVP0.s:365    .text.dip_switch_update_user:0000000000000000 dip_switch_update_user
     /tmp/cc5AcVP0.s:462    .text.dip_switch_update_user:000000000000004c $d
     /tmp/cc5AcVP0.s:470    .text.matrix_scan_user:0000000000000000 $t
     /tmp/cc5AcVP0.s:477    .text.matrix_scan_user:0000000000000000 matrix_scan_user
     /tmp/cc5AcVP0.s:606    .text.matrix_scan_user:0000000000000088 $d
     /tmp/cc5AcVP0.s:616    .text.music_mask_user:0000000000000000 $t
     /tmp/cc5AcVP0.s:623    .text.music_mask_user:0000000000000000 music_mask_user
     /tmp/cc5AcVP0.s:727    .data.muse_tempo:0000000000000000 muse_tempo
     /tmp/cc5AcVP0.s:720    .data.muse_offset:0000000000000000 muse_offset
     /tmp/cc5AcVP0.s:702    .bss.muse_counter:0000000000000000 muse_counter
     /tmp/cc5AcVP0.s:695    .bss.last_muse_note:0000000000000000 last_muse_note
     /tmp/cc5AcVP0.s:708    .bss.muse_mode:0000000000000000 muse_mode
     /tmp/cc5AcVP0.s:734    .data.plover_gb_song:0000000000000000 plover_gb_song
     /tmp/cc5AcVP0.s:752    .data.plover_song:0000000000000000 plover_song
     /tmp/cc5AcVP0.s:769    .rodata.keymaps:0000000000000000 keymaps
     /tmp/cc5AcVP0.s:696    .bss.last_muse_note:0000000000000000 $d
     /tmp/cc5AcVP0.s:698    .bss.muse_counter:0000000000000000 $d
     /tmp/cc5AcVP0.s:709    .bss.muse_mode:0000000000000000 $d
     /tmp/cc5AcVP0.s:714    .bss.play_sound.0:0000000000000000 play_sound.0
     /tmp/cc5AcVP0.s:715    .bss.play_sound.0:0000000000000000 $d
     /tmp/cc5AcVP0.s:723    .data.muse_tempo:0000000000000000 $d
     /tmp/cc5AcVP0.s:730    .data.plover_gb_song:0000000000000000 $d
     /tmp/cc5AcVP0.s:748    .data.plover_song:0000000000000000 $d
     /tmp/cc5AcVP0.s:766    .rodata.keymaps:0000000000000000 $d

UNDEFINED SYMBOLS
update_tri_layer_state
printf_
set_single_persistent_default_layer
register_code
unregister_code
audio_stop_all
audio_play_melody
layer_off
layer_on
eeconfig_is_enabled
eeconfig_init
eeconfig_read_keymap
eeconfig_update_keymap
keymap_config
layer_state_is
tap_code
muse_clock_pulse
compute_freq_for_midi_note
audio_stop_tone
audio_play_tone
