   1              		.cpu cortex-m4
   2              		.eabi_attribute 27, 1
   3              		.eabi_attribute 28, 1
   4              		.eabi_attribute 20, 1
   5              		.eabi_attribute 21, 1
   6              		.eabi_attribute 23, 3
   7              		.eabi_attribute 24, 1
   8              		.eabi_attribute 25, 1
   9              		.eabi_attribute 26, 1
  10              		.eabi_attribute 30, 4
  11              		.eabi_attribute 34, 1
  12              		.eabi_attribute 18, 2
  13              		.file	"memstreams.c"
  14              		.text
  15              	.Ltext0:
  16              		.cfi_sections	.debug_frame
  17              		.section	.text._put,"ax",%progbits
  18              		.align	1
  19              		.arch armv7e-m
  20              		.syntax unified
  21              		.thumb
  22              		.thumb_func
  23              		.fpu fpv4-sp-d16
  25              	_put:
  26              	.LVL0:
  27              	.LFB284:
  28              		.file 1 "lib/chibios/os/hal/lib/streams/memstreams.c"
   1:lib/chibios/os/hal/lib/streams/memstreams.c **** /*
   2:lib/chibios/os/hal/lib/streams/memstreams.c ****     ChibiOS - Copyright (C) 2006..2018 Giovanni Di Sirio
   3:lib/chibios/os/hal/lib/streams/memstreams.c **** 
   4:lib/chibios/os/hal/lib/streams/memstreams.c ****     Licensed under the Apache License, Version 2.0 (the "License");
   5:lib/chibios/os/hal/lib/streams/memstreams.c ****     you may not use this file except in compliance with the License.
   6:lib/chibios/os/hal/lib/streams/memstreams.c ****     You may obtain a copy of the License at
   7:lib/chibios/os/hal/lib/streams/memstreams.c **** 
   8:lib/chibios/os/hal/lib/streams/memstreams.c ****         http://www.apache.org/licenses/LICENSE-2.0
   9:lib/chibios/os/hal/lib/streams/memstreams.c **** 
  10:lib/chibios/os/hal/lib/streams/memstreams.c ****     Unless required by applicable law or agreed to in writing, software
  11:lib/chibios/os/hal/lib/streams/memstreams.c ****     distributed under the License is distributed on an "AS IS" BASIS,
  12:lib/chibios/os/hal/lib/streams/memstreams.c ****     WITHOUT WARRANTIES OR CONDITIONS OF ANY KIND, either express or implied.
  13:lib/chibios/os/hal/lib/streams/memstreams.c ****     See the License for the specific language governing permissions and
  14:lib/chibios/os/hal/lib/streams/memstreams.c ****     limitations under the License.
  15:lib/chibios/os/hal/lib/streams/memstreams.c **** */
  16:lib/chibios/os/hal/lib/streams/memstreams.c **** 
  17:lib/chibios/os/hal/lib/streams/memstreams.c **** /**
  18:lib/chibios/os/hal/lib/streams/memstreams.c ****  * @file    memstreams.c
  19:lib/chibios/os/hal/lib/streams/memstreams.c ****  * @brief   Memory streams code.
  20:lib/chibios/os/hal/lib/streams/memstreams.c ****  *
  21:lib/chibios/os/hal/lib/streams/memstreams.c ****  * @addtogroup HAL_MEMORY_STREAMS
  22:lib/chibios/os/hal/lib/streams/memstreams.c ****  * @details Memory buffers handled as streams.
  23:lib/chibios/os/hal/lib/streams/memstreams.c ****  * @{
  24:lib/chibios/os/hal/lib/streams/memstreams.c ****  */
  25:lib/chibios/os/hal/lib/streams/memstreams.c **** 
  26:lib/chibios/os/hal/lib/streams/memstreams.c **** #include <string.h>
  27:lib/chibios/os/hal/lib/streams/memstreams.c **** 
  28:lib/chibios/os/hal/lib/streams/memstreams.c **** #include "hal.h"
  29:lib/chibios/os/hal/lib/streams/memstreams.c **** #include "memstreams.h"
  30:lib/chibios/os/hal/lib/streams/memstreams.c **** 
  31:lib/chibios/os/hal/lib/streams/memstreams.c **** /*===========================================================================*/
  32:lib/chibios/os/hal/lib/streams/memstreams.c **** /* Driver local definitions.                                                 */
  33:lib/chibios/os/hal/lib/streams/memstreams.c **** /*===========================================================================*/
  34:lib/chibios/os/hal/lib/streams/memstreams.c **** 
  35:lib/chibios/os/hal/lib/streams/memstreams.c **** /*===========================================================================*/
  36:lib/chibios/os/hal/lib/streams/memstreams.c **** /* Driver exported variables.                                                */
  37:lib/chibios/os/hal/lib/streams/memstreams.c **** /*===========================================================================*/
  38:lib/chibios/os/hal/lib/streams/memstreams.c **** 
  39:lib/chibios/os/hal/lib/streams/memstreams.c **** /*===========================================================================*/
  40:lib/chibios/os/hal/lib/streams/memstreams.c **** /* Driver local variables.                                                   */
  41:lib/chibios/os/hal/lib/streams/memstreams.c **** /*===========================================================================*/
  42:lib/chibios/os/hal/lib/streams/memstreams.c **** 
  43:lib/chibios/os/hal/lib/streams/memstreams.c **** /*===========================================================================*/
  44:lib/chibios/os/hal/lib/streams/memstreams.c **** /* Driver local functions.                                                   */
  45:lib/chibios/os/hal/lib/streams/memstreams.c **** /*===========================================================================*/
  46:lib/chibios/os/hal/lib/streams/memstreams.c **** 
  47:lib/chibios/os/hal/lib/streams/memstreams.c **** static size_t _writes(void *ip, const uint8_t *bp, size_t n) {
  48:lib/chibios/os/hal/lib/streams/memstreams.c ****   MemoryStream *msp = ip;
  49:lib/chibios/os/hal/lib/streams/memstreams.c **** 
  50:lib/chibios/os/hal/lib/streams/memstreams.c ****   if (msp->size - msp->eos < n)
  51:lib/chibios/os/hal/lib/streams/memstreams.c ****     n = msp->size - msp->eos;
  52:lib/chibios/os/hal/lib/streams/memstreams.c ****   memcpy(msp->buffer + msp->eos, bp, n);
  53:lib/chibios/os/hal/lib/streams/memstreams.c ****   msp->eos += n;
  54:lib/chibios/os/hal/lib/streams/memstreams.c ****   return n;
  55:lib/chibios/os/hal/lib/streams/memstreams.c **** }
  56:lib/chibios/os/hal/lib/streams/memstreams.c **** 
  57:lib/chibios/os/hal/lib/streams/memstreams.c **** static size_t _reads(void *ip, uint8_t *bp, size_t n) {
  58:lib/chibios/os/hal/lib/streams/memstreams.c ****   MemoryStream *msp = ip;
  59:lib/chibios/os/hal/lib/streams/memstreams.c **** 
  60:lib/chibios/os/hal/lib/streams/memstreams.c ****   if (msp->eos - msp->offset < n)
  61:lib/chibios/os/hal/lib/streams/memstreams.c ****     n = msp->eos - msp->offset;
  62:lib/chibios/os/hal/lib/streams/memstreams.c ****   memcpy(bp, msp->buffer + msp->offset, n);
  63:lib/chibios/os/hal/lib/streams/memstreams.c ****   msp->offset += n;
  64:lib/chibios/os/hal/lib/streams/memstreams.c ****   return n;
  65:lib/chibios/os/hal/lib/streams/memstreams.c **** }
  66:lib/chibios/os/hal/lib/streams/memstreams.c **** 
  67:lib/chibios/os/hal/lib/streams/memstreams.c **** static msg_t _put(void *ip, uint8_t b) {
  29              		.loc 1 67 40 view -0
  30              		.cfi_startproc
  31              		@ args = 0, pretend = 0, frame = 0
  32              		@ frame_needed = 0, uses_anonymous_args = 0
  33              		@ link register save eliminated.
  68:lib/chibios/os/hal/lib/streams/memstreams.c ****   MemoryStream *msp = ip;
  34              		.loc 1 68 3 view .LVU1
  69:lib/chibios/os/hal/lib/streams/memstreams.c **** 
  70:lib/chibios/os/hal/lib/streams/memstreams.c ****   if (msp->size - msp->eos <= 0)
  35              		.loc 1 70 3 view .LVU2
  36              		.loc 1 70 6 is_stmt 0 view .LVU3
  37 0000 D0E90223 		ldrd	r2, r3, [r0, #8]
  38 0004 9A42     		cmp	r2, r3
  71:lib/chibios/os/hal/lib/streams/memstreams.c ****     return MSG_RESET;
  72:lib/chibios/os/hal/lib/streams/memstreams.c ****   *(msp->buffer + msp->eos) = b;
  39              		.loc 1 72 3 is_stmt 1 view .LVU4
  40              		.loc 1 72 29 is_stmt 0 view .LVU5
  41 0006 1FBF     		itttt	ne
  42 0008 4268     		ldrne	r2, [r0, #4]
  43 000a D154     		strbne	r1, [r2, r3]
  73:lib/chibios/os/hal/lib/streams/memstreams.c ****   msp->eos += 1;
  44              		.loc 1 73 3 is_stmt 1 view .LVU6
  45              		.loc 1 73 12 is_stmt 0 view .LVU7
  46 000c C368     		ldrne	r3, [r0, #12]
  47 000e 0133     		addne	r3, r3, #1
  48 0010 1ABF     		itte	ne
  49 0012 C360     		strne	r3, [r0, #12]
  74:lib/chibios/os/hal/lib/streams/memstreams.c ****   return MSG_OK;
  50              		.loc 1 74 3 is_stmt 1 view .LVU8
  51              		.loc 1 74 10 is_stmt 0 view .LVU9
  52 0014 0020     		movne	r0, #0
  53              	.LVL1:
  71:lib/chibios/os/hal/lib/streams/memstreams.c ****     return MSG_RESET;
  54              		.loc 1 71 12 view .LVU10
  55 0016 6FF00100 		mvneq	r0, #1
  75:lib/chibios/os/hal/lib/streams/memstreams.c **** }
  56              		.loc 1 75 1 view .LVU11
  57 001a 7047     		bx	lr
  58              		.cfi_endproc
  59              	.LFE284:
  61              		.section	.text._get,"ax",%progbits
  62              		.align	1
  63              		.syntax unified
  64              		.thumb
  65              		.thumb_func
  66              		.fpu fpv4-sp-d16
  68              	_get:
  69              	.LVL2:
  70              	.LFB285:
  76:lib/chibios/os/hal/lib/streams/memstreams.c **** 
  77:lib/chibios/os/hal/lib/streams/memstreams.c **** static msg_t _get(void *ip) {
  71              		.loc 1 77 29 is_stmt 1 view -0
  72              		.cfi_startproc
  73              		@ args = 0, pretend = 0, frame = 0
  74              		@ frame_needed = 0, uses_anonymous_args = 0
  75              		@ link register save eliminated.
  78:lib/chibios/os/hal/lib/streams/memstreams.c ****   uint8_t b;
  76              		.loc 1 78 3 view .LVU13
  79:lib/chibios/os/hal/lib/streams/memstreams.c ****   MemoryStream *msp = ip;
  77              		.loc 1 79 3 view .LVU14
  80:lib/chibios/os/hal/lib/streams/memstreams.c **** 
  81:lib/chibios/os/hal/lib/streams/memstreams.c ****   if (msp->eos - msp->offset <= 0)
  78              		.loc 1 81 3 view .LVU15
  79              		.loc 1 81 6 is_stmt 0 view .LVU16
  80 0000 D0E90323 		ldrd	r2, r3, [r0, #12]
  81 0004 9A42     		cmp	r2, r3
  82:lib/chibios/os/hal/lib/streams/memstreams.c ****     return MSG_RESET;
  83:lib/chibios/os/hal/lib/streams/memstreams.c ****   b = *(msp->buffer + msp->offset);
  82              		.loc 1 83 3 is_stmt 1 view .LVU17
  83              		.loc 1 83 5 is_stmt 0 view .LVU18
  84 0006 1FBF     		itttt	ne
  85 0008 4268     		ldrne	r2, [r0, #4]
  86 000a D25C     		ldrbne	r2, [r2, r3]	@ zero_extendqisi2
  87              	.LVL3:
  84:lib/chibios/os/hal/lib/streams/memstreams.c ****   msp->offset += 1;
  88              		.loc 1 84 3 is_stmt 1 view .LVU19
  89              		.loc 1 84 15 is_stmt 0 view .LVU20
  90 000c 0133     		addne	r3, r3, #1
  91              	.LVL4:
  92              		.loc 1 84 15 view .LVU21
  93 000e 0361     		strne	r3, [r0, #16]
  94              	.LVL5:
  85:lib/chibios/os/hal/lib/streams/memstreams.c ****   return b;
  95              		.loc 1 85 3 is_stmt 1 view .LVU22
  96              		.loc 1 85 10 is_stmt 0 view .LVU23
  97 0010 14BF     		ite	ne
  98 0012 1046     		movne	r0, r2
  99              	.LVL6:
  82:lib/chibios/os/hal/lib/streams/memstreams.c ****     return MSG_RESET;
 100              		.loc 1 82 12 view .LVU24
 101 0014 6FF00100 		mvneq	r0, #1
  86:lib/chibios/os/hal/lib/streams/memstreams.c **** }
 102              		.loc 1 86 1 view .LVU25
 103 0018 7047     		bx	lr
 104              		.cfi_endproc
 105              	.LFE285:
 107              		.section	.text._reads,"ax",%progbits
 108              		.align	1
 109              		.syntax unified
 110              		.thumb
 111              		.thumb_func
 112              		.fpu fpv4-sp-d16
 114              	_reads:
 115              	.LVL7:
 116              	.LFB283:
  57:lib/chibios/os/hal/lib/streams/memstreams.c ****   MemoryStream *msp = ip;
 117              		.loc 1 57 55 is_stmt 1 view -0
 118              		.cfi_startproc
 119              		@ args = 0, pretend = 0, frame = 0
 120              		@ frame_needed = 0, uses_anonymous_args = 0
  58:lib/chibios/os/hal/lib/streams/memstreams.c **** 
 121              		.loc 1 58 3 view .LVU27
  57:lib/chibios/os/hal/lib/streams/memstreams.c ****   MemoryStream *msp = ip;
 122              		.loc 1 57 55 is_stmt 0 view .LVU28
 123 0000 38B5     		push	{r3, r4, r5, lr}
 124              		.cfi_def_cfa_offset 16
 125              		.cfi_offset 3, -16
 126              		.cfi_offset 4, -12
 127              		.cfi_offset 5, -8
 128              		.cfi_offset 14, -4
  57:lib/chibios/os/hal/lib/streams/memstreams.c ****   MemoryStream *msp = ip;
 129              		.loc 1 57 55 view .LVU29
 130 0002 0546     		mov	r5, r0
 131              	.LVL8:
  60:lib/chibios/os/hal/lib/streams/memstreams.c ****     n = msp->eos - msp->offset;
 132              		.loc 1 60 3 is_stmt 1 view .LVU30
  60:lib/chibios/os/hal/lib/streams/memstreams.c ****     n = msp->eos - msp->offset;
 133              		.loc 1 60 16 is_stmt 0 view .LVU31
 134 0004 D5E90343 		ldrd	r4, r3, [r5, #12]
 135 0008 E41A     		subs	r4, r4, r3
 136 000a 9442     		cmp	r4, r2
  57:lib/chibios/os/hal/lib/streams/memstreams.c ****   MemoryStream *msp = ip;
 137              		.loc 1 57 55 view .LVU32
 138 000c 0846     		mov	r0, r1
 139              	.LVL9:
  62:lib/chibios/os/hal/lib/streams/memstreams.c ****   msp->offset += n;
 140              		.loc 1 62 26 view .LVU33
 141 000e 6968     		ldr	r1, [r5, #4]
 142              	.LVL10:
  62:lib/chibios/os/hal/lib/streams/memstreams.c ****   msp->offset += n;
 143              		.loc 1 62 26 view .LVU34
 144 0010 28BF     		it	cs
 145 0012 1446     		movcs	r4, r2
 146              	.LVL11:
  62:lib/chibios/os/hal/lib/streams/memstreams.c ****   msp->offset += n;
 147              		.loc 1 62 3 is_stmt 1 view .LVU35
 148 0014 1944     		add	r1, r1, r3
 149 0016 2246     		mov	r2, r4
 150 0018 FFF7FEFF 		bl	memcpy
 151              	.LVL12:
  63:lib/chibios/os/hal/lib/streams/memstreams.c ****   return n;
 152              		.loc 1 63 3 view .LVU36
  63:lib/chibios/os/hal/lib/streams/memstreams.c ****   return n;
 153              		.loc 1 63 15 is_stmt 0 view .LVU37
 154 001c 2B69     		ldr	r3, [r5, #16]
 155 001e 2344     		add	r3, r3, r4
 156 0020 2B61     		str	r3, [r5, #16]
  64:lib/chibios/os/hal/lib/streams/memstreams.c **** }
 157              		.loc 1 64 3 is_stmt 1 view .LVU38
  65:lib/chibios/os/hal/lib/streams/memstreams.c **** 
 158              		.loc 1 65 1 is_stmt 0 view .LVU39
 159 0022 2046     		mov	r0, r4
 160 0024 38BD     		pop	{r3, r4, r5, pc}
  65:lib/chibios/os/hal/lib/streams/memstreams.c **** 
 161              		.loc 1 65 1 view .LVU40
 162              		.cfi_endproc
 163              	.LFE283:
 165              		.section	.text._writes,"ax",%progbits
 166              		.align	1
 167              		.syntax unified
 168              		.thumb
 169              		.thumb_func
 170              		.fpu fpv4-sp-d16
 172              	_writes:
 173              	.LVL13:
 174              	.LFB282:
  47:lib/chibios/os/hal/lib/streams/memstreams.c ****   MemoryStream *msp = ip;
 175              		.loc 1 47 62 is_stmt 1 view -0
 176              		.cfi_startproc
 177              		@ args = 0, pretend = 0, frame = 0
 178              		@ frame_needed = 0, uses_anonymous_args = 0
  48:lib/chibios/os/hal/lib/streams/memstreams.c **** 
 179              		.loc 1 48 3 view .LVU42
  50:lib/chibios/os/hal/lib/streams/memstreams.c ****     n = msp->size - msp->eos;
 180              		.loc 1 50 3 view .LVU43
  47:lib/chibios/os/hal/lib/streams/memstreams.c ****   MemoryStream *msp = ip;
 181              		.loc 1 47 62 is_stmt 0 view .LVU44
 182 0000 38B5     		push	{r3, r4, r5, lr}
 183              		.cfi_def_cfa_offset 16
 184              		.cfi_offset 3, -16
 185              		.cfi_offset 4, -12
 186              		.cfi_offset 5, -8
 187              		.cfi_offset 14, -4
  50:lib/chibios/os/hal/lib/streams/memstreams.c ****     n = msp->size - msp->eos;
 188              		.loc 1 50 17 view .LVU45
 189 0002 D0E90243 		ldrd	r4, r3, [r0, #8]
 190 0006 E41A     		subs	r4, r4, r3
  47:lib/chibios/os/hal/lib/streams/memstreams.c ****   MemoryStream *msp = ip;
 191              		.loc 1 47 62 view .LVU46
 192 0008 0546     		mov	r5, r0
 193 000a 9442     		cmp	r4, r2
  52:lib/chibios/os/hal/lib/streams/memstreams.c ****   msp->eos += n;
 194              		.loc 1 52 22 view .LVU47
 195 000c 4068     		ldr	r0, [r0, #4]
 196              	.LVL14:
  52:lib/chibios/os/hal/lib/streams/memstreams.c ****   msp->eos += n;
 197              		.loc 1 52 22 view .LVU48
 198 000e 28BF     		it	cs
 199 0010 1446     		movcs	r4, r2
 200              	.LVL15:
  52:lib/chibios/os/hal/lib/streams/memstreams.c ****   msp->eos += n;
 201              		.loc 1 52 3 is_stmt 1 view .LVU49
 202 0012 2246     		mov	r2, r4
 203 0014 1844     		add	r0, r0, r3
 204 0016 FFF7FEFF 		bl	memcpy
 205              	.LVL16:
  53:lib/chibios/os/hal/lib/streams/memstreams.c ****   return n;
 206              		.loc 1 53 3 view .LVU50
  53:lib/chibios/os/hal/lib/streams/memstreams.c ****   return n;
 207              		.loc 1 53 12 is_stmt 0 view .LVU51
 208 001a EB68     		ldr	r3, [r5, #12]
 209 001c 2344     		add	r3, r3, r4
 210 001e EB60     		str	r3, [r5, #12]
  54:lib/chibios/os/hal/lib/streams/memstreams.c **** }
 211              		.loc 1 54 3 is_stmt 1 view .LVU52
  55:lib/chibios/os/hal/lib/streams/memstreams.c **** 
 212              		.loc 1 55 1 is_stmt 0 view .LVU53
 213 0020 2046     		mov	r0, r4
 214 0022 38BD     		pop	{r3, r4, r5, pc}
  55:lib/chibios/os/hal/lib/streams/memstreams.c **** 
 215              		.loc 1 55 1 view .LVU54
 216              		.cfi_endproc
 217              	.LFE282:
 219              		.section	.text.msObjectInit,"ax",%progbits
 220              		.align	1
 221              		.global	msObjectInit
 222              		.syntax unified
 223              		.thumb
 224              		.thumb_func
 225              		.fpu fpv4-sp-d16
 227              	msObjectInit:
 228              	.LVL17:
 229              	.LFB286:
  87:lib/chibios/os/hal/lib/streams/memstreams.c **** 
  88:lib/chibios/os/hal/lib/streams/memstreams.c **** static const struct MemStreamVMT vmt = {(size_t)0, _writes, _reads, _put, _get};
  89:lib/chibios/os/hal/lib/streams/memstreams.c **** 
  90:lib/chibios/os/hal/lib/streams/memstreams.c **** /*===========================================================================*/
  91:lib/chibios/os/hal/lib/streams/memstreams.c **** /* Driver exported functions.                                                */
  92:lib/chibios/os/hal/lib/streams/memstreams.c **** /*===========================================================================*/
  93:lib/chibios/os/hal/lib/streams/memstreams.c **** 
  94:lib/chibios/os/hal/lib/streams/memstreams.c **** /**
  95:lib/chibios/os/hal/lib/streams/memstreams.c ****  * @brief   Memory stream object initialization.
  96:lib/chibios/os/hal/lib/streams/memstreams.c ****  *
  97:lib/chibios/os/hal/lib/streams/memstreams.c ****  * @param[out] msp      pointer to the @p MemoryStream object to be initialized
  98:lib/chibios/os/hal/lib/streams/memstreams.c ****  * @param[in] buffer    pointer to the memory buffer for the memory stream
  99:lib/chibios/os/hal/lib/streams/memstreams.c ****  * @param[in] size      total size of the memory stream buffer
 100:lib/chibios/os/hal/lib/streams/memstreams.c ****  * @param[in] eos       initial End Of Stream offset. Normally you need to
 101:lib/chibios/os/hal/lib/streams/memstreams.c ****  *                      put this to zero for RAM buffers or equal to @p size
 102:lib/chibios/os/hal/lib/streams/memstreams.c ****  *                      for ROM streams.
 103:lib/chibios/os/hal/lib/streams/memstreams.c ****  */
 104:lib/chibios/os/hal/lib/streams/memstreams.c **** void msObjectInit(MemoryStream *msp, uint8_t *buffer,
 105:lib/chibios/os/hal/lib/streams/memstreams.c ****                   size_t size, size_t eos) {
 230              		.loc 1 105 44 is_stmt 1 view -0
 231              		.cfi_startproc
 232              		@ args = 0, pretend = 0, frame = 0
 233              		@ frame_needed = 0, uses_anonymous_args = 0
 106:lib/chibios/os/hal/lib/streams/memstreams.c **** 
 107:lib/chibios/os/hal/lib/streams/memstreams.c ****   msp->vmt    = &vmt;
 234              		.loc 1 107 3 view .LVU56
 105:lib/chibios/os/hal/lib/streams/memstreams.c **** 
 235              		.loc 1 105 44 is_stmt 0 view .LVU57
 236 0000 10B5     		push	{r4, lr}
 237              		.cfi_def_cfa_offset 8
 238              		.cfi_offset 4, -8
 239              		.cfi_offset 14, -4
 240              		.loc 1 107 15 view .LVU58
 241 0002 044C     		ldr	r4, .L10
 108:lib/chibios/os/hal/lib/streams/memstreams.c ****   msp->buffer = buffer;
 109:lib/chibios/os/hal/lib/streams/memstreams.c ****   msp->size   = size;
 110:lib/chibios/os/hal/lib/streams/memstreams.c ****   msp->eos    = eos;
 242              		.loc 1 110 15 view .LVU59
 243 0004 C0E90223 		strd	r2, r3, [r0, #8]
 111:lib/chibios/os/hal/lib/streams/memstreams.c ****   msp->offset = 0;
 244              		.loc 1 111 15 view .LVU60
 245 0008 0023     		movs	r3, #0
 246              	.LVL18:
 108:lib/chibios/os/hal/lib/streams/memstreams.c ****   msp->buffer = buffer;
 247              		.loc 1 108 15 view .LVU61
 248 000a C0E90041 		strd	r4, r1, [r0]
 109:lib/chibios/os/hal/lib/streams/memstreams.c ****   msp->eos    = eos;
 249              		.loc 1 109 3 is_stmt 1 view .LVU62
 250              		.loc 1 111 3 view .LVU63
 251              		.loc 1 111 15 is_stmt 0 view .LVU64
 252 000e 0361     		str	r3, [r0, #16]
 112:lib/chibios/os/hal/lib/streams/memstreams.c **** }
 253              		.loc 1 112 1 view .LVU65
 254 0010 10BD     		pop	{r4, pc}
 255              	.L11:
 256 0012 00BF     		.align	2
 257              	.L10:
 258 0014 00000000 		.word	.LANCHOR0
 259              		.cfi_endproc
 260              	.LFE286:
 262              		.section	.rodata.vmt,"a"
 263              		.align	2
 264              		.set	.LANCHOR0,. + 0
 267              	vmt:
 268 0000 00000000 		.word	0
 269 0004 00000000 		.word	_writes
 270 0008 00000000 		.word	_reads
 271 000c 00000000 		.word	_put
 272 0010 00000000 		.word	_get
 273              		.text
 274              	.Letext0:
 275              		.file 2 "/usr/lib/gcc/arm-none-eabi/11.2.0/include/stddef.h"
 276              		.file 3 "/usr/arm-none-eabi/include/machine/_default_types.h"
 277              		.file 4 "/usr/arm-none-eabi/include/sys/_stdint.h"
 278              		.file 5 "./lib/chibios/os/common/ports/ARMCMx/compilers/GCC/chtypes.h"
 279              		.file 6 "lib/chibios/os/hal/lib/streams/memstreams.h"
 280              		.file 7 "/usr/arm-none-eabi/include/string.h"
 281              		.file 8 "<built-in>"
DEFINED SYMBOLS
                            *ABS*:0000000000000000 memstreams.c
     /tmp/ccLApzCV.s:18     .text._put:0000000000000000 $t
     /tmp/ccLApzCV.s:25     .text._put:0000000000000000 _put
     /tmp/ccLApzCV.s:62     .text._get:0000000000000000 $t
     /tmp/ccLApzCV.s:68     .text._get:0000000000000000 _get
     /tmp/ccLApzCV.s:108    .text._reads:0000000000000000 $t
     /tmp/ccLApzCV.s:114    .text._reads:0000000000000000 _reads
     /tmp/ccLApzCV.s:166    .text._writes:0000000000000000 $t
     /tmp/ccLApzCV.s:172    .text._writes:0000000000000000 _writes
     /tmp/ccLApzCV.s:220    .text.msObjectInit:0000000000000000 $t
     /tmp/ccLApzCV.s:227    .text.msObjectInit:0000000000000000 msObjectInit
     /tmp/ccLApzCV.s:258    .text.msObjectInit:0000000000000014 $d
     /tmp/ccLApzCV.s:263    .rodata.vmt:0000000000000000 $d
     /tmp/ccLApzCV.s:267    .rodata.vmt:0000000000000000 vmt

UNDEFINED SYMBOLS
memcpy
